2023-09-06 12:00:00.167 [info] Extension host with pid 58353 started
2023-09-06 12:00:00.167 [info] Skipping acquiring lock for /home/aryan/.config/Code - OSS/User/workspaceStorage/36ff40de8081522ba49ca0a232f3e3a5.
2023-09-06 12:00:00.411 [info] ExtensionService#_doActivateExtension vscode.emmet, startup: false, activationEvent: 'onLanguage'
2023-09-06 12:00:00.501 [info] ExtensionService#_doActivateExtension vscode.git-base, startup: true, activationEvent: '*', root cause: vscode.git
2023-09-06 12:00:00.503 [info] ExtensionService#_doActivateExtension vscodevim.vim, startup: true, activationEvent: '*'
2023-09-06 12:00:00.577 [info] ExtensionService#_doActivateExtension vscode.git, startup: true, activationEvent: '*'
2023-09-06 12:00:00.597 [info] ExtensionService#_doActivateExtension vscode.github, startup: true, activationEvent: '*'
2023-09-06 12:00:00.925 [info] ExtensionService#_doActivateExtension vscode.github-authentication, startup: false, activationEvent: 'onAuthenticationRequest:github'
2023-09-06 12:00:01.264 [warning] [Decorations] CAPPING events from decorations provider vscode.git 7779
2023-09-06 12:00:02.120 [warning] [Decorations] CAPPING events from decorations provider vscode.git 7780
2023-09-06 12:00:02.686 [info] Eager extensions activated
2023-09-06 12:00:02.738 [info] ExtensionService#_doActivateExtension vscode.debug-auto-launch, startup: false, activationEvent: 'onStartupFinished'
2023-09-06 12:00:02.741 [info] ExtensionService#_doActivateExtension vscode.merge-conflict, startup: false, activationEvent: 'onStartupFinished'
2023-09-06 12:00:02.747 [info] ExtensionService#_doActivateExtension formulahendry.code-runner, startup: false, activationEvent: 'onStartupFinished'
2023-09-06 12:00:02.765 [info] ExtensionService#_doActivateExtension PKief.material-icon-theme, startup: false, activationEvent: 'onStartupFinished'
2023-09-06 12:00:02.771 [info] ExtensionService#_doActivateExtension ritwickdey.LiveServer, startup: false, activationEvent: 'onStartupFinished'
2023-09-06 12:00:05.416 [warning] [Decorations] CAPPING events from decorations provider vscode.git 7782
2023-09-06 12:00:07.130 [warning] [Decorations] CAPPING events from decorations provider vscode.git 7782
2023-09-06 12:00:08.288 [info] ExtensionService#_doActivateExtension vscode.html-language-features, startup: false, activationEvent: 'onLanguage:html'
2023-09-06 12:00:10.681 [warning] [Decorations] CAPPING events from decorations provider vscode.git 7783
2023-09-06 12:00:16.702 [warning] [Decorations] CAPPING events from decorations provider vscode.git 7882
2023-09-06 12:02:53.944 [warning] [Decorations] CAPPING events from decorations provider vscode.git 7887
2023-09-06 12:02:59.263 [warning] [Decorations] CAPPING events from decorations provider vscode.git 7755
2023-09-06 12:03:04.569 [warning] [Decorations] CAPPING events from decorations provider vscode.git 7755
