2023-09-02 21:49:45.736 [info] Initial editor state {"filesToOpenOrCreate":[{"fileUri":{"$mid":1,"path":"/home/aryan/Downloads/WhatSie/mux.v","scheme":"file"},"type":1,"exists":true,"options":{}}],"filesToDiff":[],"filesToMerge":[]}
2023-09-02 21:49:48.553 [error] Cannot read properties of undefined (reading 'then'): TypeError: Cannot read properties of undefined (reading 'then')
	at /home/aryan/.vscode-oss/extensions/mshr-h.veriloghdl-1.5.11-universal/dist/main.js:61:47855
	at new Promise (<anonymous>)
	at Vc.index (/home/aryan/.vscode-oss/extensions/mshr-h.veriloghdl-1.5.11-universal/dist/main.js:61:47800)
	at Ti.<anonymous> (/home/aryan/.vscode-oss/extensions/mshr-h.veriloghdl-1.5.11-universal/dist/main.js:61:48360)
	at Generator.next (<anonymous>)
	at /home/aryan/.vscode-oss/extensions/mshr-h.veriloghdl-1.5.11-universal/dist/main.js:1:908
	at new Promise (<anonymous>)
	at tt (/home/aryan/.vscode-oss/extensions/mshr-h.veriloghdl-1.5.11-universal/dist/main.js:1:728)
	at Ti.getSymbols (/home/aryan/.vscode-oss/extensions/mshr-h.veriloghdl-1.5.11-universal/dist/main.js:61:48226)
	at t3.<anonymous> (/home/aryan/.vscode-oss/extensions/mshr-h.veriloghdl-1.5.11-universal/dist/main.js:584:6390)
	at Generator.next (<anonymous>)
	at /home/aryan/.vscode-oss/extensions/mshr-h.veriloghdl-1.5.11-universal/dist/main.js:1:908
	at new Promise (<anonymous>)
	at tt (/home/aryan/.vscode-oss/extensions/mshr-h.veriloghdl-1.5.11-universal/dist/main.js:1:728)
	at t3.provideDocumentSymbols (/home/aryan/.vscode-oss/extensions/mshr-h.veriloghdl-1.5.11-universal/dist/main.js:584:6274)
	at n.provideDocumentSymbols (/usr/lib/code/out/vs/workbench/api/node/extensionHostProcess.js:104:37156)
	at /usr/lib/code/out/vs/workbench/api/node/extensionHostProcess.js:104:63464
	at le.s (/usr/lib/code/out/vs/workbench/api/node/extensionHostProcess.js:104:62744)
	at le.$provideDocumentSymbols (/usr/lib/code/out/vs/workbench/api/node/extensionHostProcess.js:104:63453)
	at t.N (/usr/lib/code/out/vs/workbench/api/node/extensionHostProcess.js:114:7983)
	at t.M (/usr/lib/code/out/vs/workbench/api/node/extensionHostProcess.js:114:7749)
	at t.H (/usr/lib/code/out/vs/workbench/api/node/extensionHostProcess.js:114:6791)
	at t.G (/usr/lib/code/out/vs/workbench/api/node/extensionHostProcess.js:114:5906)
	at r.value (/usr/lib/code/out/vs/workbench/api/node/extensionHostProcess.js:114:4736)
	at f.w (/usr/lib/code/out/vs/workbench/api/node/extensionHostProcess.js:63:1902)
	at f.fire (/usr/lib/code/out/vs/workbench/api/node/extensionHostProcess.js:63:2119)
	at y.fire (/usr/lib/code/out/vs/workbench/api/node/extensionHostProcess.js:79:13931)
	at r.value (/usr/lib/code/out/vs/workbench/api/node/extensionHostProcess.js:130:30355)
	at f.w (/usr/lib/code/out/vs/workbench/api/node/extensionHostProcess.js:63:1902)
	at f.fire (/usr/lib/code/out/vs/workbench/api/node/extensionHostProcess.js:63:2119)
	at y.fire (/usr/lib/code/out/vs/workbench/api/node/extensionHostProcess.js:79:13931)
	at MessagePortMain.<anonymous> (/usr/lib/code/out/vs/workbench/api/node/extensionHostProcess.js:130:28635)
	at MessagePortMain.emit (node:events:513:28)
	at MessagePortMain._internalPort.emit (node:electron/js2c/utility_init:2:367)
2023-09-02 21:49:49.188 [info] [perf] Render performance baseline is 32ms
2023-09-02 21:50:02.583 [error] Cannot read properties of undefined (reading 'then'): TypeError: Cannot read properties of undefined (reading 'then')
	at /home/aryan/.vscode-oss/extensions/mshr-h.veriloghdl-1.5.11-universal/dist/main.js:61:47855
	at new Promise (<anonymous>)
	at Vc.index (/home/aryan/.vscode-oss/extensions/mshr-h.veriloghdl-1.5.11-universal/dist/main.js:61:47800)
	at Ti.<anonymous> (/home/aryan/.vscode-oss/extensions/mshr-h.veriloghdl-1.5.11-universal/dist/main.js:61:48360)
	at Generator.next (<anonymous>)
	at /home/aryan/.vscode-oss/extensions/mshr-h.veriloghdl-1.5.11-universal/dist/main.js:1:908
	at new Promise (<anonymous>)
	at tt (/home/aryan/.vscode-oss/extensions/mshr-h.veriloghdl-1.5.11-universal/dist/main.js:1:728)
	at Ti.getSymbols (/home/aryan/.vscode-oss/extensions/mshr-h.veriloghdl-1.5.11-universal/dist/main.js:61:48226)
	at n3.<anonymous> (/home/aryan/.vscode-oss/extensions/mshr-h.veriloghdl-1.5.11-universal/dist/main.js:584:8220)
	at Generator.next (<anonymous>)
	at /home/aryan/.vscode-oss/extensions/mshr-h.veriloghdl-1.5.11-universal/dist/main.js:1:908
	at new Promise (<anonymous>)
	at tt (/home/aryan/.vscode-oss/extensions/mshr-h.veriloghdl-1.5.11-universal/dist/main.js:1:728)
	at n3.provideHover (/home/aryan/.vscode-oss/extensions/mshr-h.veriloghdl-1.5.11-universal/dist/main.js:584:8072)
	at l.provideHover (/usr/lib/code/out/vs/workbench/api/node/extensionHostProcess.js:104:39878)
	at /usr/lib/code/out/vs/workbench/api/node/extensionHostProcess.js:104:65280
	at le.s (/usr/lib/code/out/vs/workbench/api/node/extensionHostProcess.js:104:62744)
	at le.$provideHover (/usr/lib/code/out/vs/workbench/api/node/extensionHostProcess.js:104:65267)
	at t.N (/usr/lib/code/out/vs/workbench/api/node/extensionHostProcess.js:114:7983)
	at t.M (/usr/lib/code/out/vs/workbench/api/node/extensionHostProcess.js:114:7749)
	at t.H (/usr/lib/code/out/vs/workbench/api/node/extensionHostProcess.js:114:6791)
	at t.G (/usr/lib/code/out/vs/workbench/api/node/extensionHostProcess.js:114:5906)
	at r.value (/usr/lib/code/out/vs/workbench/api/node/extensionHostProcess.js:114:4736)
	at f.w (/usr/lib/code/out/vs/workbench/api/node/extensionHostProcess.js:63:1902)
	at f.fire (/usr/lib/code/out/vs/workbench/api/node/extensionHostProcess.js:63:2119)
	at y.fire (/usr/lib/code/out/vs/workbench/api/node/extensionHostProcess.js:79:13931)
	at r.value (/usr/lib/code/out/vs/workbench/api/node/extensionHostProcess.js:130:30355)
	at f.w (/usr/lib/code/out/vs/workbench/api/node/extensionHostProcess.js:63:1902)
	at f.fire (/usr/lib/code/out/vs/workbench/api/node/extensionHostProcess.js:63:2119)
	at y.fire (/usr/lib/code/out/vs/workbench/api/node/extensionHostProcess.js:79:13931)
	at MessagePortMain.<anonymous> (/usr/lib/code/out/vs/workbench/api/node/extensionHostProcess.js:130:28635)
	at MessagePortMain.emit (node:events:513:28)
	at MessagePortMain._internalPort.emit (node:electron/js2c/utility_init:2:367)
2023-09-02 21:50:04.163 [error] Cannot read properties of undefined (reading 'then'): TypeError: Cannot read properties of undefined (reading 'then')
	at /home/aryan/.vscode-oss/extensions/mshr-h.veriloghdl-1.5.11-universal/dist/main.js:61:47855
	at new Promise (<anonymous>)
	at Vc.index (/home/aryan/.vscode-oss/extensions/mshr-h.veriloghdl-1.5.11-universal/dist/main.js:61:47800)
	at Ti.<anonymous> (/home/aryan/.vscode-oss/extensions/mshr-h.veriloghdl-1.5.11-universal/dist/main.js:61:48360)
	at Generator.next (<anonymous>)
	at /home/aryan/.vscode-oss/extensions/mshr-h.veriloghdl-1.5.11-universal/dist/main.js:1:908
	at new Promise (<anonymous>)
	at tt (/home/aryan/.vscode-oss/extensions/mshr-h.veriloghdl-1.5.11-universal/dist/main.js:1:728)
	at Ti.getSymbols (/home/aryan/.vscode-oss/extensions/mshr-h.veriloghdl-1.5.11-universal/dist/main.js:61:48226)
	at n3.<anonymous> (/home/aryan/.vscode-oss/extensions/mshr-h.veriloghdl-1.5.11-universal/dist/main.js:584:8220)
	at Generator.next (<anonymous>)
	at /home/aryan/.vscode-oss/extensions/mshr-h.veriloghdl-1.5.11-universal/dist/main.js:1:908
	at new Promise (<anonymous>)
	at tt (/home/aryan/.vscode-oss/extensions/mshr-h.veriloghdl-1.5.11-universal/dist/main.js:1:728)
	at n3.provideHover (/home/aryan/.vscode-oss/extensions/mshr-h.veriloghdl-1.5.11-universal/dist/main.js:584:8072)
	at l.provideHover (/usr/lib/code/out/vs/workbench/api/node/extensionHostProcess.js:104:39878)
	at /usr/lib/code/out/vs/workbench/api/node/extensionHostProcess.js:104:65280
	at le.s (/usr/lib/code/out/vs/workbench/api/node/extensionHostProcess.js:104:62744)
	at le.$provideHover (/usr/lib/code/out/vs/workbench/api/node/extensionHostProcess.js:104:65267)
	at t.N (/usr/lib/code/out/vs/workbench/api/node/extensionHostProcess.js:114:7983)
	at t.M (/usr/lib/code/out/vs/workbench/api/node/extensionHostProcess.js:114:7749)
	at t.H (/usr/lib/code/out/vs/workbench/api/node/extensionHostProcess.js:114:6791)
	at t.G (/usr/lib/code/out/vs/workbench/api/node/extensionHostProcess.js:114:5906)
	at r.value (/usr/lib/code/out/vs/workbench/api/node/extensionHostProcess.js:114:4736)
	at f.w (/usr/lib/code/out/vs/workbench/api/node/extensionHostProcess.js:63:1902)
	at f.fire (/usr/lib/code/out/vs/workbench/api/node/extensionHostProcess.js:63:2119)
	at y.fire (/usr/lib/code/out/vs/workbench/api/node/extensionHostProcess.js:79:13931)
	at r.value (/usr/lib/code/out/vs/workbench/api/node/extensionHostProcess.js:130:30355)
	at f.w (/usr/lib/code/out/vs/workbench/api/node/extensionHostProcess.js:63:1902)
	at f.fire (/usr/lib/code/out/vs/workbench/api/node/extensionHostProcess.js:63:2119)
	at y.fire (/usr/lib/code/out/vs/workbench/api/node/extensionHostProcess.js:79:13931)
	at MessagePortMain.<anonymous> (/usr/lib/code/out/vs/workbench/api/node/extensionHostProcess.js:130:28635)
	at MessagePortMain.emit (node:events:513:28)
	at MessagePortMain._internalPort.emit (node:electron/js2c/utility_init:2:367)
2023-09-02 21:50:12.020 [error] Cannot read properties of undefined (reading 'then'): TypeError: Cannot read properties of undefined (reading 'then')
	at /home/aryan/.vscode-oss/extensions/mshr-h.veriloghdl-1.5.11-universal/dist/main.js:61:47855
	at new Promise (<anonymous>)
	at Vc.index (/home/aryan/.vscode-oss/extensions/mshr-h.veriloghdl-1.5.11-universal/dist/main.js:61:47800)
	at Ti.<anonymous> (/home/aryan/.vscode-oss/extensions/mshr-h.veriloghdl-1.5.11-universal/dist/main.js:61:48360)
	at Generator.next (<anonymous>)
	at /home/aryan/.vscode-oss/extensions/mshr-h.veriloghdl-1.5.11-universal/dist/main.js:1:908
	at new Promise (<anonymous>)
	at tt (/home/aryan/.vscode-oss/extensions/mshr-h.veriloghdl-1.5.11-universal/dist/main.js:1:728)
	at Ti.getSymbols (/home/aryan/.vscode-oss/extensions/mshr-h.veriloghdl-1.5.11-universal/dist/main.js:61:48226)
	at t3.<anonymous> (/home/aryan/.vscode-oss/extensions/mshr-h.veriloghdl-1.5.11-universal/dist/main.js:584:6390)
	at Generator.next (<anonymous>)
	at /home/aryan/.vscode-oss/extensions/mshr-h.veriloghdl-1.5.11-universal/dist/main.js:1:908
	at new Promise (<anonymous>)
	at tt (/home/aryan/.vscode-oss/extensions/mshr-h.veriloghdl-1.5.11-universal/dist/main.js:1:728)
	at t3.provideDocumentSymbols (/home/aryan/.vscode-oss/extensions/mshr-h.veriloghdl-1.5.11-universal/dist/main.js:584:6274)
	at n.provideDocumentSymbols (/usr/lib/code/out/vs/workbench/api/node/extensionHostProcess.js:104:37156)
	at /usr/lib/code/out/vs/workbench/api/node/extensionHostProcess.js:104:63464
	at le.s (/usr/lib/code/out/vs/workbench/api/node/extensionHostProcess.js:104:62744)
	at le.$provideDocumentSymbols (/usr/lib/code/out/vs/workbench/api/node/extensionHostProcess.js:104:63453)
	at t.N (/usr/lib/code/out/vs/workbench/api/node/extensionHostProcess.js:114:7983)
	at t.M (/usr/lib/code/out/vs/workbench/api/node/extensionHostProcess.js:114:7749)
	at t.H (/usr/lib/code/out/vs/workbench/api/node/extensionHostProcess.js:114:6791)
	at t.G (/usr/lib/code/out/vs/workbench/api/node/extensionHostProcess.js:114:5906)
	at r.value (/usr/lib/code/out/vs/workbench/api/node/extensionHostProcess.js:114:4736)
	at f.w (/usr/lib/code/out/vs/workbench/api/node/extensionHostProcess.js:63:1902)
	at f.fire (/usr/lib/code/out/vs/workbench/api/node/extensionHostProcess.js:63:2119)
	at y.fire (/usr/lib/code/out/vs/workbench/api/node/extensionHostProcess.js:79:13931)
	at r.value (/usr/lib/code/out/vs/workbench/api/node/extensionHostProcess.js:130:30355)
	at f.w (/usr/lib/code/out/vs/workbench/api/node/extensionHostProcess.js:63:1902)
	at f.fire (/usr/lib/code/out/vs/workbench/api/node/extensionHostProcess.js:63:2119)
	at y.fire (/usr/lib/code/out/vs/workbench/api/node/extensionHostProcess.js:79:13931)
	at MessagePortMain.<anonymous> (/usr/lib/code/out/vs/workbench/api/node/extensionHostProcess.js:130:28635)
	at MessagePortMain.emit (node:events:513:28)
	at MessagePortMain._internalPort.emit (node:electron/js2c/utility_init:2:367)
