2023-09-07 01:26:19.939 [info] Log level: Info
2023-09-07 01:26:19.939 [info] Validating found git in: "git"
2023-09-07 01:26:19.939 [info] Using git "2.42.0" from "git"
2023-09-07 01:26:19.939 [info] > git rev-parse --show-toplevel [8ms]
2023-09-07 01:26:19.941 [info] > git rev-parse --git-dir --git-common-dir [3ms]
2023-09-07 01:26:19.970 [info] Open repository: /home/aryan/.config
2023-09-07 01:26:19.994 [info] > git config --get commit.template [8ms]
2023-09-07 01:26:20.012 [info] > git for-each-ref --format=%(refname)%00%(upstream:short)%00%(objectname)%00%(upstream:track)%00%(upstream:remotename)%00%(upstream:remoteref) refs/heads/master refs/remotes/master [7ms]
2023-09-07 01:26:20.487 [info] > git show --textconv :ranger/rifle.conf [26ms]
2023-09-07 01:26:20.487 [info] > git ls-files --stage -- /home/aryan/.config/ranger/rifle.conf [15ms]
2023-09-07 01:26:20.514 [info] > git cat-file -s e2653a76003b427a84608aea358dc81b339e11ab [15ms]
2023-09-07 01:26:20.651 [info] > git check-ignore -v -z --stdin [140ms]
2023-09-07 01:26:20.697 [info] > git status -z -uall [674ms]
2023-09-07 01:26:20.755 [info] > git config --get commit.template [2ms]
2023-09-07 01:26:20.770 [info] > git for-each-ref --format=%(refname)%00%(upstream:short)%00%(objectname)%00%(upstream:track)%00%(upstream:remotename)%00%(upstream:remoteref) refs/heads/master refs/remotes/master [2ms]
2023-09-07 01:26:20.975 [info] > git status -z -uall [198ms]
2023-09-07 01:26:21.684 [info] > git fetch [1715ms]
2023-09-07 01:26:21.699 [info] > git config --get commit.template [8ms]
2023-09-07 01:26:21.700 [info] > git for-each-ref --format=%(refname)%00%(upstream:short)%00%(objectname)%00%(upstream:track)%00%(upstream:remotename)%00%(upstream:remoteref) refs/heads/master refs/remotes/master [2ms]
2023-09-07 01:26:21.863 [info] > git status -z -uall [156ms]
2023-09-07 01:26:22.874 [info] > git ls-files --stage -- /home/aryan/.config/ranger/rifle.conf [4ms]
2023-09-07 01:26:22.884 [info] > git cat-file -s e2653a76003b427a84608aea358dc81b339e11ab [1ms]
2023-09-07 01:26:22.898 [info] > git show --textconv :ranger/rifle.conf [5ms]
2023-09-07 01:26:23.714 [info] > git config --get commit.template [8ms]
2023-09-07 01:26:23.715 [info] > git for-each-ref --format=%(refname)%00%(upstream:short)%00%(objectname)%00%(upstream:track)%00%(upstream:remotename)%00%(upstream:remoteref) refs/heads/master refs/remotes/master [2ms]
2023-09-07 01:26:23.833 [info] > git status -z -uall [110ms]
