2023-09-08 11:56:43.285 [info] Log level: Info
2023-09-08 11:56:43.285 [info] Validating found git in: "git"
2023-09-08 11:56:43.285 [info] Using git "2.42.0" from "git"
2023-09-08 12:00:49.443 [info] > git rev-parse --show-toplevel [2ms]
2023-09-08 12:00:49.456 [info] > git rev-parse --git-dir --git-common-dir [3ms]
2023-09-08 12:00:49.474 [info] Open repository: /home/aryan/Coding
2023-09-08 12:00:49.491 [info] > git config --get commit.template [4ms]
2023-09-08 12:00:49.509 [info] > git for-each-ref --format=%(refname)%00%(upstream:short)%00%(objectname)%00%(upstream:track)%00%(upstream:remotename)%00%(upstream:remoteref) refs/heads/master refs/remotes/master [7ms]
2023-09-08 12:00:49.542 [info] > git status -z -uall [20ms]
2023-09-08 12:00:49.564 [info] > git config --get commit.template [5ms]
2023-09-08 12:00:49.582 [info] > git for-each-ref --format=%(refname)%00%(upstream:short)%00%(objectname)%00%(upstream:track)%00%(upstream:remotename)%00%(upstream:remoteref) refs/heads/master refs/remotes/master [5ms]
2023-09-08 12:00:49.633 [info] > git status -z -uall [37ms]
2023-09-08 12:00:49.960 [info] > git show --textconv :Web Development/jquery.html [8ms]
2023-09-08 12:00:49.961 [info] > git ls-files --stage -- /home/aryan/Coding/Web Development/jquery.html [2ms]
2023-09-08 12:00:50.001 [info] > git check-ignore -v -z --stdin [1ms]
2023-09-08 12:00:53.531 [info] > git fetch [4058ms]
2023-09-08 12:00:53.551 [info] > git config --get commit.template [10ms]
2023-09-08 12:00:53.551 [info] > git for-each-ref --format=%(refname)%00%(upstream:short)%00%(objectname)%00%(upstream:track)%00%(upstream:remotename)%00%(upstream:remoteref) refs/heads/master refs/remotes/master [2ms]
2023-09-08 12:00:53.563 [info] > git status -z -uall [5ms]
2023-09-08 12:00:54.416 [info] > git ls-files --stage -- /home/aryan/Coding/Web Development/jquery.html [2ms]
2023-09-08 12:00:54.426 [info] > git show --textconv :Web Development/jquery.html [1ms]
2023-09-08 12:01:02.072 [info] Log level: Info
2023-09-08 12:01:02.072 [info] Validating found git in: "git"
2023-09-08 12:01:02.072 [info] Using git "2.42.0" from "git"
2023-09-08 12:01:02.072 [info] > git rev-parse --show-toplevel [3ms]
2023-09-08 12:01:02.083 [info] > git rev-parse --git-dir --git-common-dir [1ms]
2023-09-08 12:01:02.108 [info] Open repository: /home/aryan/Coding
2023-09-08 12:01:02.131 [info] > git config --get commit.template [9ms]
2023-09-08 12:01:02.157 [info] > git for-each-ref --format=%(refname)%00%(upstream:short)%00%(objectname)%00%(upstream:track)%00%(upstream:remotename)%00%(upstream:remoteref) refs/heads/master refs/remotes/master [9ms]
2023-09-08 12:01:02.172 [info] > git status -z -uall [6ms]
2023-09-08 12:01:02.199 [info] > git config --get commit.template [6ms]
2023-09-08 12:01:02.236 [info] > git for-each-ref --format=%(refname)%00%(upstream:short)%00%(objectname)%00%(upstream:track)%00%(upstream:remotename)%00%(upstream:remoteref) refs/heads/master refs/remotes/master [24ms]
2023-09-08 12:01:02.253 [info] > git status -z -uall [6ms]
2023-09-08 12:01:02.650 [info] > git check-ignore -v -z --stdin [2ms]
2023-09-08 12:01:05.605 [info] > git fetch [3497ms]
2023-09-08 12:01:05.620 [info] > git config --get commit.template [7ms]
2023-09-08 12:01:05.620 [info] > git for-each-ref --format=%(refname)%00%(upstream:short)%00%(objectname)%00%(upstream:track)%00%(upstream:remotename)%00%(upstream:remoteref) refs/heads/master refs/remotes/master [1ms]
2023-09-08 12:01:05.631 [info] > git status -z -uall [4ms]
2023-09-08 12:04:09.880 [info] > git fetch [4007ms]
2023-09-08 12:04:09.895 [info] > git config --get commit.template [7ms]
2023-09-08 12:04:09.896 [info] > git for-each-ref --format=%(refname)%00%(upstream:short)%00%(objectname)%00%(upstream:track)%00%(upstream:remotename)%00%(upstream:remoteref) refs/heads/master refs/remotes/master [2ms]
2023-09-08 12:04:09.908 [info] > git status -z -uall [5ms]
2023-09-08 12:07:05.317 [info] > git show --textconv :Web Development/canvas.html [11ms]
2023-09-08 12:07:05.319 [info] > git ls-files --stage -- /home/aryan/Coding/Web Development/canvas.html [2ms]
2023-09-08 12:07:05.329 [info] > git cat-file -s d6f42541db665ac1867291f4f39c5abfb6042476 [3ms]
2023-09-08 12:07:13.460 [info] > git fetch [3540ms]
2023-09-08 12:07:13.478 [info] > git config --get commit.template [10ms]
2023-09-08 12:07:13.478 [info] > git for-each-ref --format=%(refname)%00%(upstream:short)%00%(objectname)%00%(upstream:track)%00%(upstream:remotename)%00%(upstream:remoteref) refs/heads/master refs/remotes/master [1ms]
2023-09-08 12:07:13.488 [info] > git status -z -uall [4ms]
2023-09-08 12:07:13.804 [info] > git ls-files --stage -- /home/aryan/Coding/Web Development/canvas.html [2ms]
2023-09-08 12:07:13.816 [info] > git cat-file -s d6f42541db665ac1867291f4f39c5abfb6042476 [2ms]
2023-09-08 12:07:13.829 [info] > git show --textconv :Web Development/canvas.html [2ms]
