2023-09-06 12:38:22.394 [info] Log level: Info
2023-09-06 12:38:22.394 [info] Validating found git in: "git"
2023-09-06 12:38:22.394 [info] Using git "2.42.0" from "git"
2023-09-06 12:38:22.394 [info] > git rev-parse --show-toplevel [4ms]
2023-09-06 12:38:22.395 [info] > git rev-parse --git-dir --git-common-dir [5ms]
2023-09-06 12:38:22.422 [info] Open repository: /home/aryan/Coding
2023-09-06 12:38:22.460 [info] > git config --get commit.template [21ms]
2023-09-06 12:38:22.466 [info] > git rev-parse --show-toplevel [8ms]
2023-09-06 12:38:22.487 [info] > git for-each-ref --format=%(refname)%00%(upstream:short)%00%(objectname)%00%(upstream:track)%00%(upstream:remotename)%00%(upstream:remoteref) refs/heads/master refs/remotes/master [4ms]
2023-09-06 12:38:22.512 [info] > git status -z -uall [15ms]
2023-09-06 12:38:22.513 [info] > git rev-parse --show-toplevel [3ms]
2023-09-06 12:38:22.546 [info] > git config --get commit.template [3ms]
2023-09-06 12:38:22.595 [info] > git for-each-ref --format=%(refname)%00%(upstream:short)%00%(objectname)%00%(upstream:track)%00%(upstream:remotename)%00%(upstream:remoteref) refs/heads/master refs/remotes/master [23ms]
2023-09-06 12:38:22.604 [info] > git rev-parse --show-toplevel [45ms]
2023-09-06 12:38:22.610 [info] > git status -z -uall [6ms]
2023-09-06 12:38:22.631 [info] > git rev-parse --show-toplevel [4ms]
2023-09-06 12:38:22.650 [info] > git rev-parse --show-toplevel [5ms]
2023-09-06 12:38:22.663 [info] > git rev-parse --show-toplevel [2ms]
2023-09-06 12:38:22.677 [info] > git rev-parse --show-toplevel [3ms]
2023-09-06 12:38:22.690 [info] > git rev-parse --git-dir --git-common-dir [1ms]
2023-09-06 12:38:22.718 [info] Open repository: /home/aryan/Coding/test-repo
2023-09-06 12:38:22.740 [info] > git config --get commit.template [6ms]
2023-09-06 12:38:22.755 [info] > git for-each-ref --format=%(refname)%00%(upstream:short)%00%(objectname)%00%(upstream:track)%00%(upstream:remotename)%00%(upstream:remoteref) refs/heads/main refs/remotes/main [5ms]
2023-09-06 12:38:22.769 [info] > git status -z -uall [3ms]
2023-09-06 12:38:22.791 [info] > git config --get commit.template [2ms]
2023-09-06 12:38:22.826 [info] > git for-each-ref --format=%(refname)%00%(upstream:short)%00%(objectname)%00%(upstream:track)%00%(upstream:remotename)%00%(upstream:remoteref) refs/heads/main refs/remotes/main [24ms]
2023-09-06 12:38:22.842 [info] > git status -z -uall [5ms]
2023-09-06 12:38:23.026 [info] > git show --textconv :Web Development/svg_elements.html [10ms]
2023-09-06 12:38:23.027 [info] > git ls-files --stage -- /home/aryan/Coding/Web Development/svg_elements.html [2ms]
2023-09-06 12:38:23.037 [info] > git cat-file -s c42c38b804c089e6c8acb188b1ab34cb4bf70a18 [2ms]
2023-09-06 12:38:23.255 [info] > git check-ignore -v -z --stdin [8ms]
2023-09-06 12:38:23.256 [info] > git check-ignore -v -z --stdin [2ms]
2023-09-06 12:38:24.402 [info] > git ls-files --stage -- /home/aryan/Coding/Web Development/svg_elements.html [2ms]
2023-09-06 12:38:24.413 [info] > git cat-file -s c42c38b804c089e6c8acb188b1ab34cb4bf70a18 [2ms]
2023-09-06 12:38:24.426 [info] > git show --textconv :Web Development/svg_elements.html [1ms]
2023-09-06 12:38:24.680 [info] > git fetch [1966ms]
2023-09-06 12:38:24.696 [info] > git config --get commit.template [8ms]
2023-09-06 12:38:24.697 [info] > git for-each-ref --format=%(refname)%00%(upstream:short)%00%(objectname)%00%(upstream:track)%00%(upstream:remotename)%00%(upstream:remoteref) refs/heads/main refs/remotes/main [1ms]
2023-09-06 12:38:24.704 [info] > git status -z -uall [1ms]
2023-09-06 12:38:25.767 [info] > git config --get commit.template [2ms]
2023-09-06 12:38:25.774 [info] > git for-each-ref --format=%(refname)%00%(upstream:short)%00%(objectname)%00%(upstream:track)%00%(upstream:remotename)%00%(upstream:remoteref) refs/heads/main refs/remotes/main [1ms]
2023-09-06 12:38:25.781 [info] > git status -z -uall [1ms]
2023-09-06 12:38:27.164 [info] > git fetch [4743ms]
2023-09-06 12:38:27.180 [info] > git config --get commit.template [7ms]
2023-09-06 12:38:27.181 [info] > git for-each-ref --format=%(refname)%00%(upstream:short)%00%(objectname)%00%(upstream:track)%00%(upstream:remotename)%00%(upstream:remoteref) refs/heads/master refs/remotes/master [1ms]
2023-09-06 12:38:27.190 [info] > git status -z -uall [3ms]
2023-09-06 12:38:27.716 [info] > git ls-files --stage -- /home/aryan/Coding/Web Development/svg_elements.html [1ms]
2023-09-06 12:38:27.725 [info] > git cat-file -s c42c38b804c089e6c8acb188b1ab34cb4bf70a18 [2ms]
2023-09-06 12:38:27.735 [info] > git show --textconv :Web Development/svg_elements.html [2ms]
2023-09-06 12:38:44.184 [info] > git config --get commit.template [2ms]
2023-09-06 12:38:44.195 [info] > git for-each-ref --format=%(refname)%00%(upstream:short)%00%(objectname)%00%(upstream:track)%00%(upstream:remotename)%00%(upstream:remoteref) refs/heads/master refs/remotes/master [2ms]
2023-09-06 12:38:44.209 [info] > git status -z -uall [5ms]
2023-09-06 12:38:49.232 [info] > git config --get commit.template [7ms]
2023-09-06 12:38:49.232 [info] > git for-each-ref --format=%(refname)%00%(upstream:short)%00%(objectname)%00%(upstream:track)%00%(upstream:remotename)%00%(upstream:remoteref) refs/heads/master refs/remotes/master [1ms]
2023-09-06 12:38:49.246 [info] > git status -z -uall [4ms]
2023-09-06 12:39:01.678 [info] > git config --get commit.template [6ms]
2023-09-06 12:39:01.679 [info] > git for-each-ref --format=%(refname)%00%(upstream:short)%00%(objectname)%00%(upstream:track)%00%(upstream:remotename)%00%(upstream:remoteref) refs/heads/master refs/remotes/master [1ms]
2023-09-06 12:39:01.689 [info] > git status -z -uall [4ms]
2023-09-06 12:39:06.925 [info] > git config --get commit.template [1ms]
2023-09-06 12:39:06.932 [info] > git for-each-ref --format=%(refname)%00%(upstream:short)%00%(objectname)%00%(upstream:track)%00%(upstream:remotename)%00%(upstream:remoteref) refs/heads/master refs/remotes/master [2ms]
2023-09-06 12:39:06.941 [info] > git status -z -uall [4ms]
2023-09-06 12:39:11.958 [info] > git config --get commit.template [1ms]
2023-09-06 12:39:11.965 [info] > git for-each-ref --format=%(refname)%00%(upstream:short)%00%(objectname)%00%(upstream:track)%00%(upstream:remotename)%00%(upstream:remoteref) refs/heads/master refs/remotes/master [1ms]
2023-09-06 12:39:11.977 [info] > git status -z -uall [4ms]
2023-09-06 12:42:22.812 [info] > git fetch [1471ms]
2023-09-06 12:42:22.823 [info] > git config --get commit.template [2ms]
2023-09-06 12:42:22.832 [info] > git for-each-ref --format=%(refname)%00%(upstream:short)%00%(objectname)%00%(upstream:track)%00%(upstream:remotename)%00%(upstream:remoteref) refs/heads/main refs/remotes/main [1ms]
2023-09-06 12:42:22.842 [info] > git status -z -uall [2ms]
2023-09-06 12:42:25.365 [info] > git fetch [4012ms]
2023-09-06 12:42:25.380 [info] > git config --get commit.template [7ms]
2023-09-06 12:42:25.380 [info] > git for-each-ref --format=%(refname)%00%(upstream:short)%00%(objectname)%00%(upstream:track)%00%(upstream:remotename)%00%(upstream:remoteref) refs/heads/master refs/remotes/master [1ms]
2023-09-06 12:42:25.389 [info] > git status -z -uall [4ms]
2023-09-06 12:43:17.135 [info] > git config --get commit.template [3ms]
2023-09-06 12:43:17.146 [info] > git for-each-ref --format=%(refname)%00%(upstream:short)%00%(objectname)%00%(upstream:track)%00%(upstream:remotename)%00%(upstream:remoteref) refs/heads/main refs/remotes/main [2ms]
2023-09-06 12:43:17.158 [info] > git status -z -uall [2ms]
2023-09-06 12:43:17.174 [info] > git ls-files --stage -- /home/aryan/Coding/Web Development/svg_elements.html [2ms]
2023-09-06 12:43:17.186 [info] > git cat-file -s c42c38b804c089e6c8acb188b1ab34cb4bf70a18 [1ms]
2023-09-06 12:43:17.201 [info] > git show --textconv :Web Development/svg_elements.html [2ms]
2023-09-06 12:44:15.192 [info] > git rev-parse --show-toplevel [2ms]
2023-09-06 12:44:15.192 [info] fatal: not a git repository (or any of the parent directories): .git
