2023-09-05 23:39:57.862 [warning] Unable to find "$VIMRUNTIME/delmenu.vim" file for configuration.
2023-09-05 23:39:57.882 [warning] Unable to find "$VIMRUNTIME/menu.vim" file for configuration.
2023-09-05 23:39:57.916 [warning] Encountered an unrecognized mapping type: 'snor'
2023-09-05 23:39:58.101 [info] Configuration changed
2023-09-05 23:39:58.291 [info] Configuration changed
2023-09-05 23:39:58.340 [warning] Unable to find "$VIMRUNTIME/delmenu.vim" file for configuration.
2023-09-05 23:39:58.341 [warning] Unable to find "$VIMRUNTIME/menu.vim" file for configuration.
2023-09-05 23:39:58.348 [warning] Unable to find "$VIMRUNTIME/delmenu.vim" file for configuration.
2023-09-05 23:39:58.349 [warning] Unable to find "$VIMRUNTIME/menu.vim" file for configuration.
2023-09-05 23:39:58.353 [warning] Encountered an unrecognized mapping type: 'snor'
2023-09-05 23:39:58.363 [warning] Encountered an unrecognized mapping type: 'snor'
2023-09-05 23:40:02.038 [info] /home/aryan/Coding/Data Structures/Stack/Untitled-1 closed
2023-09-05 23:40:02.039 [info] /home/aryan/Coding/Data Structures/Stack/Untitled-1.git closed
2023-09-05 23:40:02.066 [info] Active editor: file:///home/aryan/Coding/Data%20Structures/Stack/stackusingll.c
2023-09-05 23:40:02.630 [info] /home/aryan/Coding/Data Structures/Stack/stackusingll.c closed
2023-09-05 23:40:02.630 [info] /home/aryan/Coding/Data Structures/Stack/stackusingll.c.git closed
2023-09-05 23:40:02.651 [info] Active editor: vscode-userdata:/home/aryan/.config/Code%20-%20OSS/User/snippets/c.json
2023-09-05 23:40:03.197 [info] /home/aryan/.config/Code - OSS/User/snippets/c.json closed
2023-09-05 23:40:03.215 [info] Active editor: file:///home/aryan/Coding/Data%20Structures/Hackerrank/notes1.txt
2023-09-05 23:40:10.712 [info] Active editor: file:///home/aryan/Coding/Data%20Structures/Stack/stackusingll.c
