2023-09-02 15:36:27.585 [info] Log level: Info
2023-09-02 15:36:27.585 [info] Validating found git in: "git"
2023-09-02 15:36:27.585 [info] Using git "2.42.0" from "git"
2023-09-02 15:36:27.585 [info] > git rev-parse --show-toplevel [3ms]
2023-09-02 15:36:27.585 [info] fatal: not a git repository (or any of the parent directories): .git
2023-09-02 15:36:27.587 [info] > git rev-parse --show-toplevel [3ms]
2023-09-02 15:36:27.587 [info] fatal: not a git repository (or any of the parent directories): .git
2023-09-02 15:36:27.604 [info] > git rev-parse --show-toplevel [4ms]
2023-09-02 15:36:27.604 [info] fatal: not a git repository (or any of the parent directories): .git
2023-09-02 15:36:27.617 [info] > git rev-parse --show-toplevel [3ms]
2023-09-02 15:36:27.617 [info] fatal: not a git repository (or any of the parent directories): .git
2023-09-02 15:36:27.753 [info] > git rev-parse --show-toplevel [125ms]
2023-09-02 15:36:27.753 [info] fatal: not a git repository (or any of the parent directories): .git
2023-09-02 15:36:27.808 [info] > git rev-parse --show-toplevel [9ms]
2023-09-02 15:36:27.808 [info] fatal: not a git repository (or any of the parent directories): .git
2023-09-02 15:36:27.839 [info] > git rev-parse --show-toplevel [4ms]
2023-09-02 15:36:27.839 [info] fatal: not a git repository (or any of the parent directories): .git
2023-09-02 15:36:42.536 [info] > git rev-parse --show-toplevel [2ms]
2023-09-02 15:36:42.536 [info] fatal: not a git repository (or any of the parent directories): .git
2023-09-02 15:36:52.056 [info] > git rev-parse --show-toplevel [1ms]
2023-09-02 15:36:52.056 [info] fatal: not a git repository (or any of the parent directories): .git
2023-09-02 15:36:53.034 [info] > git rev-parse --show-toplevel [2ms]
2023-09-02 15:36:53.034 [info] fatal: not a git repository (or any of the parent directories): .git
2023-09-02 15:36:55.456 [info] > git rev-parse --show-toplevel [2ms]
2023-09-02 15:36:55.456 [info] fatal: not a git repository (or any of the parent directories): .git
2023-09-02 15:36:56.257 [info] > git rev-parse --show-toplevel [2ms]
2023-09-02 15:36:56.257 [info] fatal: not a git repository (or any of the parent directories): .git
2023-09-02 15:36:59.790 [info] > git rev-parse --show-toplevel [2ms]
2023-09-02 15:36:59.790 [info] fatal: not a git repository (or any of the parent directories): .git
2023-09-02 15:37:06.528 [info] > git rev-parse --show-toplevel [2ms]
2023-09-02 15:37:06.528 [info] fatal: not a git repository (or any of the parent directories): .git
