2023-09-08 11:56:41.501 [info] Added views:workbench.panel.markers.view in workbench.panel.markers
2023-09-08 11:56:41.501 [info] Added views:workbench.panel.output in workbench.panel.output
2023-09-08 11:56:41.501 [info] Added views:terminal in terminal
2023-09-08 11:56:41.501 [info] Added views:outline in workbench.view.explorer
2023-09-08 11:56:41.501 [info] Added views:workbench.scm in workbench.view.scm
2023-09-08 11:56:41.501 [info] Added views:workbench.view.search in workbench.view.search
2023-09-08 11:56:41.501 [info] Added views:timeline in workbench.view.explorer
2023-09-08 11:56:41.501 [info] Added views:workbench.explorer.emptyView in workbench.view.explorer
2023-09-08 11:56:41.681 [info] Added views:workbench.debug.variablesView,workbench.debug.watchExpressionsView,workbench.debug.callStackView,workbench.debug.breakPointsView in workbench.view.debug
2023-09-08 11:56:42.451 [info] Added views:workbench.panel.repl.view in workbench.panel.repl
2023-09-08 11:56:42.453 [info] Removed views:workbench.debug.breakPointsView,workbench.debug.callStackView,workbench.debug.watchExpressionsView,workbench.debug.variablesView from workbench.view.debug
2023-09-08 11:56:42.453 [info] Added views:workbench.debug.welcome in workbench.view.debug
2023-09-08 12:01:01.128 [info] Added views:workbench.panel.markers.view in workbench.panel.markers
2023-09-08 12:01:01.128 [info] Added views:workbench.panel.output in workbench.panel.output
2023-09-08 12:01:01.128 [info] Added views:terminal in terminal
2023-09-08 12:01:01.128 [info] Added views:outline in workbench.view.explorer
2023-09-08 12:01:01.128 [info] Added views:workbench.scm in workbench.view.scm
2023-09-08 12:01:01.128 [info] Added views:workbench.view.search in workbench.view.search
2023-09-08 12:01:01.128 [info] Added views:timeline in workbench.view.explorer
2023-09-08 12:01:01.128 [info] Added views:workbench.explorer.fileView in workbench.view.explorer
2023-09-08 12:01:01.859 [info] Added views:workbench.debug.variablesView,workbench.debug.watchExpressionsView,workbench.debug.callStackView,workbench.debug.breakPointsView in workbench.view.debug
2023-09-08 12:01:01.879 [info] Added views:workbench.panel.repl.view in workbench.panel.repl
2023-09-08 12:01:01.881 [info] Removed views:workbench.debug.breakPointsView,workbench.debug.callStackView,workbench.debug.watchExpressionsView,workbench.debug.variablesView from workbench.view.debug
2023-09-08 12:01:01.881 [info] Added views:workbench.debug.welcome in workbench.view.debug
