2023-09-08 12:07:49.570 [info] Log level: Info
2023-09-08 12:07:49.570 [info] Validating found git in: "git"
2023-09-08 12:07:49.570 [info] Using git "2.42.0" from "git"
2023-09-08 12:07:49.570 [info] > git rev-parse --show-toplevel [9ms]
2023-09-08 12:07:49.570 [info] > git rev-parse --git-dir --git-common-dir [7ms]
2023-09-08 12:07:49.570 [info] Open repository: /home/aryan/Coding
2023-09-08 12:07:49.611 [info] > git config --get commit.template [24ms]
2023-09-08 12:07:49.617 [info] > git rev-parse --show-toplevel [8ms]
2023-09-08 12:07:49.639 [info] > git for-each-ref --format=%(refname)%00%(upstream:short)%00%(objectname)%00%(upstream:track)%00%(upstream:remotename)%00%(upstream:remoteref) refs/heads/master refs/remotes/master [8ms]
2023-09-08 12:07:49.662 [info] > git status -z -uall [8ms]
2023-09-08 12:07:49.691 [info] > git config --get commit.template [5ms]
2023-09-08 12:07:49.729 [info] > git for-each-ref --format=%(refname)%00%(upstream:short)%00%(objectname)%00%(upstream:track)%00%(upstream:remotename)%00%(upstream:remoteref) refs/heads/master refs/remotes/master [25ms]
2023-09-08 12:07:49.746 [info] > git status -z -uall [9ms]
2023-09-08 12:07:50.115 [info] > git show --textconv :Web Development/canvas.html [15ms]
2023-09-08 12:07:50.130 [info] > git ls-files --stage -- /home/aryan/Coding/Web Development/canvas.html [16ms]
2023-09-08 12:07:50.141 [info] > git check-ignore -v -z --stdin [13ms]
2023-09-08 12:07:50.144 [info] > git cat-file -s d6f42541db665ac1867291f4f39c5abfb6042476 [4ms]
2023-09-08 12:07:50.770 [info] > git ls-files --stage -- /home/aryan/Coding/Web Development/canvas.html [1ms]
2023-09-08 12:07:50.781 [info] > git cat-file -s d6f42541db665ac1867291f4f39c5abfb6042476 [3ms]
2023-09-08 12:07:50.800 [info] > git show --textconv :Web Development/canvas.html [3ms]
2023-09-08 12:07:52.458 [info] > git show --textconv :Web Development/jquery.html [12ms]
2023-09-08 12:07:52.459 [info] > git ls-files --stage -- /home/aryan/Coding/Web Development/jquery.html [2ms]
2023-09-08 12:07:52.823 [info] > git fetch [3269ms]
2023-09-08 12:07:52.839 [info] > git config --get commit.template [7ms]
2023-09-08 12:07:52.839 [info] > git for-each-ref --format=%(refname)%00%(upstream:short)%00%(objectname)%00%(upstream:track)%00%(upstream:remotename)%00%(upstream:remoteref) refs/heads/master refs/remotes/master [1ms]
2023-09-08 12:07:52.849 [info] > git status -z -uall [4ms]
2023-09-08 12:07:53.765 [info] > git ls-files --stage -- /home/aryan/Coding/Web Development/jquery.html [1ms]
2023-09-08 12:07:53.781 [info] > git show --textconv :Web Development/jquery.html [2ms]
2023-09-08 12:10:56.255 [info] > git fetch [3396ms]
2023-09-08 12:10:56.273 [info] > git config --get commit.template [9ms]
2023-09-08 12:10:56.274 [info] > git for-each-ref --format=%(refname)%00%(upstream:short)%00%(objectname)%00%(upstream:track)%00%(upstream:remotename)%00%(upstream:remoteref) refs/heads/master refs/remotes/master [2ms]
2023-09-08 12:10:56.286 [info] > git status -z -uall [5ms]
2023-09-08 12:11:08.840 [info] > git show --textconv :Web Development/jquery.html.html [7ms]
2023-09-08 12:11:08.841 [info] > git ls-files --stage -- /home/aryan/Coding/Web Development/jquery.html.html [2ms]
2023-09-08 12:11:09.157 [info] > git check-ignore -v -z --stdin [1ms]
2023-09-08 12:11:09.704 [info] > git config --get commit.template [7ms]
2023-09-08 12:11:09.705 [info] > git for-each-ref --format=%(refname)%00%(upstream:short)%00%(objectname)%00%(upstream:track)%00%(upstream:remotename)%00%(upstream:remoteref) refs/heads/master refs/remotes/master [2ms]
2023-09-08 12:11:09.714 [info] > git status -z -uall [4ms]
2023-09-08 12:12:43.223 [info] > git config --get commit.template [8ms]
2023-09-08 12:12:43.224 [info] > git for-each-ref --format=%(refname)%00%(upstream:short)%00%(objectname)%00%(upstream:track)%00%(upstream:remotename)%00%(upstream:remoteref) refs/heads/master refs/remotes/master [2ms]
2023-09-08 12:12:43.235 [info] > git status -z -uall [5ms]
2023-09-08 12:12:48.255 [info] > git config --get commit.template [8ms]
2023-09-08 12:12:48.256 [info] > git for-each-ref --format=%(refname)%00%(upstream:short)%00%(objectname)%00%(upstream:track)%00%(upstream:remotename)%00%(upstream:remoteref) refs/heads/master refs/remotes/master [1ms]
2023-09-08 12:12:48.266 [info] > git status -z -uall [4ms]
2023-09-08 12:13:10.404 [info] > git config --get commit.template [1ms]
2023-09-08 12:13:10.412 [info] > git for-each-ref --format=%(refname)%00%(upstream:short)%00%(objectname)%00%(upstream:track)%00%(upstream:remotename)%00%(upstream:remoteref) refs/heads/master refs/remotes/master [2ms]
2023-09-08 12:13:10.422 [info] > git status -z -uall [4ms]
2023-09-08 12:13:15.446 [info] > git config --get commit.template [8ms]
2023-09-08 12:13:15.447 [info] > git for-each-ref --format=%(refname)%00%(upstream:short)%00%(objectname)%00%(upstream:track)%00%(upstream:remotename)%00%(upstream:remoteref) refs/heads/master refs/remotes/master [2ms]
2023-09-08 12:13:15.460 [info] > git status -z -uall [4ms]
2023-09-08 12:13:22.586 [info] > git config --get commit.template [2ms]
2023-09-08 12:13:22.596 [info] > git for-each-ref --format=%(refname)%00%(upstream:short)%00%(objectname)%00%(upstream:track)%00%(upstream:remotename)%00%(upstream:remoteref) refs/heads/master refs/remotes/master [2ms]
2023-09-08 12:13:22.609 [info] > git status -z -uall [4ms]
2023-09-08 12:13:55.258 [info] > git config --get commit.template [9ms]
2023-09-08 12:13:55.258 [info] > git for-each-ref --format=%(refname)%00%(upstream:short)%00%(objectname)%00%(upstream:track)%00%(upstream:remotename)%00%(upstream:remoteref) refs/heads/master refs/remotes/master [1ms]
2023-09-08 12:13:55.273 [info] > git status -z -uall [5ms]
2023-09-08 12:13:57.493 [info] > git ls-files --stage -- /home/aryan/Coding/Web Development/jquery.html.html [1ms]
2023-09-08 12:13:57.504 [info] > git show --textconv :Web Development/jquery.html.html [1ms]
2023-09-08 12:13:59.879 [info] > git fetch [3580ms]
2023-09-08 12:13:59.900 [info] > git config --get commit.template [12ms]
2023-09-08 12:13:59.901 [info] > git for-each-ref --format=%(refname)%00%(upstream:short)%00%(objectname)%00%(upstream:track)%00%(upstream:remotename)%00%(upstream:remoteref) refs/heads/master refs/remotes/master [2ms]
2023-09-08 12:13:59.915 [info] > git status -z -uall [7ms]
2023-09-08 12:14:00.776 [info] > git ls-files --stage -- /home/aryan/Coding/Web Development/jquery.html.html [0ms]
2023-09-08 12:14:00.788 [info] > git show --textconv :Web Development/jquery.html.html [1ms]
2023-09-08 12:14:02.378 [info] > git config --get commit.template [9ms]
2023-09-08 12:14:02.379 [info] > git for-each-ref --format=%(refname)%00%(upstream:short)%00%(objectname)%00%(upstream:track)%00%(upstream:remotename)%00%(upstream:remoteref) refs/heads/master refs/remotes/master [2ms]
2023-09-08 12:14:02.395 [info] > git status -z -uall [6ms]
2023-09-08 12:14:07.411 [info] > git config --get commit.template [2ms]
2023-09-08 12:14:07.420 [info] > git for-each-ref --format=%(refname)%00%(upstream:short)%00%(objectname)%00%(upstream:track)%00%(upstream:remotename)%00%(upstream:remoteref) refs/heads/master refs/remotes/master [2ms]
2023-09-08 12:14:07.432 [info] > git status -z -uall [5ms]
2023-09-08 12:14:12.453 [info] > git config --get commit.template [10ms]
2023-09-08 12:14:12.454 [info] > git for-each-ref --format=%(refname)%00%(upstream:short)%00%(objectname)%00%(upstream:track)%00%(upstream:remotename)%00%(upstream:remoteref) refs/heads/master refs/remotes/master [1ms]
2023-09-08 12:14:12.466 [info] > git status -z -uall [6ms]
2023-09-08 12:14:17.488 [info] > git config --get commit.template [8ms]
2023-09-08 12:14:17.489 [info] > git for-each-ref --format=%(refname)%00%(upstream:short)%00%(objectname)%00%(upstream:track)%00%(upstream:remotename)%00%(upstream:remoteref) refs/heads/master refs/remotes/master [2ms]
2023-09-08 12:14:17.502 [info] > git status -z -uall [5ms]
2023-09-08 12:14:42.723 [info] > git config --get commit.template [9ms]
2023-09-08 12:14:42.724 [info] > git for-each-ref --format=%(refname)%00%(upstream:short)%00%(objectname)%00%(upstream:track)%00%(upstream:remotename)%00%(upstream:remoteref) refs/heads/master refs/remotes/master [1ms]
2023-09-08 12:14:42.738 [info] > git status -z -uall [5ms]
2023-09-08 12:14:48.212 [info] > git config --get commit.template [7ms]
2023-09-08 12:14:48.213 [info] > git for-each-ref --format=%(refname)%00%(upstream:short)%00%(objectname)%00%(upstream:track)%00%(upstream:remotename)%00%(upstream:remoteref) refs/heads/master refs/remotes/master [1ms]
2023-09-08 12:14:48.224 [info] > git status -z -uall [4ms]
2023-09-08 12:15:22.427 [info] > git config --get commit.template [11ms]
2023-09-08 12:15:22.428 [info] > git for-each-ref --format=%(refname)%00%(upstream:short)%00%(objectname)%00%(upstream:track)%00%(upstream:remotename)%00%(upstream:remoteref) refs/heads/master refs/remotes/master [1ms]
2023-09-08 12:15:22.454 [info] > git status -z -uall [15ms]
2023-09-08 12:15:22.457 [info] > git ls-files --stage -- /home/aryan/Coding/Web Development/jquery.html.html [4ms]
2023-09-08 12:15:22.483 [info] > git show --textconv :Web Development/jquery.html.html [3ms]
2023-09-08 12:15:51.856 [info] > git show --textconv :Web Development/jquery.html [6ms]
2023-09-08 12:15:51.857 [info] > git ls-files --stage -- /home/aryan/Coding/Web Development/jquery.html [1ms]
2023-09-08 12:15:52.682 [info] > git config --get commit.template [7ms]
2023-09-08 12:15:52.683 [info] > git for-each-ref --format=%(refname)%00%(upstream:short)%00%(objectname)%00%(upstream:track)%00%(upstream:remotename)%00%(upstream:remoteref) refs/heads/master refs/remotes/master [1ms]
2023-09-08 12:15:52.695 [info] > git status -z -uall [5ms]
2023-09-08 12:16:06.552 [info] > git config --get commit.template [10ms]
2023-09-08 12:16:06.566 [info] > git ls-files --stage -- /home/aryan/Coding/Web Development/jquery.html [15ms]
2023-09-08 12:16:06.568 [info] > git for-each-ref --format=%(refname)%00%(upstream:short)%00%(objectname)%00%(upstream:track)%00%(upstream:remotename)%00%(upstream:remoteref) refs/heads/master refs/remotes/master [3ms]
2023-09-08 12:16:06.590 [info] > git status -z -uall [12ms]
2023-09-08 12:16:06.593 [info] > git show --textconv :Web Development/jquery.html [3ms]
2023-09-08 12:19:09.761 [info] > git config --get commit.template [3ms]
2023-09-08 12:19:09.781 [info] > git ls-files --stage -- /home/aryan/Coding/Web Development/jquery.html [10ms]
2023-09-08 12:19:09.792 [info] > git for-each-ref --format=%(refname)%00%(upstream:short)%00%(objectname)%00%(upstream:track)%00%(upstream:remotename)%00%(upstream:remoteref) refs/heads/master refs/remotes/master [12ms]
2023-09-08 12:19:09.802 [info] > git cat-file -s e3fd576f4935882043a658d08d678c482a468f72 [11ms]
2023-09-08 12:19:09.813 [info] > git status -z -uall [12ms]
2023-09-08 12:19:09.818 [info] > git show --textconv :Web Development/jquery.html [6ms]
2023-09-08 12:19:10.986 [info] > git ls-files --stage -- /home/aryan/Coding/Web Development/jquery.html [2ms]
2023-09-08 12:19:10.997 [info] > git cat-file -s e3fd576f4935882043a658d08d678c482a468f72 [1ms]
2023-09-08 12:19:11.021 [info] > git show --textconv :Web Development/jquery.html [2ms]
2023-09-08 12:19:13.374 [info] > git fetch [3631ms]
2023-09-08 12:19:13.393 [info] > git config --get commit.template [9ms]
2023-09-08 12:19:13.394 [info] > git for-each-ref --format=%(refname)%00%(upstream:short)%00%(objectname)%00%(upstream:track)%00%(upstream:remotename)%00%(upstream:remoteref) refs/heads/master refs/remotes/master [2ms]
2023-09-08 12:19:13.406 [info] > git status -z -uall [4ms]
2023-09-08 12:19:14.236 [info] > git ls-files --stage -- /home/aryan/Coding/Web Development/jquery.html [1ms]
2023-09-08 12:19:14.244 [info] > git cat-file -s e3fd576f4935882043a658d08d678c482a468f72 [2ms]
2023-09-08 12:19:14.254 [info] > git show --textconv :Web Development/jquery.html [1ms]
2023-09-08 12:19:14.835 [info] > git config --get commit.template [8ms]
2023-09-08 12:19:14.835 [info] > git for-each-ref --format=%(refname)%00%(upstream:short)%00%(objectname)%00%(upstream:track)%00%(upstream:remotename)%00%(upstream:remoteref) refs/heads/master refs/remotes/master [1ms]
2023-09-08 12:19:14.848 [info] > git status -z -uall [5ms]
2023-09-08 12:20:53.403 [info] > git config --get commit.template [13ms]
2023-09-08 12:20:53.412 [info] > git ls-files --stage -- /home/aryan/Coding/Web Development/jquery.html [11ms]
2023-09-08 12:20:53.421 [info] > git for-each-ref --format=%(refname)%00%(upstream:short)%00%(objectname)%00%(upstream:track)%00%(upstream:remotename)%00%(upstream:remoteref) refs/heads/master refs/remotes/master [10ms]
2023-09-08 12:20:53.432 [info] > git cat-file -s e3fd576f4935882043a658d08d678c482a468f72 [11ms]
2023-09-08 12:20:53.443 [info] > git status -z -uall [13ms]
2023-09-08 12:20:53.448 [info] > git show --textconv :Web Development/jquery.html [6ms]
2023-09-08 12:22:59.517 [info] > git config --get commit.template [18ms]
2023-09-08 12:22:59.518 [info] > git for-each-ref --format=%(refname)%00%(upstream:short)%00%(objectname)%00%(upstream:track)%00%(upstream:remotename)%00%(upstream:remoteref) refs/heads/master refs/remotes/master [3ms]
2023-09-08 12:22:59.534 [info] > git status -z -uall [3ms]
2023-09-08 12:22:59.556 [info] > git ls-files --stage -- /home/aryan/Coding/Web Development/jquery.html [2ms]
2023-09-08 12:22:59.571 [info] > git cat-file -s e3fd576f4935882043a658d08d678c482a468f72 [2ms]
2023-09-08 12:22:59.597 [info] > git show --textconv :Web Development/jquery.html [2ms]
2023-09-08 12:23:01.477 [info] > git ls-files --stage -- /home/aryan/Coding/Web Development/jquery.html [2ms]
2023-09-08 12:23:01.492 [info] > git cat-file -s e3fd576f4935882043a658d08d678c482a468f72 [3ms]
2023-09-08 12:23:01.552 [info] > git show --textconv :Web Development/jquery.html [2ms]
2023-09-08 12:23:03.292 [info] > git fetch [3811ms]
2023-09-08 12:23:03.292 [info] From github.com:aryan-212/Coding
   30f4e3f..99d1764  master     -> origin/master
2023-09-08 12:23:03.311 [info] > git config --get commit.template [10ms]
2023-09-08 12:23:03.312 [info] > git for-each-ref --format=%(refname)%00%(upstream:short)%00%(objectname)%00%(upstream:track)%00%(upstream:remotename)%00%(upstream:remoteref) refs/heads/master refs/remotes/master [2ms]
2023-09-08 12:23:03.321 [info] > git status -z -uall [2ms]
2023-09-08 12:23:04.480 [info] > git ls-files --stage -- /home/aryan/Coding/Web Development/jquery.html [1ms]
2023-09-08 12:23:04.487 [info] > git cat-file -s e3fd576f4935882043a658d08d678c482a468f72 [2ms]
2023-09-08 12:23:04.498 [info] > git show --textconv :Web Development/jquery.html [1ms]
2023-09-08 12:23:04.554 [info] > git config --get commit.template [7ms]
2023-09-08 12:23:04.555 [info] > git for-each-ref --format=%(refname)%00%(upstream:short)%00%(objectname)%00%(upstream:track)%00%(upstream:remotename)%00%(upstream:remoteref) refs/heads/master refs/remotes/master [2ms]
2023-09-08 12:23:04.563 [info] > git status -z -uall [2ms]
2023-09-08 12:26:22.286 [info] > git fetch [3661ms]
2023-09-08 12:26:22.301 [info] > git config --get commit.template [7ms]
2023-09-08 12:26:22.301 [info] > git for-each-ref --format=%(refname)%00%(upstream:short)%00%(objectname)%00%(upstream:track)%00%(upstream:remotename)%00%(upstream:remoteref) refs/heads/master refs/remotes/master [1ms]
2023-09-08 12:26:22.310 [info] > git status -z -uall [2ms]
2023-09-08 12:26:59.037 [info] > git config --get commit.template [24ms]
2023-09-08 12:26:59.038 [info] > git for-each-ref --format=%(refname)%00%(upstream:short)%00%(objectname)%00%(upstream:track)%00%(upstream:remotename)%00%(upstream:remoteref) refs/heads/master refs/remotes/master [3ms]
2023-09-08 12:26:59.050 [info] > git ls-files --stage -- /home/aryan/Coding/Web Development/jquery.html [24ms]
2023-09-08 12:26:59.060 [info] > git status -z -uall [11ms]
2023-09-08 12:26:59.062 [info] > git cat-file -s e3fd576f4935882043a658d08d678c482a468f72 [3ms]
2023-09-08 12:26:59.084 [info] > git show --textconv :Web Development/jquery.html [2ms]
2023-09-08 12:27:04.075 [info] > git config --get commit.template [1ms]
2023-09-08 12:27:04.083 [info] > git for-each-ref --format=%(refname)%00%(upstream:short)%00%(objectname)%00%(upstream:track)%00%(upstream:remotename)%00%(upstream:remoteref) refs/heads/master refs/remotes/master [2ms]
2023-09-08 12:27:04.091 [info] > git status -z -uall [1ms]
2023-09-08 12:27:25.354 [info] > git config --get commit.template [9ms]
2023-09-08 12:27:25.355 [info] > git for-each-ref --format=%(refname)%00%(upstream:short)%00%(objectname)%00%(upstream:track)%00%(upstream:remotename)%00%(upstream:remoteref) refs/heads/master refs/remotes/master [2ms]
2023-09-08 12:27:25.367 [info] > git status -z -uall [3ms]
2023-09-08 12:27:25.400 [info] > git ls-files --stage -- /home/aryan/Coding/Web Development/jquery.html [1ms]
2023-09-08 12:27:25.412 [info] > git cat-file -s e3fd576f4935882043a658d08d678c482a468f72 [1ms]
2023-09-08 12:27:25.429 [info] > git show --textconv :Web Development/jquery.html [2ms]
2023-09-08 12:28:12.344 [info] > git config --get commit.template [13ms]
2023-09-08 12:28:12.358 [info] > git ls-files --stage -- /home/aryan/Coding/Web Development/jquery.html [15ms]
2023-09-08 12:28:12.369 [info] > git for-each-ref --format=%(refname)%00%(upstream:short)%00%(objectname)%00%(upstream:track)%00%(upstream:remotename)%00%(upstream:remoteref) refs/heads/master refs/remotes/master [14ms]
2023-09-08 12:28:12.383 [info] > git cat-file -s e3fd576f4935882043a658d08d678c482a468f72 [15ms]
2023-09-08 12:28:12.386 [info] > git status -z -uall [4ms]
2023-09-08 12:28:12.402 [info] > git show --textconv :Web Development/jquery.html [3ms]
2023-09-08 12:28:17.407 [info] > git config --get commit.template [8ms]
2023-09-08 12:28:17.408 [info] > git for-each-ref --format=%(refname)%00%(upstream:short)%00%(objectname)%00%(upstream:track)%00%(upstream:remotename)%00%(upstream:remoteref) refs/heads/master refs/remotes/master [1ms]
2023-09-08 12:28:17.415 [info] > git status -z -uall [2ms]
