2023-09-06 23:45:53.932 [info] Log level: Info
2023-09-06 23:45:53.932 [info] Validating found git in: "git"
2023-09-06 23:45:53.932 [info] Using git "2.42.0" from "git"
2023-09-06 23:45:53.932 [info] > git rev-parse --show-toplevel [2ms]
2023-09-06 23:45:53.932 [info] > git rev-parse --git-dir --git-common-dir [2ms]
2023-09-06 23:45:53.932 [info] Open repository: /home/aryan/.config
2023-09-06 23:45:53.932 [info] > git config --get commit.template [7ms]
2023-09-06 23:45:53.943 [info] > git for-each-ref --format=%(refname)%00%(upstream:short)%00%(objectname)%00%(upstream:track)%00%(upstream:remotename)%00%(upstream:remoteref) refs/heads/master refs/remotes/master [2ms]
2023-09-06 23:45:54.127 [info] > git status -z -uall [175ms]
2023-09-06 23:45:54.178 [info] > git config --get commit.template [6ms]
2023-09-06 23:45:54.190 [info] > git for-each-ref --format=%(refname)%00%(upstream:short)%00%(objectname)%00%(upstream:track)%00%(upstream:remotename)%00%(upstream:remoteref) refs/heads/master refs/remotes/master [1ms]
2023-09-06 23:45:54.331 [info] > git status -z -uall [132ms]
2023-09-06 23:45:54.483 [info] > git check-ignore -v -z --stdin [47ms]
2023-09-06 23:45:54.711 [info] > git show --textconv :ranger/rifle.conf [11ms]
2023-09-06 23:45:54.713 [info] > git ls-files --stage -- /home/aryan/.config/ranger/rifle.conf [4ms]
2023-09-06 23:45:54.723 [info] > git cat-file -s e2653a76003b427a84608aea358dc81b339e11ab [2ms]
2023-09-06 23:45:55.039 [info] > git fetch [1134ms]
2023-09-06 23:45:55.058 [info] > git config --get commit.template [9ms]
2023-09-06 23:45:55.059 [info] > git for-each-ref --format=%(refname)%00%(upstream:short)%00%(objectname)%00%(upstream:track)%00%(upstream:remotename)%00%(upstream:remoteref) refs/heads/master refs/remotes/master [2ms]
2023-09-06 23:45:55.168 [info] > git status -z -uall [103ms]
2023-09-06 23:45:56.227 [info] > git ls-files --stage -- /home/aryan/.config/ranger/rifle.conf [3ms]
2023-09-06 23:45:56.235 [info] > git cat-file -s e2653a76003b427a84608aea358dc81b339e11ab [2ms]
2023-09-06 23:45:56.245 [info] > git show --textconv :ranger/rifle.conf [3ms]
2023-09-06 23:45:56.349 [info] > git config --get commit.template [11ms]
2023-09-06 23:45:56.350 [info] > git for-each-ref --format=%(refname)%00%(upstream:short)%00%(objectname)%00%(upstream:track)%00%(upstream:remotename)%00%(upstream:remoteref) refs/heads/master refs/remotes/master [2ms]
2023-09-06 23:45:56.473 [info] > git status -z -uall [115ms]
2023-09-06 23:46:01.503 [info] > git config --get commit.template [6ms]
2023-09-06 23:46:01.503 [info] > git for-each-ref --format=%(refname)%00%(upstream:short)%00%(objectname)%00%(upstream:track)%00%(upstream:remotename)%00%(upstream:remoteref) refs/heads/master refs/remotes/master [1ms]
2023-09-06 23:46:01.607 [info] > git status -z -uall [97ms]
2023-09-06 23:46:06.631 [info] > git config --get commit.template [7ms]
2023-09-06 23:46:06.632 [info] > git for-each-ref --format=%(refname)%00%(upstream:short)%00%(objectname)%00%(upstream:track)%00%(upstream:remotename)%00%(upstream:remoteref) refs/heads/master refs/remotes/master [1ms]
2023-09-06 23:46:06.730 [info] > git status -z -uall [93ms]
2023-09-06 23:46:11.755 [info] > git config --get commit.template [8ms]
2023-09-06 23:46:11.757 [info] > git for-each-ref --format=%(refname)%00%(upstream:short)%00%(objectname)%00%(upstream:track)%00%(upstream:remotename)%00%(upstream:remoteref) refs/heads/master refs/remotes/master [1ms]
2023-09-06 23:46:11.873 [info] > git status -z -uall [110ms]
2023-09-06 23:46:16.895 [info] > git config --get commit.template [6ms]
2023-09-06 23:46:16.896 [info] > git for-each-ref --format=%(refname)%00%(upstream:short)%00%(objectname)%00%(upstream:track)%00%(upstream:remotename)%00%(upstream:remoteref) refs/heads/master refs/remotes/master [1ms]
2023-09-06 23:46:16.995 [info] > git status -z -uall [94ms]
2023-09-06 23:46:22.020 [info] > git config --get commit.template [6ms]
2023-09-06 23:46:22.021 [info] > git for-each-ref --format=%(refname)%00%(upstream:short)%00%(objectname)%00%(upstream:track)%00%(upstream:remotename)%00%(upstream:remoteref) refs/heads/master refs/remotes/master [1ms]
2023-09-06 23:46:22.126 [info] > git status -z -uall [100ms]
2023-09-06 23:46:27.277 [info] > git config --get commit.template [10ms]
2023-09-06 23:46:27.278 [info] > git for-each-ref --format=%(refname)%00%(upstream:short)%00%(objectname)%00%(upstream:track)%00%(upstream:remotename)%00%(upstream:remoteref) refs/heads/master refs/remotes/master [2ms]
2023-09-06 23:46:27.388 [info] > git status -z -uall [103ms]
