2023-09-06 12:47:39.770 [info] Log level: Info
2023-09-06 12:47:39.770 [info] Validating found git in: "git"
2023-09-06 12:47:39.770 [info] Using git "2.42.0" from "git"
2023-09-06 12:47:39.770 [info] > git rev-parse --show-toplevel [9ms]
2023-09-06 12:47:39.771 [info] > git rev-parse --git-dir --git-common-dir [3ms]
2023-09-06 12:47:39.803 [info] Open repository: /home/aryan/Coding
2023-09-06 12:47:39.829 [info] > git config --get commit.template [10ms]
2023-09-06 12:47:39.831 [info] > git rev-parse --show-toplevel [4ms]
2023-09-06 12:47:39.831 [info] fatal: not a git repository (or any of the parent directories): .git
2023-09-06 12:47:39.856 [info] > git for-each-ref --format=%(refname)%00%(upstream:short)%00%(objectname)%00%(upstream:track)%00%(upstream:remotename)%00%(upstream:remoteref) refs/heads/master refs/remotes/master [13ms]
2023-09-06 12:47:39.871 [info] > git rev-parse --show-toplevel [16ms]
2023-09-06 12:47:39.885 [info] > git status -z -uall [18ms]
2023-09-06 12:47:39.885 [info] > git rev-parse --show-toplevel [2ms]
2023-09-06 12:47:39.929 [info] > git config --get commit.template [22ms]
2023-09-06 12:47:39.930 [info] > git for-each-ref --format=%(refname)%00%(upstream:short)%00%(objectname)%00%(upstream:track)%00%(upstream:remotename)%00%(upstream:remoteref) refs/heads/master refs/remotes/master [3ms]
2023-09-06 12:47:39.940 [info] > git rev-parse --show-toplevel [22ms]
2023-09-06 12:47:39.947 [info] > git status -z -uall [8ms]
2023-09-06 12:47:39.961 [info] > git rev-parse --show-toplevel [2ms]
2023-09-06 12:47:39.971 [info] > git rev-parse --show-toplevel [1ms]
2023-09-06 12:47:39.993 [info] > git rev-parse --show-toplevel [5ms]
2023-09-06 12:47:40.030 [info] > git rev-parse --git-dir --git-common-dir [28ms]
2023-09-06 12:47:40.046 [info] Open repository: /home/aryan/Coding/test-repo
2023-09-06 12:47:40.088 [info] > git config --get commit.template [27ms]
2023-09-06 12:47:40.123 [info] > git for-each-ref --format=%(refname)%00%(upstream:short)%00%(objectname)%00%(upstream:track)%00%(upstream:remotename)%00%(upstream:remoteref) refs/heads/main refs/remotes/main [4ms]
2023-09-06 12:47:40.134 [info] > git status -z -uall [2ms]
2023-09-06 12:47:40.160 [info] > git config --get commit.template [10ms]
2023-09-06 12:47:40.161 [info] > git for-each-ref --format=%(refname)%00%(upstream:short)%00%(objectname)%00%(upstream:track)%00%(upstream:remotename)%00%(upstream:remoteref) refs/heads/main refs/remotes/main [2ms]
2023-09-06 12:47:40.172 [info] > git status -z -uall [3ms]
2023-09-06 12:47:40.614 [info] > git check-ignore -v -z --stdin [13ms]
2023-09-06 12:47:40.616 [info] > git check-ignore -v -z --stdin [4ms]
2023-09-06 12:47:40.755 [info] > git show --textconv :Web Development/svg_elements.html [18ms]
2023-09-06 12:47:40.758 [info] > git ls-files --stage -- /home/aryan/Coding/Web Development/svg_elements.html [2ms]
2023-09-06 12:47:40.769 [info] > git cat-file -s c42c38b804c089e6c8acb188b1ab34cb4bf70a18 [2ms]
2023-09-06 12:47:41.643 [info] > git fetch [1598ms]
2023-09-06 12:47:41.657 [info] > git config --get commit.template [7ms]
2023-09-06 12:47:41.658 [info] > git for-each-ref --format=%(refname)%00%(upstream:short)%00%(objectname)%00%(upstream:track)%00%(upstream:remotename)%00%(upstream:remoteref) refs/heads/main refs/remotes/main [1ms]
2023-09-06 12:47:41.666 [info] > git status -z -uall [2ms]
2023-09-06 12:47:42.783 [info] > git config --get commit.template [6ms]
2023-09-06 12:47:42.784 [info] > git for-each-ref --format=%(refname)%00%(upstream:short)%00%(objectname)%00%(upstream:track)%00%(upstream:remotename)%00%(upstream:remoteref) refs/heads/main refs/remotes/main [1ms]
2023-09-06 12:47:42.790 [info] > git status -z -uall [1ms]
2023-09-06 12:47:42.881 [info] > git ls-files --stage -- /home/aryan/Coding/Web Development/svg_elements.html [2ms]
2023-09-06 12:47:42.888 [info] > git cat-file -s c42c38b804c089e6c8acb188b1ab34cb4bf70a18 [1ms]
2023-09-06 12:47:42.897 [info] > git show --textconv :Web Development/svg_elements.html [1ms]
2023-09-06 12:47:43.341 [info] > git fetch [3539ms]
2023-09-06 12:47:43.360 [info] > git config --get commit.template [9ms]
2023-09-06 12:47:43.361 [info] > git for-each-ref --format=%(refname)%00%(upstream:short)%00%(objectname)%00%(upstream:track)%00%(upstream:remotename)%00%(upstream:remoteref) refs/heads/master refs/remotes/master [2ms]
2023-09-06 12:47:43.374 [info] > git status -z -uall [5ms]
2023-09-06 12:47:44.263 [info] > git ls-files --stage -- /home/aryan/Coding/Web Development/svg_elements.html [2ms]
2023-09-06 12:47:44.270 [info] > git cat-file -s c42c38b804c089e6c8acb188b1ab34cb4bf70a18 [2ms]
2023-09-06 12:47:44.279 [info] > git show --textconv :Web Development/svg_elements.html [1ms]
2023-09-06 12:47:46.328 [info] > git rev-parse --show-toplevel [1ms]
2023-09-06 12:47:46.328 [info] fatal: not a git repository (or any of the parent directories): .git
2023-09-06 12:47:48.896 [info] > git show --textconv :Data Structures/Hackerrank/notes1.txt [7ms]
2023-09-06 12:47:48.897 [info] > git ls-files --stage -- /home/aryan/Coding/Data Structures/Hackerrank/notes1.txt [2ms]
2023-09-06 12:47:48.906 [info] > git cat-file -s 5858b50b486074a4aebc4252ca43aa5a486d59a0 [2ms]
2023-09-06 12:47:49.223 [info] > git check-ignore -v -z --stdin [1ms]
2023-09-06 12:48:15.349 [info] > git config --get commit.template [3ms]
2023-09-06 12:48:15.359 [info] > git for-each-ref --format=%(refname)%00%(upstream:short)%00%(objectname)%00%(upstream:track)%00%(upstream:remotename)%00%(upstream:remoteref) refs/heads/master refs/remotes/master [2ms]
2023-09-06 12:48:15.372 [info] > git status -z -uall [4ms]
2023-09-06 12:48:20.396 [info] > git config --get commit.template [8ms]
2023-09-06 12:48:20.397 [info] > git for-each-ref --format=%(refname)%00%(upstream:short)%00%(objectname)%00%(upstream:track)%00%(upstream:remotename)%00%(upstream:remoteref) refs/heads/master refs/remotes/master [3ms]
2023-09-06 12:48:20.407 [info] > git status -z -uall [4ms]
2023-09-06 12:48:26.644 [info] > git config --get commit.template [2ms]
2023-09-06 12:48:26.653 [info] > git for-each-ref --format=%(refname)%00%(upstream:short)%00%(objectname)%00%(upstream:track)%00%(upstream:remotename)%00%(upstream:remoteref) refs/heads/master refs/remotes/master [2ms]
2023-09-06 12:48:26.667 [info] > git status -z -uall [6ms]
2023-09-06 12:48:31.687 [info] > git config --get commit.template [3ms]
2023-09-06 12:48:31.697 [info] > git for-each-ref --format=%(refname)%00%(upstream:short)%00%(objectname)%00%(upstream:track)%00%(upstream:remotename)%00%(upstream:remoteref) refs/heads/master refs/remotes/master [2ms]
2023-09-06 12:48:31.708 [info] > git status -z -uall [4ms]
2023-09-06 12:48:36.728 [info] > git config --get commit.template [7ms]
2023-09-06 12:48:36.729 [info] > git for-each-ref --format=%(refname)%00%(upstream:short)%00%(objectname)%00%(upstream:track)%00%(upstream:remotename)%00%(upstream:remoteref) refs/heads/master refs/remotes/master [1ms]
2023-09-06 12:48:36.739 [info] > git status -z -uall [4ms]
2023-09-06 12:48:41.757 [info] > git config --get commit.template [7ms]
2023-09-06 12:48:41.757 [info] > git for-each-ref --format=%(refname)%00%(upstream:short)%00%(objectname)%00%(upstream:track)%00%(upstream:remotename)%00%(upstream:remoteref) refs/heads/master refs/remotes/master [1ms]
2023-09-06 12:48:41.768 [info] > git status -z -uall [4ms]
2023-09-06 12:48:46.791 [info] > git config --get commit.template [11ms]
2023-09-06 12:48:46.797 [info] > git for-each-ref --format=%(refname)%00%(upstream:short)%00%(objectname)%00%(upstream:track)%00%(upstream:remotename)%00%(upstream:remoteref) refs/heads/master refs/remotes/master [6ms]
2023-09-06 12:48:46.817 [info] > git status -z -uall [9ms]
2023-09-06 12:48:51.835 [info] > git config --get commit.template [7ms]
2023-09-06 12:48:51.836 [info] > git for-each-ref --format=%(refname)%00%(upstream:short)%00%(objectname)%00%(upstream:track)%00%(upstream:remotename)%00%(upstream:remoteref) refs/heads/master refs/remotes/master [1ms]
2023-09-06 12:48:51.847 [info] > git status -z -uall [5ms]
2023-09-06 12:49:20.032 [info] > git rev-parse --show-toplevel [1ms]
2023-09-06 12:49:20.042 [info] > git rev-parse --git-dir --git-common-dir [2ms]
2023-09-06 12:49:20.056 [info] Open repository: /home/aryan/.config
2023-09-06 12:49:20.072 [info] > git config --get commit.template [3ms]
2023-09-06 12:49:20.084 [info] > git for-each-ref --format=%(refname)%00%(upstream:short)%00%(objectname)%00%(upstream:track)%00%(upstream:remotename)%00%(upstream:remoteref) refs/heads/master refs/remotes/master [2ms]
2023-09-06 12:49:20.202 [info] > git status -z -uall [109ms]
2023-09-06 12:49:20.247 [info] > git config --get commit.template [7ms]
2023-09-06 12:49:20.261 [info] > git for-each-ref --format=%(refname)%00%(upstream:short)%00%(objectname)%00%(upstream:track)%00%(upstream:remotename)%00%(upstream:remoteref) refs/heads/master refs/remotes/master [3ms]
2023-09-06 12:49:20.364 [info] > git status -z -uall [94ms]
2023-09-06 12:49:20.660 [info] > git check-ignore -v -z --stdin [9ms]
2023-09-06 12:49:20.661 [info] > git check-ignore -v -z --stdin [3ms]
2023-09-06 12:49:20.661 [info] > git check-ignore -v -z --stdin [20ms]
2023-09-06 12:49:20.747 [info] > git show --textconv :bspwm/picom.conf [9ms]
2023-09-06 12:49:20.750 [info] > git ls-files --stage -- /home/aryan/.config/bspwm/picom.conf [4ms]
2023-09-06 12:49:20.761 [info] > git cat-file -s 71112f25dd13815e2052322bc270abd04034575a [3ms]
2023-09-06 12:49:21.591 [info] > git fetch [1536ms]
2023-09-06 12:49:21.610 [info] > git config --get commit.template [9ms]
2023-09-06 12:49:21.610 [info] > git for-each-ref --format=%(refname)%00%(upstream:short)%00%(objectname)%00%(upstream:track)%00%(upstream:remotename)%00%(upstream:remoteref) refs/heads/master refs/remotes/master [1ms]
2023-09-06 12:49:21.688 [info] > git status -z -uall [70ms]
2023-09-06 12:49:22.856 [info] > git ls-files --stage -- /home/aryan/.config/bspwm/picom.conf [4ms]
2023-09-06 12:49:22.865 [info] > git cat-file -s 71112f25dd13815e2052322bc270abd04034575a [1ms]
2023-09-06 12:49:22.878 [info] > git show --textconv :bspwm/picom.conf [4ms]
2023-09-06 12:50:43.318 [info] > git fetch [1640ms]
2023-09-06 12:50:43.332 [info] > git config --get commit.template [7ms]
2023-09-06 12:50:43.333 [info] > git for-each-ref --format=%(refname)%00%(upstream:short)%00%(objectname)%00%(upstream:track)%00%(upstream:remotename)%00%(upstream:remoteref) refs/heads/main refs/remotes/main [2ms]
2023-09-06 12:50:43.340 [info] > git status -z -uall [1ms]
2023-09-06 12:50:44.527 [info] > git config --get commit.template [2ms]
2023-09-06 12:50:44.535 [info] > git for-each-ref --format=%(refname)%00%(upstream:short)%00%(objectname)%00%(upstream:track)%00%(upstream:remotename)%00%(upstream:remoteref) refs/heads/main refs/remotes/main [2ms]
2023-09-06 12:50:44.543 [info] > git status -z -uall [1ms]
2023-09-06 12:50:44.629 [info] > git ls-files --stage -- /home/aryan/Coding/Web Development/svg_elements.html [1ms]
2023-09-06 12:50:44.637 [info] > git cat-file -s c42c38b804c089e6c8acb188b1ab34cb4bf70a18 [1ms]
2023-09-06 12:50:44.647 [info] > git show --textconv :Web Development/svg_elements.html [1ms]
2023-09-06 12:50:47.095 [info] > git fetch [3711ms]
2023-09-06 12:50:47.109 [info] > git config --get commit.template [7ms]
2023-09-06 12:50:47.110 [info] > git for-each-ref --format=%(refname)%00%(upstream:short)%00%(objectname)%00%(upstream:track)%00%(upstream:remotename)%00%(upstream:remoteref) refs/heads/master refs/remotes/master [2ms]
2023-09-06 12:50:47.122 [info] > git status -z -uall [4ms]
2023-09-06 12:50:48.014 [info] > git ls-files --stage -- /home/aryan/Coding/Web Development/svg_elements.html [1ms]
2023-09-06 12:50:48.022 [info] > git cat-file -s c42c38b804c089e6c8acb188b1ab34cb4bf70a18 [2ms]
2023-09-06 12:50:48.034 [info] > git show --textconv :Web Development/svg_elements.html [1ms]
