2023-09-06 18:15:45.329 [info] Log level: Info
2023-09-06 18:15:45.329 [info] Validating found git in: "git"
2023-09-06 18:15:45.329 [info] Using git "2.42.0" from "git"
2023-09-06 18:15:45.329 [info] > git rev-parse --show-toplevel [5ms]
2023-09-06 18:15:45.329 [info] > git rev-parse --git-dir --git-common-dir [4ms]
2023-09-06 18:15:45.329 [info] Open repository: /home/aryan/.config
2023-09-06 18:15:45.331 [info] > git config --get commit.template [3ms]
2023-09-06 18:15:45.353 [info] > git for-each-ref --format=%(refname)%00%(upstream:short)%00%(objectname)%00%(upstream:track)%00%(upstream:remotename)%00%(upstream:remoteref) refs/heads/master refs/remotes/master [3ms]
2023-09-06 18:15:45.551 [info] > git status -z -uall [184ms]
2023-09-06 18:15:45.602 [info] > git config --get commit.template [3ms]
2023-09-06 18:15:45.633 [info] > git for-each-ref --format=%(refname)%00%(upstream:short)%00%(objectname)%00%(upstream:track)%00%(upstream:remotename)%00%(upstream:remoteref) refs/heads/master refs/remotes/master [12ms]
2023-09-06 18:15:45.827 [info] > git status -z -uall [182ms]
2023-09-06 18:15:45.838 [info] > git check-ignore -v -z --stdin [14ms]
2023-09-06 18:15:46.270 [info] > git show --textconv :bspwm/picom.conf [9ms]
2023-09-06 18:15:46.274 [info] > git ls-files --stage -- /home/aryan/.config/bspwm/picom.conf [4ms]
2023-09-06 18:15:46.285 [info] > git cat-file -s 1acc1f733aaaba6c9467e55cb366fe3c3941c18a [3ms]
2023-09-06 18:15:46.558 [info] > git fetch [1256ms]
2023-09-06 18:15:46.576 [info] > git config --get commit.template [9ms]
2023-09-06 18:15:46.578 [info] > git for-each-ref --format=%(refname)%00%(upstream:short)%00%(objectname)%00%(upstream:track)%00%(upstream:remotename)%00%(upstream:remoteref) refs/heads/master refs/remotes/master [3ms]
2023-09-06 18:15:46.699 [info] > git status -z -uall [112ms]
2023-09-06 18:16:03.289 [info] > git config --get commit.template [24ms]
2023-09-06 18:16:03.290 [info] > git for-each-ref --format=%(refname)%00%(upstream:short)%00%(objectname)%00%(upstream:track)%00%(upstream:remotename)%00%(upstream:remoteref) refs/heads/master refs/remotes/master [2ms]
2023-09-06 18:16:03.300 [info] > git ls-files --stage -- /home/aryan/.config/bspwm/picom.conf [24ms]
2023-09-06 18:16:03.314 [info] > git cat-file -s 1acc1f733aaaba6c9467e55cb366fe3c3941c18a [2ms]
2023-09-06 18:16:03.332 [info] > git show --textconv :bspwm/picom.conf [5ms]
2023-09-06 18:16:03.434 [info] > git status -z -uall [135ms]
2023-09-06 18:16:08.461 [info] > git config --get commit.template [2ms]
2023-09-06 18:16:08.470 [info] > git for-each-ref --format=%(refname)%00%(upstream:short)%00%(objectname)%00%(upstream:track)%00%(upstream:remotename)%00%(upstream:remoteref) refs/heads/master refs/remotes/master [1ms]
2023-09-06 18:16:08.589 [info] > git status -z -uall [113ms]
2023-09-06 18:16:13.662 [info] > git config --get commit.template [4ms]
2023-09-06 18:16:13.675 [info] > git for-each-ref --format=%(refname)%00%(upstream:short)%00%(objectname)%00%(upstream:track)%00%(upstream:remotename)%00%(upstream:remoteref) refs/heads/master refs/remotes/master [2ms]
2023-09-06 18:16:13.830 [info] > git status -z -uall [142ms]
2023-09-06 18:16:18.854 [info] > git config --get commit.template [1ms]
2023-09-06 18:16:18.863 [info] > git for-each-ref --format=%(refname)%00%(upstream:short)%00%(objectname)%00%(upstream:track)%00%(upstream:remotename)%00%(upstream:remoteref) refs/heads/master refs/remotes/master [1ms]
2023-09-06 18:16:18.982 [info] > git status -z -uall [113ms]
