2023-09-06 12:55:33.015 [info] Log level: Info
2023-09-06 12:55:33.015 [info] Validating found git in: "git"
2023-09-06 12:55:33.015 [info] Using git "2.42.0" from "git"
2023-09-06 12:55:33.015 [info] > git rev-parse --show-toplevel [6ms]
2023-09-06 12:55:33.015 [info] > git rev-parse --git-dir --git-common-dir [6ms]
2023-09-06 12:55:33.015 [info] Open repository: /home/aryan/Coding
2023-09-06 12:55:33.052 [info] > git config --get commit.template [24ms]
2023-09-06 12:55:33.056 [info] > git rev-parse --show-toplevel [5ms]
2023-09-06 12:55:33.084 [info] > git for-each-ref --format=%(refname)%00%(upstream:short)%00%(objectname)%00%(upstream:track)%00%(upstream:remotename)%00%(upstream:remoteref) refs/heads/master refs/remotes/master [16ms]
2023-09-06 12:55:33.100 [info] > git rev-parse --git-dir --git-common-dir [16ms]
2023-09-06 12:55:33.118 [info] Open repository: /home/aryan/.config
2023-09-06 12:55:33.135 [info] > git status -z -uall [38ms]
2023-09-06 12:55:33.159 [info] > git config --get commit.template [25ms]
2023-09-06 12:55:33.166 [info] > git config --get commit.template [9ms]
2023-09-06 12:55:33.215 [info] > git rev-parse --show-toplevel [19ms]
2023-09-06 12:55:33.215 [info] > git for-each-ref --format=%(refname)%00%(upstream:short)%00%(objectname)%00%(upstream:track)%00%(upstream:remotename)%00%(upstream:remoteref) refs/heads/master refs/remotes/master [33ms]
2023-09-06 12:55:33.231 [info] > git for-each-ref --format=%(refname)%00%(upstream:short)%00%(objectname)%00%(upstream:track)%00%(upstream:remotename)%00%(upstream:remoteref) refs/heads/master refs/remotes/master [21ms]
2023-09-06 12:55:33.280 [info] > git status -z -uall [32ms]
2023-09-06 12:55:33.310 [info] > git rev-parse --show-toplevel [3ms]
2023-09-06 12:55:33.327 [info] > git rev-parse --show-toplevel [4ms]
2023-09-06 12:55:33.347 [info] > git rev-parse --show-toplevel [2ms]
2023-09-06 12:55:33.363 [info] > git rev-parse --show-toplevel [2ms]
2023-09-06 12:55:33.364 [info] > git status -z -uall [135ms]
2023-09-06 12:55:33.427 [info] > git config --get commit.template [6ms]
2023-09-06 12:55:33.460 [info] > git rev-parse --show-toplevel [15ms]
2023-09-06 12:55:33.463 [info] > git for-each-ref --format=%(refname)%00%(upstream:short)%00%(objectname)%00%(upstream:track)%00%(upstream:remotename)%00%(upstream:remoteref) refs/heads/master refs/remotes/master [6ms]
2023-09-06 12:55:33.564 [info] > git rev-parse --git-dir --git-common-dir [2ms]
2023-09-06 12:55:33.582 [info] Open repository: /home/aryan/Coding/test-repo
2023-09-06 12:55:33.596 [info] > git status -z -uall [121ms]
2023-09-06 12:55:33.617 [info] > git config --get commit.template [22ms]
2023-09-06 12:55:33.642 [info] > git for-each-ref --format=%(refname)%00%(upstream:short)%00%(objectname)%00%(upstream:track)%00%(upstream:remotename)%00%(upstream:remoteref) refs/heads/main refs/remotes/main [4ms]
2023-09-06 12:55:33.655 [info] > git status -z -uall [2ms]
2023-09-06 12:55:33.674 [info] > git config --get commit.template [3ms]
2023-09-06 12:55:33.689 [info] > git for-each-ref --format=%(refname)%00%(upstream:short)%00%(objectname)%00%(upstream:track)%00%(upstream:remotename)%00%(upstream:remoteref) refs/heads/main refs/remotes/main [2ms]
2023-09-06 12:55:33.746 [info] > git status -z -uall [44ms]
2023-09-06 12:55:34.001 [info] > git show --textconv :bspwm/picom.conf [15ms]
2023-09-06 12:55:34.002 [info] > git ls-files --stage -- /home/aryan/.config/bspwm/picom.conf [4ms]
2023-09-06 12:55:34.014 [info] > git cat-file -s 1acc1f733aaaba6c9467e55cb366fe3c3941c18a [2ms]
2023-09-06 12:55:34.152 [info] > git check-ignore -v -z --stdin [20ms]
2023-09-06 12:55:34.153 [info] > git check-ignore -v -z --stdin [3ms]
2023-09-06 12:55:34.153 [info] > git check-ignore -v -z --stdin [12ms]
2023-09-06 12:55:34.469 [info] > git fetch [1352ms]
2023-09-06 12:55:34.498 [info] > git config --get commit.template [12ms]
2023-09-06 12:55:34.499 [info] > git for-each-ref --format=%(refname)%00%(upstream:short)%00%(objectname)%00%(upstream:track)%00%(upstream:remotename)%00%(upstream:remoteref) refs/heads/master refs/remotes/master [3ms]
2023-09-06 12:55:34.611 [info] > git status -z -uall [99ms]
2023-09-06 12:55:34.948 [info] > git fetch [1367ms]
2023-09-06 12:55:34.968 [info] > git config --get commit.template [11ms]
2023-09-06 12:55:34.969 [info] > git for-each-ref --format=%(refname)%00%(upstream:short)%00%(objectname)%00%(upstream:track)%00%(upstream:remotename)%00%(upstream:remoteref) refs/heads/main refs/remotes/main [2ms]
2023-09-06 12:55:34.980 [info] > git status -z -uall [3ms]
2023-09-06 12:55:36.194 [info] > git config --get commit.template [10ms]
2023-09-06 12:55:36.195 [info] > git for-each-ref --format=%(refname)%00%(upstream:short)%00%(objectname)%00%(upstream:track)%00%(upstream:remotename)%00%(upstream:remoteref) refs/heads/main refs/remotes/main [2ms]
2023-09-06 12:55:36.205 [info] > git status -z -uall [1ms]
2023-09-06 12:55:36.284 [info] > git ls-files --stage -- /home/aryan/.config/bspwm/picom.conf [3ms]
2023-09-06 12:55:36.292 [info] > git cat-file -s 1acc1f733aaaba6c9467e55cb366fe3c3941c18a [1ms]
2023-09-06 12:55:36.306 [info] > git show --textconv :bspwm/picom.conf [3ms]
2023-09-06 12:55:36.407 [info] > git config --get commit.template [1ms]
2023-09-06 12:55:36.416 [info] > git for-each-ref --format=%(refname)%00%(upstream:short)%00%(objectname)%00%(upstream:track)%00%(upstream:remotename)%00%(upstream:remoteref) refs/heads/master refs/remotes/master [1ms]
2023-09-06 12:55:36.502 [info] > git status -z -uall [78ms]
2023-09-06 12:55:36.680 [info] > git fetch [3671ms]
2023-09-06 12:55:36.691 [info] > git config --get commit.template [1ms]
2023-09-06 12:55:36.699 [info] > git for-each-ref --format=%(refname)%00%(upstream:short)%00%(objectname)%00%(upstream:track)%00%(upstream:remotename)%00%(upstream:remoteref) refs/heads/master refs/remotes/master [2ms]
2023-09-06 12:55:36.710 [info] > git status -z -uall [4ms]
2023-09-06 12:55:41.536 [info] > git config --get commit.template [5ms]
2023-09-06 12:55:41.551 [info] > git for-each-ref --format=%(refname)%00%(upstream:short)%00%(objectname)%00%(upstream:track)%00%(upstream:remotename)%00%(upstream:remoteref) refs/heads/master refs/remotes/master [2ms]
2023-09-06 12:55:41.635 [info] > git status -z -uall [75ms]
2023-09-06 12:55:46.663 [info] > git config --get commit.template [9ms]
2023-09-06 12:55:46.664 [info] > git for-each-ref --format=%(refname)%00%(upstream:short)%00%(objectname)%00%(upstream:track)%00%(upstream:remotename)%00%(upstream:remoteref) refs/heads/master refs/remotes/master [2ms]
2023-09-06 12:55:46.742 [info] > git status -z -uall [70ms]
2023-09-06 12:55:51.770 [info] > git config --get commit.template [7ms]
2023-09-06 12:55:51.771 [info] > git for-each-ref --format=%(refname)%00%(upstream:short)%00%(objectname)%00%(upstream:track)%00%(upstream:remotename)%00%(upstream:remoteref) refs/heads/master refs/remotes/master [1ms]
2023-09-06 12:55:51.845 [info] > git status -z -uall [67ms]
2023-09-06 12:55:56.868 [info] > git config --get commit.template [1ms]
2023-09-06 12:55:56.878 [info] > git for-each-ref --format=%(refname)%00%(upstream:short)%00%(objectname)%00%(upstream:track)%00%(upstream:remotename)%00%(upstream:remoteref) refs/heads/master refs/remotes/master [2ms]
2023-09-06 12:55:56.983 [info] > git status -z -uall [96ms]
2023-09-06 12:56:02.034 [info] > git config --get commit.template [10ms]
2023-09-06 12:56:02.034 [info] > git for-each-ref --format=%(refname)%00%(upstream:short)%00%(objectname)%00%(upstream:track)%00%(upstream:remotename)%00%(upstream:remoteref) refs/heads/master refs/remotes/master [1ms]
2023-09-06 12:56:02.119 [info] > git status -z -uall [76ms]
2023-09-06 12:56:07.155 [info] > git config --get commit.template [8ms]
2023-09-06 12:56:07.155 [info] > git for-each-ref --format=%(refname)%00%(upstream:short)%00%(objectname)%00%(upstream:track)%00%(upstream:remotename)%00%(upstream:remoteref) refs/heads/master refs/remotes/master [1ms]
2023-09-06 12:56:07.223 [info] > git status -z -uall [62ms]
2023-09-06 12:56:12.254 [info] > git config --get commit.template [8ms]
2023-09-06 12:56:12.254 [info] > git for-each-ref --format=%(refname)%00%(upstream:short)%00%(objectname)%00%(upstream:track)%00%(upstream:remotename)%00%(upstream:remoteref) refs/heads/master refs/remotes/master [1ms]
2023-09-06 12:56:12.323 [info] > git status -z -uall [62ms]
2023-09-06 12:56:17.349 [info] > git config --get commit.template [7ms]
2023-09-06 12:56:17.349 [info] > git for-each-ref --format=%(refname)%00%(upstream:short)%00%(objectname)%00%(upstream:track)%00%(upstream:remotename)%00%(upstream:remoteref) refs/heads/master refs/remotes/master [1ms]
2023-09-06 12:56:17.416 [info] > git status -z -uall [61ms]
2023-09-06 12:56:22.118 [info] > git check-ignore -v -z --stdin [9ms]
2023-09-06 12:56:22.447 [info] > git config --get commit.template [10ms]
2023-09-06 12:56:22.448 [info] > git for-each-ref --format=%(refname)%00%(upstream:short)%00%(objectname)%00%(upstream:track)%00%(upstream:remotename)%00%(upstream:remoteref) refs/heads/master refs/remotes/master [2ms]
2023-09-06 12:56:22.539 [info] > git status -z -uall [83ms]
2023-09-06 12:56:23.998 [info] > git check-ignore -v -z --stdin [22ms]
2023-09-06 12:56:27.579 [info] > git config --get commit.template [10ms]
2023-09-06 12:56:27.580 [info] > git for-each-ref --format=%(refname)%00%(upstream:short)%00%(objectname)%00%(upstream:track)%00%(upstream:remotename)%00%(upstream:remoteref) refs/heads/master refs/remotes/master [2ms]
2023-09-06 12:56:27.659 [info] > git status -z -uall [71ms]
2023-09-06 12:56:27.934 [info] > git check-ignore -v -z --stdin [31ms]
