2023-09-06 18:16:37.727 [info] Log level: Info
2023-09-06 18:16:37.727 [info] Validating found git in: "git"
2023-09-06 18:16:37.727 [info] Using git "2.42.0" from "git"
2023-09-06 18:16:37.727 [info] > git rev-parse --show-toplevel [3ms]
2023-09-06 18:16:37.728 [info] > git rev-parse --git-dir --git-common-dir [4ms]
2023-09-06 18:16:37.755 [info] Open repository: /home/aryan/.config
2023-09-06 18:16:37.786 [info] > git config --get commit.template [10ms]
2023-09-06 18:16:37.803 [info] > git for-each-ref --format=%(refname)%00%(upstream:short)%00%(objectname)%00%(upstream:track)%00%(upstream:remotename)%00%(upstream:remoteref) refs/heads/master refs/remotes/master [2ms]
2023-09-06 18:16:38.019 [info] > git status -z -uall [204ms]
2023-09-06 18:16:38.062 [info] > git config --get commit.template [3ms]
2023-09-06 18:16:38.079 [info] > git for-each-ref --format=%(refname)%00%(upstream:short)%00%(objectname)%00%(upstream:track)%00%(upstream:remotename)%00%(upstream:remoteref) refs/heads/master refs/remotes/master [8ms]
2023-09-06 18:16:38.262 [info] > git status -z -uall [172ms]
2023-09-06 18:16:38.315 [info] > git check-ignore -v -z --stdin [19ms]
2023-09-06 18:16:38.665 [info] > git show --textconv :bspwm/picom.conf [11ms]
2023-09-06 18:16:38.669 [info] > git ls-files --stage -- /home/aryan/.config/bspwm/picom.conf [4ms]
2023-09-06 18:16:38.681 [info] > git cat-file -s 1acc1f733aaaba6c9467e55cb366fe3c3941c18a [2ms]
2023-09-06 18:16:39.033 [info] > git fetch [1279ms]
2023-09-06 18:16:39.048 [info] > git config --get commit.template [8ms]
2023-09-06 18:16:39.049 [info] > git for-each-ref --format=%(refname)%00%(upstream:short)%00%(objectname)%00%(upstream:track)%00%(upstream:remotename)%00%(upstream:remoteref) refs/heads/master refs/remotes/master [2ms]
2023-09-06 18:16:39.164 [info] > git status -z -uall [109ms]
2023-09-06 18:16:40.296 [info] > git ls-files --stage -- /home/aryan/.config/bspwm/picom.conf [4ms]
2023-09-06 18:16:40.303 [info] > git cat-file -s 1acc1f733aaaba6c9467e55cb366fe3c3941c18a [1ms]
2023-09-06 18:16:40.315 [info] > git show --textconv :bspwm/picom.conf [3ms]
