2023-09-06 11:27:27.940 [info] Log level: Info
2023-09-06 11:27:27.940 [info] Validating found git in: "git"
2023-09-06 11:27:27.940 [info] Using git "2.42.0" from "git"
2023-09-06 11:27:27.944 [info] > git rev-parse --show-toplevel [10ms]
2023-09-06 11:27:27.958 [info] > git rev-parse --git-dir --git-common-dir [3ms]
2023-09-06 11:27:27.976 [info] Open repository: /home/aryan/.config
2023-09-06 11:27:27.997 [info] > git config --get commit.template [6ms]
2023-09-06 11:27:28.015 [info] > git for-each-ref --format=%(refname)%00%(upstream:short)%00%(objectname)%00%(upstream:track)%00%(upstream:remotename)%00%(upstream:remoteref) refs/heads/master refs/remotes/master [6ms]
2023-09-06 11:27:28.391 [info] > git show --textconv :bspwm/sxhkdrc [18ms]
2023-09-06 11:27:28.396 [info] > git ls-files --stage -- /home/aryan/.config/bspwm/sxhkdrc [8ms]
2023-09-06 11:27:28.414 [info] > git cat-file -s 11856e769c0664d23c9cbe3ad49d30ede0eb7670 [4ms]
2023-09-06 11:27:28.517 [info] > git check-ignore -v -z --stdin [7ms]
2023-09-06 11:27:28.759 [info] > git status -z -uall [732ms]
2023-09-06 11:27:29.796 [info] > git config --get commit.template [5ms]
2023-09-06 11:27:29.811 [info] > git for-each-ref --format=%(refname)%00%(upstream:short)%00%(objectname)%00%(upstream:track)%00%(upstream:remotename)%00%(upstream:remoteref) refs/heads/master refs/remotes/master [2ms]
2023-09-06 11:27:29.952 [info] > git status -z -uall [131ms]
2023-09-06 11:27:31.879 [info] > git config --get commit.template [16ms]
2023-09-06 11:27:31.880 [info] > git for-each-ref --format=%(refname)%00%(upstream:short)%00%(objectname)%00%(upstream:track)%00%(upstream:remotename)%00%(upstream:remoteref) refs/heads/master refs/remotes/master [2ms]
2023-09-06 11:27:32.029 [info] > git status -z -uall [137ms]
2023-09-06 11:27:37.150 [info] > git config --get commit.template [1ms]
2023-09-06 11:27:37.159 [info] > git for-each-ref --format=%(refname)%00%(upstream:short)%00%(objectname)%00%(upstream:track)%00%(upstream:remotename)%00%(upstream:remoteref) refs/heads/master refs/remotes/master [1ms]
2023-09-06 11:27:37.270 [info] > git status -z -uall [103ms]
2023-09-06 11:27:42.406 [info] > git config --get commit.template [1ms]
2023-09-06 11:27:42.415 [info] > git for-each-ref --format=%(refname)%00%(upstream:short)%00%(objectname)%00%(upstream:track)%00%(upstream:remotename)%00%(upstream:remoteref) refs/heads/master refs/remotes/master [2ms]
2023-09-06 11:27:42.522 [info] > git status -z -uall [99ms]
2023-09-06 11:27:47.639 [info] > git config --get commit.template [2ms]
2023-09-06 11:27:47.648 [info] > git for-each-ref --format=%(refname)%00%(upstream:short)%00%(objectname)%00%(upstream:track)%00%(upstream:remotename)%00%(upstream:remoteref) refs/heads/master refs/remotes/master [2ms]
2023-09-06 11:27:47.745 [info] > git status -z -uall [91ms]
2023-09-06 11:27:52.855 [info] > git config --get commit.template [2ms]
2023-09-06 11:27:52.868 [info] > git for-each-ref --format=%(refname)%00%(upstream:short)%00%(objectname)%00%(upstream:track)%00%(upstream:remotename)%00%(upstream:remoteref) refs/heads/master refs/remotes/master [1ms]
2023-09-06 11:27:52.995 [info] > git status -z -uall [116ms]
2023-09-06 11:27:58.107 [info] > git config --get commit.template [1ms]
2023-09-06 11:27:58.116 [info] > git for-each-ref --format=%(refname)%00%(upstream:short)%00%(objectname)%00%(upstream:track)%00%(upstream:remotename)%00%(upstream:remoteref) refs/heads/master refs/remotes/master [1ms]
2023-09-06 11:27:58.214 [info] > git status -z -uall [90ms]
2023-09-06 11:28:03.327 [info] > git config --get commit.template [9ms]
2023-09-06 11:28:03.327 [info] > git for-each-ref --format=%(refname)%00%(upstream:short)%00%(objectname)%00%(upstream:track)%00%(upstream:remotename)%00%(upstream:remoteref) refs/heads/master refs/remotes/master [1ms]
2023-09-06 11:28:03.439 [info] > git status -z -uall [104ms]
2023-09-06 11:28:08.566 [info] > git config --get commit.template [2ms]
2023-09-06 11:28:08.580 [info] > git for-each-ref --format=%(refname)%00%(upstream:short)%00%(objectname)%00%(upstream:track)%00%(upstream:remotename)%00%(upstream:remoteref) refs/heads/master refs/remotes/master [2ms]
2023-09-06 11:28:08.702 [info] > git status -z -uall [110ms]
2023-09-06 11:28:13.834 [info] > git config --get commit.template [1ms]
2023-09-06 11:28:13.844 [info] > git for-each-ref --format=%(refname)%00%(upstream:short)%00%(objectname)%00%(upstream:track)%00%(upstream:remotename)%00%(upstream:remoteref) refs/heads/master refs/remotes/master [2ms]
2023-09-06 11:28:13.952 [info] > git status -z -uall [101ms]
2023-09-06 11:28:19.095 [info] > git config --get commit.template [9ms]
2023-09-06 11:28:19.096 [info] > git for-each-ref --format=%(refname)%00%(upstream:short)%00%(objectname)%00%(upstream:track)%00%(upstream:remotename)%00%(upstream:remoteref) refs/heads/master refs/remotes/master [2ms]
2023-09-06 11:28:19.204 [info] > git status -z -uall [100ms]
2023-09-06 11:28:24.354 [info] > git config --get commit.template [11ms]
2023-09-06 11:28:24.355 [info] > git for-each-ref --format=%(refname)%00%(upstream:short)%00%(objectname)%00%(upstream:track)%00%(upstream:remotename)%00%(upstream:remoteref) refs/heads/master refs/remotes/master [2ms]
2023-09-06 11:28:24.482 [info] > git status -z -uall [118ms]
2023-09-06 11:28:29.621 [info] > git config --get commit.template [8ms]
2023-09-06 11:28:29.622 [info] > git for-each-ref --format=%(refname)%00%(upstream:short)%00%(objectname)%00%(upstream:track)%00%(upstream:remotename)%00%(upstream:remoteref) refs/heads/master refs/remotes/master [1ms]
2023-09-06 11:28:29.719 [info] > git status -z -uall [91ms]
2023-09-06 11:28:34.829 [info] > git config --get commit.template [2ms]
2023-09-06 11:28:34.842 [info] > git for-each-ref --format=%(refname)%00%(upstream:short)%00%(objectname)%00%(upstream:track)%00%(upstream:remotename)%00%(upstream:remoteref) refs/heads/master refs/remotes/master [2ms]
2023-09-06 11:28:34.948 [info] > git status -z -uall [94ms]
2023-09-06 11:28:40.092 [info] > git config --get commit.template [9ms]
2023-09-06 11:28:40.093 [info] > git for-each-ref --format=%(refname)%00%(upstream:short)%00%(objectname)%00%(upstream:track)%00%(upstream:remotename)%00%(upstream:remoteref) refs/heads/master refs/remotes/master [2ms]
2023-09-06 11:28:40.198 [info] > git status -z -uall [96ms]
2023-09-06 11:28:45.319 [info] > git config --get commit.template [9ms]
2023-09-06 11:28:45.320 [info] > git for-each-ref --format=%(refname)%00%(upstream:short)%00%(objectname)%00%(upstream:track)%00%(upstream:remotename)%00%(upstream:remoteref) refs/heads/master refs/remotes/master [2ms]
2023-09-06 11:28:45.441 [info] > git status -z -uall [103ms]
2023-09-06 11:28:50.549 [info] > git config --get commit.template [1ms]
2023-09-06 11:28:50.559 [info] > git for-each-ref --format=%(refname)%00%(upstream:short)%00%(objectname)%00%(upstream:track)%00%(upstream:remotename)%00%(upstream:remoteref) refs/heads/master refs/remotes/master [2ms]
2023-09-06 11:28:50.675 [info] > git status -z -uall [108ms]
2023-09-06 11:28:55.828 [info] > git config --get commit.template [13ms]
2023-09-06 11:28:55.829 [info] > git for-each-ref --format=%(refname)%00%(upstream:short)%00%(objectname)%00%(upstream:track)%00%(upstream:remotename)%00%(upstream:remoteref) refs/heads/master refs/remotes/master [2ms]
2023-09-06 11:28:55.958 [info] > git status -z -uall [116ms]
2023-09-06 11:29:01.130 [info] > git config --get commit.template [4ms]
2023-09-06 11:29:01.145 [info] > git for-each-ref --format=%(refname)%00%(upstream:short)%00%(objectname)%00%(upstream:track)%00%(upstream:remotename)%00%(upstream:remoteref) refs/heads/master refs/remotes/master [1ms]
2023-09-06 11:29:01.271 [info] > git status -z -uall [116ms]
2023-09-06 11:29:06.410 [info] > git config --get commit.template [2ms]
2023-09-06 11:29:06.422 [info] > git for-each-ref --format=%(refname)%00%(upstream:short)%00%(objectname)%00%(upstream:track)%00%(upstream:remotename)%00%(upstream:remoteref) refs/heads/master refs/remotes/master [2ms]
2023-09-06 11:29:06.535 [info] > git status -z -uall [103ms]
