2023-09-06 11:26:16.979 [info] Log level: Info
2023-09-06 11:26:16.979 [info] Validating found git in: "git"
2023-09-06 11:26:16.979 [info] Using git "2.42.0" from "git"
2023-09-06 11:26:16.980 [info] > git rev-parse --show-toplevel [9ms]
2023-09-06 11:26:16.980 [info] > git rev-parse --git-dir --git-common-dir [4ms]
2023-09-06 11:26:16.980 [info] Open repository: /home/aryan/Coding
2023-09-06 11:26:16.980 [info] > git config --get commit.template [17ms]
2023-09-06 11:26:16.981 [info] > git rev-parse --show-toplevel [5ms]
2023-09-06 11:26:16.991 [info] No remotes found in the git config file.
2023-09-06 11:26:17.000 [info] > git for-each-ref --format=%(refname)%00%(upstream:short)%00%(objectname)%00%(upstream:track)%00%(upstream:remotename)%00%(upstream:remoteref) refs/heads/master refs/remotes/master [11ms]
2023-09-06 11:26:17.031 [info] > git status -z -uall [19ms]
2023-09-06 11:26:17.031 [info] > git rev-parse --show-toplevel [4ms]
2023-09-06 11:26:17.064 [info] > git config --get commit.template [5ms]
2023-09-06 11:26:17.083 [info] No remotes found in the git config file.
2023-09-06 11:26:17.092 [info] > git for-each-ref --format=%(refname)%00%(upstream:short)%00%(objectname)%00%(upstream:track)%00%(upstream:remotename)%00%(upstream:remoteref) refs/heads/master refs/remotes/master [10ms]
2023-09-06 11:26:17.103 [info] > git rev-parse --show-toplevel [29ms]
2023-09-06 11:26:17.111 [info] > git status -z -uall [9ms]
2023-09-06 11:26:17.134 [info] > git rev-parse --show-toplevel [8ms]
2023-09-06 11:26:17.145 [info] > git rev-parse --show-toplevel [2ms]
2023-09-06 11:26:17.158 [info] > git rev-parse --show-toplevel [1ms]
2023-09-06 11:26:17.174 [info] > git rev-parse --show-toplevel [3ms]
2023-09-06 11:26:17.188 [info] > git rev-parse --git-dir --git-common-dir [2ms]
2023-09-06 11:26:17.193 [info] Open repository: /home/aryan/Coding/test-repo
2023-09-06 11:26:17.221 [info] > git config --get commit.template [14ms]
2023-09-06 11:26:17.242 [info] > git for-each-ref --format=%(refname)%00%(upstream:short)%00%(objectname)%00%(upstream:track)%00%(upstream:remotename)%00%(upstream:remoteref) refs/heads/main refs/remotes/main [22ms]
2023-09-06 11:26:17.263 [info] > git status -z -uall [11ms]
2023-09-06 11:26:17.285 [info] > git config --get commit.template [3ms]
2023-09-06 11:26:17.301 [info] > git for-each-ref --format=%(refname)%00%(upstream:short)%00%(objectname)%00%(upstream:track)%00%(upstream:remotename)%00%(upstream:remoteref) refs/heads/main refs/remotes/main [3ms]
2023-09-06 11:26:17.318 [info] > git status -z -uall [3ms]
2023-09-06 11:26:17.588 [info] > git show --textconv :Data Structures/Stack/stackusingll.c [13ms]
2023-09-06 11:26:17.804 [info] > git ls-files --stage -- /home/aryan/Coding/Data Structures/Stack/stackusingll.c [217ms]
2023-09-06 11:26:17.833 [info] > git check-ignore -v -z --stdin [43ms]
2023-09-06 11:26:17.835 [info] > git check-ignore -v -z --stdin [34ms]
2023-09-06 11:26:20.343 [info] > git check-ignore -v -z --stdin [1ms]
2023-09-06 11:26:23.142 [info] > git check-ignore -v -z --stdin [1ms]
2023-09-06 11:26:24.343 [info] > git check-ignore -v -z --stdin [1ms]
2023-09-06 11:26:25.246 [info] > git check-ignore -v -z --stdin [1ms]
2023-09-06 11:26:25.940 [info] > git show --textconv :Web Development/canvas.html [26ms]
2023-09-06 11:26:25.940 [info] > git ls-files --stage -- /home/aryan/Coding/Web Development/canvas.html [14ms]
