2023-09-06 11:36:00.107 [info] Log level: Info
2023-09-06 11:36:00.107 [info] Validating found git in: "git"
2023-09-06 11:36:00.107 [info] Using git "2.42.0" from "git"
2023-09-06 11:36:00.107 [info] > git rev-parse --show-toplevel [4ms]
2023-09-06 11:36:00.107 [info] > git rev-parse --git-dir --git-common-dir [3ms]
2023-09-06 11:36:00.107 [info] Open repository: /home/aryan/Coding
2023-09-06 11:36:00.140 [info] > git rev-parse --show-toplevel [8ms]
2023-09-06 11:36:00.141 [info] > git config --get commit.template [20ms]
2023-09-06 11:36:00.154 [info] No remotes found in the git config file.
2023-09-06 11:36:00.156 [info] > git for-each-ref --format=%(refname)%00%(upstream:short)%00%(objectname)%00%(upstream:track)%00%(upstream:remotename)%00%(upstream:remoteref) refs/heads/master refs/remotes/master [4ms]
2023-09-06 11:36:00.178 [info] > git status -z -uall [11ms]
2023-09-06 11:36:00.248 [info] > git config --get commit.template [9ms]
2023-09-06 11:36:00.248 [info] > git rev-parse --show-toplevel [23ms]
2023-09-06 11:36:00.271 [info] No remotes found in the git config file.
2023-09-06 11:36:00.272 [info] > git for-each-ref --format=%(refname)%00%(upstream:short)%00%(objectname)%00%(upstream:track)%00%(upstream:remotename)%00%(upstream:remoteref) refs/heads/master refs/remotes/master [5ms]
2023-09-06 11:36:00.304 [info] > git status -z -uall [16ms]
2023-09-06 11:36:00.311 [info] > git rev-parse --show-toplevel [8ms]
2023-09-06 11:36:00.331 [info] > git rev-parse --show-toplevel [3ms]
2023-09-06 11:36:00.357 [info] > git rev-parse --show-toplevel [3ms]
2023-09-06 11:36:00.375 [info] > git rev-parse --show-toplevel [3ms]
2023-09-06 11:36:00.393 [info] > git rev-parse --show-toplevel [2ms]
2023-09-06 11:36:00.423 [info] > git rev-parse --git-dir --git-common-dir [15ms]
2023-09-06 11:36:00.436 [info] Open repository: /home/aryan/Coding/test-repo
2023-09-06 11:36:00.463 [info] > git config --get commit.template [7ms]
2023-09-06 11:36:00.477 [info] > git for-each-ref --format=%(refname)%00%(upstream:short)%00%(objectname)%00%(upstream:track)%00%(upstream:remotename)%00%(upstream:remoteref) refs/heads/main refs/remotes/main [3ms]
2023-09-06 11:36:00.493 [info] > git status -z -uall [4ms]
2023-09-06 11:36:00.514 [info] > git config --get commit.template [2ms]
2023-09-06 11:36:00.537 [info] > git for-each-ref --format=%(refname)%00%(upstream:short)%00%(objectname)%00%(upstream:track)%00%(upstream:remotename)%00%(upstream:remoteref) refs/heads/main refs/remotes/main [8ms]
2023-09-06 11:36:00.554 [info] > git status -z -uall [3ms]
2023-09-06 11:36:00.791 [info] > git show --textconv :Web Development/canvas.html [13ms]
2023-09-06 11:36:00.793 [info] > git ls-files --stage -- /home/aryan/Coding/Web Development/canvas.html [3ms]
2023-09-06 11:36:01.043 [info] > git check-ignore -v -z --stdin [15ms]
2023-09-06 11:36:01.044 [info] > git check-ignore -v -z --stdin [4ms]
2023-09-06 11:36:02.081 [info] No remotes found in the git config file.
2023-09-06 11:36:02.082 [info] > git config --get commit.template [8ms]
2023-09-06 11:36:02.082 [info] > git for-each-ref --format=%(refname)%00%(upstream:short)%00%(objectname)%00%(upstream:track)%00%(upstream:remotename)%00%(upstream:remoteref) refs/heads/master refs/remotes/master [1ms]
2023-09-06 11:36:02.090 [info] > git status -z -uall [2ms]
2023-09-06 11:36:02.176 [info] > git ls-files --stage -- /home/aryan/Coding/Web Development/canvas.html [1ms]
2023-09-06 11:36:02.185 [info] > git show --textconv :Web Development/canvas.html [1ms]
2023-09-06 11:36:25.825 [info] > git show --textconv :Data Structures/Stack/new,qc [6ms]
2023-09-06 11:36:25.826 [info] > git ls-files --stage -- /home/aryan/Coding/Data Structures/Stack/new,qc [1ms]
2023-09-06 11:36:26.077 [info] > git check-ignore -v -z --stdin [1ms]
2023-09-06 11:36:31.008 [info] > git config --get commit.template [2ms]
2023-09-06 11:36:31.017 [info] No remotes found in the git config file.
2023-09-06 11:36:31.018 [info] > git for-each-ref --format=%(refname)%00%(upstream:short)%00%(objectname)%00%(upstream:track)%00%(upstream:remotename)%00%(upstream:remoteref) refs/heads/master refs/remotes/master [2ms]
2023-09-06 11:36:31.028 [info] > git status -z -uall [2ms]
2023-09-06 11:36:36.166 [info] No remotes found in the git config file.
2023-09-06 11:36:36.167 [info] > git config --get commit.template [10ms]
2023-09-06 11:36:36.168 [info] > git for-each-ref --format=%(refname)%00%(upstream:short)%00%(objectname)%00%(upstream:track)%00%(upstream:remotename)%00%(upstream:remoteref) refs/heads/master refs/remotes/master [2ms]
2023-09-06 11:36:36.178 [info] > git status -z -uall [2ms]
2023-09-06 11:36:36.524 [info] > git show --textconv :Data Structures/Stack/new.c [10ms]
2023-09-06 11:36:36.526 [info] > git ls-files --stage -- /home/aryan/Coding/Data Structures/Stack/new.c [2ms]
2023-09-06 11:36:36.706 [info] > git check-ignore -v -z --stdin [1ms]
2023-09-06 11:36:41.194 [info] > git config --get commit.template [1ms]
2023-09-06 11:36:41.195 [info] No remotes found in the git config file.
2023-09-06 11:36:41.204 [info] > git for-each-ref --format=%(refname)%00%(upstream:short)%00%(objectname)%00%(upstream:track)%00%(upstream:remotename)%00%(upstream:remoteref) refs/heads/master refs/remotes/master [1ms]
2023-09-06 11:36:41.214 [info] > git status -z -uall [2ms]
2023-09-06 11:36:46.238 [info] No remotes found in the git config file.
2023-09-06 11:36:46.239 [info] > git config --get commit.template [11ms]
2023-09-06 11:36:46.239 [info] > git for-each-ref --format=%(refname)%00%(upstream:short)%00%(objectname)%00%(upstream:track)%00%(upstream:remotename)%00%(upstream:remoteref) refs/heads/master refs/remotes/master [1ms]
2023-09-06 11:36:46.247 [info] > git status -z -uall [2ms]
2023-09-06 11:37:07.575 [info] No remotes found in the git config file.
2023-09-06 11:37:07.582 [info] > git config --get commit.template [7ms]
2023-09-06 11:37:07.583 [info] > git for-each-ref --format=%(refname)%00%(upstream:short)%00%(objectname)%00%(upstream:track)%00%(upstream:remotename)%00%(upstream:remoteref) refs/heads/master refs/remotes/master [2ms]
2023-09-06 11:37:07.592 [info] > git status -z -uall [2ms]
2023-09-06 11:37:12.614 [info] No remotes found in the git config file.
2023-09-06 11:37:12.616 [info] > git config --get commit.template [10ms]
2023-09-06 11:37:12.617 [info] > git for-each-ref --format=%(refname)%00%(upstream:short)%00%(objectname)%00%(upstream:track)%00%(upstream:remotename)%00%(upstream:remoteref) refs/heads/master refs/remotes/master [2ms]
2023-09-06 11:37:12.625 [info] > git status -z -uall [2ms]
2023-09-06 11:37:17.646 [info] No remotes found in the git config file.
2023-09-06 11:37:17.646 [info] > git config --get commit.template [7ms]
2023-09-06 11:37:17.647 [info] > git for-each-ref --format=%(refname)%00%(upstream:short)%00%(objectname)%00%(upstream:track)%00%(upstream:remotename)%00%(upstream:remoteref) refs/heads/master refs/remotes/master [1ms]
2023-09-06 11:37:17.656 [info] > git status -z -uall [1ms]
2023-09-06 11:37:24.223 [info] > git config --get commit.template [1ms]
2023-09-06 11:37:24.231 [info] No remotes found in the git config file.
2023-09-06 11:37:24.232 [info] > git for-each-ref --format=%(refname)%00%(upstream:short)%00%(objectname)%00%(upstream:track)%00%(upstream:remotename)%00%(upstream:remoteref) refs/heads/master refs/remotes/master [2ms]
2023-09-06 11:37:24.243 [info] > git status -z -uall [2ms]
2023-09-06 11:37:38.834 [info] > git config --get commit.template [2ms]
2023-09-06 11:37:38.842 [info] No remotes found in the git config file.
2023-09-06 11:37:38.846 [info] > git for-each-ref --format=%(refname)%00%(upstream:short)%00%(objectname)%00%(upstream:track)%00%(upstream:remotename)%00%(upstream:remoteref) refs/heads/master refs/remotes/master [4ms]
2023-09-06 11:37:38.858 [info] > git status -z -uall [2ms]
2023-09-06 11:37:43.880 [info] No remotes found in the git config file.
2023-09-06 11:37:43.882 [info] > git config --get commit.template [10ms]
2023-09-06 11:37:43.882 [info] > git for-each-ref --format=%(refname)%00%(upstream:short)%00%(objectname)%00%(upstream:track)%00%(upstream:remotename)%00%(upstream:remoteref) refs/heads/master refs/remotes/master [2ms]
2023-09-06 11:37:43.893 [info] > git status -z -uall [2ms]
2023-09-06 11:37:50.241 [info] No remotes found in the git config file.
2023-09-06 11:37:50.241 [info] > git config --get commit.template [11ms]
2023-09-06 11:37:50.243 [info] > git for-each-ref --format=%(refname)%00%(upstream:short)%00%(objectname)%00%(upstream:track)%00%(upstream:remotename)%00%(upstream:remoteref) refs/heads/master refs/remotes/master [3ms]
2023-09-06 11:37:50.255 [info] > git status -z -uall [2ms]
2023-09-06 11:37:55.270 [info] > git config --get commit.template [2ms]
2023-09-06 11:37:55.276 [info] No remotes found in the git config file.
2023-09-06 11:37:55.277 [info] > git for-each-ref --format=%(refname)%00%(upstream:short)%00%(objectname)%00%(upstream:track)%00%(upstream:remotename)%00%(upstream:remoteref) refs/heads/master refs/remotes/master [1ms]
2023-09-06 11:37:55.286 [info] > git status -z -uall [1ms]
2023-09-06 11:38:08.227 [info] > git config --get commit.template [1ms]
2023-09-06 11:38:08.233 [info] No remotes found in the git config file.
2023-09-06 11:38:08.234 [info] > git for-each-ref --format=%(refname)%00%(upstream:short)%00%(objectname)%00%(upstream:track)%00%(upstream:remotename)%00%(upstream:remoteref) refs/heads/master refs/remotes/master [1ms]
2023-09-06 11:38:08.241 [info] > git status -z -uall [2ms]
2023-09-06 11:38:49.066 [info] > git config --get commit.template [1ms]
2023-09-06 11:38:49.073 [info] No remotes found in the git config file.
2023-09-06 11:38:49.074 [info] > git for-each-ref --format=%(refname)%00%(upstream:short)%00%(objectname)%00%(upstream:track)%00%(upstream:remotename)%00%(upstream:remoteref) refs/heads/master refs/remotes/master [2ms]
2023-09-06 11:38:49.084 [info] > git status -z -uall [3ms]
2023-09-06 11:40:04.790 [info] > git show --textconv :Data Structures/Stack/stackusingll.c [6ms]
2023-09-06 11:40:04.791 [info] > git ls-files --stage -- /home/aryan/Coding/Data Structures/Stack/stackusingll.c [1ms]
2023-09-06 11:40:05.330 [info] > git show --textconv :Data Structures/Hackerrank/notes1.txt [8ms]
2023-09-06 11:40:05.332 [info] > git ls-files --stage -- /home/aryan/Coding/Data Structures/Hackerrank/notes1.txt [2ms]
2023-09-06 11:40:27.467 [info] > git show --textconv :Data Structures/Hackerrank/svg_elements.html [7ms]
2023-09-06 11:40:27.468 [info] > git ls-files --stage -- /home/aryan/Coding/Data Structures/Hackerrank/svg_elements.html [2ms]
2023-09-06 11:40:27.682 [info] > git check-ignore -v -z --stdin [1ms]
2023-09-06 11:40:28.339 [info] > git config --get commit.template [1ms]
2023-09-06 11:40:28.345 [info] No remotes found in the git config file.
2023-09-06 11:40:28.346 [info] > git for-each-ref --format=%(refname)%00%(upstream:short)%00%(objectname)%00%(upstream:track)%00%(upstream:remotename)%00%(upstream:remoteref) refs/heads/master refs/remotes/master [2ms]
2023-09-06 11:40:28.353 [info] > git status -z -uall [2ms]
2023-09-06 11:40:37.952 [info] > git show --textconv :Web Development/svg_elements.html [7ms]
2023-09-06 11:40:37.953 [info] > git ls-files --stage -- /home/aryan/Coding/Web Development/svg_elements.html [1ms]
2023-09-06 11:40:38.230 [info] > git check-ignore -v -z --stdin [1ms]
2023-09-06 11:40:38.786 [info] No remotes found in the git config file.
2023-09-06 11:40:38.787 [info] > git config --get commit.template [6ms]
2023-09-06 11:40:38.787 [info] > git for-each-ref --format=%(refname)%00%(upstream:short)%00%(objectname)%00%(upstream:track)%00%(upstream:remotename)%00%(upstream:remoteref) refs/heads/master refs/remotes/master [1ms]
2023-09-06 11:40:38.794 [info] > git status -z -uall [2ms]
2023-09-06 11:40:53.081 [info] No remotes found in the git config file.
2023-09-06 11:40:53.088 [info] > git config --get commit.template [8ms]
2023-09-06 11:40:53.089 [info] > git for-each-ref --format=%(refname)%00%(upstream:short)%00%(objectname)%00%(upstream:track)%00%(upstream:remotename)%00%(upstream:remoteref) refs/heads/master refs/remotes/master [1ms]
2023-09-06 11:40:53.098 [info] > git status -z -uall [1ms]
2023-09-06 11:41:21.747 [info] No remotes found in the git config file.
2023-09-06 11:41:21.747 [info] > git config --get commit.template [8ms]
2023-09-06 11:41:21.748 [info] > git for-each-ref --format=%(refname)%00%(upstream:short)%00%(objectname)%00%(upstream:track)%00%(upstream:remotename)%00%(upstream:remoteref) refs/heads/master refs/remotes/master [2ms]
2023-09-06 11:41:21.756 [info] > git status -z -uall [2ms]
2023-09-06 11:41:29.428 [info] No remotes found in the git config file.
2023-09-06 11:41:29.428 [info] > git config --get commit.template [11ms]
2023-09-06 11:41:29.428 [info] > git for-each-ref --format=%(refname)%00%(upstream:short)%00%(objectname)%00%(upstream:track)%00%(upstream:remotename)%00%(upstream:remoteref) refs/heads/master refs/remotes/master [1ms]
2023-09-06 11:41:29.439 [info] > git status -z -uall [2ms]
2023-09-06 11:41:34.517 [info] No remotes found in the git config file.
2023-09-06 11:41:34.517 [info] > git config --get commit.template [7ms]
2023-09-06 11:41:34.518 [info] > git for-each-ref --format=%(refname)%00%(upstream:short)%00%(objectname)%00%(upstream:track)%00%(upstream:remotename)%00%(upstream:remoteref) refs/heads/master refs/remotes/master [1ms]
2023-09-06 11:41:34.527 [info] > git status -z -uall [2ms]
2023-09-06 11:41:39.556 [info] No remotes found in the git config file.
2023-09-06 11:41:39.557 [info] > git config --get commit.template [14ms]
2023-09-06 11:41:39.558 [info] > git for-each-ref --format=%(refname)%00%(upstream:short)%00%(objectname)%00%(upstream:track)%00%(upstream:remotename)%00%(upstream:remoteref) refs/heads/master refs/remotes/master [2ms]
2023-09-06 11:41:39.568 [info] > git status -z -uall [2ms]
2023-09-06 11:41:44.582 [info] > git config --get commit.template [1ms]
2023-09-06 11:41:44.590 [info] No remotes found in the git config file.
2023-09-06 11:41:44.592 [info] > git for-each-ref --format=%(refname)%00%(upstream:short)%00%(objectname)%00%(upstream:track)%00%(upstream:remotename)%00%(upstream:remoteref) refs/heads/master refs/remotes/master [2ms]
2023-09-06 11:41:44.601 [info] > git status -z -uall [2ms]
2023-09-06 11:41:49.619 [info] No remotes found in the git config file.
2023-09-06 11:41:49.619 [info] > git config --get commit.template [7ms]
2023-09-06 11:41:49.620 [info] > git for-each-ref --format=%(refname)%00%(upstream:short)%00%(objectname)%00%(upstream:track)%00%(upstream:remotename)%00%(upstream:remoteref) refs/heads/master refs/remotes/master [1ms]
2023-09-06 11:41:49.627 [info] > git status -z -uall [1ms]
2023-09-06 11:41:54.640 [info] > git config --get commit.template [1ms]
2023-09-06 11:41:54.646 [info] No remotes found in the git config file.
2023-09-06 11:41:54.647 [info] > git for-each-ref --format=%(refname)%00%(upstream:short)%00%(objectname)%00%(upstream:track)%00%(upstream:remotename)%00%(upstream:remoteref) refs/heads/master refs/remotes/master [1ms]
2023-09-06 11:41:54.655 [info] > git status -z -uall [2ms]
2023-09-06 11:42:01.984 [info] No remotes found in the git config file.
2023-09-06 11:42:01.985 [info] > git config --get commit.template [9ms]
2023-09-06 11:42:01.985 [info] > git for-each-ref --format=%(refname)%00%(upstream:short)%00%(objectname)%00%(upstream:track)%00%(upstream:remotename)%00%(upstream:remoteref) refs/heads/master refs/remotes/master [1ms]
2023-09-06 11:42:01.994 [info] > git status -z -uall [2ms]
2023-09-06 11:42:09.875 [info] No remotes found in the git config file.
2023-09-06 11:42:09.876 [info] > git config --get commit.template [9ms]
2023-09-06 11:42:09.877 [info] > git for-each-ref --format=%(refname)%00%(upstream:short)%00%(objectname)%00%(upstream:track)%00%(upstream:remotename)%00%(upstream:remoteref) refs/heads/master refs/remotes/master [2ms]
2023-09-06 11:42:09.886 [info] > git status -z -uall [2ms]
2023-09-06 11:42:16.039 [info] No remotes found in the git config file.
2023-09-06 11:42:16.040 [info] > git config --get commit.template [13ms]
2023-09-06 11:42:16.041 [info] > git for-each-ref --format=%(refname)%00%(upstream:short)%00%(objectname)%00%(upstream:track)%00%(upstream:remotename)%00%(upstream:remoteref) refs/heads/master refs/remotes/master [3ms]
2023-09-06 11:42:16.054 [info] > git status -z -uall [3ms]
2023-09-06 11:42:21.078 [info] No remotes found in the git config file.
2023-09-06 11:42:21.079 [info] > git config --get commit.template [10ms]
2023-09-06 11:42:21.079 [info] > git for-each-ref --format=%(refname)%00%(upstream:short)%00%(objectname)%00%(upstream:track)%00%(upstream:remotename)%00%(upstream:remoteref) refs/heads/master refs/remotes/master [1ms]
2023-09-06 11:42:21.090 [info] > git status -z -uall [2ms]
2023-09-06 11:42:26.112 [info] No remotes found in the git config file.
2023-09-06 11:42:26.113 [info] > git config --get commit.template [9ms]
2023-09-06 11:42:26.113 [info] > git for-each-ref --format=%(refname)%00%(upstream:short)%00%(objectname)%00%(upstream:track)%00%(upstream:remotename)%00%(upstream:remoteref) refs/heads/master refs/remotes/master [1ms]
2023-09-06 11:42:26.122 [info] > git status -z -uall [2ms]
2023-09-06 11:42:37.625 [info] No remotes found in the git config file.
2023-09-06 11:42:37.626 [info] > git config --get commit.template [10ms]
2023-09-06 11:42:37.626 [info] > git for-each-ref --format=%(refname)%00%(upstream:short)%00%(objectname)%00%(upstream:track)%00%(upstream:remotename)%00%(upstream:remoteref) refs/heads/master refs/remotes/master [1ms]
2023-09-06 11:42:37.634 [info] > git status -z -uall [2ms]
2023-09-06 11:42:42.652 [info] No remotes found in the git config file.
2023-09-06 11:42:42.652 [info] > git config --get commit.template [7ms]
2023-09-06 11:42:42.653 [info] > git for-each-ref --format=%(refname)%00%(upstream:short)%00%(objectname)%00%(upstream:track)%00%(upstream:remotename)%00%(upstream:remoteref) refs/heads/master refs/remotes/master [1ms]
2023-09-06 11:42:42.660 [info] > git status -z -uall [2ms]
2023-09-06 11:42:47.671 [info] > git config --get commit.template [1ms]
2023-09-06 11:42:47.678 [info] No remotes found in the git config file.
2023-09-06 11:42:47.678 [info] > git for-each-ref --format=%(refname)%00%(upstream:short)%00%(objectname)%00%(upstream:track)%00%(upstream:remotename)%00%(upstream:remoteref) refs/heads/master refs/remotes/master [0ms]
2023-09-06 11:42:47.686 [info] > git status -z -uall [2ms]
2023-09-06 11:42:53.880 [info] No remotes found in the git config file.
2023-09-06 11:42:53.881 [info] > git config --get commit.template [8ms]
2023-09-06 11:42:53.881 [info] > git for-each-ref --format=%(refname)%00%(upstream:short)%00%(objectname)%00%(upstream:track)%00%(upstream:remotename)%00%(upstream:remoteref) refs/heads/master refs/remotes/master [1ms]
2023-09-06 11:42:53.891 [info] > git status -z -uall [2ms]
2023-09-06 11:42:58.912 [info] No remotes found in the git config file.
2023-09-06 11:42:58.912 [info] > git config --get commit.template [8ms]
2023-09-06 11:42:58.914 [info] > git for-each-ref --format=%(refname)%00%(upstream:short)%00%(objectname)%00%(upstream:track)%00%(upstream:remotename)%00%(upstream:remoteref) refs/heads/master refs/remotes/master [2ms]
2023-09-06 11:42:58.923 [info] > git status -z -uall [2ms]
2023-09-06 11:43:03.945 [info] No remotes found in the git config file.
2023-09-06 11:43:03.946 [info] > git config --get commit.template [9ms]
2023-09-06 11:43:03.946 [info] > git for-each-ref --format=%(refname)%00%(upstream:short)%00%(objectname)%00%(upstream:track)%00%(upstream:remotename)%00%(upstream:remoteref) refs/heads/master refs/remotes/master [1ms]
2023-09-06 11:43:03.956 [info] > git status -z -uall [2ms]
2023-09-06 11:43:08.972 [info] > git config --get commit.template [2ms]
2023-09-06 11:43:08.979 [info] No remotes found in the git config file.
2023-09-06 11:43:08.980 [info] > git for-each-ref --format=%(refname)%00%(upstream:short)%00%(objectname)%00%(upstream:track)%00%(upstream:remotename)%00%(upstream:remoteref) refs/heads/master refs/remotes/master [1ms]
2023-09-06 11:43:08.990 [info] > git status -z -uall [1ms]
2023-09-06 11:43:14.013 [info] No remotes found in the git config file.
2023-09-06 11:43:14.013 [info] > git config --get commit.template [8ms]
2023-09-06 11:43:14.014 [info] > git for-each-ref --format=%(refname)%00%(upstream:short)%00%(objectname)%00%(upstream:track)%00%(upstream:remotename)%00%(upstream:remoteref) refs/heads/master refs/remotes/master [1ms]
2023-09-06 11:43:14.026 [info] > git status -z -uall [2ms]
2023-09-06 11:43:19.045 [info] No remotes found in the git config file.
2023-09-06 11:43:19.045 [info] > git config --get commit.template [7ms]
2023-09-06 11:43:19.045 [info] > git for-each-ref --format=%(refname)%00%(upstream:short)%00%(objectname)%00%(upstream:track)%00%(upstream:remotename)%00%(upstream:remoteref) refs/heads/master refs/remotes/master [1ms]
2023-09-06 11:43:19.053 [info] > git status -z -uall [2ms]
2023-09-06 11:43:24.071 [info] No remotes found in the git config file.
2023-09-06 11:43:24.071 [info] > git config --get commit.template [7ms]
2023-09-06 11:43:24.072 [info] > git for-each-ref --format=%(refname)%00%(upstream:short)%00%(objectname)%00%(upstream:track)%00%(upstream:remotename)%00%(upstream:remoteref) refs/heads/master refs/remotes/master [2ms]
2023-09-06 11:43:24.079 [info] > git status -z -uall [2ms]
2023-09-06 11:43:29.112 [info] No remotes found in the git config file.
2023-09-06 11:43:29.113 [info] > git config --get commit.template [17ms]
2023-09-06 11:43:29.114 [info] > git for-each-ref --format=%(refname)%00%(upstream:short)%00%(objectname)%00%(upstream:track)%00%(upstream:remotename)%00%(upstream:remoteref) refs/heads/master refs/remotes/master [2ms]
2023-09-06 11:43:29.127 [info] > git status -z -uall [2ms]
2023-09-06 11:43:36.555 [info] No remotes found in the git config file.
2023-09-06 11:43:36.555 [info] > git config --get commit.template [10ms]
2023-09-06 11:43:36.556 [info] > git for-each-ref --format=%(refname)%00%(upstream:short)%00%(objectname)%00%(upstream:track)%00%(upstream:remotename)%00%(upstream:remoteref) refs/heads/master refs/remotes/master [2ms]
2023-09-06 11:43:36.566 [info] > git status -z -uall [2ms]
2023-09-06 11:43:42.647 [info] No remotes found in the git config file.
2023-09-06 11:43:42.648 [info] > git config --get commit.template [15ms]
2023-09-06 11:43:42.648 [info] > git for-each-ref --format=%(refname)%00%(upstream:short)%00%(objectname)%00%(upstream:track)%00%(upstream:remotename)%00%(upstream:remoteref) refs/heads/master refs/remotes/master [1ms]
2023-09-06 11:43:42.662 [info] > git status -z -uall [2ms]
2023-09-06 11:45:35.234 [info] > git check-ignore -v -z --stdin [1ms]
2023-09-06 11:45:54.356 [info] > git add -A -- . [28ms]
2023-09-06 11:45:54.356 [info] warning: adding embedded git repository: test-repo
hint: You've added another git repository inside your current repository.
hint: Clones of the outer repository will not contain the contents of
hint: the embedded repository and will not know how to obtain it.
hint: If you meant to add a submodule, use:
hint: 
hint: 	git submodule add <url> test-repo
hint: 
hint: If you added this path by mistake, you can remove it from the
hint: index with:
hint: 
hint: 	git rm --cached test-repo
hint: 
hint: See "git help submodule" for more information.
2023-09-06 11:45:54.376 [info] > git -c user.useConfigOnly=true commit --quiet --allow-empty-message --file - [9ms]
2023-09-06 11:45:54.390 [info] > git config --get commit.template [1ms]
2023-09-06 11:45:54.414 [info] No remotes found in the git config file.
2023-09-06 11:45:54.414 [info] > git config --get commit.template [11ms]
2023-09-06 11:45:54.417 [info] > git for-each-ref --format=%(refname)%00%(upstream:short)%00%(objectname)%00%(upstream:track)%00%(upstream:remotename)%00%(upstream:remoteref) refs/heads/master refs/remotes/master [3ms]
2023-09-06 11:45:54.433 [info] > git status -z -uall [6ms]
2023-09-06 11:45:54.630 [info] > git config --get commit.template [3ms]
2023-09-06 11:45:54.640 [info] No remotes found in the git config file.
2023-09-06 11:45:54.641 [info] > git for-each-ref --format=%(refname)%00%(upstream:short)%00%(objectname)%00%(upstream:track)%00%(upstream:remotename)%00%(upstream:remoteref) refs/heads/master refs/remotes/master [2ms]
2023-09-06 11:45:54.655 [info] > git status -z -uall [4ms]
2023-09-06 11:45:55.747 [info] > git ls-files --stage -- /home/aryan/Coding/Data Structures/Hackerrank/notes1.txt [6ms]
2023-09-06 11:45:55.753 [info] > git ls-files --stage -- /home/aryan/Coding/Web Development/svg_elements.html [7ms]
2023-09-06 11:45:55.760 [info] > git cat-file -s 5858b50b486074a4aebc4252ca43aa5a486d59a0 [8ms]
2023-09-06 11:45:55.761 [info] > git cat-file -s 9db859658a423884ee379a165f3c2a57a8b89b04 [1ms]
2023-09-06 11:45:55.776 [info] > git show --textconv :Data Structures/Hackerrank/notes1.txt [8ms]
2023-09-06 11:45:55.777 [info] > git show --textconv :Web Development/svg_elements.html [1ms]
2023-09-06 11:46:08.965 [info] > git push -u origin main [1942ms]
2023-09-06 11:46:08.965 [info] Everything up-to-date
2023-09-06 11:46:08.984 [info] > git config --get commit.template [10ms]
2023-09-06 11:46:08.985 [info] > git for-each-ref --format=%(refname)%00%(upstream:short)%00%(objectname)%00%(upstream:track)%00%(upstream:remotename)%00%(upstream:remoteref) refs/heads/main refs/remotes/main [1ms]
2023-09-06 11:46:08.994 [info] > git status -z -uall [2ms]
2023-09-06 11:46:10.076 [info] > git config --get commit.template [10ms]
2023-09-06 11:46:10.077 [info] > git for-each-ref --format=%(refname)%00%(upstream:short)%00%(objectname)%00%(upstream:track)%00%(upstream:remotename)%00%(upstream:remoteref) refs/heads/main refs/remotes/main [2ms]
2023-09-06 11:46:10.087 [info] > git status -z -uall [2ms]
2023-09-06 11:46:12.276 [info] > git fetch [20ms]
2023-09-06 11:46:12.295 [info] > git config --get commit.template [4ms]
2023-09-06 11:46:12.305 [info] No remotes found in the git config file.
2023-09-06 11:46:12.307 [info] > git for-each-ref --format=%(refname)%00%(upstream:short)%00%(objectname)%00%(upstream:track)%00%(upstream:remotename)%00%(upstream:remoteref) refs/heads/master refs/remotes/master [2ms]
2023-09-06 11:46:12.322 [info] > git status -z -uall [5ms]
2023-09-06 11:46:13.358 [info] No remotes found in the git config file.
2023-09-06 11:46:13.359 [info] > git config --get commit.template [12ms]
2023-09-06 11:46:13.360 [info] > git for-each-ref --format=%(refname)%00%(upstream:short)%00%(objectname)%00%(upstream:track)%00%(upstream:remotename)%00%(upstream:remoteref) refs/heads/master refs/remotes/master [1ms]
2023-09-06 11:46:13.375 [info] > git status -z -uall [6ms]
2023-09-06 11:46:13.463 [info] > git ls-files --stage -- /home/aryan/Coding/Data Structures/Hackerrank/notes1.txt [13ms]
2023-09-06 11:46:13.472 [info] > git ls-files --stage -- /home/aryan/Coding/Web Development/svg_elements.html [10ms]
2023-09-06 11:46:13.483 [info] > git cat-file -s 5858b50b486074a4aebc4252ca43aa5a486d59a0 [12ms]
2023-09-06 11:46:13.486 [info] > git cat-file -s 9db859658a423884ee379a165f3c2a57a8b89b04 [4ms]
2023-09-06 11:46:13.511 [info] > git show --textconv :Data Structures/Hackerrank/notes1.txt [13ms]
2023-09-06 11:46:13.512 [info] > git show --textconv :Web Development/svg_elements.html [2ms]
2023-09-06 11:46:13.813 [info] > git fetch [1544ms]
2023-09-06 11:46:13.836 [info] > git config --get commit.template [10ms]
2023-09-06 11:46:13.836 [info] > git for-each-ref --format=%(refname)%00%(upstream:short)%00%(objectname)%00%(upstream:track)%00%(upstream:remotename)%00%(upstream:remoteref) refs/heads/main refs/remotes/main [1ms]
2023-09-06 11:46:13.848 [info] > git status -z -uall [3ms]
2023-09-06 11:46:16.299 [info] > git config --get commit.template [19ms]
2023-09-06 11:46:16.313 [info] > git for-each-ref --format=%(refname)%00%(upstream:short)%00%(objectname)%00%(upstream:track)%00%(upstream:remotename)%00%(upstream:remoteref) refs/heads/main refs/remotes/main [2ms]
2023-09-06 11:46:16.328 [info] > git status -z -uall [4ms]
2023-09-06 11:48:05.276 [info] > git ls-files --stage -- /home/aryan/Coding/Data Structures/Hackerrank/notes1.txt [16ms]
2023-09-06 11:48:05.288 [info] > git config --get commit.template [42ms]
2023-09-06 11:48:05.300 [info] No remotes found in the git config file.
2023-09-06 11:48:05.301 [info] > git ls-files --stage -- /home/aryan/Coding/Web Development/svg_elements.html [27ms]
2023-09-06 11:48:05.317 [info] > git for-each-ref --format=%(refname)%00%(upstream:short)%00%(objectname)%00%(upstream:track)%00%(upstream:remotename)%00%(upstream:remoteref) refs/heads/master refs/remotes/master [16ms]
2023-09-06 11:48:05.331 [info] > git cat-file -s 5858b50b486074a4aebc4252ca43aa5a486d59a0 [43ms]
2023-09-06 11:48:05.335 [info] > git cat-file -s 9db859658a423884ee379a165f3c2a57a8b89b04 [18ms]
2023-09-06 11:48:05.349 [info] > git status -z -uall [19ms]
2023-09-06 11:48:05.364 [info] > git show --textconv :Data Structures/Hackerrank/notes1.txt [16ms]
2023-09-06 11:48:05.366 [info] > git show --textconv :Web Development/svg_elements.html [3ms]
2023-09-06 11:48:10.509 [info] No remotes found in the git config file.
2023-09-06 11:48:10.511 [info] > git config --get commit.template [19ms]
2023-09-06 11:48:10.512 [info] > git for-each-ref --format=%(refname)%00%(upstream:short)%00%(objectname)%00%(upstream:track)%00%(upstream:remotename)%00%(upstream:remoteref) refs/heads/master refs/remotes/master [2ms]
2023-09-06 11:48:10.539 [info] > git status -z -uall [7ms]
2023-09-06 11:49:15.204 [info] > git fetch [19ms]
2023-09-06 11:49:15.245 [info] No remotes found in the git config file.
2023-09-06 11:49:15.246 [info] > git config --get commit.template [20ms]
2023-09-06 11:49:15.247 [info] > git for-each-ref --format=%(refname)%00%(upstream:short)%00%(objectname)%00%(upstream:track)%00%(upstream:remotename)%00%(upstream:remoteref) refs/heads/master refs/remotes/master [3ms]
2023-09-06 11:49:15.270 [info] > git status -z -uall [7ms]
2023-09-06 11:49:16.389 [info] > git ls-files --stage -- /home/aryan/Coding/Data Structures/Hackerrank/notes1.txt [10ms]
2023-09-06 11:49:16.398 [info] > git ls-files --stage -- /home/aryan/Coding/Web Development/svg_elements.html [10ms]
2023-09-06 11:49:16.408 [info] > git cat-file -s 5858b50b486074a4aebc4252ca43aa5a486d59a0 [12ms]
2023-09-06 11:49:16.409 [info] > git cat-file -s 9db859658a423884ee379a165f3c2a57a8b89b04 [2ms]
2023-09-06 11:49:16.427 [info] > git show --textconv :Data Structures/Hackerrank/notes1.txt [10ms]
2023-09-06 11:49:16.428 [info] > git show --textconv :Web Development/svg_elements.html [1ms]
2023-09-06 11:49:18.595 [info] > git fetch [3392ms]
2023-09-06 11:49:18.613 [info] > git for-each-ref --format=%(refname)%00%(upstream:short)%00%(objectname)%00%(upstream:track)%00%(upstream:remotename)%00%(upstream:remoteref) refs/heads/main refs/remotes/main [2ms]
2023-09-06 11:49:18.613 [info] > git config --get commit.template [10ms]
2023-09-06 11:49:18.621 [info] > git status -z -uall [1ms]
2023-09-06 11:50:05.409 [info] > git config --get commit.template [18ms]
2023-09-06 11:50:05.437 [info] > git ls-files --stage -- /home/aryan/Coding/Data Structures/Hackerrank/notes1.txt [14ms]
2023-09-06 11:50:05.448 [info] > git config --get commit.template [41ms]
2023-09-06 11:50:05.478 [info] > git ls-files --stage -- /home/aryan/Coding/Web Development/svg_elements.html [43ms]
2023-09-06 11:50:05.492 [info] > git for-each-ref --format=%(refname)%00%(upstream:short)%00%(objectname)%00%(upstream:track)%00%(upstream:remotename)%00%(upstream:remoteref) refs/heads/master refs/remotes/master [14ms]
2023-09-06 11:50:05.503 [info] > git for-each-ref --format=%(refname)%00%(upstream:short)%00%(objectname)%00%(upstream:track)%00%(upstream:remotename)%00%(upstream:remoteref) refs/heads/main refs/remotes/main [41ms]
2023-09-06 11:50:05.513 [info] > git cat-file -s 5858b50b486074a4aebc4252ca43aa5a486d59a0 [66ms]
2023-09-06 11:50:05.515 [info] > git status -z -uall [12ms]
2023-09-06 11:50:05.515 [info] > git status -z -uall [2ms]
2023-09-06 11:50:05.521 [info] > git cat-file -s 9db859658a423884ee379a165f3c2a57a8b89b04 [31ms]
2023-09-06 11:50:05.550 [info] > git show --textconv :Data Structures/Hackerrank/notes1.txt [16ms]
2023-09-06 11:50:05.551 [info] > git show --textconv :Web Development/svg_elements.html [2ms]
2023-09-06 11:50:25.541 [info] > git config --get commit.template [18ms]
2023-09-06 11:50:25.543 [info] > git for-each-ref --format=%(refname)%00%(upstream:short)%00%(objectname)%00%(upstream:track)%00%(upstream:remotename)%00%(upstream:remoteref) refs/heads/master refs/remotes/master [3ms]
2023-09-06 11:50:25.569 [info] > git status -z -uall [7ms]
2023-09-06 11:52:18.834 [info] > git config --get commit.template [2ms]
2023-09-06 11:52:18.859 [info] > git ls-files --stage -- /home/aryan/Coding/Data Structures/Hackerrank/notes1.txt [14ms]
2023-09-06 11:52:18.881 [info] > git ls-files --stage -- /home/aryan/Coding/Web Development/svg_elements.html [24ms]
2023-09-06 11:52:18.892 [info] > git for-each-ref --format=%(refname)%00%(upstream:short)%00%(objectname)%00%(upstream:track)%00%(upstream:remotename)%00%(upstream:remoteref) refs/heads/master refs/remotes/master [12ms]
2023-09-06 11:52:18.903 [info] > git cat-file -s 5858b50b486074a4aebc4252ca43aa5a486d59a0 [33ms]
2023-09-06 11:52:18.904 [info] > git cat-file -s 9db859658a423884ee379a165f3c2a57a8b89b04 [14ms]
2023-09-06 11:52:18.917 [info] > git status -z -uall [14ms]
2023-09-06 11:52:18.931 [info] > git show --textconv :Data Structures/Hackerrank/notes1.txt [14ms]
2023-09-06 11:52:18.932 [info] > git show --textconv :Web Development/svg_elements.html [2ms]
2023-09-06 11:52:22.457 [info] > git fetch [3639ms]
2023-09-06 11:52:22.467 [info] > git config --get commit.template [1ms]
2023-09-06 11:52:22.475 [info] > git for-each-ref --format=%(refname)%00%(upstream:short)%00%(objectname)%00%(upstream:track)%00%(upstream:remotename)%00%(upstream:remoteref) refs/heads/main refs/remotes/main [1ms]
2023-09-06 11:52:22.483 [info] > git status -z -uall [1ms]
2023-09-06 11:52:24.693 [info] > git fetch [5890ms]
2023-09-06 11:52:24.708 [info] > git config --get commit.template [8ms]
2023-09-06 11:52:24.708 [info] > git for-each-ref --format=%(refname)%00%(upstream:short)%00%(objectname)%00%(upstream:track)%00%(upstream:remotename)%00%(upstream:remoteref) refs/heads/master refs/remotes/master [1ms]
2023-09-06 11:52:24.720 [info] > git status -z -uall [4ms]
2023-09-06 11:53:11.253 [info] > git config --get commit.template [2ms]
2023-09-06 11:53:11.253 [info] > git config --get commit.template [16ms]
2023-09-06 11:53:11.278 [info] > git ls-files --stage -- /home/aryan/Coding/Data Structures/Hackerrank/notes1.txt [12ms]
2023-09-06 11:53:11.307 [info] > git ls-files --stage -- /home/aryan/Coding/Web Development/svg_elements.html [31ms]
2023-09-06 11:53:11.320 [info] > git for-each-ref --format=%(refname)%00%(upstream:short)%00%(objectname)%00%(upstream:track)%00%(upstream:remotename)%00%(upstream:remoteref) refs/heads/master refs/remotes/master [14ms]
2023-09-06 11:53:11.332 [info] > git for-each-ref --format=%(refname)%00%(upstream:short)%00%(objectname)%00%(upstream:track)%00%(upstream:remotename)%00%(upstream:remoteref) refs/heads/main refs/remotes/main [33ms]
2023-09-06 11:53:11.340 [info] > git cat-file -s 5858b50b486074a4aebc4252ca43aa5a486d59a0 [53ms]
2023-09-06 11:53:11.342 [info] > git status -z -uall [11ms]
2023-09-06 11:53:11.342 [info] > git status -z -uall [2ms]
2023-09-06 11:53:11.346 [info] > git cat-file -s 9db859658a423884ee379a165f3c2a57a8b89b04 [27ms]
2023-09-06 11:53:11.371 [info] > git show --textconv :Data Structures/Hackerrank/notes1.txt [14ms]
2023-09-06 11:53:11.371 [info] > git show --textconv :Web Development/svg_elements.html [1ms]
2023-09-06 11:53:16.363 [info] > git config --get commit.template [9ms]
2023-09-06 11:53:16.363 [info] > git for-each-ref --format=%(refname)%00%(upstream:short)%00%(objectname)%00%(upstream:track)%00%(upstream:remotename)%00%(upstream:remoteref) refs/heads/master refs/remotes/master [1ms]
2023-09-06 11:53:16.374 [info] > git status -z -uall [4ms]
2023-09-06 11:53:21.324 [info] > git remote add origin https://github.com/aryan-212/fd.git [2ms]
2023-09-06 11:53:21.324 [info] error: remote origin already exists.
2023-09-06 11:53:21.349 [info] > git config --get commit.template [11ms]
2023-09-06 11:53:21.350 [info] > git for-each-ref --format=%(refname)%00%(upstream:short)%00%(objectname)%00%(upstream:track)%00%(upstream:remotename)%00%(upstream:remoteref) refs/heads/master refs/remotes/master [3ms]
2023-09-06 11:53:21.365 [info] > git status -z -uall [6ms]
2023-09-06 11:54:37.371 [info] > git config --get commit.template [8ms]
2023-09-06 11:54:37.373 [info] > git for-each-ref --format=%(refname)%00%(upstream:short)%00%(objectname)%00%(upstream:track)%00%(upstream:remotename)%00%(upstream:remoteref) refs/heads/master refs/remotes/master [2ms]
2023-09-06 11:54:37.385 [info] > git status -z -uall [4ms]
2023-09-06 11:54:42.410 [info] > git config --get commit.template [11ms]
2023-09-06 11:54:42.411 [info] > git for-each-ref --format=%(refname)%00%(upstream:short)%00%(objectname)%00%(upstream:track)%00%(upstream:remotename)%00%(upstream:remoteref) refs/heads/master refs/remotes/master [2ms]
2023-09-06 11:54:42.424 [info] > git status -z -uall [5ms]
2023-09-06 11:54:47.440 [info] > git config --get commit.template [1ms]
2023-09-06 11:54:47.451 [info] > git for-each-ref --format=%(refname)%00%(upstream:short)%00%(objectname)%00%(upstream:track)%00%(upstream:remotename)%00%(upstream:remoteref) refs/heads/master refs/remotes/master [2ms]
2023-09-06 11:54:47.465 [info] > git status -z -uall [5ms]
2023-09-06 11:54:52.487 [info] > git config --get commit.template [9ms]
2023-09-06 11:54:52.488 [info] > git for-each-ref --format=%(refname)%00%(upstream:short)%00%(objectname)%00%(upstream:track)%00%(upstream:remotename)%00%(upstream:remoteref) refs/heads/master refs/remotes/master [1ms]
2023-09-06 11:54:52.499 [info] > git status -z -uall [4ms]
2023-09-06 11:54:57.517 [info] > git config --get commit.template [8ms]
2023-09-06 11:54:57.518 [info] > git for-each-ref --format=%(refname)%00%(upstream:short)%00%(objectname)%00%(upstream:track)%00%(upstream:remotename)%00%(upstream:remoteref) refs/heads/master refs/remotes/master [2ms]
2023-09-06 11:54:57.528 [info] > git status -z -uall [4ms]
2023-09-06 11:55:02.550 [info] > git config --get commit.template [9ms]
2023-09-06 11:55:02.551 [info] > git for-each-ref --format=%(refname)%00%(upstream:short)%00%(objectname)%00%(upstream:track)%00%(upstream:remotename)%00%(upstream:remoteref) refs/heads/master refs/remotes/master [2ms]
2023-09-06 11:55:02.564 [info] > git status -z -uall [4ms]
2023-09-06 11:55:07.590 [info] > git config --get commit.template [11ms]
2023-09-06 11:55:07.591 [info] > git for-each-ref --format=%(refname)%00%(upstream:short)%00%(objectname)%00%(upstream:track)%00%(upstream:remotename)%00%(upstream:remoteref) refs/heads/master refs/remotes/master [2ms]
2023-09-06 11:55:07.604 [info] > git status -z -uall [5ms]
2023-09-06 11:55:12.618 [info] > git config --get commit.template [1ms]
2023-09-06 11:55:12.629 [info] > git for-each-ref --format=%(refname)%00%(upstream:short)%00%(objectname)%00%(upstream:track)%00%(upstream:remotename)%00%(upstream:remoteref) refs/heads/master refs/remotes/master [2ms]
2023-09-06 11:55:12.640 [info] > git status -z -uall [4ms]
2023-09-06 11:55:17.927 [info] > git config --get commit.template [2ms]
2023-09-06 11:55:17.936 [info] > git for-each-ref --format=%(refname)%00%(upstream:short)%00%(objectname)%00%(upstream:track)%00%(upstream:remotename)%00%(upstream:remoteref) refs/heads/master refs/remotes/master [1ms]
2023-09-06 11:55:17.950 [info] > git status -z -uall [4ms]
2023-09-06 11:55:22.977 [info] > git for-each-ref --format=%(refname)%00%(upstream:short)%00%(objectname)%00%(upstream:track)%00%(upstream:remotename)%00%(upstream:remoteref) refs/heads/master refs/remotes/master [2ms]
2023-09-06 11:55:22.977 [info] > git config --get commit.template [12ms]
2023-09-06 11:55:22.989 [info] > git status -z -uall [5ms]
2023-09-06 11:55:24.499 [info] > git fetch [2002ms]
2023-09-06 11:55:24.521 [info] > git config --get commit.template [9ms]
2023-09-06 11:55:24.522 [info] > git for-each-ref --format=%(refname)%00%(upstream:short)%00%(objectname)%00%(upstream:track)%00%(upstream:remotename)%00%(upstream:remoteref) refs/heads/main refs/remotes/main [2ms]
2023-09-06 11:55:24.532 [info] > git status -z -uall [2ms]
2023-09-06 11:55:25.588 [info] > git config --get commit.template [7ms]
2023-09-06 11:55:25.588 [info] > git for-each-ref --format=%(refname)%00%(upstream:short)%00%(objectname)%00%(upstream:track)%00%(upstream:remotename)%00%(upstream:remoteref) refs/heads/main refs/remotes/main [1ms]
2023-09-06 11:55:25.597 [info] > git status -z -uall [1ms]
2023-09-06 11:55:25.985 [info] > git ls-files --stage -- /home/aryan/Coding/Data Structures/Hackerrank/notes1.txt [8ms]
2023-09-06 11:55:25.995 [info] > git ls-files --stage -- /home/aryan/Coding/Web Development/svg_elements.html [11ms]
2023-09-06 11:55:26.003 [info] > git cat-file -s 5858b50b486074a4aebc4252ca43aa5a486d59a0 [8ms]
2023-09-06 11:55:26.004 [info] > git cat-file -s 9db859658a423884ee379a165f3c2a57a8b89b04 [3ms]
2023-09-06 11:55:26.024 [info] > git show --textconv :Data Structures/Hackerrank/notes1.txt [10ms]
2023-09-06 11:55:26.025 [info] > git show --textconv :Web Development/svg_elements.html [2ms]
2023-09-06 11:55:29.101 [info] > git fetch [4369ms]
2023-09-06 11:55:29.113 [info] > git config --get commit.template [2ms]
2023-09-06 11:55:29.123 [info] > git for-each-ref --format=%(refname)%00%(upstream:short)%00%(objectname)%00%(upstream:track)%00%(upstream:remotename)%00%(upstream:remoteref) refs/heads/master refs/remotes/master [2ms]
2023-09-06 11:55:29.134 [info] > git status -z -uall [4ms]
2023-09-06 11:55:29.148 [info] > git config --get commit.template [2ms]
2023-09-06 11:55:29.156 [info] > git for-each-ref --format=%(refname)%00%(upstream:short)%00%(objectname)%00%(upstream:track)%00%(upstream:remotename)%00%(upstream:remoteref) refs/heads/master refs/remotes/master [1ms]
2023-09-06 11:55:29.167 [info] > git status -z -uall [4ms]
2023-09-06 11:55:29.996 [info] > git ls-files --stage -- /home/aryan/Coding/Data Structures/Hackerrank/notes1.txt [11ms]
2023-09-06 11:55:30.005 [info] > git ls-files --stage -- /home/aryan/Coding/Web Development/svg_elements.html [10ms]
2023-09-06 11:55:30.014 [info] > git cat-file -s 5858b50b486074a4aebc4252ca43aa5a486d59a0 [11ms]
2023-09-06 11:55:30.015 [info] > git cat-file -s 9db859658a423884ee379a165f3c2a57a8b89b04 [2ms]
2023-09-06 11:55:30.038 [info] > git show --textconv :Data Structures/Hackerrank/notes1.txt [12ms]
2023-09-06 11:55:30.038 [info] > git show --textconv :Web Development/svg_elements.html [3ms]
2023-09-06 11:55:39.363 [info] > git config --get commit.template [12ms]
2023-09-06 11:55:39.364 [info] > git for-each-ref --format=%(refname)%00%(upstream:short)%00%(objectname)%00%(upstream:track)%00%(upstream:remotename)%00%(upstream:remoteref) refs/heads/master refs/remotes/master [2ms]
2023-09-06 11:55:39.377 [info] > git status -z -uall [5ms]
2023-09-06 11:55:44.400 [info] > git config --get commit.template [8ms]
2023-09-06 11:55:44.401 [info] > git for-each-ref --format=%(refname)%00%(upstream:short)%00%(objectname)%00%(upstream:track)%00%(upstream:remotename)%00%(upstream:remoteref) refs/heads/master refs/remotes/master [1ms]
2023-09-06 11:55:44.415 [info] > git status -z -uall [4ms]
2023-09-06 11:55:49.436 [info] > git config --get commit.template [9ms]
2023-09-06 11:55:49.437 [info] > git for-each-ref --format=%(refname)%00%(upstream:short)%00%(objectname)%00%(upstream:track)%00%(upstream:remotename)%00%(upstream:remoteref) refs/heads/master refs/remotes/master [1ms]
2023-09-06 11:55:49.448 [info] > git status -z -uall [4ms]
2023-09-06 11:55:54.461 [info] > git config --get commit.template [2ms]
2023-09-06 11:55:54.469 [info] > git for-each-ref --format=%(refname)%00%(upstream:short)%00%(objectname)%00%(upstream:track)%00%(upstream:remotename)%00%(upstream:remoteref) refs/heads/master refs/remotes/master [1ms]
2023-09-06 11:55:54.479 [info] > git status -z -uall [4ms]
2023-09-06 11:55:59.674 [info] > git config --get commit.template [9ms]
2023-09-06 11:55:59.674 [info] > git for-each-ref --format=%(refname)%00%(upstream:short)%00%(objectname)%00%(upstream:track)%00%(upstream:remotename)%00%(upstream:remoteref) refs/heads/master refs/remotes/master [1ms]
2023-09-06 11:55:59.686 [info] > git status -z -uall [4ms]
2023-09-06 11:56:22.660 [info] > git config --get commit.template [9ms]
2023-09-06 11:56:22.660 [info] > git for-each-ref --format=%(refname)%00%(upstream:short)%00%(objectname)%00%(upstream:track)%00%(upstream:remotename)%00%(upstream:remoteref) refs/heads/master refs/remotes/master [1ms]
2023-09-06 11:56:22.672 [info] > git status -z -uall [4ms]
2023-09-06 11:56:23.793 [info] > git ls-files --stage -- /home/aryan/Coding/Data Structures/Hackerrank/notes1.txt [7ms]
2023-09-06 11:56:23.800 [info] > git ls-files --stage -- /home/aryan/Coding/Web Development/svg_elements.html [7ms]
2023-09-06 11:56:23.807 [info] > git cat-file -s 5858b50b486074a4aebc4252ca43aa5a486d59a0 [7ms]
2023-09-06 11:56:23.807 [info] > git cat-file -s 9db859658a423884ee379a165f3c2a57a8b89b04 [1ms]
2023-09-06 11:56:23.822 [info] > git show --textconv :Data Structures/Hackerrank/notes1.txt [7ms]
2023-09-06 11:56:23.823 [info] > git show --textconv :Web Development/svg_elements.html [2ms]
2023-09-06 11:56:27.692 [info] > git config --get commit.template [8ms]
2023-09-06 11:56:27.693 [info] > git for-each-ref --format=%(refname)%00%(upstream:short)%00%(objectname)%00%(upstream:track)%00%(upstream:remotename)%00%(upstream:remoteref) refs/heads/master refs/remotes/master [1ms]
2023-09-06 11:56:27.704 [info] > git status -z -uall [4ms]
2023-09-06 11:58:26.416 [info] > git fetch [1872ms]
2023-09-06 11:58:26.431 [info] > git config --get commit.template [7ms]
2023-09-06 11:58:26.432 [info] > git for-each-ref --format=%(refname)%00%(upstream:short)%00%(objectname)%00%(upstream:track)%00%(upstream:remotename)%00%(upstream:remoteref) refs/heads/main refs/remotes/main [1ms]
2023-09-06 11:58:26.439 [info] > git status -z -uall [1ms]
2023-09-06 11:58:27.508 [info] > git config --get commit.template [10ms]
2023-09-06 11:58:27.508 [info] > git for-each-ref --format=%(refname)%00%(upstream:short)%00%(objectname)%00%(upstream:track)%00%(upstream:remotename)%00%(upstream:remoteref) refs/heads/main refs/remotes/main [1ms]
2023-09-06 11:58:27.517 [info] > git status -z -uall [2ms]
2023-09-06 11:58:30.167 [info] > git rev-parse --show-toplevel [2ms]
2023-09-06 11:58:30.178 [info] > git rev-parse --git-dir --git-common-dir [1ms]
2023-09-06 11:58:30.199 [info] Open repository: /home/aryan/.config
2023-09-06 11:58:30.226 [info] > git config --get commit.template [15ms]
2023-09-06 11:58:30.228 [info] > git for-each-ref --format=%(refname)%00%(upstream:short)%00%(objectname)%00%(upstream:track)%00%(upstream:remotename)%00%(upstream:remoteref) refs/heads/master refs/remotes/master [2ms]
2023-09-06 11:58:30.353 [info] > git ls-files --stage -- /home/aryan/Coding/Data Structures/Hackerrank/notes1.txt [13ms]
2023-09-06 11:58:30.367 [info] > git ls-files --stage -- /home/aryan/Coding/Web Development/svg_elements.html [15ms]
2023-09-06 11:58:30.378 [info] > git cat-file -s 5858b50b486074a4aebc4252ca43aa5a486d59a0 [14ms]
2023-09-06 11:58:30.380 [info] > git cat-file -s 9db859658a423884ee379a165f3c2a57a8b89b04 [3ms]
2023-09-06 11:58:30.420 [info] > git status -z -uall [179ms]
2023-09-06 11:58:30.420 [info] > git show --textconv :Data Structures/Hackerrank/notes1.txt [16ms]
2023-09-06 11:58:30.420 [info] > git show --textconv :Web Development/svg_elements.html [5ms]
2023-09-06 11:58:31.195 [info] > git config --get commit.template [49ms]
2023-09-06 11:58:31.204 [info] > git check-ignore -v -z --stdin [28ms]
2023-09-06 11:58:31.205 [info] > git check-ignore -v -z --stdin [14ms]
2023-09-06 11:58:31.226 [info] > git for-each-ref --format=%(refname)%00%(upstream:short)%00%(objectname)%00%(upstream:track)%00%(upstream:remotename)%00%(upstream:remoteref) refs/heads/master refs/remotes/master [8ms]
2023-09-06 11:58:31.270 [info] > git show --textconv :bspwm/bspwmrc [13ms]
2023-09-06 11:58:31.272 [info] > git ls-files --stage -- /home/aryan/.config/bspwm/bspwmrc [3ms]
2023-09-06 11:58:31.285 [info] > git cat-file -s 3d26195e4a63638c25105282ca32781b2961ac4e [1ms]
2023-09-06 11:58:31.353 [info] > git status -z -uall [118ms]
2023-09-06 11:58:32.266 [info] > git fetch [2068ms]
2023-09-06 11:58:32.266 [info] From https://github.com/aryan-212/AryanIsLearningGit
   669b2e5..6122360  master     -> origin/master
2023-09-06 11:58:32.277 [info] > git config --get commit.template [1ms]
2023-09-06 11:58:32.288 [info] > git for-each-ref --format=%(refname)%00%(upstream:short)%00%(objectname)%00%(upstream:track)%00%(upstream:remotename)%00%(upstream:remoteref) refs/heads/master refs/remotes/master [1ms]
2023-09-06 11:58:32.416 [info] > git status -z -uall [119ms]
2023-09-06 11:58:33.690 [info] > git fetch [4542ms]
2023-09-06 11:58:33.704 [info] > git config --get commit.template [1ms]
2023-09-06 11:58:33.719 [info] > git for-each-ref --format=%(refname)%00%(upstream:short)%00%(objectname)%00%(upstream:track)%00%(upstream:remotename)%00%(upstream:remoteref) refs/heads/master refs/remotes/master [2ms]
2023-09-06 11:58:33.734 [info] > git status -z -uall [5ms]
2023-09-06 11:58:34.613 [info] > git ls-files --stage -- /home/aryan/Coding/Web Development/svg_elements.html [11ms]
2023-09-06 11:58:34.624 [info] > git ls-files --stage -- /home/aryan/Coding/Data Structures/Hackerrank/notes1.txt [34ms]
2023-09-06 11:58:34.636 [info] > git cat-file -s 9db859658a423884ee379a165f3c2a57a8b89b04 [12ms]
2023-09-06 11:58:34.637 [info] > git ls-files --stage -- /home/aryan/.config/bspwm/bspwmrc [25ms]
2023-09-06 11:58:34.649 [info] > git cat-file -s 5858b50b486074a4aebc4252ca43aa5a486d59a0 [14ms]
2023-09-06 11:58:34.661 [info] > git cat-file -s 3d26195e4a63638c25105282ca32781b2961ac4e [13ms]
2023-09-06 11:58:34.677 [info] > git show --textconv :Web Development/svg_elements.html [15ms]
2023-09-06 11:58:34.691 [info] > git show --textconv :Data Structures/Hackerrank/notes1.txt [15ms]
2023-09-06 11:58:34.694 [info] > git show --textconv :bspwm/bspwmrc [3ms]
