2023-09-02 21:50:25.680 [info] Extension host with pid 14403 started
2023-09-02 21:50:25.811 [info] ExtensionService#_doActivateExtension vscode.emmet, startup: false, activationEvent: 'onLanguage'
2023-09-02 21:50:25.818 [info] ExtensionService#_doActivateExtension mshr-h.veriloghdl, startup: false, activationEvent: 'onLanguage:verilog'
2023-09-02 21:50:25.883 [info] ExtensionService#_doActivateExtension vscode.git-base, startup: true, activationEvent: '*', root cause: vscode.git
2023-09-02 21:50:25.887 [info] ExtensionService#_doActivateExtension vscode.git, startup: true, activationEvent: '*'
2023-09-02 21:50:25.904 [info] ExtensionService#_doActivateExtension vscode.github, startup: true, activationEvent: '*'
2023-09-02 21:50:25.942 [info] Eager extensions activated
2023-09-02 21:50:25.978 [info] ExtensionService#_doActivateExtension vscode.debug-auto-launch, startup: false, activationEvent: 'onStartupFinished'
2023-09-02 21:50:25.980 [info] ExtensionService#_doActivateExtension vscode.merge-conflict, startup: false, activationEvent: 'onStartupFinished'
2023-09-02 21:50:25.985 [info] ExtensionService#_doActivateExtension formulahendry.code-runner, startup: false, activationEvent: 'onStartupFinished'
2023-09-02 21:50:26.002 [info] ExtensionService#_doActivateExtension PKief.material-icon-theme, startup: false, activationEvent: 'onStartupFinished'
2023-09-02 21:50:26.010 [info] ExtensionService#_doActivateExtension ritwickdey.LiveServer, startup: false, activationEvent: 'onStartupFinished'
2023-09-02 21:50:27.779 [error] [mshr-h.veriloghdl] provider FAILED
2023-09-02 21:50:27.781 [error] TypeError: Cannot read properties of undefined (reading 'then')
	at /home/aryan/.vscode-oss/extensions/mshr-h.veriloghdl-1.5.11-universal/dist/main.js:61:47855
	at new Promise (<anonymous>)
	at Vc.index (/home/aryan/.vscode-oss/extensions/mshr-h.veriloghdl-1.5.11-universal/dist/main.js:61:47800)
	at Ti.<anonymous> (/home/aryan/.vscode-oss/extensions/mshr-h.veriloghdl-1.5.11-universal/dist/main.js:61:48360)
	at Generator.next (<anonymous>)
	at /home/aryan/.vscode-oss/extensions/mshr-h.veriloghdl-1.5.11-universal/dist/main.js:1:908
	at new Promise (<anonymous>)
	at tt (/home/aryan/.vscode-oss/extensions/mshr-h.veriloghdl-1.5.11-universal/dist/main.js:1:728)
	at Ti.getSymbols (/home/aryan/.vscode-oss/extensions/mshr-h.veriloghdl-1.5.11-universal/dist/main.js:61:48226)
	at t3.<anonymous> (/home/aryan/.vscode-oss/extensions/mshr-h.veriloghdl-1.5.11-universal/dist/main.js:584:6390)
	at Generator.next (<anonymous>)
	at /home/aryan/.vscode-oss/extensions/mshr-h.veriloghdl-1.5.11-universal/dist/main.js:1:908
	at new Promise (<anonymous>)
	at tt (/home/aryan/.vscode-oss/extensions/mshr-h.veriloghdl-1.5.11-universal/dist/main.js:1:728)
	at t3.provideDocumentSymbols (/home/aryan/.vscode-oss/extensions/mshr-h.veriloghdl-1.5.11-universal/dist/main.js:584:6274)
	at n.provideDocumentSymbols (/usr/lib/code/out/vs/workbench/api/node/extensionHostProcess.js:104:37156)
	at /usr/lib/code/out/vs/workbench/api/node/extensionHostProcess.js:104:63464
	at le.s (/usr/lib/code/out/vs/workbench/api/node/extensionHostProcess.js:104:62744)
	at le.$provideDocumentSymbols (/usr/lib/code/out/vs/workbench/api/node/extensionHostProcess.js:104:63453)
	at t.N (/usr/lib/code/out/vs/workbench/api/node/extensionHostProcess.js:114:7983)
	at t.M (/usr/lib/code/out/vs/workbench/api/node/extensionHostProcess.js:114:7749)
	at t.H (/usr/lib/code/out/vs/workbench/api/node/extensionHostProcess.js:114:6791)
	at t.G (/usr/lib/code/out/vs/workbench/api/node/extensionHostProcess.js:114:5906)
	at r.value (/usr/lib/code/out/vs/workbench/api/node/extensionHostProcess.js:114:4736)
	at f.w (/usr/lib/code/out/vs/workbench/api/node/extensionHostProcess.js:63:1902)
	at f.fire (/usr/lib/code/out/vs/workbench/api/node/extensionHostProcess.js:63:2119)
	at y.fire (/usr/lib/code/out/vs/workbench/api/node/extensionHostProcess.js:79:13931)
	at r.value (/usr/lib/code/out/vs/workbench/api/node/extensionHostProcess.js:130:30355)
	at f.w (/usr/lib/code/out/vs/workbench/api/node/extensionHostProcess.js:63:1902)
	at f.fire (/usr/lib/code/out/vs/workbench/api/node/extensionHostProcess.js:63:2119)
	at y.fire (/usr/lib/code/out/vs/workbench/api/node/extensionHostProcess.js:79:13931)
	at MessagePortMain.<anonymous> (/usr/lib/code/out/vs/workbench/api/node/extensionHostProcess.js:130:28635)
	at MessagePortMain.emit (node:events:513:28)
	at MessagePortMain._internalPort.emit (node:electron/js2c/utility_init:2:367)
2023-09-02 21:50:27.845 [error] [mshr-h.veriloghdl] provider FAILED
2023-09-02 21:50:27.846 [error] TypeError: Cannot read properties of undefined (reading 'then')
	at /home/aryan/.vscode-oss/extensions/mshr-h.veriloghdl-1.5.11-universal/dist/main.js:61:47855
	at new Promise (<anonymous>)
	at Vc.index (/home/aryan/.vscode-oss/extensions/mshr-h.veriloghdl-1.5.11-universal/dist/main.js:61:47800)
	at Ti.<anonymous> (/home/aryan/.vscode-oss/extensions/mshr-h.veriloghdl-1.5.11-universal/dist/main.js:61:48360)
	at Generator.next (<anonymous>)
	at /home/aryan/.vscode-oss/extensions/mshr-h.veriloghdl-1.5.11-universal/dist/main.js:1:908
	at new Promise (<anonymous>)
	at tt (/home/aryan/.vscode-oss/extensions/mshr-h.veriloghdl-1.5.11-universal/dist/main.js:1:728)
	at Ti.getSymbols (/home/aryan/.vscode-oss/extensions/mshr-h.veriloghdl-1.5.11-universal/dist/main.js:61:48226)
	at n3.<anonymous> (/home/aryan/.vscode-oss/extensions/mshr-h.veriloghdl-1.5.11-universal/dist/main.js:584:8220)
	at Generator.next (<anonymous>)
	at /home/aryan/.vscode-oss/extensions/mshr-h.veriloghdl-1.5.11-universal/dist/main.js:1:908
	at new Promise (<anonymous>)
	at tt (/home/aryan/.vscode-oss/extensions/mshr-h.veriloghdl-1.5.11-universal/dist/main.js:1:728)
	at n3.provideHover (/home/aryan/.vscode-oss/extensions/mshr-h.veriloghdl-1.5.11-universal/dist/main.js:584:8072)
	at l.provideHover (/usr/lib/code/out/vs/workbench/api/node/extensionHostProcess.js:104:39878)
	at /usr/lib/code/out/vs/workbench/api/node/extensionHostProcess.js:104:65280
	at le.s (/usr/lib/code/out/vs/workbench/api/node/extensionHostProcess.js:104:62744)
	at le.$provideHover (/usr/lib/code/out/vs/workbench/api/node/extensionHostProcess.js:104:65267)
	at t.N (/usr/lib/code/out/vs/workbench/api/node/extensionHostProcess.js:114:7983)
	at t.M (/usr/lib/code/out/vs/workbench/api/node/extensionHostProcess.js:114:7749)
	at t.H (/usr/lib/code/out/vs/workbench/api/node/extensionHostProcess.js:114:6791)
	at t.G (/usr/lib/code/out/vs/workbench/api/node/extensionHostProcess.js:114:5906)
	at r.value (/usr/lib/code/out/vs/workbench/api/node/extensionHostProcess.js:114:4736)
	at f.w (/usr/lib/code/out/vs/workbench/api/node/extensionHostProcess.js:63:1902)
	at f.fire (/usr/lib/code/out/vs/workbench/api/node/extensionHostProcess.js:63:2119)
	at y.fire (/usr/lib/code/out/vs/workbench/api/node/extensionHostProcess.js:79:13931)
	at r.value (/usr/lib/code/out/vs/workbench/api/node/extensionHostProcess.js:130:30355)
	at f.w (/usr/lib/code/out/vs/workbench/api/node/extensionHostProcess.js:63:1902)
	at f.fire (/usr/lib/code/out/vs/workbench/api/node/extensionHostProcess.js:63:2119)
	at y.fire (/usr/lib/code/out/vs/workbench/api/node/extensionHostProcess.js:79:13931)
	at MessagePortMain.<anonymous> (/usr/lib/code/out/vs/workbench/api/node/extensionHostProcess.js:130:28635)
	at MessagePortMain.emit (node:events:513:28)
	at MessagePortMain._internalPort.emit (node:electron/js2c/utility_init:2:367)
2023-09-02 21:50:28.078 [error] [mshr-h.veriloghdl] provider FAILED
2023-09-02 21:50:28.078 [error] TypeError: Cannot read properties of undefined (reading 'then')
	at /home/aryan/.vscode-oss/extensions/mshr-h.veriloghdl-1.5.11-universal/dist/main.js:61:47855
	at new Promise (<anonymous>)
	at Vc.index (/home/aryan/.vscode-oss/extensions/mshr-h.veriloghdl-1.5.11-universal/dist/main.js:61:47800)
	at Ti.<anonymous> (/home/aryan/.vscode-oss/extensions/mshr-h.veriloghdl-1.5.11-universal/dist/main.js:61:48360)
	at Generator.next (<anonymous>)
	at /home/aryan/.vscode-oss/extensions/mshr-h.veriloghdl-1.5.11-universal/dist/main.js:1:908
	at new Promise (<anonymous>)
	at tt (/home/aryan/.vscode-oss/extensions/mshr-h.veriloghdl-1.5.11-universal/dist/main.js:1:728)
	at Ti.getSymbols (/home/aryan/.vscode-oss/extensions/mshr-h.veriloghdl-1.5.11-universal/dist/main.js:61:48226)
	at n3.<anonymous> (/home/aryan/.vscode-oss/extensions/mshr-h.veriloghdl-1.5.11-universal/dist/main.js:584:8220)
	at Generator.next (<anonymous>)
	at /home/aryan/.vscode-oss/extensions/mshr-h.veriloghdl-1.5.11-universal/dist/main.js:1:908
	at new Promise (<anonymous>)
	at tt (/home/aryan/.vscode-oss/extensions/mshr-h.veriloghdl-1.5.11-universal/dist/main.js:1:728)
	at n3.provideHover (/home/aryan/.vscode-oss/extensions/mshr-h.veriloghdl-1.5.11-universal/dist/main.js:584:8072)
	at l.provideHover (/usr/lib/code/out/vs/workbench/api/node/extensionHostProcess.js:104:39878)
	at /usr/lib/code/out/vs/workbench/api/node/extensionHostProcess.js:104:65280
	at le.s (/usr/lib/code/out/vs/workbench/api/node/extensionHostProcess.js:104:62744)
	at le.$provideHover (/usr/lib/code/out/vs/workbench/api/node/extensionHostProcess.js:104:65267)
	at t.N (/usr/lib/code/out/vs/workbench/api/node/extensionHostProcess.js:114:7983)
	at t.M (/usr/lib/code/out/vs/workbench/api/node/extensionHostProcess.js:114:7749)
	at t.H (/usr/lib/code/out/vs/workbench/api/node/extensionHostProcess.js:114:6791)
	at t.G (/usr/lib/code/out/vs/workbench/api/node/extensionHostProcess.js:114:5906)
	at r.value (/usr/lib/code/out/vs/workbench/api/node/extensionHostProcess.js:114:4736)
	at f.w (/usr/lib/code/out/vs/workbench/api/node/extensionHostProcess.js:63:1902)
	at f.fire (/usr/lib/code/out/vs/workbench/api/node/extensionHostProcess.js:63:2119)
	at y.fire (/usr/lib/code/out/vs/workbench/api/node/extensionHostProcess.js:79:13931)
	at r.value (/usr/lib/code/out/vs/workbench/api/node/extensionHostProcess.js:130:30355)
	at f.w (/usr/lib/code/out/vs/workbench/api/node/extensionHostProcess.js:63:1902)
	at f.fire (/usr/lib/code/out/vs/workbench/api/node/extensionHostProcess.js:63:2119)
	at y.fire (/usr/lib/code/out/vs/workbench/api/node/extensionHostProcess.js:79:13931)
	at MessagePortMain.<anonymous> (/usr/lib/code/out/vs/workbench/api/node/extensionHostProcess.js:130:28635)
	at MessagePortMain.emit (node:events:513:28)
	at MessagePortMain._internalPort.emit (node:electron/js2c/utility_init:2:367)
2023-09-02 21:50:31.843 [error] [mshr-h.veriloghdl] provider FAILED
2023-09-02 21:50:31.844 [error] TypeError: Cannot read properties of undefined (reading 'then')
	at /home/aryan/.vscode-oss/extensions/mshr-h.veriloghdl-1.5.11-universal/dist/main.js:61:47855
	at new Promise (<anonymous>)
	at Vc.index (/home/aryan/.vscode-oss/extensions/mshr-h.veriloghdl-1.5.11-universal/dist/main.js:61:47800)
	at Ti.<anonymous> (/home/aryan/.vscode-oss/extensions/mshr-h.veriloghdl-1.5.11-universal/dist/main.js:61:48360)
	at Generator.next (<anonymous>)
	at /home/aryan/.vscode-oss/extensions/mshr-h.veriloghdl-1.5.11-universal/dist/main.js:1:908
	at new Promise (<anonymous>)
	at tt (/home/aryan/.vscode-oss/extensions/mshr-h.veriloghdl-1.5.11-universal/dist/main.js:1:728)
	at Ti.getSymbols (/home/aryan/.vscode-oss/extensions/mshr-h.veriloghdl-1.5.11-universal/dist/main.js:61:48226)
	at n3.<anonymous> (/home/aryan/.vscode-oss/extensions/mshr-h.veriloghdl-1.5.11-universal/dist/main.js:584:8220)
	at Generator.next (<anonymous>)
	at /home/aryan/.vscode-oss/extensions/mshr-h.veriloghdl-1.5.11-universal/dist/main.js:1:908
	at new Promise (<anonymous>)
	at tt (/home/aryan/.vscode-oss/extensions/mshr-h.veriloghdl-1.5.11-universal/dist/main.js:1:728)
	at n3.provideHover (/home/aryan/.vscode-oss/extensions/mshr-h.veriloghdl-1.5.11-universal/dist/main.js:584:8072)
	at l.provideHover (/usr/lib/code/out/vs/workbench/api/node/extensionHostProcess.js:104:39878)
	at /usr/lib/code/out/vs/workbench/api/node/extensionHostProcess.js:104:65280
	at le.s (/usr/lib/code/out/vs/workbench/api/node/extensionHostProcess.js:104:62744)
	at le.$provideHover (/usr/lib/code/out/vs/workbench/api/node/extensionHostProcess.js:104:65267)
	at t.N (/usr/lib/code/out/vs/workbench/api/node/extensionHostProcess.js:114:7983)
	at t.M (/usr/lib/code/out/vs/workbench/api/node/extensionHostProcess.js:114:7749)
	at t.H (/usr/lib/code/out/vs/workbench/api/node/extensionHostProcess.js:114:6791)
	at t.G (/usr/lib/code/out/vs/workbench/api/node/extensionHostProcess.js:114:5906)
	at r.value (/usr/lib/code/out/vs/workbench/api/node/extensionHostProcess.js:114:4736)
	at f.w (/usr/lib/code/out/vs/workbench/api/node/extensionHostProcess.js:63:1902)
	at f.fire (/usr/lib/code/out/vs/workbench/api/node/extensionHostProcess.js:63:2119)
	at y.fire (/usr/lib/code/out/vs/workbench/api/node/extensionHostProcess.js:79:13931)
	at r.value (/usr/lib/code/out/vs/workbench/api/node/extensionHostProcess.js:130:30355)
	at f.w (/usr/lib/code/out/vs/workbench/api/node/extensionHostProcess.js:63:1902)
	at f.fire (/usr/lib/code/out/vs/workbench/api/node/extensionHostProcess.js:63:2119)
	at y.fire (/usr/lib/code/out/vs/workbench/api/node/extensionHostProcess.js:79:13931)
	at MessagePortMain.<anonymous> (/usr/lib/code/out/vs/workbench/api/node/extensionHostProcess.js:130:28635)
	at MessagePortMain.emit (node:events:513:28)
	at MessagePortMain._internalPort.emit (node:electron/js2c/utility_init:2:367)
2023-09-02 21:50:32.145 [error] [mshr-h.veriloghdl] provider FAILED
2023-09-02 21:50:32.145 [error] TypeError: Cannot read properties of undefined (reading 'then')
	at /home/aryan/.vscode-oss/extensions/mshr-h.veriloghdl-1.5.11-universal/dist/main.js:61:47855
	at new Promise (<anonymous>)
	at Vc.index (/home/aryan/.vscode-oss/extensions/mshr-h.veriloghdl-1.5.11-universal/dist/main.js:61:47800)
	at Ti.<anonymous> (/home/aryan/.vscode-oss/extensions/mshr-h.veriloghdl-1.5.11-universal/dist/main.js:61:48360)
	at Generator.next (<anonymous>)
	at /home/aryan/.vscode-oss/extensions/mshr-h.veriloghdl-1.5.11-universal/dist/main.js:1:908
	at new Promise (<anonymous>)
	at tt (/home/aryan/.vscode-oss/extensions/mshr-h.veriloghdl-1.5.11-universal/dist/main.js:1:728)
	at Ti.getSymbols (/home/aryan/.vscode-oss/extensions/mshr-h.veriloghdl-1.5.11-universal/dist/main.js:61:48226)
	at n3.<anonymous> (/home/aryan/.vscode-oss/extensions/mshr-h.veriloghdl-1.5.11-universal/dist/main.js:584:8220)
	at Generator.next (<anonymous>)
	at /home/aryan/.vscode-oss/extensions/mshr-h.veriloghdl-1.5.11-universal/dist/main.js:1:908
	at new Promise (<anonymous>)
	at tt (/home/aryan/.vscode-oss/extensions/mshr-h.veriloghdl-1.5.11-universal/dist/main.js:1:728)
	at n3.provideHover (/home/aryan/.vscode-oss/extensions/mshr-h.veriloghdl-1.5.11-universal/dist/main.js:584:8072)
	at l.provideHover (/usr/lib/code/out/vs/workbench/api/node/extensionHostProcess.js:104:39878)
	at /usr/lib/code/out/vs/workbench/api/node/extensionHostProcess.js:104:65280
	at le.s (/usr/lib/code/out/vs/workbench/api/node/extensionHostProcess.js:104:62744)
	at le.$provideHover (/usr/lib/code/out/vs/workbench/api/node/extensionHostProcess.js:104:65267)
	at t.N (/usr/lib/code/out/vs/workbench/api/node/extensionHostProcess.js:114:7983)
	at t.M (/usr/lib/code/out/vs/workbench/api/node/extensionHostProcess.js:114:7749)
	at t.H (/usr/lib/code/out/vs/workbench/api/node/extensionHostProcess.js:114:6791)
	at t.G (/usr/lib/code/out/vs/workbench/api/node/extensionHostProcess.js:114:5906)
	at r.value (/usr/lib/code/out/vs/workbench/api/node/extensionHostProcess.js:114:4736)
	at f.w (/usr/lib/code/out/vs/workbench/api/node/extensionHostProcess.js:63:1902)
	at f.fire (/usr/lib/code/out/vs/workbench/api/node/extensionHostProcess.js:63:2119)
	at y.fire (/usr/lib/code/out/vs/workbench/api/node/extensionHostProcess.js:79:13931)
	at r.value (/usr/lib/code/out/vs/workbench/api/node/extensionHostProcess.js:130:30355)
	at f.w (/usr/lib/code/out/vs/workbench/api/node/extensionHostProcess.js:63:1902)
	at f.fire (/usr/lib/code/out/vs/workbench/api/node/extensionHostProcess.js:63:2119)
	at y.fire (/usr/lib/code/out/vs/workbench/api/node/extensionHostProcess.js:79:13931)
	at MessagePortMain.<anonymous> (/usr/lib/code/out/vs/workbench/api/node/extensionHostProcess.js:130:28635)
	at MessagePortMain.emit (node:events:513:28)
	at MessagePortMain._internalPort.emit (node:electron/js2c/utility_init:2:367)
2023-09-02 21:50:33.770 [error] [mshr-h.veriloghdl] provider FAILED
2023-09-02 21:50:33.771 [error] TypeError: Cannot read properties of undefined (reading 'then')
	at /home/aryan/.vscode-oss/extensions/mshr-h.veriloghdl-1.5.11-universal/dist/main.js:61:47855
	at new Promise (<anonymous>)
	at Vc.index (/home/aryan/.vscode-oss/extensions/mshr-h.veriloghdl-1.5.11-universal/dist/main.js:61:47800)
	at Ti.<anonymous> (/home/aryan/.vscode-oss/extensions/mshr-h.veriloghdl-1.5.11-universal/dist/main.js:61:48360)
	at Generator.next (<anonymous>)
	at /home/aryan/.vscode-oss/extensions/mshr-h.veriloghdl-1.5.11-universal/dist/main.js:1:908
	at new Promise (<anonymous>)
	at tt (/home/aryan/.vscode-oss/extensions/mshr-h.veriloghdl-1.5.11-universal/dist/main.js:1:728)
	at Ti.getSymbols (/home/aryan/.vscode-oss/extensions/mshr-h.veriloghdl-1.5.11-universal/dist/main.js:61:48226)
	at t3.<anonymous> (/home/aryan/.vscode-oss/extensions/mshr-h.veriloghdl-1.5.11-universal/dist/main.js:584:6390)
	at Generator.next (<anonymous>)
	at /home/aryan/.vscode-oss/extensions/mshr-h.veriloghdl-1.5.11-universal/dist/main.js:1:908
	at new Promise (<anonymous>)
	at tt (/home/aryan/.vscode-oss/extensions/mshr-h.veriloghdl-1.5.11-universal/dist/main.js:1:728)
	at t3.provideDocumentSymbols (/home/aryan/.vscode-oss/extensions/mshr-h.veriloghdl-1.5.11-universal/dist/main.js:584:6274)
	at n.provideDocumentSymbols (/usr/lib/code/out/vs/workbench/api/node/extensionHostProcess.js:104:37156)
	at /usr/lib/code/out/vs/workbench/api/node/extensionHostProcess.js:104:63464
	at le.s (/usr/lib/code/out/vs/workbench/api/node/extensionHostProcess.js:104:62744)
	at le.$provideDocumentSymbols (/usr/lib/code/out/vs/workbench/api/node/extensionHostProcess.js:104:63453)
	at t.N (/usr/lib/code/out/vs/workbench/api/node/extensionHostProcess.js:114:7983)
	at t.M (/usr/lib/code/out/vs/workbench/api/node/extensionHostProcess.js:114:7749)
	at t.H (/usr/lib/code/out/vs/workbench/api/node/extensionHostProcess.js:114:6791)
	at t.G (/usr/lib/code/out/vs/workbench/api/node/extensionHostProcess.js:114:5906)
	at r.value (/usr/lib/code/out/vs/workbench/api/node/extensionHostProcess.js:114:4736)
	at f.w (/usr/lib/code/out/vs/workbench/api/node/extensionHostProcess.js:63:1902)
	at f.fire (/usr/lib/code/out/vs/workbench/api/node/extensionHostProcess.js:63:2119)
	at y.fire (/usr/lib/code/out/vs/workbench/api/node/extensionHostProcess.js:79:13931)
	at r.value (/usr/lib/code/out/vs/workbench/api/node/extensionHostProcess.js:130:30355)
	at f.w (/usr/lib/code/out/vs/workbench/api/node/extensionHostProcess.js:63:1902)
	at f.fire (/usr/lib/code/out/vs/workbench/api/node/extensionHostProcess.js:63:2119)
	at y.fire (/usr/lib/code/out/vs/workbench/api/node/extensionHostProcess.js:79:13931)
	at MessagePortMain.<anonymous> (/usr/lib/code/out/vs/workbench/api/node/extensionHostProcess.js:130:28635)
	at MessagePortMain.emit (node:events:513:28)
	at MessagePortMain._internalPort.emit (node:electron/js2c/utility_init:2:367)
2023-09-02 21:50:38.326 [error] [mshr-h.veriloghdl] provider FAILED
2023-09-02 21:50:38.326 [error] TypeError: Cannot read properties of undefined (reading 'then')
	at /home/aryan/.vscode-oss/extensions/mshr-h.veriloghdl-1.5.11-universal/dist/main.js:61:47855
	at new Promise (<anonymous>)
	at Vc.index (/home/aryan/.vscode-oss/extensions/mshr-h.veriloghdl-1.5.11-universal/dist/main.js:61:47800)
	at Ti.<anonymous> (/home/aryan/.vscode-oss/extensions/mshr-h.veriloghdl-1.5.11-universal/dist/main.js:61:48360)
	at Generator.next (<anonymous>)
	at /home/aryan/.vscode-oss/extensions/mshr-h.veriloghdl-1.5.11-universal/dist/main.js:1:908
	at new Promise (<anonymous>)
	at tt (/home/aryan/.vscode-oss/extensions/mshr-h.veriloghdl-1.5.11-universal/dist/main.js:1:728)
	at Ti.getSymbols (/home/aryan/.vscode-oss/extensions/mshr-h.veriloghdl-1.5.11-universal/dist/main.js:61:48226)
	at n3.<anonymous> (/home/aryan/.vscode-oss/extensions/mshr-h.veriloghdl-1.5.11-universal/dist/main.js:584:8220)
	at Generator.next (<anonymous>)
	at /home/aryan/.vscode-oss/extensions/mshr-h.veriloghdl-1.5.11-universal/dist/main.js:1:908
	at new Promise (<anonymous>)
	at tt (/home/aryan/.vscode-oss/extensions/mshr-h.veriloghdl-1.5.11-universal/dist/main.js:1:728)
	at n3.provideHover (/home/aryan/.vscode-oss/extensions/mshr-h.veriloghdl-1.5.11-universal/dist/main.js:584:8072)
	at l.provideHover (/usr/lib/code/out/vs/workbench/api/node/extensionHostProcess.js:104:39878)
	at /usr/lib/code/out/vs/workbench/api/node/extensionHostProcess.js:104:65280
	at le.s (/usr/lib/code/out/vs/workbench/api/node/extensionHostProcess.js:104:62744)
	at le.$provideHover (/usr/lib/code/out/vs/workbench/api/node/extensionHostProcess.js:104:65267)
	at t.N (/usr/lib/code/out/vs/workbench/api/node/extensionHostProcess.js:114:7983)
	at t.M (/usr/lib/code/out/vs/workbench/api/node/extensionHostProcess.js:114:7749)
	at t.H (/usr/lib/code/out/vs/workbench/api/node/extensionHostProcess.js:114:6791)
	at t.G (/usr/lib/code/out/vs/workbench/api/node/extensionHostProcess.js:114:5906)
	at r.value (/usr/lib/code/out/vs/workbench/api/node/extensionHostProcess.js:114:4736)
	at f.w (/usr/lib/code/out/vs/workbench/api/node/extensionHostProcess.js:63:1902)
	at f.fire (/usr/lib/code/out/vs/workbench/api/node/extensionHostProcess.js:63:2119)
	at y.fire (/usr/lib/code/out/vs/workbench/api/node/extensionHostProcess.js:79:13931)
	at r.value (/usr/lib/code/out/vs/workbench/api/node/extensionHostProcess.js:130:30355)
	at f.w (/usr/lib/code/out/vs/workbench/api/node/extensionHostProcess.js:63:1902)
	at f.fire (/usr/lib/code/out/vs/workbench/api/node/extensionHostProcess.js:63:2119)
	at y.fire (/usr/lib/code/out/vs/workbench/api/node/extensionHostProcess.js:79:13931)
	at MessagePortMain.<anonymous> (/usr/lib/code/out/vs/workbench/api/node/extensionHostProcess.js:130:28635)
	at MessagePortMain.emit (node:events:513:28)
	at MessagePortMain._internalPort.emit (node:electron/js2c/utility_init:2:367)
2023-09-02 21:50:38.622 [error] [mshr-h.veriloghdl] provider FAILED
2023-09-02 21:50:38.622 [error] TypeError: Cannot read properties of undefined (reading 'then')
	at /home/aryan/.vscode-oss/extensions/mshr-h.veriloghdl-1.5.11-universal/dist/main.js:61:47855
	at new Promise (<anonymous>)
	at Vc.index (/home/aryan/.vscode-oss/extensions/mshr-h.veriloghdl-1.5.11-universal/dist/main.js:61:47800)
	at Ti.<anonymous> (/home/aryan/.vscode-oss/extensions/mshr-h.veriloghdl-1.5.11-universal/dist/main.js:61:48360)
	at Generator.next (<anonymous>)
	at /home/aryan/.vscode-oss/extensions/mshr-h.veriloghdl-1.5.11-universal/dist/main.js:1:908
	at new Promise (<anonymous>)
	at tt (/home/aryan/.vscode-oss/extensions/mshr-h.veriloghdl-1.5.11-universal/dist/main.js:1:728)
	at Ti.getSymbols (/home/aryan/.vscode-oss/extensions/mshr-h.veriloghdl-1.5.11-universal/dist/main.js:61:48226)
	at n3.<anonymous> (/home/aryan/.vscode-oss/extensions/mshr-h.veriloghdl-1.5.11-universal/dist/main.js:584:8220)
	at Generator.next (<anonymous>)
	at /home/aryan/.vscode-oss/extensions/mshr-h.veriloghdl-1.5.11-universal/dist/main.js:1:908
	at new Promise (<anonymous>)
	at tt (/home/aryan/.vscode-oss/extensions/mshr-h.veriloghdl-1.5.11-universal/dist/main.js:1:728)
	at n3.provideHover (/home/aryan/.vscode-oss/extensions/mshr-h.veriloghdl-1.5.11-universal/dist/main.js:584:8072)
	at l.provideHover (/usr/lib/code/out/vs/workbench/api/node/extensionHostProcess.js:104:39878)
	at /usr/lib/code/out/vs/workbench/api/node/extensionHostProcess.js:104:65280
	at le.s (/usr/lib/code/out/vs/workbench/api/node/extensionHostProcess.js:104:62744)
	at le.$provideHover (/usr/lib/code/out/vs/workbench/api/node/extensionHostProcess.js:104:65267)
	at t.N (/usr/lib/code/out/vs/workbench/api/node/extensionHostProcess.js:114:7983)
	at t.M (/usr/lib/code/out/vs/workbench/api/node/extensionHostProcess.js:114:7749)
	at t.H (/usr/lib/code/out/vs/workbench/api/node/extensionHostProcess.js:114:6791)
	at t.G (/usr/lib/code/out/vs/workbench/api/node/extensionHostProcess.js:114:5906)
	at r.value (/usr/lib/code/out/vs/workbench/api/node/extensionHostProcess.js:114:4736)
	at f.w (/usr/lib/code/out/vs/workbench/api/node/extensionHostProcess.js:63:1902)
	at f.fire (/usr/lib/code/out/vs/workbench/api/node/extensionHostProcess.js:63:2119)
	at y.fire (/usr/lib/code/out/vs/workbench/api/node/extensionHostProcess.js:79:13931)
	at r.value (/usr/lib/code/out/vs/workbench/api/node/extensionHostProcess.js:130:30355)
	at f.w (/usr/lib/code/out/vs/workbench/api/node/extensionHostProcess.js:63:1902)
	at f.fire (/usr/lib/code/out/vs/workbench/api/node/extensionHostProcess.js:63:2119)
	at y.fire (/usr/lib/code/out/vs/workbench/api/node/extensionHostProcess.js:79:13931)
	at MessagePortMain.<anonymous> (/usr/lib/code/out/vs/workbench/api/node/extensionHostProcess.js:130:28635)
	at MessagePortMain.emit (node:events:513:28)
	at MessagePortMain._internalPort.emit (node:electron/js2c/utility_init:2:367)
2023-09-02 21:50:38.976 [error] [mshr-h.veriloghdl] provider FAILED
2023-09-02 21:50:38.977 [error] TypeError: Cannot read properties of undefined (reading 'then')
	at /home/aryan/.vscode-oss/extensions/mshr-h.veriloghdl-1.5.11-universal/dist/main.js:61:47855
	at new Promise (<anonymous>)
	at Vc.index (/home/aryan/.vscode-oss/extensions/mshr-h.veriloghdl-1.5.11-universal/dist/main.js:61:47800)
	at Ti.<anonymous> (/home/aryan/.vscode-oss/extensions/mshr-h.veriloghdl-1.5.11-universal/dist/main.js:61:48360)
	at Generator.next (<anonymous>)
	at /home/aryan/.vscode-oss/extensions/mshr-h.veriloghdl-1.5.11-universal/dist/main.js:1:908
	at new Promise (<anonymous>)
	at tt (/home/aryan/.vscode-oss/extensions/mshr-h.veriloghdl-1.5.11-universal/dist/main.js:1:728)
	at Ti.getSymbols (/home/aryan/.vscode-oss/extensions/mshr-h.veriloghdl-1.5.11-universal/dist/main.js:61:48226)
	at n3.<anonymous> (/home/aryan/.vscode-oss/extensions/mshr-h.veriloghdl-1.5.11-universal/dist/main.js:584:8220)
	at Generator.next (<anonymous>)
	at /home/aryan/.vscode-oss/extensions/mshr-h.veriloghdl-1.5.11-universal/dist/main.js:1:908
	at new Promise (<anonymous>)
	at tt (/home/aryan/.vscode-oss/extensions/mshr-h.veriloghdl-1.5.11-universal/dist/main.js:1:728)
	at n3.provideHover (/home/aryan/.vscode-oss/extensions/mshr-h.veriloghdl-1.5.11-universal/dist/main.js:584:8072)
	at l.provideHover (/usr/lib/code/out/vs/workbench/api/node/extensionHostProcess.js:104:39878)
	at /usr/lib/code/out/vs/workbench/api/node/extensionHostProcess.js:104:65280
	at le.s (/usr/lib/code/out/vs/workbench/api/node/extensionHostProcess.js:104:62744)
	at le.$provideHover (/usr/lib/code/out/vs/workbench/api/node/extensionHostProcess.js:104:65267)
	at t.N (/usr/lib/code/out/vs/workbench/api/node/extensionHostProcess.js:114:7983)
	at t.M (/usr/lib/code/out/vs/workbench/api/node/extensionHostProcess.js:114:7749)
	at t.H (/usr/lib/code/out/vs/workbench/api/node/extensionHostProcess.js:114:6791)
	at t.G (/usr/lib/code/out/vs/workbench/api/node/extensionHostProcess.js:114:5906)
	at r.value (/usr/lib/code/out/vs/workbench/api/node/extensionHostProcess.js:114:4736)
	at f.w (/usr/lib/code/out/vs/workbench/api/node/extensionHostProcess.js:63:1902)
	at f.fire (/usr/lib/code/out/vs/workbench/api/node/extensionHostProcess.js:63:2119)
	at y.fire (/usr/lib/code/out/vs/workbench/api/node/extensionHostProcess.js:79:13931)
	at r.value (/usr/lib/code/out/vs/workbench/api/node/extensionHostProcess.js:130:30355)
	at f.w (/usr/lib/code/out/vs/workbench/api/node/extensionHostProcess.js:63:1902)
	at f.fire (/usr/lib/code/out/vs/workbench/api/node/extensionHostProcess.js:63:2119)
	at y.fire (/usr/lib/code/out/vs/workbench/api/node/extensionHostProcess.js:79:13931)
	at MessagePortMain.<anonymous> (/usr/lib/code/out/vs/workbench/api/node/extensionHostProcess.js:130:28635)
	at MessagePortMain.emit (node:events:513:28)
	at MessagePortMain._internalPort.emit (node:electron/js2c/utility_init:2:367)
2023-09-02 21:50:39.176 [error] [mshr-h.veriloghdl] provider FAILED
2023-09-02 21:50:39.177 [error] TypeError: Cannot read properties of undefined (reading 'then')
	at /home/aryan/.vscode-oss/extensions/mshr-h.veriloghdl-1.5.11-universal/dist/main.js:61:47855
	at new Promise (<anonymous>)
	at Vc.index (/home/aryan/.vscode-oss/extensions/mshr-h.veriloghdl-1.5.11-universal/dist/main.js:61:47800)
	at Ti.<anonymous> (/home/aryan/.vscode-oss/extensions/mshr-h.veriloghdl-1.5.11-universal/dist/main.js:61:48360)
	at Generator.next (<anonymous>)
	at /home/aryan/.vscode-oss/extensions/mshr-h.veriloghdl-1.5.11-universal/dist/main.js:1:908
	at new Promise (<anonymous>)
	at tt (/home/aryan/.vscode-oss/extensions/mshr-h.veriloghdl-1.5.11-universal/dist/main.js:1:728)
	at Ti.getSymbols (/home/aryan/.vscode-oss/extensions/mshr-h.veriloghdl-1.5.11-universal/dist/main.js:61:48226)
	at n3.<anonymous> (/home/aryan/.vscode-oss/extensions/mshr-h.veriloghdl-1.5.11-universal/dist/main.js:584:8220)
	at Generator.next (<anonymous>)
	at /home/aryan/.vscode-oss/extensions/mshr-h.veriloghdl-1.5.11-universal/dist/main.js:1:908
	at new Promise (<anonymous>)
	at tt (/home/aryan/.vscode-oss/extensions/mshr-h.veriloghdl-1.5.11-universal/dist/main.js:1:728)
	at n3.provideHover (/home/aryan/.vscode-oss/extensions/mshr-h.veriloghdl-1.5.11-universal/dist/main.js:584:8072)
	at l.provideHover (/usr/lib/code/out/vs/workbench/api/node/extensionHostProcess.js:104:39878)
	at /usr/lib/code/out/vs/workbench/api/node/extensionHostProcess.js:104:65280
	at le.s (/usr/lib/code/out/vs/workbench/api/node/extensionHostProcess.js:104:62744)
	at le.$provideHover (/usr/lib/code/out/vs/workbench/api/node/extensionHostProcess.js:104:65267)
	at t.N (/usr/lib/code/out/vs/workbench/api/node/extensionHostProcess.js:114:7983)
	at t.M (/usr/lib/code/out/vs/workbench/api/node/extensionHostProcess.js:114:7749)
	at t.H (/usr/lib/code/out/vs/workbench/api/node/extensionHostProcess.js:114:6791)
	at t.G (/usr/lib/code/out/vs/workbench/api/node/extensionHostProcess.js:114:5906)
	at r.value (/usr/lib/code/out/vs/workbench/api/node/extensionHostProcess.js:114:4736)
	at f.w (/usr/lib/code/out/vs/workbench/api/node/extensionHostProcess.js:63:1902)
	at f.fire (/usr/lib/code/out/vs/workbench/api/node/extensionHostProcess.js:63:2119)
	at y.fire (/usr/lib/code/out/vs/workbench/api/node/extensionHostProcess.js:79:13931)
	at r.value (/usr/lib/code/out/vs/workbench/api/node/extensionHostProcess.js:130:30355)
	at f.w (/usr/lib/code/out/vs/workbench/api/node/extensionHostProcess.js:63:1902)
	at f.fire (/usr/lib/code/out/vs/workbench/api/node/extensionHostProcess.js:63:2119)
	at y.fire (/usr/lib/code/out/vs/workbench/api/node/extensionHostProcess.js:79:13931)
	at MessagePortMain.<anonymous> (/usr/lib/code/out/vs/workbench/api/node/extensionHostProcess.js:130:28635)
	at MessagePortMain.emit (node:events:513:28)
	at MessagePortMain._internalPort.emit (node:electron/js2c/utility_init:2:367)
2023-09-02 21:50:39.460 [error] [mshr-h.veriloghdl] provider FAILED
2023-09-02 21:50:39.460 [error] TypeError: Cannot read properties of undefined (reading 'then')
	at /home/aryan/.vscode-oss/extensions/mshr-h.veriloghdl-1.5.11-universal/dist/main.js:61:47855
	at new Promise (<anonymous>)
	at Vc.index (/home/aryan/.vscode-oss/extensions/mshr-h.veriloghdl-1.5.11-universal/dist/main.js:61:47800)
	at Ti.<anonymous> (/home/aryan/.vscode-oss/extensions/mshr-h.veriloghdl-1.5.11-universal/dist/main.js:61:48360)
	at Generator.next (<anonymous>)
	at /home/aryan/.vscode-oss/extensions/mshr-h.veriloghdl-1.5.11-universal/dist/main.js:1:908
	at new Promise (<anonymous>)
	at tt (/home/aryan/.vscode-oss/extensions/mshr-h.veriloghdl-1.5.11-universal/dist/main.js:1:728)
	at Ti.getSymbols (/home/aryan/.vscode-oss/extensions/mshr-h.veriloghdl-1.5.11-universal/dist/main.js:61:48226)
	at n3.<anonymous> (/home/aryan/.vscode-oss/extensions/mshr-h.veriloghdl-1.5.11-universal/dist/main.js:584:8220)
	at Generator.next (<anonymous>)
	at /home/aryan/.vscode-oss/extensions/mshr-h.veriloghdl-1.5.11-universal/dist/main.js:1:908
	at new Promise (<anonymous>)
	at tt (/home/aryan/.vscode-oss/extensions/mshr-h.veriloghdl-1.5.11-universal/dist/main.js:1:728)
	at n3.provideHover (/home/aryan/.vscode-oss/extensions/mshr-h.veriloghdl-1.5.11-universal/dist/main.js:584:8072)
	at l.provideHover (/usr/lib/code/out/vs/workbench/api/node/extensionHostProcess.js:104:39878)
	at /usr/lib/code/out/vs/workbench/api/node/extensionHostProcess.js:104:65280
	at le.s (/usr/lib/code/out/vs/workbench/api/node/extensionHostProcess.js:104:62744)
	at le.$provideHover (/usr/lib/code/out/vs/workbench/api/node/extensionHostProcess.js:104:65267)
	at t.N (/usr/lib/code/out/vs/workbench/api/node/extensionHostProcess.js:114:7983)
	at t.M (/usr/lib/code/out/vs/workbench/api/node/extensionHostProcess.js:114:7749)
	at t.H (/usr/lib/code/out/vs/workbench/api/node/extensionHostProcess.js:114:6791)
	at t.G (/usr/lib/code/out/vs/workbench/api/node/extensionHostProcess.js:114:5906)
	at r.value (/usr/lib/code/out/vs/workbench/api/node/extensionHostProcess.js:114:4736)
	at f.w (/usr/lib/code/out/vs/workbench/api/node/extensionHostProcess.js:63:1902)
	at f.fire (/usr/lib/code/out/vs/workbench/api/node/extensionHostProcess.js:63:2119)
	at y.fire (/usr/lib/code/out/vs/workbench/api/node/extensionHostProcess.js:79:13931)
	at r.value (/usr/lib/code/out/vs/workbench/api/node/extensionHostProcess.js:130:30355)
	at f.w (/usr/lib/code/out/vs/workbench/api/node/extensionHostProcess.js:63:1902)
	at f.fire (/usr/lib/code/out/vs/workbench/api/node/extensionHostProcess.js:63:2119)
	at y.fire (/usr/lib/code/out/vs/workbench/api/node/extensionHostProcess.js:79:13931)
	at MessagePortMain.<anonymous> (/usr/lib/code/out/vs/workbench/api/node/extensionHostProcess.js:130:28635)
	at MessagePortMain.emit (node:events:513:28)
	at MessagePortMain._internalPort.emit (node:electron/js2c/utility_init:2:367)
2023-09-02 21:50:40.093 [error] [mshr-h.veriloghdl] provider FAILED
2023-09-02 21:50:40.093 [error] TypeError: Cannot read properties of undefined (reading 'then')
	at /home/aryan/.vscode-oss/extensions/mshr-h.veriloghdl-1.5.11-universal/dist/main.js:61:47855
	at new Promise (<anonymous>)
	at Vc.index (/home/aryan/.vscode-oss/extensions/mshr-h.veriloghdl-1.5.11-universal/dist/main.js:61:47800)
	at Ti.<anonymous> (/home/aryan/.vscode-oss/extensions/mshr-h.veriloghdl-1.5.11-universal/dist/main.js:61:48360)
	at Generator.next (<anonymous>)
	at /home/aryan/.vscode-oss/extensions/mshr-h.veriloghdl-1.5.11-universal/dist/main.js:1:908
	at new Promise (<anonymous>)
	at tt (/home/aryan/.vscode-oss/extensions/mshr-h.veriloghdl-1.5.11-universal/dist/main.js:1:728)
	at Ti.getSymbols (/home/aryan/.vscode-oss/extensions/mshr-h.veriloghdl-1.5.11-universal/dist/main.js:61:48226)
	at n3.<anonymous> (/home/aryan/.vscode-oss/extensions/mshr-h.veriloghdl-1.5.11-universal/dist/main.js:584:8220)
	at Generator.next (<anonymous>)
	at /home/aryan/.vscode-oss/extensions/mshr-h.veriloghdl-1.5.11-universal/dist/main.js:1:908
	at new Promise (<anonymous>)
	at tt (/home/aryan/.vscode-oss/extensions/mshr-h.veriloghdl-1.5.11-universal/dist/main.js:1:728)
	at n3.provideHover (/home/aryan/.vscode-oss/extensions/mshr-h.veriloghdl-1.5.11-universal/dist/main.js:584:8072)
	at l.provideHover (/usr/lib/code/out/vs/workbench/api/node/extensionHostProcess.js:104:39878)
	at /usr/lib/code/out/vs/workbench/api/node/extensionHostProcess.js:104:65280
	at le.s (/usr/lib/code/out/vs/workbench/api/node/extensionHostProcess.js:104:62744)
	at le.$provideHover (/usr/lib/code/out/vs/workbench/api/node/extensionHostProcess.js:104:65267)
	at t.N (/usr/lib/code/out/vs/workbench/api/node/extensionHostProcess.js:114:7983)
	at t.M (/usr/lib/code/out/vs/workbench/api/node/extensionHostProcess.js:114:7749)
	at t.H (/usr/lib/code/out/vs/workbench/api/node/extensionHostProcess.js:114:6791)
	at t.G (/usr/lib/code/out/vs/workbench/api/node/extensionHostProcess.js:114:5906)
	at r.value (/usr/lib/code/out/vs/workbench/api/node/extensionHostProcess.js:114:4736)
	at f.w (/usr/lib/code/out/vs/workbench/api/node/extensionHostProcess.js:63:1902)
	at f.fire (/usr/lib/code/out/vs/workbench/api/node/extensionHostProcess.js:63:2119)
	at y.fire (/usr/lib/code/out/vs/workbench/api/node/extensionHostProcess.js:79:13931)
	at r.value (/usr/lib/code/out/vs/workbench/api/node/extensionHostProcess.js:130:30355)
	at f.w (/usr/lib/code/out/vs/workbench/api/node/extensionHostProcess.js:63:1902)
	at f.fire (/usr/lib/code/out/vs/workbench/api/node/extensionHostProcess.js:63:2119)
	at y.fire (/usr/lib/code/out/vs/workbench/api/node/extensionHostProcess.js:79:13931)
	at MessagePortMain.<anonymous> (/usr/lib/code/out/vs/workbench/api/node/extensionHostProcess.js:130:28635)
	at MessagePortMain.emit (node:events:513:28)
	at MessagePortMain._internalPort.emit (node:electron/js2c/utility_init:2:367)
2023-09-02 21:50:40.393 [error] [mshr-h.veriloghdl] provider FAILED
2023-09-02 21:50:40.393 [error] TypeError: Cannot read properties of undefined (reading 'then')
	at /home/aryan/.vscode-oss/extensions/mshr-h.veriloghdl-1.5.11-universal/dist/main.js:61:47855
	at new Promise (<anonymous>)
	at Vc.index (/home/aryan/.vscode-oss/extensions/mshr-h.veriloghdl-1.5.11-universal/dist/main.js:61:47800)
	at Ti.<anonymous> (/home/aryan/.vscode-oss/extensions/mshr-h.veriloghdl-1.5.11-universal/dist/main.js:61:48360)
	at Generator.next (<anonymous>)
	at /home/aryan/.vscode-oss/extensions/mshr-h.veriloghdl-1.5.11-universal/dist/main.js:1:908
	at new Promise (<anonymous>)
	at tt (/home/aryan/.vscode-oss/extensions/mshr-h.veriloghdl-1.5.11-universal/dist/main.js:1:728)
	at Ti.getSymbols (/home/aryan/.vscode-oss/extensions/mshr-h.veriloghdl-1.5.11-universal/dist/main.js:61:48226)
	at n3.<anonymous> (/home/aryan/.vscode-oss/extensions/mshr-h.veriloghdl-1.5.11-universal/dist/main.js:584:8220)
	at Generator.next (<anonymous>)
	at /home/aryan/.vscode-oss/extensions/mshr-h.veriloghdl-1.5.11-universal/dist/main.js:1:908
	at new Promise (<anonymous>)
	at tt (/home/aryan/.vscode-oss/extensions/mshr-h.veriloghdl-1.5.11-universal/dist/main.js:1:728)
	at n3.provideHover (/home/aryan/.vscode-oss/extensions/mshr-h.veriloghdl-1.5.11-universal/dist/main.js:584:8072)
	at l.provideHover (/usr/lib/code/out/vs/workbench/api/node/extensionHostProcess.js:104:39878)
	at /usr/lib/code/out/vs/workbench/api/node/extensionHostProcess.js:104:65280
	at le.s (/usr/lib/code/out/vs/workbench/api/node/extensionHostProcess.js:104:62744)
	at le.$provideHover (/usr/lib/code/out/vs/workbench/api/node/extensionHostProcess.js:104:65267)
	at t.N (/usr/lib/code/out/vs/workbench/api/node/extensionHostProcess.js:114:7983)
	at t.M (/usr/lib/code/out/vs/workbench/api/node/extensionHostProcess.js:114:7749)
	at t.H (/usr/lib/code/out/vs/workbench/api/node/extensionHostProcess.js:114:6791)
	at t.G (/usr/lib/code/out/vs/workbench/api/node/extensionHostProcess.js:114:5906)
	at r.value (/usr/lib/code/out/vs/workbench/api/node/extensionHostProcess.js:114:4736)
	at f.w (/usr/lib/code/out/vs/workbench/api/node/extensionHostProcess.js:63:1902)
	at f.fire (/usr/lib/code/out/vs/workbench/api/node/extensionHostProcess.js:63:2119)
	at y.fire (/usr/lib/code/out/vs/workbench/api/node/extensionHostProcess.js:79:13931)
	at r.value (/usr/lib/code/out/vs/workbench/api/node/extensionHostProcess.js:130:30355)
	at f.w (/usr/lib/code/out/vs/workbench/api/node/extensionHostProcess.js:63:1902)
	at f.fire (/usr/lib/code/out/vs/workbench/api/node/extensionHostProcess.js:63:2119)
	at y.fire (/usr/lib/code/out/vs/workbench/api/node/extensionHostProcess.js:79:13931)
	at MessagePortMain.<anonymous> (/usr/lib/code/out/vs/workbench/api/node/extensionHostProcess.js:130:28635)
	at MessagePortMain.emit (node:events:513:28)
	at MessagePortMain._internalPort.emit (node:electron/js2c/utility_init:2:367)
2023-09-02 21:50:42.876 [error] [mshr-h.veriloghdl] provider FAILED
2023-09-02 21:50:42.877 [error] TypeError: Cannot read properties of undefined (reading 'then')
	at /home/aryan/.vscode-oss/extensions/mshr-h.veriloghdl-1.5.11-universal/dist/main.js:61:47855
	at new Promise (<anonymous>)
	at Vc.index (/home/aryan/.vscode-oss/extensions/mshr-h.veriloghdl-1.5.11-universal/dist/main.js:61:47800)
	at Ti.<anonymous> (/home/aryan/.vscode-oss/extensions/mshr-h.veriloghdl-1.5.11-universal/dist/main.js:61:48360)
	at Generator.next (<anonymous>)
	at /home/aryan/.vscode-oss/extensions/mshr-h.veriloghdl-1.5.11-universal/dist/main.js:1:908
	at new Promise (<anonymous>)
	at tt (/home/aryan/.vscode-oss/extensions/mshr-h.veriloghdl-1.5.11-universal/dist/main.js:1:728)
	at Ti.getSymbols (/home/aryan/.vscode-oss/extensions/mshr-h.veriloghdl-1.5.11-universal/dist/main.js:61:48226)
	at t3.<anonymous> (/home/aryan/.vscode-oss/extensions/mshr-h.veriloghdl-1.5.11-universal/dist/main.js:584:6390)
	at Generator.next (<anonymous>)
	at /home/aryan/.vscode-oss/extensions/mshr-h.veriloghdl-1.5.11-universal/dist/main.js:1:908
	at new Promise (<anonymous>)
	at tt (/home/aryan/.vscode-oss/extensions/mshr-h.veriloghdl-1.5.11-universal/dist/main.js:1:728)
	at t3.provideDocumentSymbols (/home/aryan/.vscode-oss/extensions/mshr-h.veriloghdl-1.5.11-universal/dist/main.js:584:6274)
	at n.provideDocumentSymbols (/usr/lib/code/out/vs/workbench/api/node/extensionHostProcess.js:104:37156)
	at /usr/lib/code/out/vs/workbench/api/node/extensionHostProcess.js:104:63464
	at le.s (/usr/lib/code/out/vs/workbench/api/node/extensionHostProcess.js:104:62744)
	at le.$provideDocumentSymbols (/usr/lib/code/out/vs/workbench/api/node/extensionHostProcess.js:104:63453)
	at t.N (/usr/lib/code/out/vs/workbench/api/node/extensionHostProcess.js:114:7983)
	at t.M (/usr/lib/code/out/vs/workbench/api/node/extensionHostProcess.js:114:7749)
	at t.H (/usr/lib/code/out/vs/workbench/api/node/extensionHostProcess.js:114:6791)
	at t.G (/usr/lib/code/out/vs/workbench/api/node/extensionHostProcess.js:114:5906)
	at r.value (/usr/lib/code/out/vs/workbench/api/node/extensionHostProcess.js:114:4736)
	at f.w (/usr/lib/code/out/vs/workbench/api/node/extensionHostProcess.js:63:1902)
	at f.fire (/usr/lib/code/out/vs/workbench/api/node/extensionHostProcess.js:63:2119)
	at y.fire (/usr/lib/code/out/vs/workbench/api/node/extensionHostProcess.js:79:13931)
	at r.value (/usr/lib/code/out/vs/workbench/api/node/extensionHostProcess.js:130:30355)
	at f.w (/usr/lib/code/out/vs/workbench/api/node/extensionHostProcess.js:63:1902)
	at f.fire (/usr/lib/code/out/vs/workbench/api/node/extensionHostProcess.js:63:2119)
	at y.fire (/usr/lib/code/out/vs/workbench/api/node/extensionHostProcess.js:79:13931)
	at MessagePortMain.<anonymous> (/usr/lib/code/out/vs/workbench/api/node/extensionHostProcess.js:130:28635)
	at MessagePortMain.emit (node:events:513:28)
	at MessagePortMain._internalPort.emit (node:electron/js2c/utility_init:2:367)
2023-09-02 21:50:43.802 [error] [mshr-h.veriloghdl] provider FAILED
2023-09-02 21:50:43.802 [error] TypeError: Cannot read properties of undefined (reading 'then')
	at /home/aryan/.vscode-oss/extensions/mshr-h.veriloghdl-1.5.11-universal/dist/main.js:61:47855
	at new Promise (<anonymous>)
	at Vc.index (/home/aryan/.vscode-oss/extensions/mshr-h.veriloghdl-1.5.11-universal/dist/main.js:61:47800)
	at Ti.<anonymous> (/home/aryan/.vscode-oss/extensions/mshr-h.veriloghdl-1.5.11-universal/dist/main.js:61:48360)
	at Generator.next (<anonymous>)
	at /home/aryan/.vscode-oss/extensions/mshr-h.veriloghdl-1.5.11-universal/dist/main.js:1:908
	at new Promise (<anonymous>)
	at tt (/home/aryan/.vscode-oss/extensions/mshr-h.veriloghdl-1.5.11-universal/dist/main.js:1:728)
	at Ti.getSymbols (/home/aryan/.vscode-oss/extensions/mshr-h.veriloghdl-1.5.11-universal/dist/main.js:61:48226)
	at t3.<anonymous> (/home/aryan/.vscode-oss/extensions/mshr-h.veriloghdl-1.5.11-universal/dist/main.js:584:6390)
	at Generator.next (<anonymous>)
	at /home/aryan/.vscode-oss/extensions/mshr-h.veriloghdl-1.5.11-universal/dist/main.js:1:908
	at new Promise (<anonymous>)
	at tt (/home/aryan/.vscode-oss/extensions/mshr-h.veriloghdl-1.5.11-universal/dist/main.js:1:728)
	at t3.provideDocumentSymbols (/home/aryan/.vscode-oss/extensions/mshr-h.veriloghdl-1.5.11-universal/dist/main.js:584:6274)
	at n.provideDocumentSymbols (/usr/lib/code/out/vs/workbench/api/node/extensionHostProcess.js:104:37156)
	at /usr/lib/code/out/vs/workbench/api/node/extensionHostProcess.js:104:63464
	at le.s (/usr/lib/code/out/vs/workbench/api/node/extensionHostProcess.js:104:62744)
	at le.$provideDocumentSymbols (/usr/lib/code/out/vs/workbench/api/node/extensionHostProcess.js:104:63453)
	at t.N (/usr/lib/code/out/vs/workbench/api/node/extensionHostProcess.js:114:7983)
	at t.M (/usr/lib/code/out/vs/workbench/api/node/extensionHostProcess.js:114:7749)
	at t.H (/usr/lib/code/out/vs/workbench/api/node/extensionHostProcess.js:114:6791)
	at t.G (/usr/lib/code/out/vs/workbench/api/node/extensionHostProcess.js:114:5906)
	at r.value (/usr/lib/code/out/vs/workbench/api/node/extensionHostProcess.js:114:4736)
	at f.w (/usr/lib/code/out/vs/workbench/api/node/extensionHostProcess.js:63:1902)
	at f.fire (/usr/lib/code/out/vs/workbench/api/node/extensionHostProcess.js:63:2119)
	at y.fire (/usr/lib/code/out/vs/workbench/api/node/extensionHostProcess.js:79:13931)
	at r.value (/usr/lib/code/out/vs/workbench/api/node/extensionHostProcess.js:130:30355)
	at f.w (/usr/lib/code/out/vs/workbench/api/node/extensionHostProcess.js:63:1902)
	at f.fire (/usr/lib/code/out/vs/workbench/api/node/extensionHostProcess.js:63:2119)
	at y.fire (/usr/lib/code/out/vs/workbench/api/node/extensionHostProcess.js:79:13931)
	at MessagePortMain.<anonymous> (/usr/lib/code/out/vs/workbench/api/node/extensionHostProcess.js:130:28635)
	at MessagePortMain.emit (node:events:513:28)
	at MessagePortMain._internalPort.emit (node:electron/js2c/utility_init:2:367)
2023-09-02 21:50:45.154 [error] [mshr-h.veriloghdl] provider FAILED
2023-09-02 21:50:45.154 [error] TypeError: Cannot read properties of undefined (reading 'then')
	at /home/aryan/.vscode-oss/extensions/mshr-h.veriloghdl-1.5.11-universal/dist/main.js:61:47855
	at new Promise (<anonymous>)
	at Vc.index (/home/aryan/.vscode-oss/extensions/mshr-h.veriloghdl-1.5.11-universal/dist/main.js:61:47800)
	at Ti.<anonymous> (/home/aryan/.vscode-oss/extensions/mshr-h.veriloghdl-1.5.11-universal/dist/main.js:61:48360)
	at Generator.next (<anonymous>)
	at /home/aryan/.vscode-oss/extensions/mshr-h.veriloghdl-1.5.11-universal/dist/main.js:1:908
	at new Promise (<anonymous>)
	at tt (/home/aryan/.vscode-oss/extensions/mshr-h.veriloghdl-1.5.11-universal/dist/main.js:1:728)
	at Ti.getSymbols (/home/aryan/.vscode-oss/extensions/mshr-h.veriloghdl-1.5.11-universal/dist/main.js:61:48226)
	at t3.<anonymous> (/home/aryan/.vscode-oss/extensions/mshr-h.veriloghdl-1.5.11-universal/dist/main.js:584:6390)
	at Generator.next (<anonymous>)
	at /home/aryan/.vscode-oss/extensions/mshr-h.veriloghdl-1.5.11-universal/dist/main.js:1:908
	at new Promise (<anonymous>)
	at tt (/home/aryan/.vscode-oss/extensions/mshr-h.veriloghdl-1.5.11-universal/dist/main.js:1:728)
	at t3.provideDocumentSymbols (/home/aryan/.vscode-oss/extensions/mshr-h.veriloghdl-1.5.11-universal/dist/main.js:584:6274)
	at n.provideDocumentSymbols (/usr/lib/code/out/vs/workbench/api/node/extensionHostProcess.js:104:37156)
	at /usr/lib/code/out/vs/workbench/api/node/extensionHostProcess.js:104:63464
	at le.s (/usr/lib/code/out/vs/workbench/api/node/extensionHostProcess.js:104:62744)
	at le.$provideDocumentSymbols (/usr/lib/code/out/vs/workbench/api/node/extensionHostProcess.js:104:63453)
	at t.N (/usr/lib/code/out/vs/workbench/api/node/extensionHostProcess.js:114:7983)
	at t.M (/usr/lib/code/out/vs/workbench/api/node/extensionHostProcess.js:114:7749)
	at t.H (/usr/lib/code/out/vs/workbench/api/node/extensionHostProcess.js:114:6791)
	at t.G (/usr/lib/code/out/vs/workbench/api/node/extensionHostProcess.js:114:5906)
	at r.value (/usr/lib/code/out/vs/workbench/api/node/extensionHostProcess.js:114:4736)
	at f.w (/usr/lib/code/out/vs/workbench/api/node/extensionHostProcess.js:63:1902)
	at f.fire (/usr/lib/code/out/vs/workbench/api/node/extensionHostProcess.js:63:2119)
	at y.fire (/usr/lib/code/out/vs/workbench/api/node/extensionHostProcess.js:79:13931)
	at r.value (/usr/lib/code/out/vs/workbench/api/node/extensionHostProcess.js:130:30355)
	at f.w (/usr/lib/code/out/vs/workbench/api/node/extensionHostProcess.js:63:1902)
	at f.fire (/usr/lib/code/out/vs/workbench/api/node/extensionHostProcess.js:63:2119)
	at y.fire (/usr/lib/code/out/vs/workbench/api/node/extensionHostProcess.js:79:13931)
	at MessagePortMain.<anonymous> (/usr/lib/code/out/vs/workbench/api/node/extensionHostProcess.js:130:28635)
	at MessagePortMain.emit (node:events:513:28)
	at MessagePortMain._internalPort.emit (node:electron/js2c/utility_init:2:367)
2023-09-02 21:51:38.759 [info] Extension host terminating: renderer closed the MessagePort
2023-09-02 21:51:38.763 [info] Extension host with pid 14403 exiting with code 0
