2023-09-07 17:12:49.082 [info] Log level: Info
2023-09-07 17:12:49.082 [info] Validating found git in: "git"
2023-09-07 17:12:49.082 [info] Using git "2.42.0" from "git"
2023-09-07 17:12:49.082 [info] > git rev-parse --show-toplevel [8ms]
2023-09-07 17:12:49.085 [info] > git rev-parse --git-dir --git-common-dir [4ms]
2023-09-07 17:12:49.113 [info] Open repository: /home/aryan/.config
2023-09-07 17:12:49.151 [info] > git config --get commit.template [16ms]
2023-09-07 17:12:49.173 [info] > git for-each-ref --format=%(refname)%00%(upstream:short)%00%(objectname)%00%(upstream:track)%00%(upstream:remotename)%00%(upstream:remoteref) refs/heads/master refs/remotes/master [4ms]
2023-09-07 17:12:49.673 [info] > git check-ignore -v -z --stdin [10ms]
2023-09-07 17:12:49.711 [info] > git show --textconv :ranger/rifle.conf [19ms]
2023-09-07 17:12:49.740 [info] > git ls-files --stage -- /home/aryan/.config/ranger/rifle.conf [30ms]
2023-09-07 17:12:49.781 [info] > git cat-file -s 6d32b5183db2c3421480baac0b29bd3c4ffeaf2d [26ms]
2023-09-07 17:12:50.153 [info] > git status -z -uall [962ms]
2023-09-07 17:12:50.444 [info] > git config --get commit.template [185ms]
2023-09-07 17:12:50.480 [info] > git for-each-ref --format=%(refname)%00%(upstream:short)%00%(objectname)%00%(upstream:track)%00%(upstream:remotename)%00%(upstream:remoteref) refs/heads/master refs/remotes/master [8ms]
2023-09-07 17:12:50.531 [info] > git ls-files --stage -- /home/aryan/.config/ranger/rifle.conf [10ms]
2023-09-07 17:12:50.549 [info] > git cat-file -s 6d32b5183db2c3421480baac0b29bd3c4ffeaf2d [4ms]
2023-09-07 17:12:50.574 [info] > git show --textconv :ranger/rifle.conf [6ms]
2023-09-07 17:12:50.694 [info] > git status -z -uall [193ms]
2023-09-07 17:12:51.273 [info] > git fetch [2161ms]
2023-09-07 17:12:51.298 [info] > git config --get commit.template [12ms]
2023-09-07 17:12:51.299 [info] > git for-each-ref --format=%(refname)%00%(upstream:short)%00%(objectname)%00%(upstream:track)%00%(upstream:remotename)%00%(upstream:remoteref) refs/heads/master refs/remotes/master [3ms]
2023-09-07 17:12:51.502 [info] > git status -z -uall [193ms]
2023-09-07 17:12:55.620 [info] > git config --get commit.template [4ms]
2023-09-07 17:12:55.647 [info] > git ls-files --stage -- /home/aryan/.config/ranger/rifle.conf [15ms]
2023-09-07 17:12:55.662 [info] > git for-each-ref --format=%(refname)%00%(upstream:short)%00%(objectname)%00%(upstream:track)%00%(upstream:remotename)%00%(upstream:remoteref) refs/heads/master refs/remotes/master [16ms]
2023-09-07 17:12:55.674 [info] > git cat-file -s 6d32b5183db2c3421480baac0b29bd3c4ffeaf2d [14ms]
2023-09-07 17:12:55.701 [info] > git show --textconv :ranger/rifle.conf [8ms]
2023-09-07 17:12:55.822 [info] > git status -z -uall [150ms]
2023-09-07 17:12:56.208 [info] > git show --textconv :ranger/ls.nthng [9ms]
2023-09-07 17:12:56.211 [info] > git ls-files --stage -- /home/aryan/.config/ranger/ls.nthng [4ms]
2023-09-07 17:12:56.283 [info] > git check-ignore -v -z --stdin [5ms]
2023-09-07 17:13:03.767 [info] > git config --get commit.template [15ms]
2023-09-07 17:13:03.768 [info] > git for-each-ref --format=%(refname)%00%(upstream:short)%00%(objectname)%00%(upstream:track)%00%(upstream:remotename)%00%(upstream:remoteref) refs/heads/master refs/remotes/master [2ms]
2023-09-07 17:13:03.925 [info] > git status -z -uall [145ms]
2023-09-07 17:13:08.963 [info] > git config --get commit.template [10ms]
2023-09-07 17:13:08.963 [info] > git for-each-ref --format=%(refname)%00%(upstream:short)%00%(objectname)%00%(upstream:track)%00%(upstream:remotename)%00%(upstream:remoteref) refs/heads/master refs/remotes/master [1ms]
2023-09-07 17:13:09.080 [info] > git status -z -uall [109ms]
2023-09-07 17:13:19.509 [info] > git config --get commit.template [11ms]
2023-09-07 17:13:19.510 [info] > git for-each-ref --format=%(refname)%00%(upstream:short)%00%(objectname)%00%(upstream:track)%00%(upstream:remotename)%00%(upstream:remoteref) refs/heads/master refs/remotes/master [3ms]
2023-09-07 17:13:19.657 [info] > git status -z -uall [137ms]
2023-09-07 17:13:24.690 [info] > git config --get commit.template [11ms]
2023-09-07 17:13:24.691 [info] > git for-each-ref --format=%(refname)%00%(upstream:short)%00%(objectname)%00%(upstream:track)%00%(upstream:remotename)%00%(upstream:remoteref) refs/heads/master refs/remotes/master [2ms]
2023-09-07 17:13:24.866 [info] > git status -z -uall [167ms]
2023-09-07 17:13:29.900 [info] > git config --get commit.template [1ms]
2023-09-07 17:13:29.910 [info] > git for-each-ref --format=%(refname)%00%(upstream:short)%00%(objectname)%00%(upstream:track)%00%(upstream:remotename)%00%(upstream:remoteref) refs/heads/master refs/remotes/master [2ms]
2023-09-07 17:13:30.021 [info] > git status -z -uall [104ms]
2023-09-07 17:13:35.068 [info] > git config --get commit.template [13ms]
2023-09-07 17:13:35.068 [info] > git for-each-ref --format=%(refname)%00%(upstream:short)%00%(objectname)%00%(upstream:track)%00%(upstream:remotename)%00%(upstream:remoteref) refs/heads/master refs/remotes/master [2ms]
2023-09-07 17:13:35.301 [info] > git status -z -uall [223ms]
2023-09-07 17:13:40.334 [info] > git config --get commit.template [1ms]
2023-09-07 17:13:40.350 [info] > git for-each-ref --format=%(refname)%00%(upstream:short)%00%(objectname)%00%(upstream:track)%00%(upstream:remotename)%00%(upstream:remoteref) refs/heads/master refs/remotes/master [5ms]
2023-09-07 17:13:40.502 [info] > git status -z -uall [140ms]
2023-09-07 17:13:45.544 [info] > git config --get commit.template [13ms]
2023-09-07 17:13:45.545 [info] > git for-each-ref --format=%(refname)%00%(upstream:short)%00%(objectname)%00%(upstream:track)%00%(upstream:remotename)%00%(upstream:remoteref) refs/heads/master refs/remotes/master [3ms]
2023-09-07 17:13:45.706 [info] > git status -z -uall [149ms]
2023-09-07 17:13:50.736 [info] > git config --get commit.template [2ms]
2023-09-07 17:13:50.747 [info] > git for-each-ref --format=%(refname)%00%(upstream:short)%00%(objectname)%00%(upstream:track)%00%(upstream:remotename)%00%(upstream:remoteref) refs/heads/master refs/remotes/master [2ms]
2023-09-07 17:13:50.894 [info] > git status -z -uall [138ms]
2023-09-07 17:13:55.921 [info] > git config --get commit.template [2ms]
2023-09-07 17:13:55.932 [info] > git for-each-ref --format=%(refname)%00%(upstream:short)%00%(objectname)%00%(upstream:track)%00%(upstream:remotename)%00%(upstream:remoteref) refs/heads/master refs/remotes/master [2ms]
2023-09-07 17:13:56.114 [info] > git status -z -uall [174ms]
2023-09-07 17:14:01.152 [info] > git config --get commit.template [12ms]
2023-09-07 17:14:01.153 [info] > git for-each-ref --format=%(refname)%00%(upstream:short)%00%(objectname)%00%(upstream:track)%00%(upstream:remotename)%00%(upstream:remoteref) refs/heads/master refs/remotes/master [2ms]
2023-09-07 17:14:01.277 [info] > git status -z -uall [115ms]
2023-09-07 17:14:06.311 [info] > git config --get commit.template [11ms]
2023-09-07 17:14:06.312 [info] > git for-each-ref --format=%(refname)%00%(upstream:short)%00%(objectname)%00%(upstream:track)%00%(upstream:remotename)%00%(upstream:remoteref) refs/heads/master refs/remotes/master [2ms]
2023-09-07 17:14:06.494 [info] > git status -z -uall [174ms]
2023-09-07 17:14:11.536 [info] > git config --get commit.template [11ms]
2023-09-07 17:14:11.537 [info] > git for-each-ref --format=%(refname)%00%(upstream:short)%00%(objectname)%00%(upstream:track)%00%(upstream:remotename)%00%(upstream:remoteref) refs/heads/master refs/remotes/master [2ms]
2023-09-07 17:14:11.699 [info] > git status -z -uall [152ms]
2023-09-07 17:14:16.733 [info] > git config --get commit.template [8ms]
2023-09-07 17:14:16.734 [info] > git for-each-ref --format=%(refname)%00%(upstream:short)%00%(objectname)%00%(upstream:track)%00%(upstream:remotename)%00%(upstream:remoteref) refs/heads/master refs/remotes/master [1ms]
2023-09-07 17:14:16.860 [info] > git status -z -uall [119ms]
2023-09-07 17:14:21.902 [info] > git config --get commit.template [12ms]
2023-09-07 17:14:21.903 [info] > git for-each-ref --format=%(refname)%00%(upstream:short)%00%(objectname)%00%(upstream:track)%00%(upstream:remotename)%00%(upstream:remoteref) refs/heads/master refs/remotes/master [2ms]
2023-09-07 17:14:22.056 [info] > git status -z -uall [142ms]
2023-09-07 17:14:27.086 [info] > git config --get commit.template [8ms]
2023-09-07 17:14:27.086 [info] > git for-each-ref --format=%(refname)%00%(upstream:short)%00%(objectname)%00%(upstream:track)%00%(upstream:remotename)%00%(upstream:remoteref) refs/heads/master refs/remotes/master [1ms]
2023-09-07 17:14:27.230 [info] > git status -z -uall [137ms]
2023-09-07 17:14:32.270 [info] > git config --get commit.template [10ms]
2023-09-07 17:14:32.271 [info] > git for-each-ref --format=%(refname)%00%(upstream:short)%00%(objectname)%00%(upstream:track)%00%(upstream:remotename)%00%(upstream:remoteref) refs/heads/master refs/remotes/master [2ms]
2023-09-07 17:14:32.430 [info] > git status -z -uall [149ms]
2023-09-07 17:14:37.473 [info] > git config --get commit.template [10ms]
2023-09-07 17:14:37.474 [info] > git for-each-ref --format=%(refname)%00%(upstream:short)%00%(objectname)%00%(upstream:track)%00%(upstream:remotename)%00%(upstream:remoteref) refs/heads/master refs/remotes/master [2ms]
2023-09-07 17:14:37.619 [info] > git status -z -uall [136ms]
2023-09-07 17:14:42.662 [info] > git config --get commit.template [11ms]
2023-09-07 17:14:42.663 [info] > git for-each-ref --format=%(refname)%00%(upstream:short)%00%(objectname)%00%(upstream:track)%00%(upstream:remotename)%00%(upstream:remoteref) refs/heads/master refs/remotes/master [2ms]
2023-09-07 17:14:42.820 [info] > git status -z -uall [147ms]
2023-09-07 17:14:47.860 [info] > git config --get commit.template [10ms]
2023-09-07 17:14:47.861 [info] > git for-each-ref --format=%(refname)%00%(upstream:short)%00%(objectname)%00%(upstream:track)%00%(upstream:remotename)%00%(upstream:remoteref) refs/heads/master refs/remotes/master [2ms]
2023-09-07 17:14:47.977 [info] > git status -z -uall [109ms]
