2023-09-06 11:36:00.331 [warning] Unable to find "$VIMRUNTIME/delmenu.vim" file for configuration.
2023-09-06 11:36:00.333 [warning] Unable to find "$VIMRUNTIME/menu.vim" file for configuration.
2023-09-06 11:36:00.534 [warning] Encountered an unrecognized mapping type: 'snor'
2023-09-06 11:36:10.027 [info] Active editor: untitled:Untitled-1
2023-09-06 11:36:25.596 [info] Active editor: file:///home/aryan/Coding/Data%20Structures/Stack/new%2Cqc
2023-09-06 11:36:36.252 [info] /home/aryan/Coding/Data Structures/Stack/new,qc closed
2023-09-06 11:36:36.252 [info] /home/aryan/Coding/Data Structures/Stack/new,qc.git closed
2023-09-06 11:36:36.258 [info] Active editor: file:///home/aryan/Coding/Data%20Structures/Stack/new.c
2023-09-06 11:36:49.991 [info] Active editor: vscode-userdata:/home/aryan/.config/Code%20-%20OSS/User/snippets/c.json
2023-09-06 11:37:02.660 [info] Active editor: file:///home/aryan/Coding/Data%20Structures/Stack/new.c
2023-09-06 11:37:14.004 [info] Active editor: vscode-userdata:/home/aryan/.config/Code%20-%20OSS/User/snippets/c.json
2023-09-06 11:37:19.351 [info] Active editor: file:///home/aryan/Coding/Data%20Structures/Stack/new.c
2023-09-06 11:37:27.134 [info] Active editor: vscode-userdata:/home/aryan/.config/Code%20-%20OSS/User/snippets/c.json
2023-09-06 11:37:37.201 [info] Active editor: file:///home/aryan/Coding/Data%20Structures/Stack/new.c
2023-09-06 11:37:44.274 [info] Active editor: vscode-userdata:/home/aryan/.config/Code%20-%20OSS/User/snippets/c.json
2023-09-06 11:37:48.050 [info] Active editor: file:///home/aryan/Coding/Data%20Structures/Stack/new.c
2023-09-06 11:39:50.452 [info] /snippets closed
2023-09-06 11:40:02.079 [info] /home/aryan/Coding/Data Structures/Stack/new.c closed
2023-09-06 11:40:02.079 [info] /home/aryan/Coding/Data Structures/Stack/new.c.git closed
2023-09-06 11:40:02.085 [info] Active editor: vscode-userdata:/home/aryan/.config/Code%20-%20OSS/User/snippets/c.json
2023-09-06 11:40:03.456 [info] /home/aryan/.config/Code - OSS/User/snippets/c.json closed
2023-09-06 11:40:03.461 [info] Active editor: untitled:Untitled-1
2023-09-06 11:40:04.024 [info] Untitled-1 closed
2023-09-06 11:40:04.042 [info] Active editor: file:///home/aryan/Coding/Web%20Development/canvas.html
2023-09-06 11:40:04.541 [info] /home/aryan/Coding/Web Development/canvas.html closed
2023-09-06 11:40:04.542 [info] /home/aryan/Coding/Web Development/canvas.html.git closed
2023-09-06 11:40:04.562 [info] Active editor: file:///home/aryan/Coding/Data%20Structures/Stack/stackusingll.c
2023-09-06 11:40:05.083 [info] /home/aryan/Coding/Data Structures/Stack/stackusingll.c closed
2023-09-06 11:40:05.083 [info] /home/aryan/Coding/Data Structures/Stack/stackusingll.c.git closed
2023-09-06 11:40:05.102 [info] Active editor: file:///home/aryan/Coding/Data%20Structures/Hackerrank/notes1.txt
2023-09-06 11:40:13.411 [info] Active editor: untitled:Untitled-1
2023-09-06 11:40:27.202 [info] Untitled-1 closed
2023-09-06 11:40:27.234 [info] Active editor: file:///home/aryan/Coding/Data%20Structures/Hackerrank/svg_elements.html
2023-09-06 11:40:37.694 [info] /home/aryan/Coding/Data Structures/Hackerrank/svg_elements.html closed
2023-09-06 11:40:37.711 [info] /home/aryan/Coding/Data Structures/Hackerrank/svg_elements.html.git closed
2023-09-06 11:40:37.732 [info] Active editor: file:///home/aryan/Coding/Web%20Development/svg_elements.html
2023-09-06 11:42:50.459 [info] /snippets closed
2023-09-06 11:45:34.635 [info] Configuration changed
2023-09-06 11:45:34.828 [warning] Unable to find "$VIMRUNTIME/delmenu.vim" file for configuration.
2023-09-06 11:45:34.830 [warning] Unable to find "$VIMRUNTIME/menu.vim" file for configuration.
2023-09-06 11:45:34.850 [warning] Encountered an unrecognized mapping type: 'snor'
2023-09-06 11:45:36.008 [info] Configuration changed
2023-09-06 11:45:36.063 [warning] Unable to find "$VIMRUNTIME/delmenu.vim" file for configuration.
2023-09-06 11:45:36.064 [warning] Unable to find "$VIMRUNTIME/menu.vim" file for configuration.
2023-09-06 11:45:36.075 [warning] Encountered an unrecognized mapping type: 'snor'
2023-09-06 11:46:12.208 [info] /home/aryan/.config/Code - OSS/User/settings.json closed
2023-09-06 11:46:12.269 [info] Configuration changed
2023-09-06 11:46:12.341 [warning] Unable to find "$VIMRUNTIME/delmenu.vim" file for configuration.
2023-09-06 11:46:12.342 [warning] Unable to find "$VIMRUNTIME/menu.vim" file for configuration.
2023-09-06 11:46:12.351 [warning] Encountered an unrecognized mapping type: 'snor'
2023-09-06 11:58:30.148 [info] Active editor: file:///home/aryan/.config/bspwm/bspwmrc
