2023-09-02T05:35:24.249Z [Modules] Modules initializing
2023-09-02T05:35:24.250Z [Modules] Distribution: remote
2023-09-02T05:35:24.250Z [Modules] Host updates: enabled
2023-09-02T05:35:24.250Z [Modules] Module updates: enabled
2023-09-02T05:35:24.251Z [Modules] Module install path: /home/aryan/.config/discord/0.0.29/modules
2023-09-02T05:35:24.251Z [Modules] Module installed file path: /home/aryan/.config/discord/0.0.29/modules/installed.json
2023-09-02T05:35:24.251Z [Modules] Module download path: /home/aryan/.config/discord/0.0.29/modules/pending
2023-09-02T05:35:24.498Z [Modules] Bootstrapping...
2023-09-02T05:35:24.524Z [Modules] Installing discord_desktop_core@0 from /opt/discord/resources/bootstrap/discord_desktop_core.zip
2023-09-02T05:35:24.539Z [Modules] Failed installing discord_desktop_core@0: Error: ENOENT: no such file or directory, open '/opt/discord/resources/bootstrap/discord_desktop_core.zip'
2023-09-02T05:35:24.541Z [Modules] Installing discord_erlpack@0 from /opt/discord/resources/bootstrap/discord_erlpack.zip
2023-09-02T05:35:24.544Z [Modules] Failed installing discord_erlpack@0: Error: ENOENT: no such file or directory, open '/opt/discord/resources/bootstrap/discord_erlpack.zip'
2023-09-02T05:35:24.545Z [Modules] Installing discord_spellcheck@0 from /opt/discord/resources/bootstrap/discord_spellcheck.zip
2023-09-02T05:35:24.548Z [Modules] Failed installing discord_spellcheck@0: Error: ENOENT: no such file or directory, open '/opt/discord/resources/bootstrap/discord_spellcheck.zip'
2023-09-02T05:35:24.549Z [Modules] Installing discord_utils@0 from /opt/discord/resources/bootstrap/discord_utils.zip
2023-09-02T05:35:24.551Z [Modules] Failed installing discord_utils@0: Error: ENOENT: no such file or directory, open '/opt/discord/resources/bootstrap/discord_utils.zip'
2023-09-02T05:35:24.552Z [Modules] Installing discord_voice@0 from /opt/discord/resources/bootstrap/discord_voice.zip
2023-09-02T05:35:24.555Z [Modules] Failed installing discord_voice@0: Error: ENOENT: no such file or directory, open '/opt/discord/resources/bootstrap/discord_voice.zip'
2023-09-02T05:35:24.555Z [Modules] Finished module installations. [success: 0] [failure: 5]
2023-09-02T05:35:24.556Z [Modules] Checking for host updates.
2023-09-02T05:35:25.410Z [Modules] Host is up to date.
2023-09-02T05:35:25.410Z [Modules] Checking for module updates at https://discord.com/api/modules/stable/versions.json
2023-09-02T05:35:25.457Z [Modules] Module update available: discord_desktop_core@1 [installed: 0]
2023-09-02T05:35:25.457Z [Modules] Module update available: discord_erlpack@1 [installed: 0]
2023-09-02T05:35:25.457Z [Modules] Module update available: discord_spellcheck@1 [installed: 0]
2023-09-02T05:35:25.458Z [Modules] Module update available: discord_utils@1 [installed: 0]
2023-09-02T05:35:25.458Z [Modules] Module update available: discord_voice@1 [installed: 0]
2023-09-02T05:35:25.458Z [Modules] Fetching discord_desktop_core@1 from https://discord.com/api/modules/stable/discord_desktop_core/1
2023-09-02T05:35:25.459Z [Modules] Streaming discord_desktop_core@1 to /home/aryan/.config/discord/0.0.29/modules/pending/discord_desktop_core-1.zip
2023-09-02T05:35:26.710Z [Modules] Streaming discord_desktop_core@1 to /home/aryan/.config/discord/0.0.29/modules/pending/discord_desktop_core-1.zip: 1%
2023-09-02T05:35:26.720Z [Modules] Streaming discord_desktop_core@1 to /home/aryan/.config/discord/0.0.29/modules/pending/discord_desktop_core-1.zip: 2%
2023-09-02T05:35:26.751Z [Modules] Streaming discord_desktop_core@1 to /home/aryan/.config/discord/0.0.29/modules/pending/discord_desktop_core-1.zip: 3%
2023-09-02T05:35:26.755Z [Modules] Streaming discord_desktop_core@1 to /home/aryan/.config/discord/0.0.29/modules/pending/discord_desktop_core-1.zip: 4%
2023-09-02T05:35:26.800Z [Modules] Streaming discord_desktop_core@1 to /home/aryan/.config/discord/0.0.29/modules/pending/discord_desktop_core-1.zip: 5%
2023-09-02T05:35:26.816Z [Modules] Streaming discord_desktop_core@1 to /home/aryan/.config/discord/0.0.29/modules/pending/discord_desktop_core-1.zip: 6%
2023-09-02T05:35:26.854Z [Modules] Streaming discord_desktop_core@1 to /home/aryan/.config/discord/0.0.29/modules/pending/discord_desktop_core-1.zip: 7%
2023-09-02T05:35:26.863Z [Modules] Streaming discord_desktop_core@1 to /home/aryan/.config/discord/0.0.29/modules/pending/discord_desktop_core-1.zip: 8%
2023-09-02T05:35:26.868Z [Modules] Streaming discord_desktop_core@1 to /home/aryan/.config/discord/0.0.29/modules/pending/discord_desktop_core-1.zip: 9%
2023-09-02T05:35:26.903Z [Modules] Streaming discord_desktop_core@1 to /home/aryan/.config/discord/0.0.29/modules/pending/discord_desktop_core-1.zip: 10%
2023-09-02T05:35:26.915Z [Modules] Streaming discord_desktop_core@1 to /home/aryan/.config/discord/0.0.29/modules/pending/discord_desktop_core-1.zip: 11%
2023-09-02T05:35:26.929Z [Modules] Streaming discord_desktop_core@1 to /home/aryan/.config/discord/0.0.29/modules/pending/discord_desktop_core-1.zip: 12%
2023-09-02T05:35:26.935Z [Modules] Streaming discord_desktop_core@1 to /home/aryan/.config/discord/0.0.29/modules/pending/discord_desktop_core-1.zip: 13%
2023-09-02T05:35:26.971Z [Modules] Streaming discord_desktop_core@1 to /home/aryan/.config/discord/0.0.29/modules/pending/discord_desktop_core-1.zip: 14%
2023-09-02T05:35:26.987Z [Modules] Streaming discord_desktop_core@1 to /home/aryan/.config/discord/0.0.29/modules/pending/discord_desktop_core-1.zip: 15%
2023-09-02T05:35:26.994Z [Modules] Streaming discord_desktop_core@1 to /home/aryan/.config/discord/0.0.29/modules/pending/discord_desktop_core-1.zip: 16%
2023-09-02T05:35:27.000Z [Modules] Streaming discord_desktop_core@1 to /home/aryan/.config/discord/0.0.29/modules/pending/discord_desktop_core-1.zip: 17%
2023-09-02T05:35:27.016Z [Modules] Streaming discord_desktop_core@1 to /home/aryan/.config/discord/0.0.29/modules/pending/discord_desktop_core-1.zip: 18%
2023-09-02T05:35:27.018Z [Modules] Streaming discord_desktop_core@1 to /home/aryan/.config/discord/0.0.29/modules/pending/discord_desktop_core-1.zip: 19%
2023-09-02T05:35:27.043Z [Modules] Streaming discord_desktop_core@1 to /home/aryan/.config/discord/0.0.29/modules/pending/discord_desktop_core-1.zip: 20%
2023-09-02T05:35:27.077Z [Modules] Streaming discord_desktop_core@1 to /home/aryan/.config/discord/0.0.29/modules/pending/discord_desktop_core-1.zip: 21%
2023-09-02T05:35:27.083Z [Modules] Streaming discord_desktop_core@1 to /home/aryan/.config/discord/0.0.29/modules/pending/discord_desktop_core-1.zip: 24%
2023-09-02T05:35:27.087Z [Modules] Streaming discord_desktop_core@1 to /home/aryan/.config/discord/0.0.29/modules/pending/discord_desktop_core-1.zip: 25%
2023-09-02T05:35:27.109Z [Modules] Streaming discord_desktop_core@1 to /home/aryan/.config/discord/0.0.29/modules/pending/discord_desktop_core-1.zip: 26%
2023-09-02T05:35:27.119Z [Modules] Streaming discord_desktop_core@1 to /home/aryan/.config/discord/0.0.29/modules/pending/discord_desktop_core-1.zip: 27%
2023-09-02T05:35:27.123Z [Modules] Streaming discord_desktop_core@1 to /home/aryan/.config/discord/0.0.29/modules/pending/discord_desktop_core-1.zip: 28%
2023-09-02T05:35:27.133Z [Modules] Streaming discord_desktop_core@1 to /home/aryan/.config/discord/0.0.29/modules/pending/discord_desktop_core-1.zip: 29%
2023-09-02T05:35:27.141Z [Modules] Streaming discord_desktop_core@1 to /home/aryan/.config/discord/0.0.29/modules/pending/discord_desktop_core-1.zip: 31%
2023-09-02T05:35:27.151Z [Modules] Streaming discord_desktop_core@1 to /home/aryan/.config/discord/0.0.29/modules/pending/discord_desktop_core-1.zip: 34%
2023-09-02T05:35:27.168Z [Modules] Streaming discord_desktop_core@1 to /home/aryan/.config/discord/0.0.29/modules/pending/discord_desktop_core-1.zip: 35%
2023-09-02T05:35:27.192Z [Modules] Streaming discord_desktop_core@1 to /home/aryan/.config/discord/0.0.29/modules/pending/discord_desktop_core-1.zip: 36%
2023-09-02T05:35:27.196Z [Modules] Streaming discord_desktop_core@1 to /home/aryan/.config/discord/0.0.29/modules/pending/discord_desktop_core-1.zip: 37%
2023-09-02T05:35:27.248Z [Modules] Streaming discord_desktop_core@1 to /home/aryan/.config/discord/0.0.29/modules/pending/discord_desktop_core-1.zip: 40%
2023-09-02T05:35:27.266Z [Modules] Streaming discord_desktop_core@1 to /home/aryan/.config/discord/0.0.29/modules/pending/discord_desktop_core-1.zip: 42%
2023-09-02T05:35:27.278Z [Modules] Streaming discord_desktop_core@1 to /home/aryan/.config/discord/0.0.29/modules/pending/discord_desktop_core-1.zip: 43%
2023-09-02T05:35:27.282Z [Modules] Streaming discord_desktop_core@1 to /home/aryan/.config/discord/0.0.29/modules/pending/discord_desktop_core-1.zip: 44%
2023-09-02T05:35:27.288Z [Modules] Streaming discord_desktop_core@1 to /home/aryan/.config/discord/0.0.29/modules/pending/discord_desktop_core-1.zip: 45%
2023-09-02T05:35:27.299Z [Modules] Streaming discord_desktop_core@1 to /home/aryan/.config/discord/0.0.29/modules/pending/discord_desktop_core-1.zip: 46%
2023-09-02T05:35:27.308Z [Modules] Streaming discord_desktop_core@1 to /home/aryan/.config/discord/0.0.29/modules/pending/discord_desktop_core-1.zip: 47%
2023-09-02T05:35:27.315Z [Modules] Streaming discord_desktop_core@1 to /home/aryan/.config/discord/0.0.29/modules/pending/discord_desktop_core-1.zip: 48%
2023-09-02T05:35:27.323Z [Modules] Streaming discord_desktop_core@1 to /home/aryan/.config/discord/0.0.29/modules/pending/discord_desktop_core-1.zip: 49%
2023-09-02T05:35:27.333Z [Modules] Streaming discord_desktop_core@1 to /home/aryan/.config/discord/0.0.29/modules/pending/discord_desktop_core-1.zip: 50%
2023-09-02T05:35:27.340Z [Modules] Streaming discord_desktop_core@1 to /home/aryan/.config/discord/0.0.29/modules/pending/discord_desktop_core-1.zip: 51%
2023-09-02T05:35:27.357Z [Modules] Streaming discord_desktop_core@1 to /home/aryan/.config/discord/0.0.29/modules/pending/discord_desktop_core-1.zip: 52%
2023-09-02T05:35:27.372Z [Modules] Streaming discord_desktop_core@1 to /home/aryan/.config/discord/0.0.29/modules/pending/discord_desktop_core-1.zip: 54%
2023-09-02T05:35:27.377Z [Modules] Streaming discord_desktop_core@1 to /home/aryan/.config/discord/0.0.29/modules/pending/discord_desktop_core-1.zip: 55%
2023-09-02T05:35:27.386Z [Modules] Streaming discord_desktop_core@1 to /home/aryan/.config/discord/0.0.29/modules/pending/discord_desktop_core-1.zip: 56%
2023-09-02T05:35:27.389Z [Modules] Streaming discord_desktop_core@1 to /home/aryan/.config/discord/0.0.29/modules/pending/discord_desktop_core-1.zip: 57%
2023-09-02T05:35:27.392Z [Modules] Streaming discord_desktop_core@1 to /home/aryan/.config/discord/0.0.29/modules/pending/discord_desktop_core-1.zip: 58%
2023-09-02T05:35:27.398Z [Modules] Streaming discord_desktop_core@1 to /home/aryan/.config/discord/0.0.29/modules/pending/discord_desktop_core-1.zip: 59%
2023-09-02T05:35:27.416Z [Modules] Streaming discord_desktop_core@1 to /home/aryan/.config/discord/0.0.29/modules/pending/discord_desktop_core-1.zip: 60%
2023-09-02T05:35:27.428Z [Modules] Streaming discord_desktop_core@1 to /home/aryan/.config/discord/0.0.29/modules/pending/discord_desktop_core-1.zip: 62%
2023-09-02T05:35:27.441Z [Modules] Streaming discord_desktop_core@1 to /home/aryan/.config/discord/0.0.29/modules/pending/discord_desktop_core-1.zip: 63%
2023-09-02T05:35:27.446Z [Modules] Streaming discord_desktop_core@1 to /home/aryan/.config/discord/0.0.29/modules/pending/discord_desktop_core-1.zip: 64%
2023-09-02T05:35:27.453Z [Modules] Streaming discord_desktop_core@1 to /home/aryan/.config/discord/0.0.29/modules/pending/discord_desktop_core-1.zip: 65%
2023-09-02T05:35:27.462Z [Modules] Streaming discord_desktop_core@1 to /home/aryan/.config/discord/0.0.29/modules/pending/discord_desktop_core-1.zip: 66%
2023-09-02T05:35:27.488Z [Modules] Streaming discord_desktop_core@1 to /home/aryan/.config/discord/0.0.29/modules/pending/discord_desktop_core-1.zip: 68%
2023-09-02T05:35:27.520Z [Modules] Streaming discord_desktop_core@1 to /home/aryan/.config/discord/0.0.29/modules/pending/discord_desktop_core-1.zip: 71%
2023-09-02T05:35:27.521Z [Modules] Streaming discord_desktop_core@1 to /home/aryan/.config/discord/0.0.29/modules/pending/discord_desktop_core-1.zip: 73%
2023-09-02T05:35:27.528Z [Modules] Streaming discord_desktop_core@1 to /home/aryan/.config/discord/0.0.29/modules/pending/discord_desktop_core-1.zip: 74%
2023-09-02T05:35:27.535Z [Modules] Streaming discord_desktop_core@1 to /home/aryan/.config/discord/0.0.29/modules/pending/discord_desktop_core-1.zip: 75%
2023-09-02T05:35:27.542Z [Modules] Streaming discord_desktop_core@1 to /home/aryan/.config/discord/0.0.29/modules/pending/discord_desktop_core-1.zip: 76%
2023-09-02T05:35:27.559Z [Modules] Streaming discord_desktop_core@1 to /home/aryan/.config/discord/0.0.29/modules/pending/discord_desktop_core-1.zip: 77%
2023-09-02T05:35:27.587Z [Modules] Streaming discord_desktop_core@1 to /home/aryan/.config/discord/0.0.29/modules/pending/discord_desktop_core-1.zip: 78%
2023-09-02T05:35:27.591Z [Modules] Streaming discord_desktop_core@1 to /home/aryan/.config/discord/0.0.29/modules/pending/discord_desktop_core-1.zip: 79%
2023-09-02T05:35:27.598Z [Modules] Streaming discord_desktop_core@1 to /home/aryan/.config/discord/0.0.29/modules/pending/discord_desktop_core-1.zip: 81%
2023-09-02T05:35:27.600Z [Modules] Streaming discord_desktop_core@1 to /home/aryan/.config/discord/0.0.29/modules/pending/discord_desktop_core-1.zip: 84%
2023-09-02T05:35:27.604Z [Modules] Streaming discord_desktop_core@1 to /home/aryan/.config/discord/0.0.29/modules/pending/discord_desktop_core-1.zip: 85%
2023-09-02T05:35:27.614Z [Modules] Streaming discord_desktop_core@1 to /home/aryan/.config/discord/0.0.29/modules/pending/discord_desktop_core-1.zip: 86%
2023-09-02T05:35:27.635Z [Modules] Streaming discord_desktop_core@1 to /home/aryan/.config/discord/0.0.29/modules/pending/discord_desktop_core-1.zip: 87%
2023-09-02T05:35:27.643Z [Modules] Streaming discord_desktop_core@1 to /home/aryan/.config/discord/0.0.29/modules/pending/discord_desktop_core-1.zip: 88%
2023-09-02T05:35:27.650Z [Modules] Streaming discord_desktop_core@1 to /home/aryan/.config/discord/0.0.29/modules/pending/discord_desktop_core-1.zip: 89%
2023-09-02T05:35:27.655Z [Modules] Streaming discord_desktop_core@1 to /home/aryan/.config/discord/0.0.29/modules/pending/discord_desktop_core-1.zip: 90%
2023-09-02T05:35:27.670Z [Modules] Streaming discord_desktop_core@1 to /home/aryan/.config/discord/0.0.29/modules/pending/discord_desktop_core-1.zip: 91%
2023-09-02T05:35:27.682Z [Modules] Streaming discord_desktop_core@1 to /home/aryan/.config/discord/0.0.29/modules/pending/discord_desktop_core-1.zip: 93%
2023-09-02T05:35:27.686Z [Modules] Streaming discord_desktop_core@1 to /home/aryan/.config/discord/0.0.29/modules/pending/discord_desktop_core-1.zip: 94%
2023-09-02T05:35:27.694Z [Modules] Streaming discord_desktop_core@1 to /home/aryan/.config/discord/0.0.29/modules/pending/discord_desktop_core-1.zip: 96%
2023-09-02T05:35:27.700Z [Modules] Streaming discord_desktop_core@1 to /home/aryan/.config/discord/0.0.29/modules/pending/discord_desktop_core-1.zip: 97%
2023-09-02T05:35:27.705Z [Modules] Streaming discord_desktop_core@1 to /home/aryan/.config/discord/0.0.29/modules/pending/discord_desktop_core-1.zip: 98%
2023-09-02T05:35:27.716Z [Modules] Streaming discord_desktop_core@1 to /home/aryan/.config/discord/0.0.29/modules/pending/discord_desktop_core-1.zip: 99%
2023-09-02T05:35:27.717Z [Modules] Streaming discord_desktop_core@1 to /home/aryan/.config/discord/0.0.29/modules/pending/discord_desktop_core-1.zip: 100%
2023-09-02T05:35:27.721Z [Modules] Fetching discord_erlpack@1 from https://discord.com/api/modules/stable/discord_erlpack/1
2023-09-02T05:35:27.721Z [Modules] Streaming discord_erlpack@1 to /home/aryan/.config/discord/0.0.29/modules/pending/discord_erlpack-1.zip
2023-09-02T05:35:29.113Z [Modules] Streaming discord_erlpack@1 to /home/aryan/.config/discord/0.0.29/modules/pending/discord_erlpack-1.zip: 1%
2023-09-02T05:35:29.115Z [Modules] Streaming discord_erlpack@1 to /home/aryan/.config/discord/0.0.29/modules/pending/discord_erlpack-1.zip: 2%
2023-09-02T05:35:29.122Z [Modules] Streaming discord_erlpack@1 to /home/aryan/.config/discord/0.0.29/modules/pending/discord_erlpack-1.zip: 3%
2023-09-02T05:35:29.126Z [Modules] Streaming discord_erlpack@1 to /home/aryan/.config/discord/0.0.29/modules/pending/discord_erlpack-1.zip: 4%
2023-09-02T05:35:29.133Z [Modules] Streaming discord_erlpack@1 to /home/aryan/.config/discord/0.0.29/modules/pending/discord_erlpack-1.zip: 5%
2023-09-02T05:35:29.141Z [Modules] Streaming discord_erlpack@1 to /home/aryan/.config/discord/0.0.29/modules/pending/discord_erlpack-1.zip: 6%
2023-09-02T05:35:29.152Z [Modules] Streaming discord_erlpack@1 to /home/aryan/.config/discord/0.0.29/modules/pending/discord_erlpack-1.zip: 8%
2023-09-02T05:35:29.157Z [Modules] Streaming discord_erlpack@1 to /home/aryan/.config/discord/0.0.29/modules/pending/discord_erlpack-1.zip: 9%
2023-09-02T05:35:29.169Z [Modules] Streaming discord_erlpack@1 to /home/aryan/.config/discord/0.0.29/modules/pending/discord_erlpack-1.zip: 10%
2023-09-02T05:35:29.174Z [Modules] Streaming discord_erlpack@1 to /home/aryan/.config/discord/0.0.29/modules/pending/discord_erlpack-1.zip: 11%
2023-09-02T05:35:29.185Z [Modules] Streaming discord_erlpack@1 to /home/aryan/.config/discord/0.0.29/modules/pending/discord_erlpack-1.zip: 12%
2023-09-02T05:35:29.191Z [Modules] Streaming discord_erlpack@1 to /home/aryan/.config/discord/0.0.29/modules/pending/discord_erlpack-1.zip: 13%
2023-09-02T05:35:29.192Z [Modules] Streaming discord_erlpack@1 to /home/aryan/.config/discord/0.0.29/modules/pending/discord_erlpack-1.zip: 14%
2023-09-02T05:35:29.202Z [Modules] Streaming discord_erlpack@1 to /home/aryan/.config/discord/0.0.29/modules/pending/discord_erlpack-1.zip: 16%
2023-09-02T05:35:29.209Z [Modules] Streaming discord_erlpack@1 to /home/aryan/.config/discord/0.0.29/modules/pending/discord_erlpack-1.zip: 17%
2023-09-02T05:35:29.217Z [Modules] Streaming discord_erlpack@1 to /home/aryan/.config/discord/0.0.29/modules/pending/discord_erlpack-1.zip: 18%
2023-09-02T05:35:29.222Z [Modules] Streaming discord_erlpack@1 to /home/aryan/.config/discord/0.0.29/modules/pending/discord_erlpack-1.zip: 19%
2023-09-02T05:35:29.227Z [Modules] Streaming discord_erlpack@1 to /home/aryan/.config/discord/0.0.29/modules/pending/discord_erlpack-1.zip: 20%
2023-09-02T05:35:29.231Z [Modules] Streaming discord_erlpack@1 to /home/aryan/.config/discord/0.0.29/modules/pending/discord_erlpack-1.zip: 21%
2023-09-02T05:35:29.237Z [Modules] Streaming discord_erlpack@1 to /home/aryan/.config/discord/0.0.29/modules/pending/discord_erlpack-1.zip: 22%
2023-09-02T05:35:29.244Z [Modules] Streaming discord_erlpack@1 to /home/aryan/.config/discord/0.0.29/modules/pending/discord_erlpack-1.zip: 23%
2023-09-02T05:35:29.249Z [Modules] Streaming discord_erlpack@1 to /home/aryan/.config/discord/0.0.29/modules/pending/discord_erlpack-1.zip: 24%
2023-09-02T05:35:29.252Z [Modules] Streaming discord_erlpack@1 to /home/aryan/.config/discord/0.0.29/modules/pending/discord_erlpack-1.zip: 25%
2023-09-02T05:35:29.258Z [Modules] Streaming discord_erlpack@1 to /home/aryan/.config/discord/0.0.29/modules/pending/discord_erlpack-1.zip: 26%
2023-09-02T05:35:29.280Z [Modules] Streaming discord_erlpack@1 to /home/aryan/.config/discord/0.0.29/modules/pending/discord_erlpack-1.zip: 28%
2023-09-02T05:35:29.306Z [Modules] Streaming discord_erlpack@1 to /home/aryan/.config/discord/0.0.29/modules/pending/discord_erlpack-1.zip: 32%
2023-09-02T05:35:29.307Z [Modules] Streaming discord_erlpack@1 to /home/aryan/.config/discord/0.0.29/modules/pending/discord_erlpack-1.zip: 33%
2023-09-02T05:35:29.339Z [Modules] Streaming discord_erlpack@1 to /home/aryan/.config/discord/0.0.29/modules/pending/discord_erlpack-1.zip: 36%
2023-09-02T05:35:29.341Z [Modules] Streaming discord_erlpack@1 to /home/aryan/.config/discord/0.0.29/modules/pending/discord_erlpack-1.zip: 40%
2023-09-02T05:35:29.344Z [Modules] Streaming discord_erlpack@1 to /home/aryan/.config/discord/0.0.29/modules/pending/discord_erlpack-1.zip: 41%
2023-09-02T05:35:29.352Z [Modules] Streaming discord_erlpack@1 to /home/aryan/.config/discord/0.0.29/modules/pending/discord_erlpack-1.zip: 43%
2023-09-02T05:35:29.359Z [Modules] Streaming discord_erlpack@1 to /home/aryan/.config/discord/0.0.29/modules/pending/discord_erlpack-1.zip: 44%
2023-09-02T05:35:29.361Z [Modules] Streaming discord_erlpack@1 to /home/aryan/.config/discord/0.0.29/modules/pending/discord_erlpack-1.zip: 45%
2023-09-02T05:35:29.365Z [Modules] Streaming discord_erlpack@1 to /home/aryan/.config/discord/0.0.29/modules/pending/discord_erlpack-1.zip: 46%
2023-09-02T05:35:29.376Z [Modules] Streaming discord_erlpack@1 to /home/aryan/.config/discord/0.0.29/modules/pending/discord_erlpack-1.zip: 47%
2023-09-02T05:35:29.380Z [Modules] Streaming discord_erlpack@1 to /home/aryan/.config/discord/0.0.29/modules/pending/discord_erlpack-1.zip: 48%
2023-09-02T05:35:29.384Z [Modules] Streaming discord_erlpack@1 to /home/aryan/.config/discord/0.0.29/modules/pending/discord_erlpack-1.zip: 49%
2023-09-02T05:35:29.392Z [Modules] Streaming discord_erlpack@1 to /home/aryan/.config/discord/0.0.29/modules/pending/discord_erlpack-1.zip: 51%
2023-09-02T05:35:29.406Z [Modules] Streaming discord_erlpack@1 to /home/aryan/.config/discord/0.0.29/modules/pending/discord_erlpack-1.zip: 52%
2023-09-02T05:35:29.408Z [Modules] Streaming discord_erlpack@1 to /home/aryan/.config/discord/0.0.29/modules/pending/discord_erlpack-1.zip: 54%
2023-09-02T05:35:29.412Z [Modules] Streaming discord_erlpack@1 to /home/aryan/.config/discord/0.0.29/modules/pending/discord_erlpack-1.zip: 55%
2023-09-02T05:35:29.414Z [Modules] Streaming discord_erlpack@1 to /home/aryan/.config/discord/0.0.29/modules/pending/discord_erlpack-1.zip: 56%
2023-09-02T05:35:29.417Z [Modules] Streaming discord_erlpack@1 to /home/aryan/.config/discord/0.0.29/modules/pending/discord_erlpack-1.zip: 57%
2023-09-02T05:35:29.433Z [Modules] Streaming discord_erlpack@1 to /home/aryan/.config/discord/0.0.29/modules/pending/discord_erlpack-1.zip: 58%
2023-09-02T05:35:29.435Z [Modules] Streaming discord_erlpack@1 to /home/aryan/.config/discord/0.0.29/modules/pending/discord_erlpack-1.zip: 61%
2023-09-02T05:35:29.440Z [Modules] Streaming discord_erlpack@1 to /home/aryan/.config/discord/0.0.29/modules/pending/discord_erlpack-1.zip: 62%
2023-09-02T05:35:29.444Z [Modules] Streaming discord_erlpack@1 to /home/aryan/.config/discord/0.0.29/modules/pending/discord_erlpack-1.zip: 63%
2023-09-02T05:35:29.450Z [Modules] Streaming discord_erlpack@1 to /home/aryan/.config/discord/0.0.29/modules/pending/discord_erlpack-1.zip: 64%
2023-09-02T05:35:29.459Z [Modules] Streaming discord_erlpack@1 to /home/aryan/.config/discord/0.0.29/modules/pending/discord_erlpack-1.zip: 65%
2023-09-02T05:35:29.464Z [Modules] Streaming discord_erlpack@1 to /home/aryan/.config/discord/0.0.29/modules/pending/discord_erlpack-1.zip: 66%
2023-09-02T05:35:29.466Z [Modules] Streaming discord_erlpack@1 to /home/aryan/.config/discord/0.0.29/modules/pending/discord_erlpack-1.zip: 67%
2023-09-02T05:35:29.469Z [Modules] Streaming discord_erlpack@1 to /home/aryan/.config/discord/0.0.29/modules/pending/discord_erlpack-1.zip: 68%
2023-09-02T05:35:29.474Z [Modules] Streaming discord_erlpack@1 to /home/aryan/.config/discord/0.0.29/modules/pending/discord_erlpack-1.zip: 69%
2023-09-02T05:35:29.478Z [Modules] Streaming discord_erlpack@1 to /home/aryan/.config/discord/0.0.29/modules/pending/discord_erlpack-1.zip: 70%
2023-09-02T05:35:29.485Z [Modules] Streaming discord_erlpack@1 to /home/aryan/.config/discord/0.0.29/modules/pending/discord_erlpack-1.zip: 71%
2023-09-02T05:35:29.492Z [Modules] Streaming discord_erlpack@1 to /home/aryan/.config/discord/0.0.29/modules/pending/discord_erlpack-1.zip: 72%
2023-09-02T05:35:29.499Z [Modules] Streaming discord_erlpack@1 to /home/aryan/.config/discord/0.0.29/modules/pending/discord_erlpack-1.zip: 74%
2023-09-02T05:35:29.500Z [Modules] Streaming discord_erlpack@1 to /home/aryan/.config/discord/0.0.29/modules/pending/discord_erlpack-1.zip: 75%
2023-09-02T05:35:29.512Z [Modules] Streaming discord_erlpack@1 to /home/aryan/.config/discord/0.0.29/modules/pending/discord_erlpack-1.zip: 76%
2023-09-02T05:35:29.514Z [Modules] Streaming discord_erlpack@1 to /home/aryan/.config/discord/0.0.29/modules/pending/discord_erlpack-1.zip: 77%
2023-09-02T05:35:29.516Z [Modules] Streaming discord_erlpack@1 to /home/aryan/.config/discord/0.0.29/modules/pending/discord_erlpack-1.zip: 78%
2023-09-02T05:35:29.524Z [Modules] Streaming discord_erlpack@1 to /home/aryan/.config/discord/0.0.29/modules/pending/discord_erlpack-1.zip: 80%
2023-09-02T05:35:29.531Z [Modules] Streaming discord_erlpack@1 to /home/aryan/.config/discord/0.0.29/modules/pending/discord_erlpack-1.zip: 81%
2023-09-02T05:35:29.536Z [Modules] Streaming discord_erlpack@1 to /home/aryan/.config/discord/0.0.29/modules/pending/discord_erlpack-1.zip: 84%
2023-09-02T05:35:29.542Z [Modules] Streaming discord_erlpack@1 to /home/aryan/.config/discord/0.0.29/modules/pending/discord_erlpack-1.zip: 85%
2023-09-02T05:35:29.545Z [Modules] Streaming discord_erlpack@1 to /home/aryan/.config/discord/0.0.29/modules/pending/discord_erlpack-1.zip: 86%
2023-09-02T05:35:29.554Z [Modules] Streaming discord_erlpack@1 to /home/aryan/.config/discord/0.0.29/modules/pending/discord_erlpack-1.zip: 88%
2023-09-02T05:35:29.560Z [Modules] Streaming discord_erlpack@1 to /home/aryan/.config/discord/0.0.29/modules/pending/discord_erlpack-1.zip: 89%
2023-09-02T05:35:29.564Z [Modules] Streaming discord_erlpack@1 to /home/aryan/.config/discord/0.0.29/modules/pending/discord_erlpack-1.zip: 90%
2023-09-02T05:35:29.567Z [Modules] Streaming discord_erlpack@1 to /home/aryan/.config/discord/0.0.29/modules/pending/discord_erlpack-1.zip: 91%
2023-09-02T05:35:29.569Z [Modules] Streaming discord_erlpack@1 to /home/aryan/.config/discord/0.0.29/modules/pending/discord_erlpack-1.zip: 92%
2023-09-02T05:35:29.579Z [Modules] Streaming discord_erlpack@1 to /home/aryan/.config/discord/0.0.29/modules/pending/discord_erlpack-1.zip: 94%
2023-09-02T05:35:29.589Z [Modules] Streaming discord_erlpack@1 to /home/aryan/.config/discord/0.0.29/modules/pending/discord_erlpack-1.zip: 96%
2023-09-02T05:35:29.597Z [Modules] Streaming discord_erlpack@1 to /home/aryan/.config/discord/0.0.29/modules/pending/discord_erlpack-1.zip: 100%
2023-09-02T05:35:29.600Z [Modules] Fetching discord_spellcheck@1 from https://discord.com/api/modules/stable/discord_spellcheck/1
2023-09-02T05:35:29.601Z [Modules] Streaming discord_spellcheck@1 to /home/aryan/.config/discord/0.0.29/modules/pending/discord_spellcheck-1.zip
2023-09-02T05:35:30.325Z [Modules] Streaming discord_spellcheck@1 to /home/aryan/.config/discord/0.0.29/modules/pending/discord_spellcheck-1.zip: 1%
2023-09-02T05:35:30.347Z [Modules] Streaming discord_spellcheck@1 to /home/aryan/.config/discord/0.0.29/modules/pending/discord_spellcheck-1.zip: 2%
2023-09-02T05:35:30.367Z [Modules] Streaming discord_spellcheck@1 to /home/aryan/.config/discord/0.0.29/modules/pending/discord_spellcheck-1.zip: 3%
2023-09-02T05:35:30.393Z [Modules] Streaming discord_spellcheck@1 to /home/aryan/.config/discord/0.0.29/modules/pending/discord_spellcheck-1.zip: 4%
2023-09-02T05:35:30.408Z [Modules] Streaming discord_spellcheck@1 to /home/aryan/.config/discord/0.0.29/modules/pending/discord_spellcheck-1.zip: 5%
2023-09-02T05:35:30.435Z [Modules] Streaming discord_spellcheck@1 to /home/aryan/.config/discord/0.0.29/modules/pending/discord_spellcheck-1.zip: 6%
2023-09-02T05:35:30.450Z [Modules] Streaming discord_spellcheck@1 to /home/aryan/.config/discord/0.0.29/modules/pending/discord_spellcheck-1.zip: 7%
2023-09-02T05:35:30.469Z [Modules] Streaming discord_spellcheck@1 to /home/aryan/.config/discord/0.0.29/modules/pending/discord_spellcheck-1.zip: 8%
2023-09-02T05:35:30.487Z [Modules] Streaming discord_spellcheck@1 to /home/aryan/.config/discord/0.0.29/modules/pending/discord_spellcheck-1.zip: 9%
2023-09-02T05:35:30.506Z [Modules] Streaming discord_spellcheck@1 to /home/aryan/.config/discord/0.0.29/modules/pending/discord_spellcheck-1.zip: 10%
2023-09-02T05:35:30.530Z [Modules] Streaming discord_spellcheck@1 to /home/aryan/.config/discord/0.0.29/modules/pending/discord_spellcheck-1.zip: 11%
2023-09-02T05:35:30.552Z [Modules] Streaming discord_spellcheck@1 to /home/aryan/.config/discord/0.0.29/modules/pending/discord_spellcheck-1.zip: 12%
2023-09-02T05:35:30.564Z [Modules] Streaming discord_spellcheck@1 to /home/aryan/.config/discord/0.0.29/modules/pending/discord_spellcheck-1.zip: 13%
2023-09-02T05:35:30.584Z [Modules] Streaming discord_spellcheck@1 to /home/aryan/.config/discord/0.0.29/modules/pending/discord_spellcheck-1.zip: 14%
2023-09-02T05:35:30.597Z [Modules] Streaming discord_spellcheck@1 to /home/aryan/.config/discord/0.0.29/modules/pending/discord_spellcheck-1.zip: 15%
2023-09-02T05:35:30.615Z [Modules] Streaming discord_spellcheck@1 to /home/aryan/.config/discord/0.0.29/modules/pending/discord_spellcheck-1.zip: 16%
2023-09-02T05:35:30.636Z [Modules] Streaming discord_spellcheck@1 to /home/aryan/.config/discord/0.0.29/modules/pending/discord_spellcheck-1.zip: 17%
2023-09-02T05:35:30.647Z [Modules] Streaming discord_spellcheck@1 to /home/aryan/.config/discord/0.0.29/modules/pending/discord_spellcheck-1.zip: 18%
2023-09-02T05:35:30.664Z [Modules] Streaming discord_spellcheck@1 to /home/aryan/.config/discord/0.0.29/modules/pending/discord_spellcheck-1.zip: 19%
2023-09-02T05:35:30.680Z [Modules] Streaming discord_spellcheck@1 to /home/aryan/.config/discord/0.0.29/modules/pending/discord_spellcheck-1.zip: 20%
2023-09-02T05:35:30.695Z [Modules] Streaming discord_spellcheck@1 to /home/aryan/.config/discord/0.0.29/modules/pending/discord_spellcheck-1.zip: 21%
2023-09-02T05:35:30.713Z [Modules] Streaming discord_spellcheck@1 to /home/aryan/.config/discord/0.0.29/modules/pending/discord_spellcheck-1.zip: 22%
2023-09-02T05:35:30.730Z [Modules] Streaming discord_spellcheck@1 to /home/aryan/.config/discord/0.0.29/modules/pending/discord_spellcheck-1.zip: 23%
2023-09-02T05:35:30.744Z [Modules] Streaming discord_spellcheck@1 to /home/aryan/.config/discord/0.0.29/modules/pending/discord_spellcheck-1.zip: 24%
2023-09-02T05:35:30.753Z [Modules] Streaming discord_spellcheck@1 to /home/aryan/.config/discord/0.0.29/modules/pending/discord_spellcheck-1.zip: 25%
2023-09-02T05:35:30.771Z [Modules] Streaming discord_spellcheck@1 to /home/aryan/.config/discord/0.0.29/modules/pending/discord_spellcheck-1.zip: 26%
2023-09-02T05:35:30.786Z [Modules] Streaming discord_spellcheck@1 to /home/aryan/.config/discord/0.0.29/modules/pending/discord_spellcheck-1.zip: 27%
2023-09-02T05:35:30.804Z [Modules] Streaming discord_spellcheck@1 to /home/aryan/.config/discord/0.0.29/modules/pending/discord_spellcheck-1.zip: 28%
2023-09-02T05:35:30.822Z [Modules] Streaming discord_spellcheck@1 to /home/aryan/.config/discord/0.0.29/modules/pending/discord_spellcheck-1.zip: 29%
2023-09-02T05:35:30.834Z [Modules] Streaming discord_spellcheck@1 to /home/aryan/.config/discord/0.0.29/modules/pending/discord_spellcheck-1.zip: 30%
2023-09-02T05:35:30.873Z [Modules] Streaming discord_spellcheck@1 to /home/aryan/.config/discord/0.0.29/modules/pending/discord_spellcheck-1.zip: 31%
2023-09-02T05:35:30.879Z [Modules] Streaming discord_spellcheck@1 to /home/aryan/.config/discord/0.0.29/modules/pending/discord_spellcheck-1.zip: 32%
2023-09-02T05:35:30.890Z [Modules] Streaming discord_spellcheck@1 to /home/aryan/.config/discord/0.0.29/modules/pending/discord_spellcheck-1.zip: 33%
2023-09-02T05:35:30.899Z [Modules] Streaming discord_spellcheck@1 to /home/aryan/.config/discord/0.0.29/modules/pending/discord_spellcheck-1.zip: 34%
2023-09-02T05:35:30.915Z [Modules] Streaming discord_spellcheck@1 to /home/aryan/.config/discord/0.0.29/modules/pending/discord_spellcheck-1.zip: 35%
2023-09-02T05:35:30.924Z [Modules] Streaming discord_spellcheck@1 to /home/aryan/.config/discord/0.0.29/modules/pending/discord_spellcheck-1.zip: 36%
2023-09-02T05:35:30.945Z [Modules] Streaming discord_spellcheck@1 to /home/aryan/.config/discord/0.0.29/modules/pending/discord_spellcheck-1.zip: 37%
2023-09-02T05:35:30.951Z [Modules] Streaming discord_spellcheck@1 to /home/aryan/.config/discord/0.0.29/modules/pending/discord_spellcheck-1.zip: 38%
2023-09-02T05:35:30.970Z [Modules] Streaming discord_spellcheck@1 to /home/aryan/.config/discord/0.0.29/modules/pending/discord_spellcheck-1.zip: 39%
2023-09-02T05:35:30.985Z [Modules] Streaming discord_spellcheck@1 to /home/aryan/.config/discord/0.0.29/modules/pending/discord_spellcheck-1.zip: 40%
2023-09-02T05:35:30.998Z [Modules] Streaming discord_spellcheck@1 to /home/aryan/.config/discord/0.0.29/modules/pending/discord_spellcheck-1.zip: 41%
2023-09-02T05:35:31.016Z [Modules] Streaming discord_spellcheck@1 to /home/aryan/.config/discord/0.0.29/modules/pending/discord_spellcheck-1.zip: 42%
2023-09-02T05:35:31.042Z [Modules] Streaming discord_spellcheck@1 to /home/aryan/.config/discord/0.0.29/modules/pending/discord_spellcheck-1.zip: 43%
2023-09-02T05:35:31.152Z [Modules] Streaming discord_spellcheck@1 to /home/aryan/.config/discord/0.0.29/modules/pending/discord_spellcheck-1.zip: 44%
2023-09-02T05:35:31.157Z [Modules] Streaming discord_spellcheck@1 to /home/aryan/.config/discord/0.0.29/modules/pending/discord_spellcheck-1.zip: 45%
2023-09-02T05:35:31.163Z [Modules] Streaming discord_spellcheck@1 to /home/aryan/.config/discord/0.0.29/modules/pending/discord_spellcheck-1.zip: 48%
2023-09-02T05:35:31.166Z [Modules] Streaming discord_spellcheck@1 to /home/aryan/.config/discord/0.0.29/modules/pending/discord_spellcheck-1.zip: 50%
2023-09-02T05:35:31.180Z [Modules] Streaming discord_spellcheck@1 to /home/aryan/.config/discord/0.0.29/modules/pending/discord_spellcheck-1.zip: 51%
2023-09-02T05:35:31.211Z [Modules] Streaming discord_spellcheck@1 to /home/aryan/.config/discord/0.0.29/modules/pending/discord_spellcheck-1.zip: 52%
2023-09-02T05:35:31.222Z [Modules] Streaming discord_spellcheck@1 to /home/aryan/.config/discord/0.0.29/modules/pending/discord_spellcheck-1.zip: 53%
2023-09-02T05:35:31.267Z [Modules] Streaming discord_spellcheck@1 to /home/aryan/.config/discord/0.0.29/modules/pending/discord_spellcheck-1.zip: 54%
2023-09-02T05:35:31.281Z [Modules] Streaming discord_spellcheck@1 to /home/aryan/.config/discord/0.0.29/modules/pending/discord_spellcheck-1.zip: 55%
2023-09-02T05:35:31.286Z [Modules] Streaming discord_spellcheck@1 to /home/aryan/.config/discord/0.0.29/modules/pending/discord_spellcheck-1.zip: 56%
2023-09-02T05:35:31.307Z [Modules] Streaming discord_spellcheck@1 to /home/aryan/.config/discord/0.0.29/modules/pending/discord_spellcheck-1.zip: 57%
2023-09-02T05:35:31.323Z [Modules] Streaming discord_spellcheck@1 to /home/aryan/.config/discord/0.0.29/modules/pending/discord_spellcheck-1.zip: 58%
2023-09-02T05:35:31.337Z [Modules] Streaming discord_spellcheck@1 to /home/aryan/.config/discord/0.0.29/modules/pending/discord_spellcheck-1.zip: 59%
2023-09-02T05:35:31.351Z [Modules] Streaming discord_spellcheck@1 to /home/aryan/.config/discord/0.0.29/modules/pending/discord_spellcheck-1.zip: 60%
2023-09-02T05:35:31.379Z [Modules] Streaming discord_spellcheck@1 to /home/aryan/.config/discord/0.0.29/modules/pending/discord_spellcheck-1.zip: 61%
2023-09-02T05:35:31.382Z [Modules] Streaming discord_spellcheck@1 to /home/aryan/.config/discord/0.0.29/modules/pending/discord_spellcheck-1.zip: 62%
2023-09-02T05:35:31.394Z [Modules] Streaming discord_spellcheck@1 to /home/aryan/.config/discord/0.0.29/modules/pending/discord_spellcheck-1.zip: 63%
2023-09-02T05:35:31.404Z [Modules] Streaming discord_spellcheck@1 to /home/aryan/.config/discord/0.0.29/modules/pending/discord_spellcheck-1.zip: 64%
2023-09-02T05:35:31.414Z [Modules] Streaming discord_spellcheck@1 to /home/aryan/.config/discord/0.0.29/modules/pending/discord_spellcheck-1.zip: 65%
2023-09-02T05:35:31.428Z [Modules] Streaming discord_spellcheck@1 to /home/aryan/.config/discord/0.0.29/modules/pending/discord_spellcheck-1.zip: 66%
2023-09-02T05:35:31.442Z [Modules] Streaming discord_spellcheck@1 to /home/aryan/.config/discord/0.0.29/modules/pending/discord_spellcheck-1.zip: 67%
2023-09-02T05:35:31.515Z [Modules] Streaming discord_spellcheck@1 to /home/aryan/.config/discord/0.0.29/modules/pending/discord_spellcheck-1.zip: 68%
2023-09-02T05:35:31.516Z [Modules] Streaming discord_spellcheck@1 to /home/aryan/.config/discord/0.0.29/modules/pending/discord_spellcheck-1.zip: 69%
2023-09-02T05:35:31.537Z [Modules] Streaming discord_spellcheck@1 to /home/aryan/.config/discord/0.0.29/modules/pending/discord_spellcheck-1.zip: 70%
2023-09-02T05:35:31.539Z [Modules] Streaming discord_spellcheck@1 to /home/aryan/.config/discord/0.0.29/modules/pending/discord_spellcheck-1.zip: 72%
2023-09-02T05:35:31.540Z [Modules] Streaming discord_spellcheck@1 to /home/aryan/.config/discord/0.0.29/modules/pending/discord_spellcheck-1.zip: 73%
2023-09-02T05:35:31.563Z [Modules] Streaming discord_spellcheck@1 to /home/aryan/.config/discord/0.0.29/modules/pending/discord_spellcheck-1.zip: 74%
2023-09-02T05:35:31.566Z [Modules] Streaming discord_spellcheck@1 to /home/aryan/.config/discord/0.0.29/modules/pending/discord_spellcheck-1.zip: 75%
2023-09-02T05:35:31.576Z [Modules] Streaming discord_spellcheck@1 to /home/aryan/.config/discord/0.0.29/modules/pending/discord_spellcheck-1.zip: 76%
2023-09-02T05:35:31.581Z [Modules] Streaming discord_spellcheck@1 to /home/aryan/.config/discord/0.0.29/modules/pending/discord_spellcheck-1.zip: 77%
2023-09-02T05:35:31.593Z [Modules] Streaming discord_spellcheck@1 to /home/aryan/.config/discord/0.0.29/modules/pending/discord_spellcheck-1.zip: 78%
2023-09-02T05:35:31.608Z [Modules] Streaming discord_spellcheck@1 to /home/aryan/.config/discord/0.0.29/modules/pending/discord_spellcheck-1.zip: 79%
2023-09-02T05:35:31.618Z [Modules] Streaming discord_spellcheck@1 to /home/aryan/.config/discord/0.0.29/modules/pending/discord_spellcheck-1.zip: 80%
2023-09-02T05:35:31.633Z [Modules] Streaming discord_spellcheck@1 to /home/aryan/.config/discord/0.0.29/modules/pending/discord_spellcheck-1.zip: 81%
2023-09-02T05:35:31.639Z [Modules] Streaming discord_spellcheck@1 to /home/aryan/.config/discord/0.0.29/modules/pending/discord_spellcheck-1.zip: 82%
2023-09-02T05:35:31.663Z [Modules] Streaming discord_spellcheck@1 to /home/aryan/.config/discord/0.0.29/modules/pending/discord_spellcheck-1.zip: 83%
2023-09-02T05:35:31.674Z [Modules] Streaming discord_spellcheck@1 to /home/aryan/.config/discord/0.0.29/modules/pending/discord_spellcheck-1.zip: 84%
2023-09-02T05:35:31.699Z [Modules] Streaming discord_spellcheck@1 to /home/aryan/.config/discord/0.0.29/modules/pending/discord_spellcheck-1.zip: 85%
2023-09-02T05:35:31.700Z [Modules] Streaming discord_spellcheck@1 to /home/aryan/.config/discord/0.0.29/modules/pending/discord_spellcheck-1.zip: 86%
2023-09-02T05:35:31.703Z [Modules] Streaming discord_spellcheck@1 to /home/aryan/.config/discord/0.0.29/modules/pending/discord_spellcheck-1.zip: 87%
2023-09-02T05:35:31.717Z [Modules] Streaming discord_spellcheck@1 to /home/aryan/.config/discord/0.0.29/modules/pending/discord_spellcheck-1.zip: 88%
2023-09-02T05:35:31.741Z [Modules] Streaming discord_spellcheck@1 to /home/aryan/.config/discord/0.0.29/modules/pending/discord_spellcheck-1.zip: 89%
2023-09-02T05:35:31.773Z [Modules] Streaming discord_spellcheck@1 to /home/aryan/.config/discord/0.0.29/modules/pending/discord_spellcheck-1.zip: 91%
2023-09-02T05:35:31.802Z [Modules] Streaming discord_spellcheck@1 to /home/aryan/.config/discord/0.0.29/modules/pending/discord_spellcheck-1.zip: 92%
2023-09-02T05:35:31.815Z [Modules] Streaming discord_spellcheck@1 to /home/aryan/.config/discord/0.0.29/modules/pending/discord_spellcheck-1.zip: 93%
2023-09-02T05:35:31.829Z [Modules] Streaming discord_spellcheck@1 to /home/aryan/.config/discord/0.0.29/modules/pending/discord_spellcheck-1.zip: 94%
2023-09-02T05:35:31.832Z [Modules] Streaming discord_spellcheck@1 to /home/aryan/.config/discord/0.0.29/modules/pending/discord_spellcheck-1.zip: 95%
2023-09-02T05:35:31.855Z [Modules] Streaming discord_spellcheck@1 to /home/aryan/.config/discord/0.0.29/modules/pending/discord_spellcheck-1.zip: 96%
2023-09-02T05:35:31.874Z [Modules] Streaming discord_spellcheck@1 to /home/aryan/.config/discord/0.0.29/modules/pending/discord_spellcheck-1.zip: 97%
2023-09-02T05:35:31.912Z [Modules] Streaming discord_spellcheck@1 to /home/aryan/.config/discord/0.0.29/modules/pending/discord_spellcheck-1.zip: 98%
2023-09-02T05:35:31.915Z [Modules] Streaming discord_spellcheck@1 to /home/aryan/.config/discord/0.0.29/modules/pending/discord_spellcheck-1.zip: 100%
2023-09-02T05:35:31.918Z [Modules] Fetching discord_utils@1 from https://discord.com/api/modules/stable/discord_utils/1
2023-09-02T05:35:31.918Z [Modules] Streaming discord_utils@1 to /home/aryan/.config/discord/0.0.29/modules/pending/discord_utils-1.zip
2023-09-02T05:35:32.605Z [Modules] Streaming discord_utils@1 to /home/aryan/.config/discord/0.0.29/modules/pending/discord_utils-1.zip: 1%
2023-09-02T05:35:32.606Z [Modules] Streaming discord_utils@1 to /home/aryan/.config/discord/0.0.29/modules/pending/discord_utils-1.zip: 3%
2023-09-02T05:35:32.613Z [Modules] Streaming discord_utils@1 to /home/aryan/.config/discord/0.0.29/modules/pending/discord_utils-1.zip: 4%
2023-09-02T05:35:32.650Z [Modules] Streaming discord_utils@1 to /home/aryan/.config/discord/0.0.29/modules/pending/discord_utils-1.zip: 5%
2023-09-02T05:35:32.654Z [Modules] Streaming discord_utils@1 to /home/aryan/.config/discord/0.0.29/modules/pending/discord_utils-1.zip: 7%
2023-09-02T05:35:32.656Z [Modules] Streaming discord_utils@1 to /home/aryan/.config/discord/0.0.29/modules/pending/discord_utils-1.zip: 11%
2023-09-02T05:35:32.657Z [Modules] Streaming discord_utils@1 to /home/aryan/.config/discord/0.0.29/modules/pending/discord_utils-1.zip: 12%
2023-09-02T05:35:32.660Z [Modules] Streaming discord_utils@1 to /home/aryan/.config/discord/0.0.29/modules/pending/discord_utils-1.zip: 13%
2023-09-02T05:35:32.679Z [Modules] Streaming discord_utils@1 to /home/aryan/.config/discord/0.0.29/modules/pending/discord_utils-1.zip: 15%
2023-09-02T05:35:32.680Z [Modules] Streaming discord_utils@1 to /home/aryan/.config/discord/0.0.29/modules/pending/discord_utils-1.zip: 16%
2023-09-02T05:35:32.717Z [Modules] Streaming discord_utils@1 to /home/aryan/.config/discord/0.0.29/modules/pending/discord_utils-1.zip: 18%
2023-09-02T05:35:32.719Z [Modules] Streaming discord_utils@1 to /home/aryan/.config/discord/0.0.29/modules/pending/discord_utils-1.zip: 20%
2023-09-02T05:35:32.720Z [Modules] Streaming discord_utils@1 to /home/aryan/.config/discord/0.0.29/modules/pending/discord_utils-1.zip: 23%
2023-09-02T05:35:32.721Z [Modules] Streaming discord_utils@1 to /home/aryan/.config/discord/0.0.29/modules/pending/discord_utils-1.zip: 25%
2023-09-02T05:35:32.727Z [Modules] Streaming discord_utils@1 to /home/aryan/.config/discord/0.0.29/modules/pending/discord_utils-1.zip: 26%
2023-09-02T05:35:32.729Z [Modules] Streaming discord_utils@1 to /home/aryan/.config/discord/0.0.29/modules/pending/discord_utils-1.zip: 27%
2023-09-02T05:35:32.735Z [Modules] Streaming discord_utils@1 to /home/aryan/.config/discord/0.0.29/modules/pending/discord_utils-1.zip: 28%
2023-09-02T05:35:32.739Z [Modules] Streaming discord_utils@1 to /home/aryan/.config/discord/0.0.29/modules/pending/discord_utils-1.zip: 29%
2023-09-02T05:35:32.742Z [Modules] Streaming discord_utils@1 to /home/aryan/.config/discord/0.0.29/modules/pending/discord_utils-1.zip: 30%
2023-09-02T05:35:32.750Z [Modules] Streaming discord_utils@1 to /home/aryan/.config/discord/0.0.29/modules/pending/discord_utils-1.zip: 32%
2023-09-02T05:35:32.759Z [Modules] Streaming discord_utils@1 to /home/aryan/.config/discord/0.0.29/modules/pending/discord_utils-1.zip: 33%
2023-09-02T05:35:32.761Z [Modules] Streaming discord_utils@1 to /home/aryan/.config/discord/0.0.29/modules/pending/discord_utils-1.zip: 34%
2023-09-02T05:35:32.770Z [Modules] Streaming discord_utils@1 to /home/aryan/.config/discord/0.0.29/modules/pending/discord_utils-1.zip: 36%
2023-09-02T05:35:32.775Z [Modules] Streaming discord_utils@1 to /home/aryan/.config/discord/0.0.29/modules/pending/discord_utils-1.zip: 37%
2023-09-02T05:35:32.781Z [Modules] Streaming discord_utils@1 to /home/aryan/.config/discord/0.0.29/modules/pending/discord_utils-1.zip: 38%
2023-09-02T05:35:32.798Z [Modules] Streaming discord_utils@1 to /home/aryan/.config/discord/0.0.29/modules/pending/discord_utils-1.zip: 39%
2023-09-02T05:35:32.805Z [Modules] Streaming discord_utils@1 to /home/aryan/.config/discord/0.0.29/modules/pending/discord_utils-1.zip: 40%
2023-09-02T05:35:32.811Z [Modules] Streaming discord_utils@1 to /home/aryan/.config/discord/0.0.29/modules/pending/discord_utils-1.zip: 42%
2023-09-02T05:35:32.815Z [Modules] Streaming discord_utils@1 to /home/aryan/.config/discord/0.0.29/modules/pending/discord_utils-1.zip: 44%
2023-09-02T05:35:32.818Z [Modules] Streaming discord_utils@1 to /home/aryan/.config/discord/0.0.29/modules/pending/discord_utils-1.zip: 45%
2023-09-02T05:35:32.847Z [Modules] Streaming discord_utils@1 to /home/aryan/.config/discord/0.0.29/modules/pending/discord_utils-1.zip: 47%
2023-09-02T05:35:32.851Z [Modules] Streaming discord_utils@1 to /home/aryan/.config/discord/0.0.29/modules/pending/discord_utils-1.zip: 49%
2023-09-02T05:35:32.853Z [Modules] Streaming discord_utils@1 to /home/aryan/.config/discord/0.0.29/modules/pending/discord_utils-1.zip: 51%
2023-09-02T05:35:32.855Z [Modules] Streaming discord_utils@1 to /home/aryan/.config/discord/0.0.29/modules/pending/discord_utils-1.zip: 53%
2023-09-02T05:35:32.856Z [Modules] Streaming discord_utils@1 to /home/aryan/.config/discord/0.0.29/modules/pending/discord_utils-1.zip: 55%
2023-09-02T05:35:32.857Z [Modules] Streaming discord_utils@1 to /home/aryan/.config/discord/0.0.29/modules/pending/discord_utils-1.zip: 56%
2023-09-02T05:35:32.862Z [Modules] Streaming discord_utils@1 to /home/aryan/.config/discord/0.0.29/modules/pending/discord_utils-1.zip: 57%
2023-09-02T05:35:32.864Z [Modules] Streaming discord_utils@1 to /home/aryan/.config/discord/0.0.29/modules/pending/discord_utils-1.zip: 58%
2023-09-02T05:35:32.873Z [Modules] Streaming discord_utils@1 to /home/aryan/.config/discord/0.0.29/modules/pending/discord_utils-1.zip: 60%
2023-09-02T05:35:32.876Z [Modules] Streaming discord_utils@1 to /home/aryan/.config/discord/0.0.29/modules/pending/discord_utils-1.zip: 61%
2023-09-02T05:35:32.881Z [Modules] Streaming discord_utils@1 to /home/aryan/.config/discord/0.0.29/modules/pending/discord_utils-1.zip: 62%
2023-09-02T05:35:32.887Z [Modules] Streaming discord_utils@1 to /home/aryan/.config/discord/0.0.29/modules/pending/discord_utils-1.zip: 63%
2023-09-02T05:35:32.888Z [Modules] Streaming discord_utils@1 to /home/aryan/.config/discord/0.0.29/modules/pending/discord_utils-1.zip: 64%
2023-09-02T05:35:32.896Z [Modules] Streaming discord_utils@1 to /home/aryan/.config/discord/0.0.29/modules/pending/discord_utils-1.zip: 65%
2023-09-02T05:35:32.900Z [Modules] Streaming discord_utils@1 to /home/aryan/.config/discord/0.0.29/modules/pending/discord_utils-1.zip: 66%
2023-09-02T05:35:32.909Z [Modules] Streaming discord_utils@1 to /home/aryan/.config/discord/0.0.29/modules/pending/discord_utils-1.zip: 68%
2023-09-02T05:35:32.915Z [Modules] Streaming discord_utils@1 to /home/aryan/.config/discord/0.0.29/modules/pending/discord_utils-1.zip: 70%
2023-09-02T05:35:32.922Z [Modules] Streaming discord_utils@1 to /home/aryan/.config/discord/0.0.29/modules/pending/discord_utils-1.zip: 71%
2023-09-02T05:35:32.925Z [Modules] Streaming discord_utils@1 to /home/aryan/.config/discord/0.0.29/modules/pending/discord_utils-1.zip: 73%
2023-09-02T05:35:32.932Z [Modules] Streaming discord_utils@1 to /home/aryan/.config/discord/0.0.29/modules/pending/discord_utils-1.zip: 74%
2023-09-02T05:35:32.939Z [Modules] Streaming discord_utils@1 to /home/aryan/.config/discord/0.0.29/modules/pending/discord_utils-1.zip: 76%
2023-09-02T05:35:32.942Z [Modules] Streaming discord_utils@1 to /home/aryan/.config/discord/0.0.29/modules/pending/discord_utils-1.zip: 77%
2023-09-02T05:35:32.948Z [Modules] Streaming discord_utils@1 to /home/aryan/.config/discord/0.0.29/modules/pending/discord_utils-1.zip: 79%
2023-09-02T05:35:32.955Z [Modules] Streaming discord_utils@1 to /home/aryan/.config/discord/0.0.29/modules/pending/discord_utils-1.zip: 80%
2023-09-02T05:35:32.956Z [Modules] Streaming discord_utils@1 to /home/aryan/.config/discord/0.0.29/modules/pending/discord_utils-1.zip: 81%
2023-09-02T05:35:32.962Z [Modules] Streaming discord_utils@1 to /home/aryan/.config/discord/0.0.29/modules/pending/discord_utils-1.zip: 82%
2023-09-02T05:35:32.967Z [Modules] Streaming discord_utils@1 to /home/aryan/.config/discord/0.0.29/modules/pending/discord_utils-1.zip: 84%
2023-09-02T05:35:32.974Z [Modules] Streaming discord_utils@1 to /home/aryan/.config/discord/0.0.29/modules/pending/discord_utils-1.zip: 86%
2023-09-02T05:35:32.979Z [Modules] Streaming discord_utils@1 to /home/aryan/.config/discord/0.0.29/modules/pending/discord_utils-1.zip: 87%
2023-09-02T05:35:32.983Z [Modules] Streaming discord_utils@1 to /home/aryan/.config/discord/0.0.29/modules/pending/discord_utils-1.zip: 88%
2023-09-02T05:35:32.988Z [Modules] Streaming discord_utils@1 to /home/aryan/.config/discord/0.0.29/modules/pending/discord_utils-1.zip: 90%
2023-09-02T05:35:32.993Z [Modules] Streaming discord_utils@1 to /home/aryan/.config/discord/0.0.29/modules/pending/discord_utils-1.zip: 91%
2023-09-02T05:35:32.998Z [Modules] Streaming discord_utils@1 to /home/aryan/.config/discord/0.0.29/modules/pending/discord_utils-1.zip: 92%
2023-09-02T05:35:33.002Z [Modules] Streaming discord_utils@1 to /home/aryan/.config/discord/0.0.29/modules/pending/discord_utils-1.zip: 94%
2023-09-02T05:35:33.003Z [Modules] Streaming discord_utils@1 to /home/aryan/.config/discord/0.0.29/modules/pending/discord_utils-1.zip: 95%
2023-09-02T05:35:33.014Z [Modules] Streaming discord_utils@1 to /home/aryan/.config/discord/0.0.29/modules/pending/discord_utils-1.zip: 96%
2023-09-02T05:35:33.025Z [Modules] Streaming discord_utils@1 to /home/aryan/.config/discord/0.0.29/modules/pending/discord_utils-1.zip: 98%
2023-09-02T05:35:33.027Z [Modules] Streaming discord_utils@1 to /home/aryan/.config/discord/0.0.29/modules/pending/discord_utils-1.zip: 100%
2023-09-02T05:35:33.030Z [Modules] Fetching discord_voice@1 from https://discord.com/api/modules/stable/discord_voice/1
2023-09-02T05:35:33.031Z [Modules] Streaming discord_voice@1 to /home/aryan/.config/discord/0.0.29/modules/pending/discord_voice-1.zip
2023-09-02T05:35:33.771Z [Modules] Streaming discord_voice@1 to /home/aryan/.config/discord/0.0.29/modules/pending/discord_voice-1.zip: 1%
2023-09-02T05:35:33.799Z [Modules] Streaming discord_voice@1 to /home/aryan/.config/discord/0.0.29/modules/pending/discord_voice-1.zip: 2%
2023-09-02T05:35:33.861Z [Modules] Streaming discord_voice@1 to /home/aryan/.config/discord/0.0.29/modules/pending/discord_voice-1.zip: 3%
2023-09-02T05:35:33.863Z [Modules] Streaming discord_voice@1 to /home/aryan/.config/discord/0.0.29/modules/pending/discord_voice-1.zip: 4%
2023-09-02T05:35:33.868Z [Modules] Streaming discord_voice@1 to /home/aryan/.config/discord/0.0.29/modules/pending/discord_voice-1.zip: 5%
2023-09-02T05:35:33.885Z [Modules] Streaming discord_voice@1 to /home/aryan/.config/discord/0.0.29/modules/pending/discord_voice-1.zip: 6%
2023-09-02T05:35:33.921Z [Modules] Streaming discord_voice@1 to /home/aryan/.config/discord/0.0.29/modules/pending/discord_voice-1.zip: 7%
2023-09-02T05:35:33.978Z [Modules] Streaming discord_voice@1 to /home/aryan/.config/discord/0.0.29/modules/pending/discord_voice-1.zip: 8%
2023-09-02T05:35:33.993Z [Modules] Streaming discord_voice@1 to /home/aryan/.config/discord/0.0.29/modules/pending/discord_voice-1.zip: 9%
2023-09-02T05:35:33.995Z [Modules] Streaming discord_voice@1 to /home/aryan/.config/discord/0.0.29/modules/pending/discord_voice-1.zip: 10%
2023-09-02T05:35:34.027Z [Modules] Streaming discord_voice@1 to /home/aryan/.config/discord/0.0.29/modules/pending/discord_voice-1.zip: 11%
2023-09-02T05:35:34.085Z [Modules] Streaming discord_voice@1 to /home/aryan/.config/discord/0.0.29/modules/pending/discord_voice-1.zip: 12%
2023-09-02T05:35:34.089Z [Modules] Streaming discord_voice@1 to /home/aryan/.config/discord/0.0.29/modules/pending/discord_voice-1.zip: 13%
2023-09-02T05:35:34.093Z [Modules] Streaming discord_voice@1 to /home/aryan/.config/discord/0.0.29/modules/pending/discord_voice-1.zip: 14%
2023-09-02T05:35:34.132Z [Modules] Streaming discord_voice@1 to /home/aryan/.config/discord/0.0.29/modules/pending/discord_voice-1.zip: 15%
2023-09-02T05:35:34.198Z [Modules] Streaming discord_voice@1 to /home/aryan/.config/discord/0.0.29/modules/pending/discord_voice-1.zip: 16%
2023-09-02T05:35:34.201Z [Modules] Streaming discord_voice@1 to /home/aryan/.config/discord/0.0.29/modules/pending/discord_voice-1.zip: 17%
2023-09-02T05:35:34.203Z [Modules] Streaming discord_voice@1 to /home/aryan/.config/discord/0.0.29/modules/pending/discord_voice-1.zip: 18%
2023-09-02T05:35:34.221Z [Modules] Streaming discord_voice@1 to /home/aryan/.config/discord/0.0.29/modules/pending/discord_voice-1.zip: 19%
2023-09-02T05:35:34.256Z [Modules] Streaming discord_voice@1 to /home/aryan/.config/discord/0.0.29/modules/pending/discord_voice-1.zip: 20%
2023-09-02T05:35:34.279Z [Modules] Streaming discord_voice@1 to /home/aryan/.config/discord/0.0.29/modules/pending/discord_voice-1.zip: 21%
2023-09-02T05:35:34.284Z [Modules] Streaming discord_voice@1 to /home/aryan/.config/discord/0.0.29/modules/pending/discord_voice-1.zip: 22%
2023-09-02T05:35:34.308Z [Modules] Streaming discord_voice@1 to /home/aryan/.config/discord/0.0.29/modules/pending/discord_voice-1.zip: 23%
2023-09-02T05:35:34.576Z [Modules] Streaming discord_voice@1 to /home/aryan/.config/discord/0.0.29/modules/pending/discord_voice-1.zip: 24%
2023-09-02T05:35:34.755Z [Modules] Streaming discord_voice@1 to /home/aryan/.config/discord/0.0.29/modules/pending/discord_voice-1.zip: 25%
2023-09-02T05:35:34.761Z [Modules] Streaming discord_voice@1 to /home/aryan/.config/discord/0.0.29/modules/pending/discord_voice-1.zip: 26%
2023-09-02T05:35:34.762Z [Modules] Streaming discord_voice@1 to /home/aryan/.config/discord/0.0.29/modules/pending/discord_voice-1.zip: 27%
2023-09-02T05:35:34.786Z [Modules] Streaming discord_voice@1 to /home/aryan/.config/discord/0.0.29/modules/pending/discord_voice-1.zip: 28%
2023-09-02T05:35:34.831Z [Modules] Streaming discord_voice@1 to /home/aryan/.config/discord/0.0.29/modules/pending/discord_voice-1.zip: 29%
2023-09-02T05:35:34.849Z [Modules] Streaming discord_voice@1 to /home/aryan/.config/discord/0.0.29/modules/pending/discord_voice-1.zip: 30%
2023-09-02T05:35:34.869Z [Modules] Streaming discord_voice@1 to /home/aryan/.config/discord/0.0.29/modules/pending/discord_voice-1.zip: 31%
2023-09-02T05:35:34.894Z [Modules] Streaming discord_voice@1 to /home/aryan/.config/discord/0.0.29/modules/pending/discord_voice-1.zip: 32%
2023-09-02T05:35:34.906Z [Modules] Streaming discord_voice@1 to /home/aryan/.config/discord/0.0.29/modules/pending/discord_voice-1.zip: 33%
2023-09-02T05:35:34.924Z [Modules] Streaming discord_voice@1 to /home/aryan/.config/discord/0.0.29/modules/pending/discord_voice-1.zip: 34%
2023-09-02T05:35:34.950Z [Modules] Streaming discord_voice@1 to /home/aryan/.config/discord/0.0.29/modules/pending/discord_voice-1.zip: 35%
2023-09-02T05:35:34.958Z [Modules] Streaming discord_voice@1 to /home/aryan/.config/discord/0.0.29/modules/pending/discord_voice-1.zip: 36%
2023-09-02T05:35:34.970Z [Modules] Streaming discord_voice@1 to /home/aryan/.config/discord/0.0.29/modules/pending/discord_voice-1.zip: 37%
2023-09-02T05:35:35.000Z [Modules] Streaming discord_voice@1 to /home/aryan/.config/discord/0.0.29/modules/pending/discord_voice-1.zip: 38%
2023-09-02T05:35:35.017Z [Modules] Streaming discord_voice@1 to /home/aryan/.config/discord/0.0.29/modules/pending/discord_voice-1.zip: 39%
2023-09-02T05:35:35.042Z [Modules] Streaming discord_voice@1 to /home/aryan/.config/discord/0.0.29/modules/pending/discord_voice-1.zip: 40%
2023-09-02T05:35:35.147Z [Modules] Streaming discord_voice@1 to /home/aryan/.config/discord/0.0.29/modules/pending/discord_voice-1.zip: 41%
2023-09-02T05:35:35.149Z [Modules] Streaming discord_voice@1 to /home/aryan/.config/discord/0.0.29/modules/pending/discord_voice-1.zip: 42%
2023-09-02T05:35:35.151Z [Modules] Streaming discord_voice@1 to /home/aryan/.config/discord/0.0.29/modules/pending/discord_voice-1.zip: 43%
2023-09-02T05:35:35.151Z [Modules] Streaming discord_voice@1 to /home/aryan/.config/discord/0.0.29/modules/pending/discord_voice-1.zip: 44%
2023-09-02T05:35:35.159Z [Modules] Streaming discord_voice@1 to /home/aryan/.config/discord/0.0.29/modules/pending/discord_voice-1.zip: 45%
2023-09-02T05:35:35.213Z [Modules] Streaming discord_voice@1 to /home/aryan/.config/discord/0.0.29/modules/pending/discord_voice-1.zip: 46%
2023-09-02T05:35:35.220Z [Modules] Streaming discord_voice@1 to /home/aryan/.config/discord/0.0.29/modules/pending/discord_voice-1.zip: 47%
2023-09-02T05:35:35.236Z [Modules] Streaming discord_voice@1 to /home/aryan/.config/discord/0.0.29/modules/pending/discord_voice-1.zip: 48%
2023-09-02T05:35:35.266Z [Modules] Streaming discord_voice@1 to /home/aryan/.config/discord/0.0.29/modules/pending/discord_voice-1.zip: 49%
2023-09-02T05:35:35.272Z [Modules] Streaming discord_voice@1 to /home/aryan/.config/discord/0.0.29/modules/pending/discord_voice-1.zip: 50%
2023-09-02T05:35:35.285Z [Modules] Streaming discord_voice@1 to /home/aryan/.config/discord/0.0.29/modules/pending/discord_voice-1.zip: 51%
2023-09-02T05:35:35.323Z [Modules] Streaming discord_voice@1 to /home/aryan/.config/discord/0.0.29/modules/pending/discord_voice-1.zip: 52%
2023-09-02T05:35:35.347Z [Modules] Streaming discord_voice@1 to /home/aryan/.config/discord/0.0.29/modules/pending/discord_voice-1.zip: 53%
2023-09-02T05:35:35.358Z [Modules] Streaming discord_voice@1 to /home/aryan/.config/discord/0.0.29/modules/pending/discord_voice-1.zip: 54%
2023-09-02T05:35:35.421Z [Modules] Streaming discord_voice@1 to /home/aryan/.config/discord/0.0.29/modules/pending/discord_voice-1.zip: 55%
2023-09-02T05:35:35.473Z [Modules] Streaming discord_voice@1 to /home/aryan/.config/discord/0.0.29/modules/pending/discord_voice-1.zip: 56%
2023-09-02T05:35:35.491Z [Modules] Streaming discord_voice@1 to /home/aryan/.config/discord/0.0.29/modules/pending/discord_voice-1.zip: 57%
2023-09-02T05:35:35.553Z [Modules] Streaming discord_voice@1 to /home/aryan/.config/discord/0.0.29/modules/pending/discord_voice-1.zip: 58%
2023-09-02T05:35:35.830Z [Modules] Streaming discord_voice@1 to /home/aryan/.config/discord/0.0.29/modules/pending/discord_voice-1.zip: 59%
2023-09-02T05:35:35.835Z [Modules] Streaming discord_voice@1 to /home/aryan/.config/discord/0.0.29/modules/pending/discord_voice-1.zip: 60%
2023-09-02T05:35:35.839Z [Modules] Streaming discord_voice@1 to /home/aryan/.config/discord/0.0.29/modules/pending/discord_voice-1.zip: 61%
2023-09-02T05:35:35.840Z [Modules] Streaming discord_voice@1 to /home/aryan/.config/discord/0.0.29/modules/pending/discord_voice-1.zip: 62%
2023-09-02T05:35:35.844Z [Modules] Streaming discord_voice@1 to /home/aryan/.config/discord/0.0.29/modules/pending/discord_voice-1.zip: 63%
2023-09-02T05:35:35.847Z [Modules] Streaming discord_voice@1 to /home/aryan/.config/discord/0.0.29/modules/pending/discord_voice-1.zip: 64%
2023-09-02T05:35:36.188Z [Modules] Streaming discord_voice@1 to /home/aryan/.config/discord/0.0.29/modules/pending/discord_voice-1.zip: 65%
2023-09-02T05:35:36.218Z [Modules] Streaming discord_voice@1 to /home/aryan/.config/discord/0.0.29/modules/pending/discord_voice-1.zip: 66%
2023-09-02T05:35:36.224Z [Modules] Streaming discord_voice@1 to /home/aryan/.config/discord/0.0.29/modules/pending/discord_voice-1.zip: 67%
2023-09-02T05:35:36.226Z [Modules] Streaming discord_voice@1 to /home/aryan/.config/discord/0.0.29/modules/pending/discord_voice-1.zip: 68%
2023-09-02T05:35:36.241Z [Modules] Streaming discord_voice@1 to /home/aryan/.config/discord/0.0.29/modules/pending/discord_voice-1.zip: 69%
2023-09-02T05:35:36.290Z [Modules] Streaming discord_voice@1 to /home/aryan/.config/discord/0.0.29/modules/pending/discord_voice-1.zip: 70%
2023-09-02T05:35:36.302Z [Modules] Streaming discord_voice@1 to /home/aryan/.config/discord/0.0.29/modules/pending/discord_voice-1.zip: 71%
2023-09-02T05:35:36.307Z [Modules] Streaming discord_voice@1 to /home/aryan/.config/discord/0.0.29/modules/pending/discord_voice-1.zip: 72%
2023-09-02T05:35:36.372Z [Modules] Streaming discord_voice@1 to /home/aryan/.config/discord/0.0.29/modules/pending/discord_voice-1.zip: 73%
2023-09-02T05:35:36.384Z [Modules] Streaming discord_voice@1 to /home/aryan/.config/discord/0.0.29/modules/pending/discord_voice-1.zip: 74%
2023-09-02T05:35:36.406Z [Modules] Streaming discord_voice@1 to /home/aryan/.config/discord/0.0.29/modules/pending/discord_voice-1.zip: 75%
2023-09-02T05:35:36.421Z [Modules] Streaming discord_voice@1 to /home/aryan/.config/discord/0.0.29/modules/pending/discord_voice-1.zip: 76%
2023-09-02T05:35:36.438Z [Modules] Streaming discord_voice@1 to /home/aryan/.config/discord/0.0.29/modules/pending/discord_voice-1.zip: 77%
2023-09-02T05:35:36.479Z [Modules] Streaming discord_voice@1 to /home/aryan/.config/discord/0.0.29/modules/pending/discord_voice-1.zip: 78%
2023-09-02T05:35:36.521Z [Modules] Streaming discord_voice@1 to /home/aryan/.config/discord/0.0.29/modules/pending/discord_voice-1.zip: 79%
2023-09-02T05:35:36.538Z [Modules] Streaming discord_voice@1 to /home/aryan/.config/discord/0.0.29/modules/pending/discord_voice-1.zip: 80%
2023-09-02T05:35:36.555Z [Modules] Streaming discord_voice@1 to /home/aryan/.config/discord/0.0.29/modules/pending/discord_voice-1.zip: 81%
2023-09-02T05:35:36.588Z [Modules] Streaming discord_voice@1 to /home/aryan/.config/discord/0.0.29/modules/pending/discord_voice-1.zip: 82%
2023-09-02T05:35:36.603Z [Modules] Streaming discord_voice@1 to /home/aryan/.config/discord/0.0.29/modules/pending/discord_voice-1.zip: 83%
2023-09-02T05:35:36.721Z [Modules] Streaming discord_voice@1 to /home/aryan/.config/discord/0.0.29/modules/pending/discord_voice-1.zip: 84%
2023-09-02T05:35:36.726Z [Modules] Streaming discord_voice@1 to /home/aryan/.config/discord/0.0.29/modules/pending/discord_voice-1.zip: 85%
2023-09-02T05:35:36.754Z [Modules] Streaming discord_voice@1 to /home/aryan/.config/discord/0.0.29/modules/pending/discord_voice-1.zip: 86%
2023-09-02T05:35:36.795Z [Modules] Streaming discord_voice@1 to /home/aryan/.config/discord/0.0.29/modules/pending/discord_voice-1.zip: 87%
2023-09-02T05:35:36.819Z [Modules] Streaming discord_voice@1 to /home/aryan/.config/discord/0.0.29/modules/pending/discord_voice-1.zip: 88%
2023-09-02T05:35:36.838Z [Modules] Streaming discord_voice@1 to /home/aryan/.config/discord/0.0.29/modules/pending/discord_voice-1.zip: 89%
2023-09-02T05:35:36.862Z [Modules] Streaming discord_voice@1 to /home/aryan/.config/discord/0.0.29/modules/pending/discord_voice-1.zip: 90%
2023-09-02T05:35:36.889Z [Modules] Streaming discord_voice@1 to /home/aryan/.config/discord/0.0.29/modules/pending/discord_voice-1.zip: 91%
2023-09-02T05:35:36.912Z [Modules] Streaming discord_voice@1 to /home/aryan/.config/discord/0.0.29/modules/pending/discord_voice-1.zip: 92%
2023-09-02T05:35:37.066Z [Modules] Streaming discord_voice@1 to /home/aryan/.config/discord/0.0.29/modules/pending/discord_voice-1.zip: 93%
2023-09-02T05:35:37.073Z [Modules] Streaming discord_voice@1 to /home/aryan/.config/discord/0.0.29/modules/pending/discord_voice-1.zip: 95%
2023-09-02T05:35:37.087Z [Modules] Streaming discord_voice@1 to /home/aryan/.config/discord/0.0.29/modules/pending/discord_voice-1.zip: 96%
2023-09-02T05:35:37.123Z [Modules] Streaming discord_voice@1 to /home/aryan/.config/discord/0.0.29/modules/pending/discord_voice-1.zip: 97%
2023-09-02T05:35:37.161Z [Modules] Streaming discord_voice@1 to /home/aryan/.config/discord/0.0.29/modules/pending/discord_voice-1.zip: 98%
2023-09-02T05:35:37.186Z [Modules] Streaming discord_voice@1 to /home/aryan/.config/discord/0.0.29/modules/pending/discord_voice-1.zip: 99%
2023-09-02T05:35:37.298Z [Modules] Streaming discord_voice@1 to /home/aryan/.config/discord/0.0.29/modules/pending/discord_voice-1.zip: 100%
2023-09-02T05:35:37.301Z [Modules] Finished module downloads. [success: 5] [failure: 0]
2023-09-02T05:35:37.302Z [Modules] Installing updates...
2023-09-02T05:35:37.302Z [Modules] Installing discord_desktop_core@1 from /home/aryan/.config/discord/0.0.29/modules/pending/discord_desktop_core-1.zip
2023-09-02T05:35:37.594Z [Modules] Installing discord_erlpack@1 from /home/aryan/.config/discord/0.0.29/modules/pending/discord_erlpack-1.zip
2023-09-02T05:35:37.864Z [Modules] Installing discord_spellcheck@1 from /home/aryan/.config/discord/0.0.29/modules/pending/discord_spellcheck-1.zip
2023-09-02T05:35:39.857Z [Modules] Installing discord_utils@1 from /home/aryan/.config/discord/0.0.29/modules/pending/discord_utils-1.zip
2023-09-02T05:35:41.135Z [Modules] Installing discord_voice@1 from /home/aryan/.config/discord/0.0.29/modules/pending/discord_voice-1.zip
2023-09-02T05:35:43.238Z [Modules] Finished module installations. [success: 5] [failure: 0]
2023-09-02T05:35:43.239Z [Modules] Checking for host updates.
2023-09-02T05:35:43.606Z [Modules] Host is up to date.
2023-09-02T05:35:43.607Z [Modules] Checking for module updates at https://discord.com/api/modules/stable/versions.json
2023-09-02T05:35:43.612Z [Modules] No module updates available.
2023-09-02T05:35:47.152Z [Modules] Starting to install discord_krisp...
2023-09-02T05:35:47.153Z [Modules] Fetching discord_krisp@1 from https://discord.com/api/modules/stable/discord_krisp/1
2023-09-02T05:35:47.154Z [Modules] Streaming discord_krisp@1 to /home/aryan/.config/discord/0.0.29/modules/pending/discord_krisp-1.zip
2023-09-02T05:35:47.179Z [Modules] Starting to install discord_game_utils...
2023-09-02T05:35:48.175Z [Modules] Streaming discord_krisp@1 to /home/aryan/.config/discord/0.0.29/modules/pending/discord_krisp-1.zip: 1%
2023-09-02T05:35:48.189Z [Modules] Streaming discord_krisp@1 to /home/aryan/.config/discord/0.0.29/modules/pending/discord_krisp-1.zip: 2%
2023-09-02T05:35:48.215Z [Modules] Streaming discord_krisp@1 to /home/aryan/.config/discord/0.0.29/modules/pending/discord_krisp-1.zip: 3%
2023-09-02T05:35:48.226Z [Modules] Streaming discord_krisp@1 to /home/aryan/.config/discord/0.0.29/modules/pending/discord_krisp-1.zip: 4%
2023-09-02T05:35:48.599Z [Modules] Streaming discord_krisp@1 to /home/aryan/.config/discord/0.0.29/modules/pending/discord_krisp-1.zip: 5%
2023-09-02T05:35:48.710Z [Modules] Streaming discord_krisp@1 to /home/aryan/.config/discord/0.0.29/modules/pending/discord_krisp-1.zip: 6%
2023-09-02T05:35:48.724Z [Modules] Streaming discord_krisp@1 to /home/aryan/.config/discord/0.0.29/modules/pending/discord_krisp-1.zip: 7%
2023-09-02T05:35:48.737Z [Modules] Streaming discord_krisp@1 to /home/aryan/.config/discord/0.0.29/modules/pending/discord_krisp-1.zip: 8%
2023-09-02T05:35:48.745Z [Modules] Streaming discord_krisp@1 to /home/aryan/.config/discord/0.0.29/modules/pending/discord_krisp-1.zip: 9%
2023-09-02T05:35:48.752Z [Modules] Streaming discord_krisp@1 to /home/aryan/.config/discord/0.0.29/modules/pending/discord_krisp-1.zip: 10%
2023-09-02T05:35:48.757Z [Modules] Streaming discord_krisp@1 to /home/aryan/.config/discord/0.0.29/modules/pending/discord_krisp-1.zip: 11%
2023-09-02T05:35:48.760Z [Modules] Streaming discord_krisp@1 to /home/aryan/.config/discord/0.0.29/modules/pending/discord_krisp-1.zip: 12%
2023-09-02T05:35:48.764Z [Modules] Streaming discord_krisp@1 to /home/aryan/.config/discord/0.0.29/modules/pending/discord_krisp-1.zip: 13%
2023-09-02T05:35:48.766Z [Modules] Streaming discord_krisp@1 to /home/aryan/.config/discord/0.0.29/modules/pending/discord_krisp-1.zip: 14%
2023-09-02T05:35:48.767Z [Modules] Streaming discord_krisp@1 to /home/aryan/.config/discord/0.0.29/modules/pending/discord_krisp-1.zip: 15%
2023-09-02T05:35:48.769Z [Modules] Streaming discord_krisp@1 to /home/aryan/.config/discord/0.0.29/modules/pending/discord_krisp-1.zip: 16%
2023-09-02T05:35:48.770Z [Modules] Streaming discord_krisp@1 to /home/aryan/.config/discord/0.0.29/modules/pending/discord_krisp-1.zip: 17%
2023-09-02T05:35:48.772Z [Modules] Streaming discord_krisp@1 to /home/aryan/.config/discord/0.0.29/modules/pending/discord_krisp-1.zip: 18%
2023-09-02T05:35:48.775Z [Modules] Streaming discord_krisp@1 to /home/aryan/.config/discord/0.0.29/modules/pending/discord_krisp-1.zip: 19%
2023-09-02T05:35:48.778Z [Modules] Streaming discord_krisp@1 to /home/aryan/.config/discord/0.0.29/modules/pending/discord_krisp-1.zip: 20%
2023-09-02T05:35:48.779Z [Modules] Streaming discord_krisp@1 to /home/aryan/.config/discord/0.0.29/modules/pending/discord_krisp-1.zip: 21%
2023-09-02T05:35:48.781Z [Modules] Streaming discord_krisp@1 to /home/aryan/.config/discord/0.0.29/modules/pending/discord_krisp-1.zip: 22%
2023-09-02T05:35:48.783Z [Modules] Streaming discord_krisp@1 to /home/aryan/.config/discord/0.0.29/modules/pending/discord_krisp-1.zip: 23%
2023-09-02T05:35:48.785Z [Modules] Streaming discord_krisp@1 to /home/aryan/.config/discord/0.0.29/modules/pending/discord_krisp-1.zip: 24%
2023-09-02T05:35:48.791Z [Modules] Streaming discord_krisp@1 to /home/aryan/.config/discord/0.0.29/modules/pending/discord_krisp-1.zip: 25%
2023-09-02T05:35:48.848Z [Modules] Streaming discord_krisp@1 to /home/aryan/.config/discord/0.0.29/modules/pending/discord_krisp-1.zip: 26%
2023-09-02T05:35:48.870Z [Modules] Streaming discord_krisp@1 to /home/aryan/.config/discord/0.0.29/modules/pending/discord_krisp-1.zip: 27%
2023-09-02T05:35:48.910Z [Modules] Streaming discord_krisp@1 to /home/aryan/.config/discord/0.0.29/modules/pending/discord_krisp-1.zip: 28%
2023-09-02T05:35:48.920Z [Modules] Streaming discord_krisp@1 to /home/aryan/.config/discord/0.0.29/modules/pending/discord_krisp-1.zip: 29%
2023-09-02T05:35:48.951Z [Modules] Streaming discord_krisp@1 to /home/aryan/.config/discord/0.0.29/modules/pending/discord_krisp-1.zip: 30%
2023-09-02T05:35:48.971Z [Modules] Streaming discord_krisp@1 to /home/aryan/.config/discord/0.0.29/modules/pending/discord_krisp-1.zip: 31%
2023-09-02T05:35:49.003Z [Modules] Streaming discord_krisp@1 to /home/aryan/.config/discord/0.0.29/modules/pending/discord_krisp-1.zip: 32%
2023-09-02T05:35:49.027Z [Modules] Streaming discord_krisp@1 to /home/aryan/.config/discord/0.0.29/modules/pending/discord_krisp-1.zip: 33%
2023-09-02T05:35:49.104Z [Modules] Streaming discord_krisp@1 to /home/aryan/.config/discord/0.0.29/modules/pending/discord_krisp-1.zip: 34%
2023-09-02T05:35:49.119Z [Modules] Streaming discord_krisp@1 to /home/aryan/.config/discord/0.0.29/modules/pending/discord_krisp-1.zip: 35%
2023-09-02T05:35:49.138Z [Modules] Streaming discord_krisp@1 to /home/aryan/.config/discord/0.0.29/modules/pending/discord_krisp-1.zip: 36%
2023-09-02T05:35:49.148Z [Modules] Streaming discord_krisp@1 to /home/aryan/.config/discord/0.0.29/modules/pending/discord_krisp-1.zip: 37%
2023-09-02T05:35:49.166Z [Modules] Streaming discord_krisp@1 to /home/aryan/.config/discord/0.0.29/modules/pending/discord_krisp-1.zip: 38%
2023-09-02T05:35:49.222Z [Modules] Streaming discord_krisp@1 to /home/aryan/.config/discord/0.0.29/modules/pending/discord_krisp-1.zip: 39%
2023-09-02T05:35:49.349Z [Modules] Streaming discord_krisp@1 to /home/aryan/.config/discord/0.0.29/modules/pending/discord_krisp-1.zip: 40%
2023-09-02T05:35:49.351Z [Modules] Streaming discord_krisp@1 to /home/aryan/.config/discord/0.0.29/modules/pending/discord_krisp-1.zip: 41%
2023-09-02T05:35:49.352Z [Modules] Streaming discord_krisp@1 to /home/aryan/.config/discord/0.0.29/modules/pending/discord_krisp-1.zip: 42%
2023-09-02T05:35:49.367Z [Modules] Streaming discord_krisp@1 to /home/aryan/.config/discord/0.0.29/modules/pending/discord_krisp-1.zip: 43%
2023-09-02T05:35:49.370Z [Modules] Checking for host updates.
2023-09-02T05:35:49.385Z [Modules] Streaming discord_krisp@1 to /home/aryan/.config/discord/0.0.29/modules/pending/discord_krisp-1.zip: 44%
2023-09-02T05:35:49.409Z [Modules] Streaming discord_krisp@1 to /home/aryan/.config/discord/0.0.29/modules/pending/discord_krisp-1.zip: 45%
2023-09-02T05:35:49.426Z [Modules] Streaming discord_krisp@1 to /home/aryan/.config/discord/0.0.29/modules/pending/discord_krisp-1.zip: 46%
2023-09-02T05:35:49.449Z [Modules] Streaming discord_krisp@1 to /home/aryan/.config/discord/0.0.29/modules/pending/discord_krisp-1.zip: 47%
2023-09-02T05:35:49.467Z [Modules] Streaming discord_krisp@1 to /home/aryan/.config/discord/0.0.29/modules/pending/discord_krisp-1.zip: 48%
2023-09-02T05:35:49.574Z [Modules] Streaming discord_krisp@1 to /home/aryan/.config/discord/0.0.29/modules/pending/discord_krisp-1.zip: 49%
2023-09-02T05:35:49.581Z [Modules] Streaming discord_krisp@1 to /home/aryan/.config/discord/0.0.29/modules/pending/discord_krisp-1.zip: 50%
2023-09-02T05:35:49.587Z [Modules] Streaming discord_krisp@1 to /home/aryan/.config/discord/0.0.29/modules/pending/discord_krisp-1.zip: 51%
2023-09-02T05:35:49.590Z [Modules] Streaming discord_krisp@1 to /home/aryan/.config/discord/0.0.29/modules/pending/discord_krisp-1.zip: 52%
2023-09-02T05:35:49.620Z [Modules] Streaming discord_krisp@1 to /home/aryan/.config/discord/0.0.29/modules/pending/discord_krisp-1.zip: 53%
2023-09-02T05:35:49.665Z [Modules] Streaming discord_krisp@1 to /home/aryan/.config/discord/0.0.29/modules/pending/discord_krisp-1.zip: 54%
2023-09-02T05:35:49.671Z [Modules] Streaming discord_krisp@1 to /home/aryan/.config/discord/0.0.29/modules/pending/discord_krisp-1.zip: 55%
2023-09-02T05:35:49.686Z [Modules] Streaming discord_krisp@1 to /home/aryan/.config/discord/0.0.29/modules/pending/discord_krisp-1.zip: 56%
2023-09-02T05:35:49.708Z [Modules] Streaming discord_krisp@1 to /home/aryan/.config/discord/0.0.29/modules/pending/discord_krisp-1.zip: 57%
2023-09-02T05:35:49.756Z [Modules] Host is up to date.
2023-09-02T05:35:49.757Z [Modules] Checking for module updates at https://discord.com/api/modules/stable/versions.json
2023-09-02T05:35:49.761Z [Modules] Streaming discord_krisp@1 to /home/aryan/.config/discord/0.0.29/modules/pending/discord_krisp-1.zip: 58%
2023-09-02T05:35:49.783Z [Modules] No module updates available.
2023-09-02T05:35:49.784Z [Modules] Streaming discord_krisp@1 to /home/aryan/.config/discord/0.0.29/modules/pending/discord_krisp-1.zip: 59%
2023-09-02T05:35:49.789Z [Modules] Streaming discord_krisp@1 to /home/aryan/.config/discord/0.0.29/modules/pending/discord_krisp-1.zip: 60%
2023-09-02T05:35:49.794Z [Modules] Streaming discord_krisp@1 to /home/aryan/.config/discord/0.0.29/modules/pending/discord_krisp-1.zip: 61%
2023-09-02T05:35:49.803Z [Modules] Streaming discord_krisp@1 to /home/aryan/.config/discord/0.0.29/modules/pending/discord_krisp-1.zip: 62%
2023-09-02T05:35:49.895Z [Modules] Streaming discord_krisp@1 to /home/aryan/.config/discord/0.0.29/modules/pending/discord_krisp-1.zip: 63%
2023-09-02T05:35:49.901Z [Modules] Streaming discord_krisp@1 to /home/aryan/.config/discord/0.0.29/modules/pending/discord_krisp-1.zip: 64%
2023-09-02T05:35:49.907Z [Modules] Streaming discord_krisp@1 to /home/aryan/.config/discord/0.0.29/modules/pending/discord_krisp-1.zip: 65%
2023-09-02T05:35:49.911Z [Modules] Streaming discord_krisp@1 to /home/aryan/.config/discord/0.0.29/modules/pending/discord_krisp-1.zip: 66%
2023-09-02T05:35:49.973Z [Modules] Streaming discord_krisp@1 to /home/aryan/.config/discord/0.0.29/modules/pending/discord_krisp-1.zip: 67%
2023-09-02T05:35:50.029Z [Modules] Streaming discord_krisp@1 to /home/aryan/.config/discord/0.0.29/modules/pending/discord_krisp-1.zip: 68%
2023-09-02T05:35:50.042Z [Modules] Streaming discord_krisp@1 to /home/aryan/.config/discord/0.0.29/modules/pending/discord_krisp-1.zip: 69%
2023-09-02T05:35:50.134Z [Modules] Streaming discord_krisp@1 to /home/aryan/.config/discord/0.0.29/modules/pending/discord_krisp-1.zip: 70%
2023-09-02T05:35:50.137Z [Modules] Streaming discord_krisp@1 to /home/aryan/.config/discord/0.0.29/modules/pending/discord_krisp-1.zip: 71%
2023-09-02T05:35:50.139Z [Modules] Streaming discord_krisp@1 to /home/aryan/.config/discord/0.0.29/modules/pending/discord_krisp-1.zip: 72%
2023-09-02T05:35:50.158Z [Modules] Starting to install discord_rpc...
2023-09-02T05:35:50.177Z [Modules] Streaming discord_krisp@1 to /home/aryan/.config/discord/0.0.29/modules/pending/discord_krisp-1.zip: 73%
2023-09-02T05:35:50.216Z [Modules] Streaming discord_krisp@1 to /home/aryan/.config/discord/0.0.29/modules/pending/discord_krisp-1.zip: 74%
2023-09-02T05:35:50.235Z [Modules] Streaming discord_krisp@1 to /home/aryan/.config/discord/0.0.29/modules/pending/discord_krisp-1.zip: 75%
2023-09-02T05:35:50.238Z [Modules] Streaming discord_krisp@1 to /home/aryan/.config/discord/0.0.29/modules/pending/discord_krisp-1.zip: 76%
2023-09-02T05:35:50.314Z [Modules] Streaming discord_krisp@1 to /home/aryan/.config/discord/0.0.29/modules/pending/discord_krisp-1.zip: 77%
2023-09-02T05:35:50.324Z [Modules] Streaming discord_krisp@1 to /home/aryan/.config/discord/0.0.29/modules/pending/discord_krisp-1.zip: 78%
2023-09-02T05:35:50.361Z [Modules] Streaming discord_krisp@1 to /home/aryan/.config/discord/0.0.29/modules/pending/discord_krisp-1.zip: 79%
2023-09-02T05:35:50.377Z [Modules] Streaming discord_krisp@1 to /home/aryan/.config/discord/0.0.29/modules/pending/discord_krisp-1.zip: 80%
2023-09-02T05:35:50.405Z [Modules] Streaming discord_krisp@1 to /home/aryan/.config/discord/0.0.29/modules/pending/discord_krisp-1.zip: 81%
2023-09-02T05:35:50.429Z [Modules] Streaming discord_krisp@1 to /home/aryan/.config/discord/0.0.29/modules/pending/discord_krisp-1.zip: 82%
2023-09-02T05:35:50.472Z [Modules] Streaming discord_krisp@1 to /home/aryan/.config/discord/0.0.29/modules/pending/discord_krisp-1.zip: 83%
2023-09-02T05:35:50.508Z [Modules] Streaming discord_krisp@1 to /home/aryan/.config/discord/0.0.29/modules/pending/discord_krisp-1.zip: 84%
2023-09-02T05:35:50.535Z [Modules] Streaming discord_krisp@1 to /home/aryan/.config/discord/0.0.29/modules/pending/discord_krisp-1.zip: 85%
2023-09-02T05:35:50.618Z [Modules] Streaming discord_krisp@1 to /home/aryan/.config/discord/0.0.29/modules/pending/discord_krisp-1.zip: 86%
2023-09-02T05:35:50.621Z [Modules] Streaming discord_krisp@1 to /home/aryan/.config/discord/0.0.29/modules/pending/discord_krisp-1.zip: 87%
2023-09-02T05:35:50.622Z [Modules] Streaming discord_krisp@1 to /home/aryan/.config/discord/0.0.29/modules/pending/discord_krisp-1.zip: 88%
2023-09-02T05:35:50.632Z [Modules] Streaming discord_krisp@1 to /home/aryan/.config/discord/0.0.29/modules/pending/discord_krisp-1.zip: 89%
2023-09-02T05:35:50.662Z [Modules] Streaming discord_krisp@1 to /home/aryan/.config/discord/0.0.29/modules/pending/discord_krisp-1.zip: 90%
2023-09-02T05:35:50.714Z [Modules] Streaming discord_krisp@1 to /home/aryan/.config/discord/0.0.29/modules/pending/discord_krisp-1.zip: 91%
2023-09-02T05:35:50.734Z [Modules] Streaming discord_krisp@1 to /home/aryan/.config/discord/0.0.29/modules/pending/discord_krisp-1.zip: 92%
2023-09-02T05:35:50.749Z [Modules] Streaming discord_krisp@1 to /home/aryan/.config/discord/0.0.29/modules/pending/discord_krisp-1.zip: 93%
2023-09-02T05:35:50.783Z [Modules] Streaming discord_krisp@1 to /home/aryan/.config/discord/0.0.29/modules/pending/discord_krisp-1.zip: 94%
2023-09-02T05:35:50.801Z [Modules] Streaming discord_krisp@1 to /home/aryan/.config/discord/0.0.29/modules/pending/discord_krisp-1.zip: 95%
2023-09-02T05:35:50.939Z [Modules] Streaming discord_krisp@1 to /home/aryan/.config/discord/0.0.29/modules/pending/discord_krisp-1.zip: 96%
2023-09-02T05:35:50.941Z [Modules] Streaming discord_krisp@1 to /home/aryan/.config/discord/0.0.29/modules/pending/discord_krisp-1.zip: 97%
2023-09-02T05:35:50.948Z [Modules] Streaming discord_krisp@1 to /home/aryan/.config/discord/0.0.29/modules/pending/discord_krisp-1.zip: 98%
2023-09-02T05:35:50.982Z [Modules] Streaming discord_krisp@1 to /home/aryan/.config/discord/0.0.29/modules/pending/discord_krisp-1.zip: 99%
2023-09-02T05:35:51.018Z [Modules] Streaming discord_krisp@1 to /home/aryan/.config/discord/0.0.29/modules/pending/discord_krisp-1.zip: 100%
2023-09-02T05:35:51.020Z [Modules] Fetching discord_game_utils@1 from https://discord.com/api/modules/stable/discord_game_utils/1
2023-09-02T05:35:51.021Z [Modules] Streaming discord_game_utils@1 to /home/aryan/.config/discord/0.0.29/modules/pending/discord_game_utils-1.zip
2023-09-02T05:35:51.021Z [Modules] Installing discord_krisp@1 from /home/aryan/.config/discord/0.0.29/modules/pending/discord_krisp-1.zip
2023-09-02T05:35:51.753Z [Modules] Streaming discord_game_utils@1 to /home/aryan/.config/discord/0.0.29/modules/pending/discord_game_utils-1.zip: 1%
2023-09-02T05:35:51.759Z [Modules] Streaming discord_game_utils@1 to /home/aryan/.config/discord/0.0.29/modules/pending/discord_game_utils-1.zip: 4%
2023-09-02T05:35:51.760Z [Modules] Streaming discord_game_utils@1 to /home/aryan/.config/discord/0.0.29/modules/pending/discord_game_utils-1.zip: 5%
2023-09-02T05:35:51.768Z [Modules] Streaming discord_game_utils@1 to /home/aryan/.config/discord/0.0.29/modules/pending/discord_game_utils-1.zip: 7%
2023-09-02T05:35:51.770Z [Modules] Streaming discord_game_utils@1 to /home/aryan/.config/discord/0.0.29/modules/pending/discord_game_utils-1.zip: 9%
2023-09-02T05:35:51.774Z [Modules] Streaming discord_game_utils@1 to /home/aryan/.config/discord/0.0.29/modules/pending/discord_game_utils-1.zip: 10%
2023-09-02T05:35:51.777Z [Modules] Streaming discord_game_utils@1 to /home/aryan/.config/discord/0.0.29/modules/pending/discord_game_utils-1.zip: 12%
2023-09-02T05:35:51.782Z [Modules] Streaming discord_game_utils@1 to /home/aryan/.config/discord/0.0.29/modules/pending/discord_game_utils-1.zip: 14%
2023-09-02T05:35:51.789Z [Modules] Streaming discord_game_utils@1 to /home/aryan/.config/discord/0.0.29/modules/pending/discord_game_utils-1.zip: 15%
2023-09-02T05:35:51.791Z [Modules] Streaming discord_game_utils@1 to /home/aryan/.config/discord/0.0.29/modules/pending/discord_game_utils-1.zip: 18%
2023-09-02T05:35:51.793Z [Modules] Streaming discord_game_utils@1 to /home/aryan/.config/discord/0.0.29/modules/pending/discord_game_utils-1.zip: 20%
2023-09-02T05:35:51.798Z [Modules] Streaming discord_game_utils@1 to /home/aryan/.config/discord/0.0.29/modules/pending/discord_game_utils-1.zip: 21%
2023-09-02T05:35:51.803Z [Modules] Streaming discord_game_utils@1 to /home/aryan/.config/discord/0.0.29/modules/pending/discord_game_utils-1.zip: 23%
2023-09-02T05:35:51.809Z [Modules] Streaming discord_game_utils@1 to /home/aryan/.config/discord/0.0.29/modules/pending/discord_game_utils-1.zip: 26%
2023-09-02T05:35:51.812Z [Modules] Streaming discord_game_utils@1 to /home/aryan/.config/discord/0.0.29/modules/pending/discord_game_utils-1.zip: 29%
2023-09-02T05:35:51.818Z [Modules] Streaming discord_game_utils@1 to /home/aryan/.config/discord/0.0.29/modules/pending/discord_game_utils-1.zip: 31%
2023-09-02T05:35:51.823Z [Modules] Streaming discord_game_utils@1 to /home/aryan/.config/discord/0.0.29/modules/pending/discord_game_utils-1.zip: 34%
2023-09-02T05:35:51.831Z [Modules] Streaming discord_game_utils@1 to /home/aryan/.config/discord/0.0.29/modules/pending/discord_game_utils-1.zip: 35%
2023-09-02T05:35:51.834Z [Modules] Streaming discord_game_utils@1 to /home/aryan/.config/discord/0.0.29/modules/pending/discord_game_utils-1.zip: 38%
2023-09-02T05:35:51.838Z [Modules] Streaming discord_game_utils@1 to /home/aryan/.config/discord/0.0.29/modules/pending/discord_game_utils-1.zip: 40%
2023-09-02T05:35:51.851Z [Modules] Streaming discord_game_utils@1 to /home/aryan/.config/discord/0.0.29/modules/pending/discord_game_utils-1.zip: 43%
2023-09-02T05:35:51.853Z [Modules] Streaming discord_game_utils@1 to /home/aryan/.config/discord/0.0.29/modules/pending/discord_game_utils-1.zip: 45%
2023-09-02T05:35:51.894Z [Modules] Streaming discord_game_utils@1 to /home/aryan/.config/discord/0.0.29/modules/pending/discord_game_utils-1.zip: 47%
2023-09-02T05:35:51.896Z [Modules] Streaming discord_game_utils@1 to /home/aryan/.config/discord/0.0.29/modules/pending/discord_game_utils-1.zip: 51%
2023-09-02T05:35:51.897Z [Modules] Streaming discord_game_utils@1 to /home/aryan/.config/discord/0.0.29/modules/pending/discord_game_utils-1.zip: 54%
2023-09-02T05:35:51.930Z [Modules] Streaming discord_game_utils@1 to /home/aryan/.config/discord/0.0.29/modules/pending/discord_game_utils-1.zip: 57%
2023-09-02T05:35:51.932Z [Modules] Streaming discord_game_utils@1 to /home/aryan/.config/discord/0.0.29/modules/pending/discord_game_utils-1.zip: 61%
2023-09-02T05:35:51.977Z [Modules] Streaming discord_game_utils@1 to /home/aryan/.config/discord/0.0.29/modules/pending/discord_game_utils-1.zip: 64%
2023-09-02T05:35:51.979Z [Modules] Streaming discord_game_utils@1 to /home/aryan/.config/discord/0.0.29/modules/pending/discord_game_utils-1.zip: 67%
2023-09-02T05:35:51.981Z [Modules] Streaming discord_game_utils@1 to /home/aryan/.config/discord/0.0.29/modules/pending/discord_game_utils-1.zip: 70%
2023-09-02T05:35:51.982Z [Modules] Streaming discord_game_utils@1 to /home/aryan/.config/discord/0.0.29/modules/pending/discord_game_utils-1.zip: 72%
2023-09-02T05:35:51.983Z [Modules] Streaming discord_game_utils@1 to /home/aryan/.config/discord/0.0.29/modules/pending/discord_game_utils-1.zip: 75%
2023-09-02T05:35:51.984Z [Modules] Streaming discord_game_utils@1 to /home/aryan/.config/discord/0.0.29/modules/pending/discord_game_utils-1.zip: 77%
2023-09-02T05:35:51.985Z [Modules] Streaming discord_game_utils@1 to /home/aryan/.config/discord/0.0.29/modules/pending/discord_game_utils-1.zip: 83%
2023-09-02T05:35:51.986Z [Modules] Streaming discord_game_utils@1 to /home/aryan/.config/discord/0.0.29/modules/pending/discord_game_utils-1.zip: 90%
2023-09-02T05:35:51.987Z [Modules] Streaming discord_game_utils@1 to /home/aryan/.config/discord/0.0.29/modules/pending/discord_game_utils-1.zip: 93%
2023-09-02T05:35:51.987Z [Modules] Streaming discord_game_utils@1 to /home/aryan/.config/discord/0.0.29/modules/pending/discord_game_utils-1.zip: 96%
2023-09-02T05:35:51.988Z [Modules] Streaming discord_game_utils@1 to /home/aryan/.config/discord/0.0.29/modules/pending/discord_game_utils-1.zip: 99%
2023-09-02T05:35:52.010Z [Modules] Streaming discord_game_utils@1 to /home/aryan/.config/discord/0.0.29/modules/pending/discord_game_utils-1.zip: 100%
2023-09-02T05:35:52.013Z [Modules] Fetching discord_rpc@1 from https://discord.com/api/modules/stable/discord_rpc/1
2023-09-02T05:35:52.014Z [Modules] Streaming discord_rpc@1 to /home/aryan/.config/discord/0.0.29/modules/pending/discord_rpc-1.zip
2023-09-02T05:35:52.310Z [Modules] Installing discord_game_utils@1 from /home/aryan/.config/discord/0.0.29/modules/pending/discord_game_utils-1.zip
2023-09-02T05:35:52.460Z [Modules] Finished module installations. [success: 2] [failure: 0]
2023-09-02T05:35:52.704Z [Modules] Streaming discord_rpc@1 to /home/aryan/.config/discord/0.0.29/modules/pending/discord_rpc-1.zip: 38%
2023-09-02T05:35:52.708Z [Modules] Streaming discord_rpc@1 to /home/aryan/.config/discord/0.0.29/modules/pending/discord_rpc-1.zip: 100%
2023-09-02T05:35:52.710Z [Modules] Finished module downloads. [success: 3] [failure: 0]
2023-09-02T05:35:52.711Z [Modules] Installing discord_rpc@1 from /home/aryan/.config/discord/0.0.29/modules/pending/discord_rpc-1.zip
2023-09-02T05:35:52.757Z [Modules] Finished module installations. [success: 1] [failure: 0]
2023-09-02T06:01:26.181Z [Modules] Modules initializing
2023-09-02T06:01:26.181Z [Modules] Distribution: remote
2023-09-02T06:01:26.182Z [Modules] Host updates: enabled
2023-09-02T06:01:26.182Z [Modules] Module updates: enabled
2023-09-02T06:01:26.182Z [Modules] Module install path: /home/aryan/.config/discord/0.0.29/modules
2023-09-02T06:01:26.182Z [Modules] Module installed file path: /home/aryan/.config/discord/0.0.29/modules/installed.json
2023-09-02T06:01:26.182Z [Modules] Module download path: /home/aryan/.config/discord/0.0.29/modules/pending
2023-09-02T06:01:26.394Z [Modules] No updates to install
2023-09-02T06:01:26.395Z [Modules] Checking for host updates.
2023-09-02T06:01:26.840Z [Modules] Host is up to date.
2023-09-02T06:01:26.840Z [Modules] Checking for module updates at https://discord.com/api/modules/stable/versions.json
2023-09-02T06:01:26.875Z [Modules] No module updates available.
2023-09-02T06:01:32.076Z [Modules] Checking for host updates.
2023-09-02T06:01:32.633Z [Modules] Host is up to date.
2023-09-02T06:01:32.633Z [Modules] Checking for module updates at https://discord.com/api/modules/stable/versions.json
2023-09-02T06:01:32.639Z [Modules] No module updates available.
2023-09-02T06:14:01.535Z [Modules] Modules initializing
2023-09-02T06:14:01.535Z [Modules] Distribution: remote
2023-09-02T06:14:01.535Z [Modules] Host updates: enabled
2023-09-02T06:14:01.535Z [Modules] Module updates: enabled
2023-09-02T06:14:01.536Z [Modules] Module install path: /home/aryan/.config/discord/0.0.29/modules
2023-09-02T06:14:01.536Z [Modules] Module installed file path: /home/aryan/.config/discord/0.0.29/modules/installed.json
2023-09-02T06:14:01.536Z [Modules] Module download path: /home/aryan/.config/discord/0.0.29/modules/pending
2023-09-02T06:14:01.676Z [Modules] No updates to install
2023-09-02T06:14:01.677Z [Modules] Checking for host updates.
2023-09-02T06:14:02.089Z [Modules] Host is up to date.
2023-09-02T06:14:02.090Z [Modules] Checking for module updates at https://discord.com/api/modules/stable/versions.json
2023-09-02T06:14:02.120Z [Modules] No module updates available.
2023-09-02T06:14:04.876Z [Modules] Checking for host updates.
2023-09-02T06:14:05.309Z [Modules] Host is up to date.
2023-09-02T06:14:05.309Z [Modules] Checking for module updates at https://discord.com/api/modules/stable/versions.json
2023-09-02T06:14:05.313Z [Modules] No module updates available.
2023-09-02T13:43:22.334Z [Modules] Modules initializing
2023-09-02T13:43:22.339Z [Modules] Distribution: remote
2023-09-02T13:43:22.339Z [Modules] Host updates: enabled
2023-09-02T13:43:22.340Z [Modules] Module updates: enabled
2023-09-02T13:43:22.341Z [Modules] Module install path: /home/aryan/.config/discord/0.0.29/modules
2023-09-02T13:43:22.341Z [Modules] Module installed file path: /home/aryan/.config/discord/0.0.29/modules/installed.json
2023-09-02T13:43:22.341Z [Modules] Module download path: /home/aryan/.config/discord/0.0.29/modules/pending
2023-09-02T13:43:22.672Z [Modules] No updates to install
2023-09-02T13:43:22.673Z [Modules] Checking for host updates.
2023-09-02T13:43:23.249Z [Modules] Host is up to date.
2023-09-02T13:43:23.250Z [Modules] Checking for module updates at https://discord.com/api/modules/stable/versions.json
2023-09-02T13:43:23.366Z [Modules] No module updates available.
2023-09-02T13:43:26.383Z [Modules] Checking for host updates.
2023-09-02T13:43:26.729Z [Modules] Host is up to date.
2023-09-02T13:43:26.729Z [Modules] Checking for module updates at https://discord.com/api/modules/stable/versions.json
2023-09-02T13:43:26.746Z [Modules] No module updates available.
2023-09-02T15:22:57.600Z [Modules] Checking for host updates.
2023-09-02T15:22:57.942Z [Modules] Host is up to date.
2023-09-02T15:22:57.942Z [Modules] Checking for module updates at https://discord.com/api/modules/stable/versions.json
2023-09-02T15:22:57.980Z [Modules] No module updates available.
2023-09-02T18:14:44.800Z [Modules] Modules initializing
2023-09-02T18:14:44.806Z [Modules] Distribution: remote
2023-09-02T18:14:44.806Z [Modules] Host updates: enabled
2023-09-02T18:14:44.806Z [Modules] Module updates: enabled
2023-09-02T18:14:44.807Z [Modules] Module install path: /home/aryan/.config/discord/0.0.29/modules
2023-09-02T18:14:44.807Z [Modules] Module installed file path: /home/aryan/.config/discord/0.0.29/modules/installed.json
2023-09-02T18:14:44.807Z [Modules] Module download path: /home/aryan/.config/discord/0.0.29/modules/pending
2023-09-02T18:14:45.231Z [Modules] No updates to install
2023-09-02T18:14:45.232Z [Modules] Checking for host updates.
2023-09-02T18:14:45.730Z [Modules] Host is up to date.
2023-09-02T18:14:45.731Z [Modules] Checking for module updates at https://discord.com/api/modules/stable/versions.json
2023-09-02T18:14:45.777Z [Modules] No module updates available.
2023-09-02T18:14:49.170Z [Modules] Checking for host updates.
2023-09-02T18:14:49.517Z [Modules] Host is up to date.
2023-09-02T18:14:49.517Z [Modules] Checking for module updates at https://discord.com/api/modules/stable/versions.json
2023-09-02T18:14:49.522Z [Modules] No module updates available.
2023-09-03T13:46:48.643Z [Modules] Modules initializing
2023-09-03T13:46:48.646Z [Modules] Distribution: remote
2023-09-03T13:46:48.646Z [Modules] Host updates: enabled
2023-09-03T13:46:48.646Z [Modules] Module updates: enabled
2023-09-03T13:46:48.647Z [Modules] Module install path: /home/aryan/.config/discord/0.0.29/modules
2023-09-03T13:46:48.647Z [Modules] Module installed file path: /home/aryan/.config/discord/0.0.29/modules/installed.json
2023-09-03T13:46:48.647Z [Modules] Module download path: /home/aryan/.config/discord/0.0.29/modules/pending
2023-09-03T13:46:48.905Z [Modules] No updates to install
2023-09-03T13:46:48.906Z [Modules] Checking for host updates.
2023-09-03T13:46:49.338Z [Modules] Host is up to date.
2023-09-03T13:46:49.339Z [Modules] Checking for module updates at https://discord.com/api/modules/stable/versions.json
2023-09-03T13:46:49.389Z [Modules] No module updates available.
2023-09-03T13:46:51.990Z [Modules] Checking for host updates.
2023-09-03T13:46:52.508Z [Modules] Host is up to date.
2023-09-03T13:46:52.508Z [Modules] Checking for module updates at https://discord.com/api/modules/stable/versions.json
2023-09-03T13:46:52.511Z [Modules] No module updates available.
2023-09-03T18:03:14.413Z [Modules] Modules initializing
2023-09-03T18:03:14.417Z [Modules] Distribution: remote
2023-09-03T18:03:14.417Z [Modules] Host updates: enabled
2023-09-03T18:03:14.417Z [Modules] Module updates: enabled
2023-09-03T18:03:14.418Z [Modules] Module install path: /home/aryan/.config/discord/0.0.29/modules
2023-09-03T18:03:14.418Z [Modules] Module installed file path: /home/aryan/.config/discord/0.0.29/modules/installed.json
2023-09-03T18:03:14.419Z [Modules] Module download path: /home/aryan/.config/discord/0.0.29/modules/pending
2023-09-03T18:03:14.743Z [Modules] No updates to install
2023-09-03T18:03:14.744Z [Modules] Checking for host updates.
2023-09-03T18:03:15.252Z [Modules] Host is up to date.
2023-09-03T18:03:15.252Z [Modules] Checking for module updates at https://discord.com/api/modules/stable/versions.json
2023-09-03T18:03:15.295Z [Modules] No module updates available.
2023-09-03T18:03:18.553Z [Modules] Checking for host updates.
2023-09-03T18:03:19.018Z [Modules] Host is up to date.
2023-09-03T18:03:19.018Z [Modules] Checking for module updates at https://discord.com/api/modules/stable/versions.json
2023-09-03T18:03:19.026Z [Modules] No module updates available.
2023-09-04T17:52:13.161Z [Modules] Modules initializing
2023-09-04T17:52:13.165Z [Modules] Distribution: remote
2023-09-04T17:52:13.166Z [Modules] Host updates: enabled
2023-09-04T17:52:13.166Z [Modules] Module updates: enabled
2023-09-04T17:52:13.166Z [Modules] Module install path: /home/aryan/.config/discord/0.0.29/modules
2023-09-04T17:52:13.166Z [Modules] Module installed file path: /home/aryan/.config/discord/0.0.29/modules/installed.json
2023-09-04T17:52:13.166Z [Modules] Module download path: /home/aryan/.config/discord/0.0.29/modules/pending
2023-09-04T17:52:13.469Z [Modules] No updates to install
2023-09-04T17:52:13.470Z [Modules] Checking for host updates.
2023-09-04T17:52:13.960Z [Modules] Host is up to date.
2023-09-04T17:52:13.960Z [Modules] Checking for module updates at https://discord.com/api/modules/stable/versions.json
2023-09-04T17:52:14.003Z [Modules] No module updates available.
2023-09-04T17:52:17.270Z [Modules] Checking for host updates.
2023-09-04T17:52:17.788Z [Modules] Host is up to date.
2023-09-04T17:52:17.788Z [Modules] Checking for module updates at https://discord.com/api/modules/stable/versions.json
2023-09-04T17:52:17.794Z [Modules] No module updates available.
2023-09-07T07:41:47.121Z [Modules] Modules initializing
2023-09-07T07:41:47.150Z [Modules] Distribution: remote
2023-09-07T07:41:47.150Z [Modules] Host updates: enabled
2023-09-07T07:41:47.150Z [Modules] Module updates: enabled
2023-09-07T07:41:47.152Z [Modules] Module install path: /home/aryan/.config/discord/0.0.29/modules
2023-09-07T07:41:47.152Z [Modules] Module installed file path: /home/aryan/.config/discord/0.0.29/modules/installed.json
2023-09-07T07:41:47.152Z [Modules] Module download path: /home/aryan/.config/discord/0.0.29/modules/pending
2023-09-07T07:41:47.836Z [Modules] No updates to install
2023-09-07T07:41:47.837Z [Modules] Checking for host updates.
2023-09-07T07:41:48.490Z [Modules] Host is up to date.
2023-09-07T07:41:48.490Z [Modules] Checking for module updates at https://discord.com/api/modules/stable/versions.json
2023-09-07T07:41:48.537Z [Modules] No module updates available.
2023-09-07T07:41:54.404Z [Modules] Checking for host updates.
2023-09-07T07:41:54.771Z [Modules] Host is up to date.
2023-09-07T07:41:54.771Z [Modules] Checking for module updates at https://discord.com/api/modules/stable/versions.json
2023-09-07T07:41:54.796Z [Modules] No module updates available.
