2023-09-02 15:09:33.769 [info] Log level: Info
2023-09-02 15:09:33.769 [info] Validating found git in: "git"
2023-09-02 15:09:33.769 [info] Using git "2.42.0" from "git"
2023-09-02 15:09:33.769 [info] > git rev-parse --show-toplevel [10ms]
2023-09-02 15:09:33.769 [info] fatal: not a git repository (or any of the parent directories): .git
2023-09-02 15:09:33.769 [info] > git rev-parse --show-toplevel [192ms]
2023-09-02 15:09:33.769 [info] fatal: not a git repository (or any of the parent directories): .git
2023-09-02 15:09:33.771 [info] > git rev-parse --show-toplevel [4ms]
2023-09-02 15:09:33.771 [info] fatal: not a git repository (or any of the parent directories): .git
2023-09-02 15:09:33.787 [info] > git rev-parse --show-toplevel [4ms]
2023-09-02 15:09:33.788 [info] fatal: not a git repository (or any of the parent directories): .git
2023-09-02 15:09:33.802 [info] > git rev-parse --show-toplevel [2ms]
2023-09-02 15:09:33.802 [info] fatal: not a git repository (or any of the parent directories): .git
2023-09-02 15:09:33.814 [info] > git rev-parse --show-toplevel [2ms]
2023-09-02 15:09:33.814 [info] fatal: not a git repository (or any of the parent directories): .git
2023-09-02 15:09:48.996 [info] > git rev-parse --show-toplevel [2ms]
2023-09-02 15:09:48.996 [info] fatal: not a git repository (or any of the parent directories): .git
2023-09-02 15:09:51.466 [info] > git rev-parse --show-toplevel [1ms]
2023-09-02 15:09:51.466 [info] fatal: not a git repository (or any of the parent directories): .git
2023-09-02 15:09:52.594 [info] > git rev-parse --show-toplevel [1ms]
2023-09-02 15:09:52.595 [info] fatal: not a git repository (or any of the parent directories): .git
2023-09-02 15:10:04.561 [info] > git rev-parse --show-toplevel [2ms]
2023-09-02 15:10:04.561 [info] fatal: not a git repository (or any of the parent directories): .git
2023-09-02 15:10:26.727 [info] > git rev-parse --show-toplevel [4ms]
2023-09-02 15:10:26.727 [info] fatal: not a git repository (or any of the parent directories): .git
2023-09-02 15:10:34.100 [info] > git rev-parse --show-toplevel [2ms]
2023-09-02 15:10:34.100 [info] fatal: not a git repository (or any of the parent directories): .git
2023-09-02 15:10:38.511 [info] > git rev-parse --show-toplevel [3ms]
2023-09-02 15:10:38.511 [info] fatal: not a git repository (or any of the parent directories): .git
