2023-09-02 21:49:46.318 [info] Extension host with pid 13301 started
2023-09-02 21:49:46.461 [info] ExtensionService#_doActivateExtension vscode.emmet, startup: false, activationEvent: 'onLanguage'
2023-09-02 21:49:46.469 [info] ExtensionService#_doActivateExtension mshr-h.veriloghdl, startup: false, activationEvent: 'onLanguage:verilog'
2023-09-02 21:49:46.578 [info] ExtensionService#_doActivateExtension vscode.git-base, startup: true, activationEvent: '*', root cause: vscode.git
2023-09-02 21:49:46.584 [info] ExtensionService#_doActivateExtension vscode.git, startup: true, activationEvent: '*'
2023-09-02 21:49:46.605 [info] ExtensionService#_doActivateExtension vscode.github, startup: true, activationEvent: '*'
2023-09-02 21:49:46.641 [info] Eager extensions activated
2023-09-02 21:49:46.662 [info] ExtensionService#_doActivateExtension vscode.debug-auto-launch, startup: false, activationEvent: 'onStartupFinished'
2023-09-02 21:49:46.664 [info] ExtensionService#_doActivateExtension vscode.merge-conflict, startup: false, activationEvent: 'onStartupFinished'
2023-09-02 21:49:46.669 [info] ExtensionService#_doActivateExtension formulahendry.code-runner, startup: false, activationEvent: 'onStartupFinished'
2023-09-02 21:49:46.685 [info] ExtensionService#_doActivateExtension PKief.material-icon-theme, startup: false, activationEvent: 'onStartupFinished'
2023-09-02 21:49:46.692 [info] ExtensionService#_doActivateExtension ritwickdey.LiveServer, startup: false, activationEvent: 'onStartupFinished'
2023-09-02 21:49:48.533 [error] [mshr-h.veriloghdl] provider FAILED
2023-09-02 21:49:48.536 [error] TypeError: Cannot read properties of undefined (reading 'then')
	at /home/aryan/.vscode-oss/extensions/mshr-h.veriloghdl-1.5.11-universal/dist/main.js:61:47855
	at new Promise (<anonymous>)
	at Vc.index (/home/aryan/.vscode-oss/extensions/mshr-h.veriloghdl-1.5.11-universal/dist/main.js:61:47800)
	at Ti.<anonymous> (/home/aryan/.vscode-oss/extensions/mshr-h.veriloghdl-1.5.11-universal/dist/main.js:61:48360)
	at Generator.next (<anonymous>)
	at /home/aryan/.vscode-oss/extensions/mshr-h.veriloghdl-1.5.11-universal/dist/main.js:1:908
	at new Promise (<anonymous>)
	at tt (/home/aryan/.vscode-oss/extensions/mshr-h.veriloghdl-1.5.11-universal/dist/main.js:1:728)
	at Ti.getSymbols (/home/aryan/.vscode-oss/extensions/mshr-h.veriloghdl-1.5.11-universal/dist/main.js:61:48226)
	at t3.<anonymous> (/home/aryan/.vscode-oss/extensions/mshr-h.veriloghdl-1.5.11-universal/dist/main.js:584:6390)
	at Generator.next (<anonymous>)
	at /home/aryan/.vscode-oss/extensions/mshr-h.veriloghdl-1.5.11-universal/dist/main.js:1:908
	at new Promise (<anonymous>)
	at tt (/home/aryan/.vscode-oss/extensions/mshr-h.veriloghdl-1.5.11-universal/dist/main.js:1:728)
	at t3.provideDocumentSymbols (/home/aryan/.vscode-oss/extensions/mshr-h.veriloghdl-1.5.11-universal/dist/main.js:584:6274)
	at n.provideDocumentSymbols (/usr/lib/code/out/vs/workbench/api/node/extensionHostProcess.js:104:37156)
	at /usr/lib/code/out/vs/workbench/api/node/extensionHostProcess.js:104:63464
	at le.s (/usr/lib/code/out/vs/workbench/api/node/extensionHostProcess.js:104:62744)
	at le.$provideDocumentSymbols (/usr/lib/code/out/vs/workbench/api/node/extensionHostProcess.js:104:63453)
	at t.N (/usr/lib/code/out/vs/workbench/api/node/extensionHostProcess.js:114:7983)
	at t.M (/usr/lib/code/out/vs/workbench/api/node/extensionHostProcess.js:114:7749)
	at t.H (/usr/lib/code/out/vs/workbench/api/node/extensionHostProcess.js:114:6791)
	at t.G (/usr/lib/code/out/vs/workbench/api/node/extensionHostProcess.js:114:5906)
	at r.value (/usr/lib/code/out/vs/workbench/api/node/extensionHostProcess.js:114:4736)
	at f.w (/usr/lib/code/out/vs/workbench/api/node/extensionHostProcess.js:63:1902)
	at f.fire (/usr/lib/code/out/vs/workbench/api/node/extensionHostProcess.js:63:2119)
	at y.fire (/usr/lib/code/out/vs/workbench/api/node/extensionHostProcess.js:79:13931)
	at r.value (/usr/lib/code/out/vs/workbench/api/node/extensionHostProcess.js:130:30355)
	at f.w (/usr/lib/code/out/vs/workbench/api/node/extensionHostProcess.js:63:1902)
	at f.fire (/usr/lib/code/out/vs/workbench/api/node/extensionHostProcess.js:63:2119)
	at y.fire (/usr/lib/code/out/vs/workbench/api/node/extensionHostProcess.js:79:13931)
	at MessagePortMain.<anonymous> (/usr/lib/code/out/vs/workbench/api/node/extensionHostProcess.js:130:28635)
	at MessagePortMain.emit (node:events:513:28)
	at MessagePortMain._internalPort.emit (node:electron/js2c/utility_init:2:367)
2023-09-02 21:50:02.581 [error] [mshr-h.veriloghdl] provider FAILED
2023-09-02 21:50:02.582 [error] TypeError: Cannot read properties of undefined (reading 'then')
	at /home/aryan/.vscode-oss/extensions/mshr-h.veriloghdl-1.5.11-universal/dist/main.js:61:47855
	at new Promise (<anonymous>)
	at Vc.index (/home/aryan/.vscode-oss/extensions/mshr-h.veriloghdl-1.5.11-universal/dist/main.js:61:47800)
	at Ti.<anonymous> (/home/aryan/.vscode-oss/extensions/mshr-h.veriloghdl-1.5.11-universal/dist/main.js:61:48360)
	at Generator.next (<anonymous>)
	at /home/aryan/.vscode-oss/extensions/mshr-h.veriloghdl-1.5.11-universal/dist/main.js:1:908
	at new Promise (<anonymous>)
	at tt (/home/aryan/.vscode-oss/extensions/mshr-h.veriloghdl-1.5.11-universal/dist/main.js:1:728)
	at Ti.getSymbols (/home/aryan/.vscode-oss/extensions/mshr-h.veriloghdl-1.5.11-universal/dist/main.js:61:48226)
	at n3.<anonymous> (/home/aryan/.vscode-oss/extensions/mshr-h.veriloghdl-1.5.11-universal/dist/main.js:584:8220)
	at Generator.next (<anonymous>)
	at /home/aryan/.vscode-oss/extensions/mshr-h.veriloghdl-1.5.11-universal/dist/main.js:1:908
	at new Promise (<anonymous>)
	at tt (/home/aryan/.vscode-oss/extensions/mshr-h.veriloghdl-1.5.11-universal/dist/main.js:1:728)
	at n3.provideHover (/home/aryan/.vscode-oss/extensions/mshr-h.veriloghdl-1.5.11-universal/dist/main.js:584:8072)
	at l.provideHover (/usr/lib/code/out/vs/workbench/api/node/extensionHostProcess.js:104:39878)
	at /usr/lib/code/out/vs/workbench/api/node/extensionHostProcess.js:104:65280
	at le.s (/usr/lib/code/out/vs/workbench/api/node/extensionHostProcess.js:104:62744)
	at le.$provideHover (/usr/lib/code/out/vs/workbench/api/node/extensionHostProcess.js:104:65267)
	at t.N (/usr/lib/code/out/vs/workbench/api/node/extensionHostProcess.js:114:7983)
	at t.M (/usr/lib/code/out/vs/workbench/api/node/extensionHostProcess.js:114:7749)
	at t.H (/usr/lib/code/out/vs/workbench/api/node/extensionHostProcess.js:114:6791)
	at t.G (/usr/lib/code/out/vs/workbench/api/node/extensionHostProcess.js:114:5906)
	at r.value (/usr/lib/code/out/vs/workbench/api/node/extensionHostProcess.js:114:4736)
	at f.w (/usr/lib/code/out/vs/workbench/api/node/extensionHostProcess.js:63:1902)
	at f.fire (/usr/lib/code/out/vs/workbench/api/node/extensionHostProcess.js:63:2119)
	at y.fire (/usr/lib/code/out/vs/workbench/api/node/extensionHostProcess.js:79:13931)
	at r.value (/usr/lib/code/out/vs/workbench/api/node/extensionHostProcess.js:130:30355)
	at f.w (/usr/lib/code/out/vs/workbench/api/node/extensionHostProcess.js:63:1902)
	at f.fire (/usr/lib/code/out/vs/workbench/api/node/extensionHostProcess.js:63:2119)
	at y.fire (/usr/lib/code/out/vs/workbench/api/node/extensionHostProcess.js:79:13931)
	at MessagePortMain.<anonymous> (/usr/lib/code/out/vs/workbench/api/node/extensionHostProcess.js:130:28635)
	at MessagePortMain.emit (node:events:513:28)
	at MessagePortMain._internalPort.emit (node:electron/js2c/utility_init:2:367)
2023-09-02 21:50:03.029 [error] [mshr-h.veriloghdl] provider FAILED
2023-09-02 21:50:03.029 [error] TypeError: Cannot read properties of undefined (reading 'then')
	at /home/aryan/.vscode-oss/extensions/mshr-h.veriloghdl-1.5.11-universal/dist/main.js:61:47855
	at new Promise (<anonymous>)
	at Vc.index (/home/aryan/.vscode-oss/extensions/mshr-h.veriloghdl-1.5.11-universal/dist/main.js:61:47800)
	at Ti.<anonymous> (/home/aryan/.vscode-oss/extensions/mshr-h.veriloghdl-1.5.11-universal/dist/main.js:61:48360)
	at Generator.next (<anonymous>)
	at /home/aryan/.vscode-oss/extensions/mshr-h.veriloghdl-1.5.11-universal/dist/main.js:1:908
	at new Promise (<anonymous>)
	at tt (/home/aryan/.vscode-oss/extensions/mshr-h.veriloghdl-1.5.11-universal/dist/main.js:1:728)
	at Ti.getSymbols (/home/aryan/.vscode-oss/extensions/mshr-h.veriloghdl-1.5.11-universal/dist/main.js:61:48226)
	at n3.<anonymous> (/home/aryan/.vscode-oss/extensions/mshr-h.veriloghdl-1.5.11-universal/dist/main.js:584:8220)
	at Generator.next (<anonymous>)
	at /home/aryan/.vscode-oss/extensions/mshr-h.veriloghdl-1.5.11-universal/dist/main.js:1:908
	at new Promise (<anonymous>)
	at tt (/home/aryan/.vscode-oss/extensions/mshr-h.veriloghdl-1.5.11-universal/dist/main.js:1:728)
	at n3.provideHover (/home/aryan/.vscode-oss/extensions/mshr-h.veriloghdl-1.5.11-universal/dist/main.js:584:8072)
	at l.provideHover (/usr/lib/code/out/vs/workbench/api/node/extensionHostProcess.js:104:39878)
	at /usr/lib/code/out/vs/workbench/api/node/extensionHostProcess.js:104:65280
	at le.s (/usr/lib/code/out/vs/workbench/api/node/extensionHostProcess.js:104:62744)
	at le.$provideHover (/usr/lib/code/out/vs/workbench/api/node/extensionHostProcess.js:104:65267)
	at t.N (/usr/lib/code/out/vs/workbench/api/node/extensionHostProcess.js:114:7983)
	at t.M (/usr/lib/code/out/vs/workbench/api/node/extensionHostProcess.js:114:7749)
	at t.H (/usr/lib/code/out/vs/workbench/api/node/extensionHostProcess.js:114:6791)
	at t.G (/usr/lib/code/out/vs/workbench/api/node/extensionHostProcess.js:114:5906)
	at r.value (/usr/lib/code/out/vs/workbench/api/node/extensionHostProcess.js:114:4736)
	at f.w (/usr/lib/code/out/vs/workbench/api/node/extensionHostProcess.js:63:1902)
	at f.fire (/usr/lib/code/out/vs/workbench/api/node/extensionHostProcess.js:63:2119)
	at y.fire (/usr/lib/code/out/vs/workbench/api/node/extensionHostProcess.js:79:13931)
	at r.value (/usr/lib/code/out/vs/workbench/api/node/extensionHostProcess.js:130:30355)
	at f.w (/usr/lib/code/out/vs/workbench/api/node/extensionHostProcess.js:63:1902)
	at f.fire (/usr/lib/code/out/vs/workbench/api/node/extensionHostProcess.js:63:2119)
	at y.fire (/usr/lib/code/out/vs/workbench/api/node/extensionHostProcess.js:79:13931)
	at MessagePortMain.<anonymous> (/usr/lib/code/out/vs/workbench/api/node/extensionHostProcess.js:130:28635)
	at MessagePortMain.emit (node:events:513:28)
	at MessagePortMain._internalPort.emit (node:electron/js2c/utility_init:2:367)
2023-09-02 21:50:03.277 [error] [mshr-h.veriloghdl] provider FAILED
2023-09-02 21:50:03.278 [error] TypeError: Cannot read properties of undefined (reading 'then')
	at /home/aryan/.vscode-oss/extensions/mshr-h.veriloghdl-1.5.11-universal/dist/main.js:61:47855
	at new Promise (<anonymous>)
	at Vc.index (/home/aryan/.vscode-oss/extensions/mshr-h.veriloghdl-1.5.11-universal/dist/main.js:61:47800)
	at Ti.<anonymous> (/home/aryan/.vscode-oss/extensions/mshr-h.veriloghdl-1.5.11-universal/dist/main.js:61:48360)
	at Generator.next (<anonymous>)
	at /home/aryan/.vscode-oss/extensions/mshr-h.veriloghdl-1.5.11-universal/dist/main.js:1:908
	at new Promise (<anonymous>)
	at tt (/home/aryan/.vscode-oss/extensions/mshr-h.veriloghdl-1.5.11-universal/dist/main.js:1:728)
	at Ti.getSymbols (/home/aryan/.vscode-oss/extensions/mshr-h.veriloghdl-1.5.11-universal/dist/main.js:61:48226)
	at n3.<anonymous> (/home/aryan/.vscode-oss/extensions/mshr-h.veriloghdl-1.5.11-universal/dist/main.js:584:8220)
	at Generator.next (<anonymous>)
	at /home/aryan/.vscode-oss/extensions/mshr-h.veriloghdl-1.5.11-universal/dist/main.js:1:908
	at new Promise (<anonymous>)
	at tt (/home/aryan/.vscode-oss/extensions/mshr-h.veriloghdl-1.5.11-universal/dist/main.js:1:728)
	at n3.provideHover (/home/aryan/.vscode-oss/extensions/mshr-h.veriloghdl-1.5.11-universal/dist/main.js:584:8072)
	at l.provideHover (/usr/lib/code/out/vs/workbench/api/node/extensionHostProcess.js:104:39878)
	at /usr/lib/code/out/vs/workbench/api/node/extensionHostProcess.js:104:65280
	at le.s (/usr/lib/code/out/vs/workbench/api/node/extensionHostProcess.js:104:62744)
	at le.$provideHover (/usr/lib/code/out/vs/workbench/api/node/extensionHostProcess.js:104:65267)
	at t.N (/usr/lib/code/out/vs/workbench/api/node/extensionHostProcess.js:114:7983)
	at t.M (/usr/lib/code/out/vs/workbench/api/node/extensionHostProcess.js:114:7749)
	at t.H (/usr/lib/code/out/vs/workbench/api/node/extensionHostProcess.js:114:6791)
	at t.G (/usr/lib/code/out/vs/workbench/api/node/extensionHostProcess.js:114:5906)
	at r.value (/usr/lib/code/out/vs/workbench/api/node/extensionHostProcess.js:114:4736)
	at f.w (/usr/lib/code/out/vs/workbench/api/node/extensionHostProcess.js:63:1902)
	at f.fire (/usr/lib/code/out/vs/workbench/api/node/extensionHostProcess.js:63:2119)
	at y.fire (/usr/lib/code/out/vs/workbench/api/node/extensionHostProcess.js:79:13931)
	at r.value (/usr/lib/code/out/vs/workbench/api/node/extensionHostProcess.js:130:30355)
	at f.w (/usr/lib/code/out/vs/workbench/api/node/extensionHostProcess.js:63:1902)
	at f.fire (/usr/lib/code/out/vs/workbench/api/node/extensionHostProcess.js:63:2119)
	at y.fire (/usr/lib/code/out/vs/workbench/api/node/extensionHostProcess.js:79:13931)
	at MessagePortMain.<anonymous> (/usr/lib/code/out/vs/workbench/api/node/extensionHostProcess.js:130:28635)
	at MessagePortMain.emit (node:events:513:28)
	at MessagePortMain._internalPort.emit (node:electron/js2c/utility_init:2:367)
2023-09-02 21:50:04.162 [error] [mshr-h.veriloghdl] provider FAILED
2023-09-02 21:50:04.162 [error] TypeError: Cannot read properties of undefined (reading 'then')
	at /home/aryan/.vscode-oss/extensions/mshr-h.veriloghdl-1.5.11-universal/dist/main.js:61:47855
	at new Promise (<anonymous>)
	at Vc.index (/home/aryan/.vscode-oss/extensions/mshr-h.veriloghdl-1.5.11-universal/dist/main.js:61:47800)
	at Ti.<anonymous> (/home/aryan/.vscode-oss/extensions/mshr-h.veriloghdl-1.5.11-universal/dist/main.js:61:48360)
	at Generator.next (<anonymous>)
	at /home/aryan/.vscode-oss/extensions/mshr-h.veriloghdl-1.5.11-universal/dist/main.js:1:908
	at new Promise (<anonymous>)
	at tt (/home/aryan/.vscode-oss/extensions/mshr-h.veriloghdl-1.5.11-universal/dist/main.js:1:728)
	at Ti.getSymbols (/home/aryan/.vscode-oss/extensions/mshr-h.veriloghdl-1.5.11-universal/dist/main.js:61:48226)
	at n3.<anonymous> (/home/aryan/.vscode-oss/extensions/mshr-h.veriloghdl-1.5.11-universal/dist/main.js:584:8220)
	at Generator.next (<anonymous>)
	at /home/aryan/.vscode-oss/extensions/mshr-h.veriloghdl-1.5.11-universal/dist/main.js:1:908
	at new Promise (<anonymous>)
	at tt (/home/aryan/.vscode-oss/extensions/mshr-h.veriloghdl-1.5.11-universal/dist/main.js:1:728)
	at n3.provideHover (/home/aryan/.vscode-oss/extensions/mshr-h.veriloghdl-1.5.11-universal/dist/main.js:584:8072)
	at l.provideHover (/usr/lib/code/out/vs/workbench/api/node/extensionHostProcess.js:104:39878)
	at /usr/lib/code/out/vs/workbench/api/node/extensionHostProcess.js:104:65280
	at le.s (/usr/lib/code/out/vs/workbench/api/node/extensionHostProcess.js:104:62744)
	at le.$provideHover (/usr/lib/code/out/vs/workbench/api/node/extensionHostProcess.js:104:65267)
	at t.N (/usr/lib/code/out/vs/workbench/api/node/extensionHostProcess.js:114:7983)
	at t.M (/usr/lib/code/out/vs/workbench/api/node/extensionHostProcess.js:114:7749)
	at t.H (/usr/lib/code/out/vs/workbench/api/node/extensionHostProcess.js:114:6791)
	at t.G (/usr/lib/code/out/vs/workbench/api/node/extensionHostProcess.js:114:5906)
	at r.value (/usr/lib/code/out/vs/workbench/api/node/extensionHostProcess.js:114:4736)
	at f.w (/usr/lib/code/out/vs/workbench/api/node/extensionHostProcess.js:63:1902)
	at f.fire (/usr/lib/code/out/vs/workbench/api/node/extensionHostProcess.js:63:2119)
	at y.fire (/usr/lib/code/out/vs/workbench/api/node/extensionHostProcess.js:79:13931)
	at r.value (/usr/lib/code/out/vs/workbench/api/node/extensionHostProcess.js:130:30355)
	at f.w (/usr/lib/code/out/vs/workbench/api/node/extensionHostProcess.js:63:1902)
	at f.fire (/usr/lib/code/out/vs/workbench/api/node/extensionHostProcess.js:63:2119)
	at y.fire (/usr/lib/code/out/vs/workbench/api/node/extensionHostProcess.js:79:13931)
	at MessagePortMain.<anonymous> (/usr/lib/code/out/vs/workbench/api/node/extensionHostProcess.js:130:28635)
	at MessagePortMain.emit (node:events:513:28)
	at MessagePortMain._internalPort.emit (node:electron/js2c/utility_init:2:367)
2023-09-02 21:50:12.019 [error] [mshr-h.veriloghdl] provider FAILED
2023-09-02 21:50:12.019 [error] TypeError: Cannot read properties of undefined (reading 'then')
	at /home/aryan/.vscode-oss/extensions/mshr-h.veriloghdl-1.5.11-universal/dist/main.js:61:47855
	at new Promise (<anonymous>)
	at Vc.index (/home/aryan/.vscode-oss/extensions/mshr-h.veriloghdl-1.5.11-universal/dist/main.js:61:47800)
	at Ti.<anonymous> (/home/aryan/.vscode-oss/extensions/mshr-h.veriloghdl-1.5.11-universal/dist/main.js:61:48360)
	at Generator.next (<anonymous>)
	at /home/aryan/.vscode-oss/extensions/mshr-h.veriloghdl-1.5.11-universal/dist/main.js:1:908
	at new Promise (<anonymous>)
	at tt (/home/aryan/.vscode-oss/extensions/mshr-h.veriloghdl-1.5.11-universal/dist/main.js:1:728)
	at Ti.getSymbols (/home/aryan/.vscode-oss/extensions/mshr-h.veriloghdl-1.5.11-universal/dist/main.js:61:48226)
	at t3.<anonymous> (/home/aryan/.vscode-oss/extensions/mshr-h.veriloghdl-1.5.11-universal/dist/main.js:584:6390)
	at Generator.next (<anonymous>)
	at /home/aryan/.vscode-oss/extensions/mshr-h.veriloghdl-1.5.11-universal/dist/main.js:1:908
	at new Promise (<anonymous>)
	at tt (/home/aryan/.vscode-oss/extensions/mshr-h.veriloghdl-1.5.11-universal/dist/main.js:1:728)
	at t3.provideDocumentSymbols (/home/aryan/.vscode-oss/extensions/mshr-h.veriloghdl-1.5.11-universal/dist/main.js:584:6274)
	at n.provideDocumentSymbols (/usr/lib/code/out/vs/workbench/api/node/extensionHostProcess.js:104:37156)
	at /usr/lib/code/out/vs/workbench/api/node/extensionHostProcess.js:104:63464
	at le.s (/usr/lib/code/out/vs/workbench/api/node/extensionHostProcess.js:104:62744)
	at le.$provideDocumentSymbols (/usr/lib/code/out/vs/workbench/api/node/extensionHostProcess.js:104:63453)
	at t.N (/usr/lib/code/out/vs/workbench/api/node/extensionHostProcess.js:114:7983)
	at t.M (/usr/lib/code/out/vs/workbench/api/node/extensionHostProcess.js:114:7749)
	at t.H (/usr/lib/code/out/vs/workbench/api/node/extensionHostProcess.js:114:6791)
	at t.G (/usr/lib/code/out/vs/workbench/api/node/extensionHostProcess.js:114:5906)
	at r.value (/usr/lib/code/out/vs/workbench/api/node/extensionHostProcess.js:114:4736)
	at f.w (/usr/lib/code/out/vs/workbench/api/node/extensionHostProcess.js:63:1902)
	at f.fire (/usr/lib/code/out/vs/workbench/api/node/extensionHostProcess.js:63:2119)
	at y.fire (/usr/lib/code/out/vs/workbench/api/node/extensionHostProcess.js:79:13931)
	at r.value (/usr/lib/code/out/vs/workbench/api/node/extensionHostProcess.js:130:30355)
	at f.w (/usr/lib/code/out/vs/workbench/api/node/extensionHostProcess.js:63:1902)
	at f.fire (/usr/lib/code/out/vs/workbench/api/node/extensionHostProcess.js:63:2119)
	at y.fire (/usr/lib/code/out/vs/workbench/api/node/extensionHostProcess.js:79:13931)
	at MessagePortMain.<anonymous> (/usr/lib/code/out/vs/workbench/api/node/extensionHostProcess.js:130:28635)
	at MessagePortMain.emit (node:events:513:28)
	at MessagePortMain._internalPort.emit (node:electron/js2c/utility_init:2:367)
2023-09-02 21:50:14.817 [info] Extension host terminating: renderer closed the MessagePort
2023-09-02 21:50:14.820 [info] Extension host with pid 13301 exiting with code 0
