2023-09-06 11:35:57.087 [info] update#setState disabled
2023-09-06 11:35:57.090 [info] update#ctor - updates are disabled as there is no update URL
2023-09-06 11:46:43.206 [error] Error: Error while decrypting the ciphertext provided to safeStorage.decryptString. Encryption is not available.
    at A.encrypt (/usr/lib/code/out/vs/code/electron-main/main.js:42:10994)
    at Object.call (/usr/lib/code/out/vs/code/electron-main/main.js:25:4844)
    at P.s (/usr/lib/code/out/vs/code/electron-main/main.js:23:5128)
    at P.q (/usr/lib/code/out/vs/code/electron-main/main.js:23:4644)
    at o.value (/usr/lib/code/out/vs/code/electron-main/main.js:23:4051)
    at b.w (/usr/lib/code/out/vs/code/electron-main/main.js:18:1906)
    at b.x (/usr/lib/code/out/vs/code/electron-main/main.js:18:1976)
    at b.fire (/usr/lib/code/out/vs/code/electron-main/main.js:18:2192)
    at o.value (/usr/lib/code/out/vs/code/electron-main/main.js:16:38681)
    at b.w (/usr/lib/code/out/vs/code/electron-main/main.js:18:1906)
    at b.fire (/usr/lib/code/out/vs/code/electron-main/main.js:18:2123)
    at o.value (/usr/lib/code/out/vs/code/electron-main/main.js:16:38875)
    at b.w (/usr/lib/code/out/vs/code/electron-main/main.js:18:1906)
    at b.fire (/usr/lib/code/out/vs/code/electron-main/main.js:18:2123)
    at se (/usr/lib/code/out/vs/code/electron-main/main.js:16:41018)
    at IpcMainImpl.f (/usr/lib/code/out/vs/code/electron-main/main.js:19:96331)
    at IpcMainImpl.emit (node:events:513:28)
    at EventEmitter.<anonymous> (node:electron/js2c/browser_init:2:81053)
    at EventEmitter.emit (node:events:513:28)
2023-09-06 11:58:46.269 [info] Extension host with pid 21630 exited with code: 0, signal: unknown.
2023-09-06 11:58:46.290 [error] [UtilityProcess id: 1, type: fileWatcher, pid: 21629]: crashed with code 15 and reason 'killed'
