2023-09-02 21:44:49.946 [info] Added views:workbench.panel.markers.view in workbench.panel.markers
2023-09-02 21:44:49.946 [info] Added views:workbench.panel.output in workbench.panel.output
2023-09-02 21:44:49.946 [info] Added views:terminal in terminal
2023-09-02 21:44:49.946 [info] Added views:outline in workbench.view.explorer
2023-09-02 21:44:49.946 [info] Added views:workbench.scm in workbench.view.scm
2023-09-02 21:44:49.946 [info] Added views:workbench.view.search in workbench.view.search
2023-09-02 21:44:49.946 [info] Added views:timeline in workbench.view.explorer
2023-09-02 21:44:49.946 [info] Added views:workbench.explorer.emptyView in workbench.view.explorer
2023-09-02 21:44:50.217 [info] Added views:workbench.debug.variablesView,workbench.debug.watchExpressionsView,workbench.debug.callStackView,workbench.debug.breakPointsView in workbench.view.debug
2023-09-02 21:44:50.722 [info] Added views:workbench.panel.repl.view in workbench.panel.repl
2023-09-02 21:44:50.724 [info] Removed views:workbench.debug.breakPointsView,workbench.debug.callStackView,workbench.debug.watchExpressionsView,workbench.debug.variablesView from workbench.view.debug
2023-09-02 21:44:50.725 [info] Added views:workbench.debug.welcome in workbench.view.debug
2023-09-02 21:45:24.803 [info] Added views:workbench.views.extensions.installed,workbench.views.extensions.popular,extensions.recommendedList in workbench.view.extensions
2023-09-02 21:45:24.806 [info] Removed views:workbench.views.extensions.popular from workbench.view.extensions
2023-09-02 21:45:31.623 [info] Removed views:extensions.recommendedList,workbench.views.extensions.installed from workbench.view.extensions
2023-09-02 21:45:31.635 [info] Added views:workbench.views.extensions.marketplace in workbench.view.extensions
2023-09-02 21:45:32.393 [info] Removed views:workbench.views.extensions.marketplace from workbench.view.extensions
2023-09-02 21:45:32.413 [info] Added views:workbench.views.extensions.installed,extensions.recommendedList in workbench.view.extensions
2023-09-02 21:45:39.145 [info] Removed views:extensions.recommendedList,workbench.views.extensions.installed from workbench.view.extensions
2023-09-02 21:45:39.185 [info] Added views:workbench.views.extensions.marketplace in workbench.view.extensions
2023-09-02 21:45:43.724 [info] Removed views:workbench.views.extensions.marketplace from workbench.view.extensions
2023-09-02 21:45:43.744 [info] Added views:workbench.views.extensions.installed,extensions.recommendedList in workbench.view.extensions
2023-09-02 21:45:47.321 [info] Removed views:extensions.recommendedList,workbench.views.extensions.installed from workbench.view.extensions
2023-09-02 21:45:47.361 [info] Added views:workbench.views.extensions.marketplace in workbench.view.extensions
2023-09-02 21:46:14.573 [info] Removed views:workbench.views.extensions.marketplace from workbench.view.extensions
2023-09-02 21:46:14.594 [info] Added views:workbench.views.extensions.installed,extensions.recommendedList in workbench.view.extensions
2023-09-02 21:46:15.822 [info] Removed views:extensions.recommendedList,workbench.views.extensions.installed from workbench.view.extensions
2023-09-02 21:46:15.834 [info] Added views:workbench.views.extensions.marketplace in workbench.view.extensions
