2023-09-07 19:36:03.725 [info] Log level: Info
2023-09-07 19:36:03.725 [info] Validating found git in: "git"
2023-09-07 19:36:03.725 [info] Using git "2.42.0" from "git"
2023-09-07 19:36:03.725 [info] > git rev-parse --show-toplevel [6ms]
2023-09-07 19:36:03.727 [info] > git rev-parse --git-dir --git-common-dir [4ms]
2023-09-07 19:36:03.757 [info] Open repository: /home/aryan/.config
2023-09-07 19:36:03.788 [info] > git config --get commit.template [8ms]
2023-09-07 19:36:03.811 [info] > git for-each-ref --format=%(refname)%00%(upstream:short)%00%(objectname)%00%(upstream:track)%00%(upstream:remotename)%00%(upstream:remoteref) refs/heads/master refs/remotes/master [6ms]
2023-09-07 19:36:04.308 [info] > git status -z -uall [482ms]
2023-09-07 19:36:04.308 [info] > git show --textconv :ranger/ls.nthng [37ms]
2023-09-07 19:36:04.308 [info] > git check-ignore -v -z --stdin [6ms]
2023-09-07 19:36:04.310 [info] > git ls-files --stage -- /home/aryan/.config/ranger/ls.nthng [22ms]
2023-09-07 19:36:04.423 [info] > git config --get commit.template [8ms]
2023-09-07 19:36:04.597 [info] > git for-each-ref --format=%(refname)%00%(upstream:short)%00%(objectname)%00%(upstream:track)%00%(upstream:remotename)%00%(upstream:remoteref) refs/heads/master refs/remotes/master [4ms]
2023-09-07 19:36:04.734 [info] > git status -z -uall [125ms]
2023-09-07 19:36:04.839 [info] > git fetch [1083ms]
2023-09-07 19:36:05.019 [info] > git config --get commit.template [170ms]
2023-09-07 19:36:05.034 [info] > git for-each-ref --format=%(refname)%00%(upstream:short)%00%(objectname)%00%(upstream:track)%00%(upstream:remotename)%00%(upstream:remoteref) refs/heads/master refs/remotes/master [2ms]
2023-09-07 19:36:05.153 [info] > git status -z -uall [108ms]
2023-09-07 19:36:06.215 [info] > git ls-files --stage -- /home/aryan/.config/ranger/ls.nthng [6ms]
2023-09-07 19:36:06.233 [info] > git show --textconv :ranger/ls.nthng [4ms]
2023-09-07 19:36:07.411 [info] > git config --get commit.template [11ms]
2023-09-07 19:36:07.412 [info] > git for-each-ref --format=%(refname)%00%(upstream:short)%00%(objectname)%00%(upstream:track)%00%(upstream:remotename)%00%(upstream:remoteref) refs/heads/master refs/remotes/master [4ms]
2023-09-07 19:36:07.553 [info] > git status -z -uall [130ms]
2023-09-07 19:36:12.607 [info] > git config --get commit.template [10ms]
2023-09-07 19:36:12.608 [info] > git for-each-ref --format=%(refname)%00%(upstream:short)%00%(objectname)%00%(upstream:track)%00%(upstream:remotename)%00%(upstream:remoteref) refs/heads/master refs/remotes/master [2ms]
2023-09-07 19:36:12.731 [info] > git status -z -uall [114ms]
2023-09-07 19:36:17.782 [info] > git config --get commit.template [9ms]
2023-09-07 19:36:17.783 [info] > git for-each-ref --format=%(refname)%00%(upstream:short)%00%(objectname)%00%(upstream:track)%00%(upstream:remotename)%00%(upstream:remoteref) refs/heads/master refs/remotes/master [1ms]
2023-09-07 19:36:17.900 [info] > git status -z -uall [109ms]
2023-09-07 19:36:22.944 [info] > git config --get commit.template [1ms]
2023-09-07 19:36:22.954 [info] > git for-each-ref --format=%(refname)%00%(upstream:short)%00%(objectname)%00%(upstream:track)%00%(upstream:remotename)%00%(upstream:remoteref) refs/heads/master refs/remotes/master [2ms]
2023-09-07 19:36:23.072 [info] > git status -z -uall [109ms]
2023-09-07 19:36:28.123 [info] > git config --get commit.template [9ms]
2023-09-07 19:36:28.123 [info] > git for-each-ref --format=%(refname)%00%(upstream:short)%00%(objectname)%00%(upstream:track)%00%(upstream:remotename)%00%(upstream:remoteref) refs/heads/master refs/remotes/master [2ms]
2023-09-07 19:36:28.226 [info] > git status -z -uall [95ms]
2023-09-07 19:36:33.277 [info] > git config --get commit.template [11ms]
2023-09-07 19:36:33.278 [info] > git for-each-ref --format=%(refname)%00%(upstream:short)%00%(objectname)%00%(upstream:track)%00%(upstream:remotename)%00%(upstream:remoteref) refs/heads/master refs/remotes/master [2ms]
2023-09-07 19:36:33.380 [info] > git status -z -uall [94ms]
2023-09-07 19:36:38.426 [info] > git config --get commit.template [9ms]
2023-09-07 19:36:38.427 [info] > git for-each-ref --format=%(refname)%00%(upstream:short)%00%(objectname)%00%(upstream:track)%00%(upstream:remotename)%00%(upstream:remoteref) refs/heads/master refs/remotes/master [1ms]
2023-09-07 19:36:38.531 [info] > git status -z -uall [98ms]
2023-09-07 19:36:43.575 [info] > git config --get commit.template [11ms]
2023-09-07 19:36:43.576 [info] > git for-each-ref --format=%(refname)%00%(upstream:short)%00%(objectname)%00%(upstream:track)%00%(upstream:remotename)%00%(upstream:remoteref) refs/heads/master refs/remotes/master [2ms]
2023-09-07 19:36:43.681 [info] > git status -z -uall [96ms]
