2023-09-06 23:43:15.028 [info] Log level: Info
2023-09-06 23:43:15.028 [info] Validating found git in: "git"
2023-09-06 23:43:15.028 [info] Using git "2.42.0" from "git"
2023-09-06 23:43:15.033 [info] > git rev-parse --show-toplevel [5ms]
2023-09-06 23:43:15.046 [info] > git rev-parse --git-dir --git-common-dir [2ms]
2023-09-06 23:43:15.069 [info] Open repository: /home/aryan/.config
2023-09-06 23:43:15.094 [info] > git config --get commit.template [11ms]
2023-09-06 23:43:15.103 [info] > git for-each-ref --format=%(refname)%00%(upstream:short)%00%(objectname)%00%(upstream:track)%00%(upstream:remotename)%00%(upstream:remoteref) refs/heads/master refs/remotes/master [2ms]
2023-09-06 23:43:15.497 [info] > git status -z -uall [385ms]
2023-09-06 23:43:15.548 [info] > git config --get commit.template [15ms]
2023-09-06 23:43:15.562 [info] > git for-each-ref --format=%(refname)%00%(upstream:short)%00%(objectname)%00%(upstream:track)%00%(upstream:remotename)%00%(upstream:remoteref) refs/heads/master refs/remotes/master [2ms]
2023-09-06 23:43:15.670 [info] > git check-ignore -v -z --stdin [67ms]
2023-09-06 23:43:15.699 [info] > git status -z -uall [128ms]
2023-09-06 23:43:16.072 [info] > git show --textconv :ranger/rifle.conf [8ms]
2023-09-06 23:43:16.076 [info] > git ls-files --stage -- /home/aryan/.config/ranger/rifle.conf [3ms]
2023-09-06 23:43:16.086 [info] > git cat-file -s e2653a76003b427a84608aea358dc81b339e11ab [1ms]
2023-09-06 23:43:16.403 [info] > git fetch [1335ms]
2023-09-06 23:43:16.416 [info] > git config --get commit.template [7ms]
2023-09-06 23:43:16.417 [info] > git for-each-ref --format=%(refname)%00%(upstream:short)%00%(objectname)%00%(upstream:track)%00%(upstream:remotename)%00%(upstream:remoteref) refs/heads/master refs/remotes/master [2ms]
2023-09-06 23:43:16.514 [info] > git status -z -uall [92ms]
2023-09-06 23:43:17.659 [info] > git ls-files --stage -- /home/aryan/.config/ranger/rifle.conf [3ms]
2023-09-06 23:43:17.670 [info] > git cat-file -s e2653a76003b427a84608aea358dc81b339e11ab [2ms]
2023-09-06 23:43:17.681 [info] > git show --textconv :ranger/rifle.conf [4ms]
2023-09-06 23:43:18.684 [info] > git config --get commit.template [6ms]
2023-09-06 23:43:18.684 [info] > git for-each-ref --format=%(refname)%00%(upstream:short)%00%(objectname)%00%(upstream:track)%00%(upstream:remotename)%00%(upstream:remoteref) refs/heads/master refs/remotes/master [1ms]
2023-09-06 23:43:18.780 [info] > git status -z -uall [91ms]
2023-09-06 23:43:23.804 [info] > git config --get commit.template [6ms]
2023-09-06 23:43:23.805 [info] > git for-each-ref --format=%(refname)%00%(upstream:short)%00%(objectname)%00%(upstream:track)%00%(upstream:remotename)%00%(upstream:remoteref) refs/heads/master refs/remotes/master [1ms]
2023-09-06 23:43:23.901 [info] > git status -z -uall [91ms]
2023-09-06 23:43:28.923 [info] > git config --get commit.template [6ms]
2023-09-06 23:43:28.924 [info] > git for-each-ref --format=%(refname)%00%(upstream:short)%00%(objectname)%00%(upstream:track)%00%(upstream:remotename)%00%(upstream:remoteref) refs/heads/master refs/remotes/master [1ms]
2023-09-06 23:43:29.021 [info] > git status -z -uall [92ms]
2023-09-06 23:43:34.049 [info] > git config --get commit.template [8ms]
2023-09-06 23:43:34.050 [info] > git for-each-ref --format=%(refname)%00%(upstream:short)%00%(objectname)%00%(upstream:track)%00%(upstream:remotename)%00%(upstream:remoteref) refs/heads/master refs/remotes/master [2ms]
2023-09-06 23:43:34.149 [info] > git status -z -uall [94ms]
2023-09-06 23:43:39.166 [info] > git config --get commit.template [1ms]
2023-09-06 23:43:39.173 [info] > git for-each-ref --format=%(refname)%00%(upstream:short)%00%(objectname)%00%(upstream:track)%00%(upstream:remotename)%00%(upstream:remoteref) refs/heads/master refs/remotes/master [1ms]
2023-09-06 23:43:39.281 [info] > git status -z -uall [102ms]
