2023-09-07 19:36:03.961 [warning] Unable to find "$VIMRUNTIME/delmenu.vim" file for configuration.
2023-09-07 19:36:03.965 [warning] Unable to find "$VIMRUNTIME/menu.vim" file for configuration.
2023-09-07 19:36:04.001 [warning] Encountered an unrecognized mapping type: 'snor'
2023-09-07 19:36:39.168 [info] /home/aryan/.config/Code - OSS/User/settings.json closed
2023-09-07 19:36:39.205 [info] Configuration changed
2023-09-07 19:36:39.301 [warning] Unable to find "$VIMRUNTIME/delmenu.vim" file for configuration.
2023-09-07 19:36:39.302 [warning] Unable to find "$VIMRUNTIME/menu.vim" file for configuration.
2023-09-07 19:36:39.313 [warning] Encountered an unrecognized mapping type: 'snor'
2023-09-07 19:36:43.948 [info] /home/aryan/.config/Code - OSS/User/settings.json closed
2023-09-07 19:36:43.976 [info] Configuration changed
2023-09-07 19:36:44.042 [warning] Unable to find "$VIMRUNTIME/delmenu.vim" file for configuration.
2023-09-07 19:36:44.043 [warning] Unable to find "$VIMRUNTIME/menu.vim" file for configuration.
2023-09-07 19:36:44.051 [warning] Encountered an unrecognized mapping type: 'snor'
2023-09-07 19:36:44.346 [info] /home/aryan/.config/Code - OSS/User/settings.json closed
2023-09-07 19:36:44.362 [info] Configuration changed
2023-09-07 19:36:44.434 [warning] Unable to find "$VIMRUNTIME/delmenu.vim" file for configuration.
2023-09-07 19:36:44.435 [warning] Unable to find "$VIMRUNTIME/menu.vim" file for configuration.
2023-09-07 19:36:44.445 [warning] Encountered an unrecognized mapping type: 'snor'
2023-09-07 19:36:45.058 [info] /home/aryan/.config/Code - OSS/User/settings.json closed
2023-09-07 19:36:45.069 [info] Configuration changed
2023-09-07 19:36:45.112 [warning] Unable to find "$VIMRUNTIME/delmenu.vim" file for configuration.
2023-09-07 19:36:45.113 [warning] Unable to find "$VIMRUNTIME/menu.vim" file for configuration.
2023-09-07 19:36:45.123 [warning] Encountered an unrecognized mapping type: 'snor'
