2023-09-05 23:39:57.537 [info] Log level: Info
2023-09-05 23:39:57.537 [info] Validating found git in: "git"
2023-09-05 23:39:57.537 [info] Using git "2.42.0" from "git"
2023-09-05 23:39:57.537 [info] > git rev-parse --show-toplevel [10ms]
2023-09-05 23:39:57.537 [info] > git rev-parse --git-dir --git-common-dir [7ms]
2023-09-05 23:39:57.537 [info] Open repository: /home/aryan/Coding
2023-09-05 23:39:57.539 [info] > git config --get commit.template [18ms]
2023-09-05 23:39:57.554 [info] No remotes found in the git config file.
2023-09-05 23:39:57.556 [info] > git rev-parse --show-toplevel [19ms]
2023-09-05 23:39:57.557 [info] > git for-each-ref --format=%(refname)%00%(upstream:short)%00%(objectname)%00%(upstream:track)%00%(upstream:remotename)%00%(upstream:remoteref) refs/heads/master refs/remotes/master [4ms]
2023-09-05 23:39:57.576 [info] > git status -z -uall [6ms]
2023-09-05 23:39:57.626 [info] > git config --get commit.template [27ms]
2023-09-05 23:39:57.654 [info] No remotes found in the git config file.
2023-09-05 23:39:57.655 [info] > git rev-parse --show-toplevel [19ms]
2023-09-05 23:39:57.657 [info] > git for-each-ref --format=%(refname)%00%(upstream:short)%00%(objectname)%00%(upstream:track)%00%(upstream:remotename)%00%(upstream:remoteref) refs/heads/master refs/remotes/master [2ms]
2023-09-05 23:39:57.682 [info] > git status -z -uall [13ms]
2023-09-05 23:39:57.686 [info] > git rev-parse --show-toplevel [6ms]
2023-09-05 23:39:57.701 [info] > git rev-parse --show-toplevel [2ms]
2023-09-05 23:39:57.717 [info] > git rev-parse --show-toplevel [2ms]
2023-09-05 23:39:57.731 [info] > git rev-parse --show-toplevel [3ms]
2023-09-05 23:39:57.746 [info] > git rev-parse --show-toplevel [3ms]
2023-09-05 23:39:57.760 [info] > git rev-parse --git-dir --git-common-dir [2ms]
2023-09-05 23:39:57.767 [info] Open repository: /home/aryan/Coding/test-repo
2023-09-05 23:39:57.794 [info] > git config --get commit.template [10ms]
2023-09-05 23:39:57.808 [info] > git for-each-ref --format=%(refname)%00%(upstream:short)%00%(objectname)%00%(upstream:track)%00%(upstream:remotename)%00%(upstream:remoteref) refs/heads/main refs/remotes/main [4ms]
2023-09-05 23:39:57.825 [info] > git status -z -uall [5ms]
2023-09-05 23:39:57.841 [info] > git config --get commit.template [1ms]
2023-09-05 23:39:57.851 [info] > git for-each-ref --format=%(refname)%00%(upstream:short)%00%(objectname)%00%(upstream:track)%00%(upstream:remotename)%00%(upstream:remoteref) refs/heads/main refs/remotes/main [1ms]
2023-09-05 23:39:57.863 [info] > git status -z -uall [3ms]
2023-09-05 23:39:58.167 [info] > git show --textconv :Data Structures/Stack/Untitled-1 [12ms]
2023-09-05 23:39:58.256 [info] > git ls-files --stage -- /home/aryan/Coding/Data Structures/Stack/Untitled-1 [90ms]
2023-09-05 23:39:58.388 [info] > git check-ignore -v -z --stdin [11ms]
2023-09-05 23:39:58.389 [info] > git check-ignore -v -z --stdin [3ms]
2023-09-05 23:40:02.341 [info] > git show --textconv :Data Structures/Stack/stackusingll.c [8ms]
2023-09-05 23:40:02.342 [info] > git ls-files --stage -- /home/aryan/Coding/Data Structures/Stack/stackusingll.c [2ms]
2023-09-05 23:40:03.440 [info] > git show --textconv :Data Structures/Hackerrank/notes1.txt [8ms]
2023-09-05 23:40:03.441 [info] > git ls-files --stage -- /home/aryan/Coding/Data Structures/Hackerrank/notes1.txt [2ms]
2023-09-05 23:40:03.786 [info] > git check-ignore -v -z --stdin [1ms]
2023-09-05 23:40:10.941 [info] > git show --textconv :Data Structures/Stack/stackusingll.c [7ms]
2023-09-05 23:40:10.942 [info] > git ls-files --stage -- /home/aryan/Coding/Data Structures/Stack/stackusingll.c [2ms]
