2023-09-08 18:13:10.172 [info] Log level: Info
2023-09-08 18:13:10.172 [info] Validating found git in: "git"
2023-09-08 18:13:10.172 [info] Using git "2.42.0" from "git"
2023-09-08 18:13:10.172 [info] > git rev-parse --show-toplevel [5ms]
2023-09-08 18:13:10.173 [info] > git rev-parse --git-dir --git-common-dir [4ms]
2023-09-08 18:13:10.202 [info] Open repository: /home/aryan/.config
2023-09-08 18:13:10.230 [info] > git config --get commit.template [10ms]
2023-09-08 18:13:10.242 [info] > git for-each-ref --format=%(refname)%00%(upstream:short)%00%(objectname)%00%(upstream:track)%00%(upstream:remotename)%00%(upstream:remoteref) refs/heads/master refs/remotes/master [2ms]
2023-09-08 18:13:10.500 [info] > git status -z -uall [247ms]
2023-09-08 18:13:10.580 [info] > git config --get commit.template [13ms]
2023-09-08 18:13:10.602 [info] > git for-each-ref --format=%(refname)%00%(upstream:short)%00%(objectname)%00%(upstream:track)%00%(upstream:remotename)%00%(upstream:remoteref) refs/heads/master refs/remotes/master [3ms]
2023-09-08 18:13:10.749 [info] > git check-ignore -v -z --stdin [7ms]
2023-09-08 18:13:10.778 [info] > git status -z -uall [160ms]
2023-09-08 18:13:11.192 [info] > git show --textconv :bspwm/bspwmrc [10ms]
2023-09-08 18:13:11.194 [info] > git ls-files --stage -- /home/aryan/.config/bspwm/bspwmrc [3ms]
2023-09-08 18:13:11.204 [info] > git cat-file -s 05dea7531ada53653c5ad49c70ea904613858fd6 [2ms]
2023-09-08 18:13:11.426 [info] > git ls-files --stage -- /home/aryan/.config/bspwm/bspwmrc [5ms]
2023-09-08 18:13:11.443 [info] > git cat-file -s 05dea7531ada53653c5ad49c70ea904613858fd6 [2ms]
2023-09-08 18:13:11.485 [info] > git show --textconv :bspwm/bspwmrc [7ms]
2023-09-08 18:13:13.433 [info] > git fetch [3231ms]
2023-09-08 18:13:13.459 [info] > git config --get commit.template [12ms]
2023-09-08 18:13:13.460 [info] > git for-each-ref --format=%(refname)%00%(upstream:short)%00%(objectname)%00%(upstream:track)%00%(upstream:remotename)%00%(upstream:remoteref) refs/heads/master refs/remotes/master [2ms]
2023-09-08 18:13:13.577 [info] > git status -z -uall [109ms]
2023-09-08 18:13:14.619 [info] > git ls-files --stage -- /home/aryan/.config/bspwm/bspwmrc [3ms]
2023-09-08 18:13:14.628 [info] > git cat-file -s 05dea7531ada53653c5ad49c70ea904613858fd6 [2ms]
2023-09-08 18:13:14.640 [info] > git show --textconv :bspwm/bspwmrc [4ms]
2023-09-08 18:13:14.743 [info] > git config --get commit.template [9ms]
2023-09-08 18:13:14.744 [info] > git for-each-ref --format=%(refname)%00%(upstream:short)%00%(objectname)%00%(upstream:track)%00%(upstream:remotename)%00%(upstream:remoteref) refs/heads/master refs/remotes/master [1ms]
2023-09-08 18:13:14.855 [info] > git status -z -uall [105ms]
2023-09-08 18:13:26.268 [info] > git config --get commit.template [12ms]
2023-09-08 18:13:26.268 [info] > git for-each-ref --format=%(refname)%00%(upstream:short)%00%(objectname)%00%(upstream:track)%00%(upstream:remotename)%00%(upstream:remoteref) refs/heads/master refs/remotes/master [1ms]
2023-09-08 18:13:26.396 [info] > git status -z -uall [117ms]
