2023-09-08 18:54:03.500 [info] Log level: Info
2023-09-08 18:54:03.500 [info] Validating found git in: "git"
2023-09-08 18:54:03.500 [info] Using git "2.42.0" from "git"
2023-09-08 18:54:03.500 [info] > git rev-parse --show-toplevel [11ms]
2023-09-08 18:54:03.501 [info] > git rev-parse --git-dir --git-common-dir [3ms]
2023-09-08 18:54:03.530 [info] Open repository: /home/aryan/.config
2023-09-08 18:54:03.564 [info] > git config --get commit.template [13ms]
2023-09-08 18:54:03.583 [info] > git for-each-ref --format=%(refname)%00%(upstream:short)%00%(objectname)%00%(upstream:track)%00%(upstream:remotename)%00%(upstream:remoteref) refs/heads/master refs/remotes/master [2ms]
2023-09-08 18:54:03.877 [info] > git show --textconv :bspwm/bspwmrc [17ms]
2023-09-08 18:54:04.000 [info] > git ls-files --stage -- /home/aryan/.config/bspwm/bspwmrc [125ms]
2023-09-08 18:54:04.038 [info] > git cat-file -s 05dea7531ada53653c5ad49c70ea904613858fd6 [26ms]
2023-09-08 18:54:04.091 [info] > git check-ignore -v -z --stdin [9ms]
2023-09-08 18:54:04.103 [info] > git status -z -uall [505ms]
2023-09-08 18:54:04.166 [info] > git config --get commit.template [6ms]
2023-09-08 18:54:04.184 [info] > git for-each-ref --format=%(refname)%00%(upstream:short)%00%(objectname)%00%(upstream:track)%00%(upstream:remotename)%00%(upstream:remoteref) refs/heads/master refs/remotes/master [3ms]
2023-09-08 18:54:04.335 [info] > git status -z -uall [141ms]
2023-09-08 18:54:04.545 [info] > git fetch [1016ms]
2023-09-08 18:54:04.561 [info] > git config --get commit.template [2ms]
2023-09-08 18:54:04.575 [info] > git for-each-ref --format=%(refname)%00%(upstream:short)%00%(objectname)%00%(upstream:track)%00%(upstream:remotename)%00%(upstream:remoteref) refs/heads/master refs/remotes/master [3ms]
2023-09-08 18:54:04.743 [info] > git status -z -uall [155ms]
2023-09-08 18:54:05.770 [info] > git ls-files --stage -- /home/aryan/.config/bspwm/bspwmrc [6ms]
2023-09-08 18:54:05.787 [info] > git cat-file -s 05dea7531ada53653c5ad49c70ea904613858fd6 [2ms]
2023-09-08 18:54:05.908 [info] > git show --textconv :bspwm/bspwmrc [5ms]
2023-09-08 18:54:09.131 [info] > git config --get commit.template [11ms]
2023-09-08 18:54:09.132 [info] > git for-each-ref --format=%(refname)%00%(upstream:short)%00%(objectname)%00%(upstream:track)%00%(upstream:remotename)%00%(upstream:remoteref) refs/heads/master refs/remotes/master [2ms]
2023-09-08 18:54:09.281 [info] > git status -z -uall [137ms]
2023-09-08 18:54:16.311 [info] > git config --get commit.template [3ms]
2023-09-08 18:54:16.329 [info] > git for-each-ref --format=%(refname)%00%(upstream:short)%00%(objectname)%00%(upstream:track)%00%(upstream:remotename)%00%(upstream:remoteref) refs/heads/master refs/remotes/master [3ms]
2023-09-08 18:54:16.500 [info] > git status -z -uall [159ms]
