2023-09-08 12:34:30.273 [info] Log level: Info
2023-09-08 12:34:30.273 [info] Validating found git in: "git"
2023-09-08 12:34:30.273 [info] Using git "2.42.0" from "git"
2023-09-08 12:34:30.273 [info] > git rev-parse --show-toplevel [2ms]
2023-09-08 12:34:30.273 [info] > git rev-parse --git-dir --git-common-dir [1ms]
2023-09-08 12:34:30.273 [info] Open repository: /home/aryan/.config
2023-09-08 12:34:30.273 [info] > git config --get commit.template [10ms]
2023-09-08 12:34:30.273 [info] > git for-each-ref --format=%(refname)%00%(upstream:short)%00%(objectname)%00%(upstream:track)%00%(upstream:remotename)%00%(upstream:remoteref) refs/heads/master refs/remotes/master [2ms]
2023-09-08 12:34:30.273 [info] > git status -z -uall [49ms]
2023-09-08 12:34:30.273 [info] > git config --get commit.template [11ms]
2023-09-08 12:34:30.273 [info] > git for-each-ref --format=%(refname)%00%(upstream:short)%00%(objectname)%00%(upstream:track)%00%(upstream:remotename)%00%(upstream:remoteref) refs/heads/master refs/remotes/master [1ms]
2023-09-08 12:34:30.273 [info] > git status -z -uall [49ms]
2023-09-08 12:34:30.752 [info] > git show --textconv :bspwm/bspwmrc [9ms]
2023-09-08 12:34:30.773 [info] > git ls-files --stage -- /home/aryan/.config/bspwm/bspwmrc [22ms]
2023-09-08 12:34:30.787 [info] > git cat-file -s 05dea7531ada53653c5ad49c70ea904613858fd6 [2ms]
2023-09-08 12:34:30.863 [info] > git check-ignore -v -z --stdin [5ms]
2023-09-08 12:34:31.088 [info] > git fetch [1003ms]
2023-09-08 12:34:31.108 [info] > git config --get commit.template [10ms]
2023-09-08 12:34:31.109 [info] > git for-each-ref --format=%(refname)%00%(upstream:short)%00%(objectname)%00%(upstream:track)%00%(upstream:remotename)%00%(upstream:remoteref) refs/heads/master refs/remotes/master [2ms]
2023-09-08 12:34:31.190 [info] > git status -z -uall [72ms]
2023-09-08 12:34:32.284 [info] > git ls-files --stage -- /home/aryan/.config/bspwm/bspwmrc [3ms]
2023-09-08 12:34:32.294 [info] > git cat-file -s 05dea7531ada53653c5ad49c70ea904613858fd6 [2ms]
2023-09-08 12:34:32.317 [info] > git show --textconv :bspwm/bspwmrc [5ms]
2023-09-08 12:34:33.644 [info] > git config --get commit.template [7ms]
2023-09-08 12:34:33.645 [info] > git for-each-ref --format=%(refname)%00%(upstream:short)%00%(objectname)%00%(upstream:track)%00%(upstream:remotename)%00%(upstream:remoteref) refs/heads/master refs/remotes/master [2ms]
2023-09-08 12:34:33.700 [info] > git status -z -uall [50ms]
2023-09-08 12:34:38.912 [info] > git config --get commit.template [8ms]
2023-09-08 12:34:38.912 [info] > git for-each-ref --format=%(refname)%00%(upstream:short)%00%(objectname)%00%(upstream:track)%00%(upstream:remotename)%00%(upstream:remoteref) refs/heads/master refs/remotes/master [1ms]
2023-09-08 12:34:38.970 [info] > git status -z -uall [50ms]
2023-09-08 12:34:43.988 [info] > git config --get commit.template [7ms]
2023-09-08 12:34:43.989 [info] > git for-each-ref --format=%(refname)%00%(upstream:short)%00%(objectname)%00%(upstream:track)%00%(upstream:remotename)%00%(upstream:remoteref) refs/heads/master refs/remotes/master [1ms]
2023-09-08 12:34:44.042 [info] > git status -z -uall [47ms]
2023-09-08 12:34:49.055 [info] > git config --get commit.template [1ms]
2023-09-08 12:34:49.063 [info] > git for-each-ref --format=%(refname)%00%(upstream:short)%00%(objectname)%00%(upstream:track)%00%(upstream:remotename)%00%(upstream:remoteref) refs/heads/master refs/remotes/master [1ms]
2023-09-08 12:34:49.117 [info] > git status -z -uall [48ms]
2023-09-08 12:35:08.235 [info] > git config --get commit.template [8ms]
2023-09-08 12:35:08.235 [info] > git for-each-ref --format=%(refname)%00%(upstream:short)%00%(objectname)%00%(upstream:track)%00%(upstream:remotename)%00%(upstream:remoteref) refs/heads/master refs/remotes/master [1ms]
2023-09-08 12:35:08.303 [info] > git status -z -uall [62ms]
