2023-09-06 12:00:00.735 [info] Log level: Info
2023-09-06 12:00:00.735 [info] Validating found git in: "git"
2023-09-06 12:00:00.735 [info] Using git "2.42.0" from "git"
2023-09-06 12:00:00.735 [info] > git rev-parse --show-toplevel [9ms]
2023-09-06 12:00:00.735 [info] > git rev-parse --git-dir --git-common-dir [4ms]
2023-09-06 12:00:00.735 [info] Open repository: /home/aryan/Coding
2023-09-06 12:00:00.745 [info] > git config --get commit.template [10ms]
2023-09-06 12:00:00.752 [info] > git rev-parse --show-toplevel [9ms]
2023-09-06 12:00:00.779 [info] > git rev-parse --git-dir --git-common-dir [3ms]
2023-09-06 12:00:00.785 [info] Open repository: /home/aryan/.config
2023-09-06 12:00:00.786 [info] > git for-each-ref --format=%(refname)%00%(upstream:short)%00%(objectname)%00%(upstream:track)%00%(upstream:remotename)%00%(upstream:remoteref) refs/heads/master refs/remotes/master [22ms]
2023-09-06 12:00:00.809 [info] > git status -z -uall [13ms]
2023-09-06 12:00:00.834 [info] > git config --get commit.template [26ms]
2023-09-06 12:00:00.850 [info] > git config --get commit.template [17ms]
2023-09-06 12:00:00.862 [info] > git for-each-ref --format=%(refname)%00%(upstream:short)%00%(objectname)%00%(upstream:track)%00%(upstream:remotename)%00%(upstream:remoteref) refs/heads/master refs/remotes/master [16ms]
2023-09-06 12:00:00.888 [info] > git rev-parse --show-toplevel [27ms]
2023-09-06 12:00:00.889 [info] > git for-each-ref --format=%(refname)%00%(upstream:short)%00%(objectname)%00%(upstream:track)%00%(upstream:remotename)%00%(upstream:remoteref) refs/heads/master refs/remotes/master [2ms]
2023-09-06 12:00:00.905 [info] > git status -z -uall [7ms]
2023-09-06 12:00:00.939 [info] > git rev-parse --show-toplevel [18ms]
2023-09-06 12:00:00.951 [info] > git rev-parse --show-toplevel [2ms]
2023-09-06 12:00:00.968 [info] > git rev-parse --show-toplevel [4ms]
2023-09-06 12:00:00.986 [info] > git rev-parse --show-toplevel [4ms]
2023-09-06 12:00:01.003 [info] > git rev-parse --show-toplevel [2ms]
2023-09-06 12:00:01.028 [info] > git rev-parse --git-dir --git-common-dir [12ms]
2023-09-06 12:00:01.034 [info] Open repository: /home/aryan/Coding/test-repo
2023-09-06 12:00:01.051 [info] > git status -z -uall [178ms]
2023-09-06 12:00:01.052 [info] > git config --get commit.template [7ms]
2023-09-06 12:00:01.818 [info] > git check-ignore -v -z --stdin [14ms]
2023-09-06 12:00:01.819 [info] > git config --get commit.template [32ms]
2023-09-06 12:00:01.819 [info] > git for-each-ref --format=%(refname)%00%(upstream:short)%00%(objectname)%00%(upstream:track)%00%(upstream:remotename)%00%(upstream:remoteref) refs/heads/main refs/remotes/main [43ms]
2023-09-06 12:00:01.834 [info] > git check-ignore -v -z --stdin [19ms]
2023-09-06 12:00:01.835 [info] > git status -z -uall [5ms]
2023-09-06 12:00:01.871 [info] > git for-each-ref --format=%(refname)%00%(upstream:short)%00%(objectname)%00%(upstream:track)%00%(upstream:remotename)%00%(upstream:remoteref) refs/heads/master refs/remotes/master [16ms]
2023-09-06 12:00:01.883 [info] > git config --get commit.template [13ms]
2023-09-06 12:00:01.922 [info] > git show --textconv :bspwm/bspwmrc [13ms]
2023-09-06 12:00:01.924 [info] > git for-each-ref --format=%(refname)%00%(upstream:short)%00%(objectname)%00%(upstream:track)%00%(upstream:remotename)%00%(upstream:remoteref) refs/heads/main refs/remotes/main [27ms]
2023-09-06 12:00:01.935 [info] > git status -z -uall [3ms]
2023-09-06 12:00:01.937 [info] > git ls-files --stage -- /home/aryan/.config/bspwm/bspwmrc [16ms]
2023-09-06 12:00:01.948 [info] > git cat-file -s 3d26195e4a63638c25105282ca32781b2961ac4e [2ms]
2023-09-06 12:00:02.008 [info] > git status -z -uall [127ms]
2023-09-06 12:00:05.134 [info] > git config --get commit.template [3ms]
2023-09-06 12:00:05.151 [info] > git for-each-ref --format=%(refname)%00%(upstream:short)%00%(objectname)%00%(upstream:track)%00%(upstream:remotename)%00%(upstream:remoteref) refs/heads/master refs/remotes/master [3ms]
2023-09-06 12:00:05.299 [info] > git status -z -uall [136ms]
2023-09-06 12:00:06.779 [info] > git fetch [1664ms]
2023-09-06 12:00:06.793 [info] > git config --get commit.template [2ms]
2023-09-06 12:00:06.806 [info] > git for-each-ref --format=%(refname)%00%(upstream:short)%00%(objectname)%00%(upstream:track)%00%(upstream:remotename)%00%(upstream:remoteref) refs/heads/main refs/remotes/main [1ms]
2023-09-06 12:00:06.818 [info] > git status -z -uall [1ms]
2023-09-06 12:00:06.846 [info] > git fetch [1745ms]
2023-09-06 12:00:06.861 [info] > git config --get commit.template [3ms]
2023-09-06 12:00:06.877 [info] > git for-each-ref --format=%(refname)%00%(upstream:short)%00%(objectname)%00%(upstream:track)%00%(upstream:remotename)%00%(upstream:remoteref) refs/heads/master refs/remotes/master [2ms]
2023-09-06 12:00:07.022 [info] > git status -z -uall [132ms]
2023-09-06 12:00:08.154 [info] > git config --get commit.template [1ms]
2023-09-06 12:00:08.164 [info] > git for-each-ref --format=%(refname)%00%(upstream:short)%00%(objectname)%00%(upstream:track)%00%(upstream:remotename)%00%(upstream:remoteref) refs/heads/main refs/remotes/main [2ms]
2023-09-06 12:00:08.177 [info] > git status -z -uall [2ms]
2023-09-06 12:00:08.492 [info] > git show --textconv :Web Development/svg_elements.html [14ms]
2023-09-06 12:00:08.494 [info] > git ls-files --stage -- /home/aryan/Coding/Web Development/svg_elements.html [3ms]
2023-09-06 12:00:08.506 [info] > git cat-file -s 9db859658a423884ee379a165f3c2a57a8b89b04 [2ms]
2023-09-06 12:00:08.750 [info] > git check-ignore -v -z --stdin [2ms]
2023-09-06 12:00:09.621 [info] > git fetch [4537ms]
2023-09-06 12:00:09.647 [info] > git config --get commit.template [13ms]
2023-09-06 12:00:09.648 [info] > git for-each-ref --format=%(refname)%00%(upstream:short)%00%(objectname)%00%(upstream:track)%00%(upstream:remotename)%00%(upstream:remoteref) refs/heads/master refs/remotes/master [2ms]
2023-09-06 12:00:09.663 [info] > git status -z -uall [6ms]
2023-09-06 12:00:09.681 [info] > git config --get commit.template [1ms]
2023-09-06 12:00:09.695 [info] > git for-each-ref --format=%(refname)%00%(upstream:short)%00%(objectname)%00%(upstream:track)%00%(upstream:remotename)%00%(upstream:remoteref) refs/heads/master refs/remotes/master [2ms]
2023-09-06 12:00:09.709 [info] > git status -z -uall [4ms]
2023-09-06 12:00:10.439 [info] > git config --get commit.template [1ms]
2023-09-06 12:00:10.453 [info] > git for-each-ref --format=%(refname)%00%(upstream:short)%00%(objectname)%00%(upstream:track)%00%(upstream:remotename)%00%(upstream:remoteref) refs/heads/master refs/remotes/master [1ms]
2023-09-06 12:00:10.507 [info] > git ls-files --stage -- /home/aryan/Coding/Web Development/svg_elements.html [1ms]
2023-09-06 12:00:10.522 [info] > git cat-file -s 9db859658a423884ee379a165f3c2a57a8b89b04 [2ms]
2023-09-06 12:00:10.538 [info] > git show --textconv :Web Development/svg_elements.html [2ms]
2023-09-06 12:00:10.576 [info] > git status -z -uall [113ms]
2023-09-06 12:00:16.245 [info] > git config --get commit.template [23ms]
2023-09-06 12:00:16.246 [info] > git for-each-ref --format=%(refname)%00%(upstream:short)%00%(objectname)%00%(upstream:track)%00%(upstream:remotename)%00%(upstream:remoteref) refs/heads/master refs/remotes/master [4ms]
2023-09-06 12:00:16.500 [info] > git status -z -uall [233ms]
2023-09-06 12:02:53.691 [info] > git config --get commit.template [1ms]
2023-09-06 12:02:53.701 [info] > git for-each-ref --format=%(refname)%00%(upstream:short)%00%(objectname)%00%(upstream:track)%00%(upstream:remotename)%00%(upstream:remoteref) refs/heads/master refs/remotes/master [2ms]
2023-09-06 12:02:53.827 [info] > git status -z -uall [116ms]
2023-09-06 12:02:55.700 [info] > git config --get commit.template [1ms]
2023-09-06 12:02:55.712 [info] > git for-each-ref --format=%(refname)%00%(upstream:short)%00%(objectname)%00%(upstream:track)%00%(upstream:remotename)%00%(upstream:remoteref) refs/heads/master refs/remotes/master [1ms]
2023-09-06 12:02:55.727 [info] > git status -z -uall [4ms]
2023-09-06 12:02:58.968 [info] > git config --get commit.template [2ms]
2023-09-06 12:02:58.981 [info] > git for-each-ref --format=%(refname)%00%(upstream:short)%00%(objectname)%00%(upstream:track)%00%(upstream:remotename)%00%(upstream:remoteref) refs/heads/master refs/remotes/master [1ms]
2023-09-06 12:02:59.037 [info] > git check-ignore -v -z --stdin [8ms]
2023-09-06 12:02:59.128 [info] > git status -z -uall [134ms]
2023-09-06 12:03:04.312 [info] > git config --get commit.template [16ms]
2023-09-06 12:03:04.313 [info] > git for-each-ref --format=%(refname)%00%(upstream:short)%00%(objectname)%00%(upstream:track)%00%(upstream:remotename)%00%(upstream:remoteref) refs/heads/master refs/remotes/master [1ms]
2023-09-06 12:03:04.461 [info] > git status -z -uall [135ms]
2023-09-06 12:03:05.854 [info] > git check-ignore -v -z --stdin [97ms]
